24000000 0.007 20.0 30 0.0 B 3 1 0.003936 0 55.0 -1 4
Unrecognized MATLAB option "wait".
Unrecognized MATLAB option "minimize".

                            < M A T L A B (R) >
                  Copyright 1984-2017 The MathWorks, Inc.
                   R2017b (9.3.0.713579) 64-bit (glnxa64)
                             September 14, 2017

Unrecognized MATLAB option "wait".
Unrecognized MATLAB option "minimize".

                            < M A T L A B (R) >
                  Copyright 1984-2017 The MathWorks, Inc.
                   R2017b (9.3.0.713579) 64-bit (glnxa64)
                             September 14, 2017

Unrecognized MATLAB option "wait".
Unrecognized MATLAB option "minimize".

                            < M A T L A B (R) >
                  Copyright 1984-2017 The MathWorks, Inc.
                   R2017b (9.3.0.713579) 64-bit (glnxa64)
                             September 14, 2017

Unrecognized MATLAB option "wait".
Unrecognized MATLAB option "minimize".

                            < M A T L A B (R) >
                  Copyright 1984-2017 The MathWorks, Inc.
                   R2017b (9.3.0.713579) 64-bit (glnxa64)
                             September 14, 2017

Unrecognized MATLAB option "wait".
Unrecognized MATLAB option "minimize".

                            < M A T L A B (R) >
                  Copyright 1984-2017 The MathWorks, Inc.
                   R2017b (9.3.0.713579) 64-bit (glnxa64)
                             September 14, 2017

Unrecognized MATLAB option "wait".
Unrecognized MATLAB option "minimize".

                            < M A T L A B (R) >
                  Copyright 1984-2017 The MathWorks, Inc.
                   R2017b (9.3.0.713579) 64-bit (glnxa64)
                             September 14, 2017

Unrecognized MATLAB option "wait".
Unrecognized MATLAB option "minimize".

                            < M A T L A B (R) >
                  Copyright 1984-2017 The MathWorks, Inc.
                   R2017b (9.3.0.713579) 64-bit (glnxa64)
                             September 14, 2017

Unrecognized MATLAB option "wait".
Unrecognized MATLAB option "minimize".

                            < M A T L A B (R) >
                  Copyright 1984-2017 The MathWorks, Inc.
                   R2017b (9.3.0.713579) 64-bit (glnxa64)
                             September 14, 2017

Unrecognized MATLAB option "wait".
Unrecognized MATLAB option "minimize".

                            < M A T L A B (R) >
                  Copyright 1984-2017 The MathWorks, Inc.
                   R2017b (9.3.0.713579) 64-bit (glnxa64)
                             September 14, 2017

Unrecognized MATLAB option "wait".
Unrecognized MATLAB option "minimize".

                            < M A T L A B (R) >
                  Copyright 1984-2017 The MathWorks, Inc.
                   R2017b (9.3.0.713579) 64-bit (glnxa64)
                             September 14, 2017

Unrecognized MATLAB option "wait".
Unrecognized MATLAB option "minimize".

                            < M A T L A B (R) >
                  Copyright 1984-2017 The MathWorks, Inc.
                   R2017b (9.3.0.713579) 64-bit (glnxa64)
                             September 14, 2017

Unrecognized MATLAB option "wait".
Unrecognized MATLAB option "minimize".

                            < M A T L A B (R) >
                  Copyright 1984-2017 The MathWorks, Inc.
                   R2017b (9.3.0.713579) 64-bit (glnxa64)
                             September 14, 2017

Unrecognized MATLAB option "wait".
Unrecognized MATLAB option "minimize".

                            < M A T L A B (R) >
                  Copyright 1984-2017 The MathWorks, Inc.
                   R2017b (9.3.0.713579) 64-bit (glnxa64)
                             September 14, 2017

Unrecognized MATLAB option "wait".
Unrecognized MATLAB option "minimize".

                            < M A T L A B (R) >
                  Copyright 1984-2017 The MathWorks, Inc.
                   R2017b (9.3.0.713579) 64-bit (glnxa64)
                             September 14, 2017

Unrecognized MATLAB option "wait".
Unrecognized MATLAB option "minimize".

                            < M A T L A B (R) >
                  Copyright 1984-2017 The MathWorks, Inc.
                   R2017b (9.3.0.713579) 64-bit (glnxa64)
                             September 14, 2017

Unrecognized MATLAB option "wait".
Unrecognized MATLAB option "minimize".

                            < M A T L A B (R) >
                  Copyright 1984-2017 The MathWorks, Inc.
                   R2017b (9.3.0.713579) 64-bit (glnxa64)
                             September 14, 2017

Unrecognized MATLAB option "wait".
Unrecognized MATLAB option "minimize".

                            < M A T L A B (R) >
                  Copyright 1984-2017 The MathWorks, Inc.
                   R2017b (9.3.0.713579) 64-bit (glnxa64)
                             September 14, 2017

Unrecognized MATLAB option "wait".
Unrecognized MATLAB option "minimize".

                            < M A T L A B (R) >
                  Copyright 1984-2017 The MathWorks, Inc.
                   R2017b (9.3.0.713579) 64-bit (glnxa64)
                             September 14, 2017

Unrecognized MATLAB option "wait".
Unrecognized MATLAB option "minimize".

                            < M A T L A B (R) >
                  Copyright 1984-2017 The MathWorks, Inc.
                   R2017b (9.3.0.713579) 64-bit (glnxa64)
                             September 14, 2017

Unrecognized MATLAB option "wait".
Unrecognized MATLAB option "minimize".

                            < M A T L A B (R) >
                  Copyright 1984-2017 The MathWorks, Inc.
                   R2017b (9.3.0.713579) 64-bit (glnxa64)
                             September 14, 2017

Unrecognized MATLAB option "wait".
Unrecognized MATLAB option "minimize".

                            < M A T L A B (R) >
                  Copyright 1984-2017 The MathWorks, Inc.
                   R2017b (9.3.0.713579) 64-bit (glnxa64)
                             September 14, 2017

Unrecognized MATLAB option "wait".
Unrecognized MATLAB option "minimize".

                            < M A T L A B (R) >
                  Copyright 1984-2017 The MathWorks, Inc.
                   R2017b (9.3.0.713579) 64-bit (glnxa64)
                             September 14, 2017

Unrecognized MATLAB option "wait".
Unrecognized MATLAB option "minimize".

                            < M A T L A B (R) >
                  Copyright 1984-2017 The MathWorks, Inc.
                   R2017b (9.3.0.713579) 64-bit (glnxa64)
                             September 14, 2017

Unrecognized MATLAB option "wait".
Unrecognized MATLAB option "minimize".

                            < M A T L A B (R) >
                  Copyright 1984-2017 The MathWorks, Inc.
                   R2017b (9.3.0.713579) 64-bit (glnxa64)
                             September 14, 2017

 
For online documentation, see http://www.mathworks.com/support
For product information, visit www.mathworks.com.
 
 
For online documentation, see http://www.mathworks.com/support
For product information, visit www.mathworks.com.
 
 
 
For online documentation, see http://www.mathworks.com/support
For product information, visit www.mathworks.com.
 
 
For online documentation, see http://www.mathworks.com/support
For product information, visit www.mathworks.com.
 
For online documentation, see http://www.mathworks.com/support
For product information, visit www.mathworks.com.
 
 
For online documentation, see http://www.mathworks.com/support
For product information, visit www.mathworks.com.
 
 
 
For online documentation, see http://www.mathworks.com/support
For product information, visit www.mathworks.com.
 
For online documentation, see http://www.mathworks.com/support
For product information, visit www.mathworks.com.
 
 
 
For online documentation, see http://www.mathworks.com/support
For product information, visit www.mathworks.com.
 
For online documentation, see http://www.mathworks.com/support
For product information, visit www.mathworks.com.
 
 
For online documentation, see http://www.mathworks.com/support
For product information, visit www.mathworks.com.
 
 
 
For online documentation, see http://www.mathworks.com/support
For product information, visit www.mathworks.com.
 
For online documentation, see http://www.mathworks.com/support
For product information, visit www.mathworks.com.
 
 
For online documentation, see http://www.mathworks.com/support
For product information, visit www.mathworks.com.
 
 
For online documentation, see http://www.mathworks.com/support
For product information, visit www.mathworks.com.
 
 
For online documentation, see http://www.mathworks.com/support
For product information, visit www.mathworks.com.
 
 
For online documentation, see http://www.mathworks.com/support
For product information, visit www.mathworks.com.
 
 
 
For online documentation, see http://www.mathworks.com/support
For product information, visit www.mathworks.com.
 
For online documentation, see http://www.mathworks.com/support
For product information, visit www.mathworks.com.
 
 
 
For online documentation, see http://www.mathworks.com/support
For product information, visit www.mathworks.com.
 
For online documentation, see http://www.mathworks.com/support
For product information, visit www.mathworks.com.
 
 
For online documentation, see http://www.mathworks.com/support
For product information, visit www.mathworks.com.
 
 
For online documentation, see http://www.mathworks.com/support
For product information, visit www.mathworks.com.
 
 
For online documentation, see http://www.mathworks.com/support
For product information, visit www.mathworks.com.
 
outfile: ../data/out_0007/.worker_3.txt
outfile: ../data/out_0007/.worker_2.txt
outfile: ../data/out_0007/.worker_16.txt
outfile: ../data/out_0007/.worker_10.txt
outfile: ../data/out_0007/.worker_14.txt
outfile: ../data/out_0007/.worker_12.txt
outfile: ../data/out_0007/.worker_9.txt
outfile: ../data/out_0007/.worker_18.txt
outfile: ../data/out_0007/.worker_23.txt
outfile: ../data/out_0007/.worker_17.txt
outfile: ../data/out_0007/.worker_20.txt
outfile: ../data/out_0007/.worker_5.txt
outfile: ../data/out_0007/.worker_21.txt
outfile: ../data/out_0007/.worker_15.txt
outfile: ../data/out_0007/.worker_4.txt
outfile: ../data/out_0007/.worker_13.txt
outfile: ../data/out_0007/.worker_1.txt
outfile: ../data/out_0007/.worker_22.txt
outfile: ../data/out_0007/.worker_11.txt
outfile: ../data/out_0007/.worker_6.txt
outfile: ../data/out_0007/.worker_8.txt
outfile: ../data/out_0007/.worker_0.txt
outfile: ../data/out_0007/.worker_7.txt
outfile: ../data/out_0007/.worker_19.txt
Computing instanton...
Computing instanton...
Computing instanton...
Computing instanton...
Computing instanton...
Computing instanton...
Computing instanton...
Computing instanton...
10000       45.811863
Computing instanton...
10000       48.944078
10000       50.279463
10000       53.018784
10000          53.639
10000       53.482844
10000       54.033134
10000       53.806842
10000       54.093098
10000       54.147294
10000       54.022797
10000       54.588869
10000       55.610934
10000        55.34671
10000       55.953481
10000         55.9457
10000       55.540548
10000       55.930229
10000       56.559704
10000       57.828564
10000       59.411094
10000       60.419227
10000       61.584091
10000       62.024552
Computing instanton...
Computing instanton...
Computing instanton...
Computing instanton...
Computing instanton...
Computing instanton...
Computing instanton...
Computing instanton...
Computing instanton...
Computing instanton...
20000      100.109346
20000       100.85256
20000      100.872458
20000      101.331373
20000      103.871586
20000      104.428917
20000      103.994161
20000      104.271308
20000      106.048391
20000      105.661002
20000      106.234209
20000      106.216186
20000      105.702374
Computing instanton...
20000      106.686795
20000       107.63341
20000      107.616108
20000        107.5869
Computing instanton...
20000      108.592932
20000      108.379444
20000      110.489227
20000      110.880199
Computing instanton...
20000      118.503487
20000      121.037016
20000      123.822407
Computing instanton...
Computing instanton...
Computing instanton...
Computing instanton...
Computing instanton...
Computing instanton...
Computing instanton...
Computing instanton...
Computing instanton...
30000      145.738594
Computing instanton...
30000      148.559139
30000      149.766476
Computing instanton...
Computing instanton...
30000      153.671592
30000       153.48929
30000      154.933249
30000      155.576408
30000      155.298025
30000      156.060219
Computing instanton...
30000      156.389936
30000      156.701134
30000      157.957401
Computing instanton...
30000      159.999681
30000      159.741519
30000      160.255453
30000      159.871999
30000      160.094232
30000       160.91485
30000      161.268832
30000      163.345433
Computing instanton...
30000      164.532138
Computing instanton...
30000      173.376582
30000      175.832068
30000      178.312074
Computing instanton...
Computing instanton...
Computing instanton...
Computing instanton...
Computing instanton...
40000      194.207556
40000      195.347052
40000      198.997851
40000         199.479
40000      199.429725
40000      200.182949
40000      203.680057
40000      203.904856
40000      205.258763
40000      206.719688
40000      209.568997
40000      209.329362
40000      210.546898
40000      211.396486
40000      212.443307
40000      212.878762
40000      214.032547
40000      214.447198
40000      214.441614
Computing instanton...
40000      214.975208
Computing instanton...
Computing instanton...
Computing instanton...
40000      222.530049
Computing instanton...
40000      229.089497
40000      229.391702
40000      230.151776
Computing instanton...
Computing instanton...
50000      240.160446
50000      241.358435
50000      246.109387
Computing instanton...
50000      247.750266
50000      248.083745
Computing instanton...
50000      250.091192
Computing instanton...
50000      251.723952
Computing instanton...
50000      254.418754
50000      255.234628
50000       257.03551
50000      259.352041
50000      260.215379
50000      260.348641
50000      261.168873
Computing instanton...
50000      265.191143
Computing instanton...
50000      266.279062
50000      267.136313
50000      267.237348
50000       268.19535
50000      267.891744
Computing instanton...
Computing instanton...
Computing instanton...
50000      277.668978
50000       278.67689
50000      280.164211
Computing instanton...
Computing instanton...
50000      283.855369
60000      287.945012
60000      289.620723
60000      293.073063
60000      294.999264
Computing instanton...
60000      298.729301
60000      299.286041
Computing instanton...
Computing instanton...
Computing instanton...
60000      305.626419
60000      306.995802
60000      306.363121
60000      306.934498
60000      310.994466
60000      311.700922
60000      312.252642
60000      312.907105
60000      314.833541
Computing instanton...
60000      319.221948
60000      320.750232
60000      322.138508
60000       322.91225
60000      322.988724
Computing instanton...
Computing instanton...
60000      330.852522
60000      330.797086
60000      331.814891
70000      335.480333
70000      337.969825
Computing instanton...
60000       339.24439
70000      343.372306
70000      343.604464
70000      344.674824
Computing instanton...
70000      346.305241
Computing instanton...
Computing instanton...
70000      351.815661
70000      354.313619
Computing instanton...
70000      355.393592
70000      359.720305
70000      361.896886
70000      363.575016
Computing instanton...
Computing instanton...
70000      365.527739
Computing instanton...
70000      366.897009
70000      370.549736
Computing instanton...
Computing instanton...
70000      374.272635
70000      375.004575
Computing instanton...
70000      375.245738
70000      376.770005
70000      377.887753
Computing instanton...
80000      381.029517
70000      381.882745
70000      382.229264
70000      383.284217
Computing instanton...
80000       386.87809
70000      388.830373
80000      389.619356
Computing instanton...
80000      393.420559
80000      394.459058
80000      395.135149
Computing instanton...
Computing instanton...
80000        401.4224
80000      403.116482
Computing instanton...
80000      406.268259
80000      409.079858
Computing instanton...
80000      411.544151
Computing instanton...
Computing instanton...
Computing instanton...
Computing instanton...
Computing instanton...
Computing instanton...
80000      418.769282
80000      419.962498
80000      420.118508
80000       423.13546
80000      424.467365
80000      425.664684
Computing instanton...
80000      428.948246
80000      430.034667
Computing instanton...
80000      431.960515
Computing instanton...
90000      434.282139
80000      436.409427
80000      437.360274
80000      438.790261
90000      440.004176
80000      440.646563
Computing instanton...
90000      443.351622
90000      443.290287
90000      443.736864
Computing instanton...
Computing instanton...
90000       451.11167
90000       451.49273
Computing instanton...
90000      453.029018
90000      455.994202
90000      456.671934
Computing instanton...
Computing instanton...
Computing instanton...
90000      463.753073
Computing instanton...
Computing instanton...
Computing instanton...
90000      472.691588
Computing instanton...
90000      474.209149
90000       474.77567
90000      479.913179
Computing instanton...
90000      482.157098
Computing instanton...
90000       482.28544
100000       483.460331
90000      485.478274
Computing instanton...
90000      486.478083
90000      488.909251
Computing instanton...
100000       490.633873
100000       490.910026
90000      490.908492
90000      491.633822
100000       492.843025
Computing instanton...
100000       494.421753
Computing instanton...
100000       495.402824
90000      495.293264
90000      495.650832
100000       497.970345
Computing instanton...
Computing instanton...
100000       500.435333
Computing instanton...
Computing instanton...
100000       506.647116
Computing instanton...
100000       508.332881
Computing instanton...
100000       513.797097
Computing instanton...
Computing instanton...
100000       521.896199
100000       525.706993
110000       526.536673
Computing instanton...
Computing instanton...
100000       529.962921
Computing instanton...
100000       532.161757
Computing instanton...
100000       534.712675
100000       537.403324
110000       537.648111
100000        537.17701
100000       538.700741
110000       539.397194
Computing instanton...
110000       540.210769
100000       540.200915
110000       542.047092
Computing instanton...
110000       543.616488
Computing instanton...
100000       543.616446
100000       545.306797
100000       545.668062
Computing instanton...
110000       547.548058
Computing instanton...
100000       551.109023
110000       551.423656
Computing instanton...
Computing instanton...
110000       554.381904
110000        556.88951
110000       563.474817
Computing instanton...
110000       572.953085
110000       573.920545
Computing instanton...
120000       578.592425
110000       582.217543
110000       584.509245
120000       585.061569
110000       586.248323
120000       587.310458
110000       588.629573
120000       588.785761
120000       590.002873
Computing instanton...
Computing instanton...
110000        590.84513
110000       590.773279
110000       593.781473
110000       594.499297
120000       595.736023
120000       596.008139
110000       597.328349
120000       598.899196
120000       600.560443
110000       600.820961
110000       603.830715
120000       607.015414
Computing instanton...
Computing instanton...
Computing instanton...
120000       616.311814
120000       619.092157
Computing instanton...
120000       625.221366
130000       625.082553
Computing instanton...
Computing instanton...
Computing instanton...
130000       633.682437
120000        633.44563
120000       634.557316
Computing instanton...
130000       634.591166
130000       635.763668
130000       636.335087
120000       636.502363
Computing instanton...
120000        637.71394
120000       641.869307
120000       641.972978
130000       643.581976
Computing instanton...
120000       645.827757
130000       645.965261
Computing instanton...
120000       646.753082
120000       649.089369
130000        649.60403
130000       650.115245
130000        651.89453
120000       654.184591
120000       655.306992
Computing instanton...
Computing instanton...
Computing instanton...
130000       668.298446
130000       669.905752
130000       670.032315
Computing instanton...
140000        671.29586
Computing instanton...
140000       682.858163
140000       683.013153
140000       683.223466
130000       684.116675
130000       686.049579
Computing instanton...
130000       686.195441
140000       688.603236
130000       688.724465
Computing instanton...
130000       693.276873
140000       693.746334
140000       693.431559
Computing instanton...
140000        694.43903
140000       695.220504
130000        696.87033
130000       696.986182
Computing instanton...
140000       697.890697
130000       698.279359
130000       700.236869
Computing instanton...
130000       709.524011
130000       710.297772
Computing instanton...
Computing instanton...
140000       716.266488
140000       716.610099
140000        721.52664
150000       722.004135
Computing instanton...
Computing instanton...
Computing instanton...
Computing instanton...
150000         730.6155
Computing instanton...
Computing instanton...
150000       732.792611
Computing instanton...
Computing instanton...
150000       735.080097
140000       735.932352
140000       736.553008
140000       736.878188
Computing instanton...
140000       738.247749
150000       739.471764
150000       741.406902
150000        741.70225
150000        741.69569
140000       743.623514
150000       744.878727
140000       747.568641
Computing instanton...
150000       749.622669
140000       750.359472
140000       751.280663
Computing instanton...
140000       753.368631
140000       759.258381
Computing instanton...
Computing instanton...
140000       761.133166
150000       762.543375
150000       766.759238
Computing instanton...
160000       768.347459
Computing instanton...
150000       770.965384
160000       778.420813
160000       779.384526
Computing instanton...
Computing instanton...
Computing instanton...
Computing instanton...
Computing instanton...
150000       784.610892
150000       784.316268
160000       784.910578
150000        785.98712
Computing instanton...
160000       788.445511
Computing instanton...
Computing instanton...
160000       791.570859
160000       792.161745
160000       792.517738
150000       792.164264
Computing instanton...
160000       793.026101
150000       795.442818
160000       795.575962
150000       796.308572
150000       801.959136
Computing instanton...
150000        803.20846
150000       807.137612
150000       807.010317
160000       809.238677
Computing instanton...
150000       813.096152
Computing instanton...
160000       816.030087
Computing instanton...
170000       817.727155
160000       818.627663
Computing instanton...
Computing instanton...
170000       826.443692
170000       830.317082
Computing instanton...
Computing instanton...
Computing instanton...
170000       835.704829
170000       835.549981
160000         836.0437
170000       836.643845
160000       837.099793
160000       837.452703
170000        837.70183
170000       839.236961
170000       841.146863
160000       841.462779
Computing instanton...
160000       844.268897
160000       848.539293
170000       848.099507
Computing instanton...
Computing instanton...
160000       853.635205
170000       855.415211
160000       855.615173
Computing instanton...
160000       856.173648
160000       856.847711
160000       859.881822
180000       866.806776
170000       870.026566
170000       872.878313
180000        875.50679
Computing instanton...
Computing instanton...
180000       879.192393
Computing instanton...
180000       880.333601
180000       881.969731
180000       884.035052
170000       885.035865
180000       884.949243
180000       886.515127
170000       886.816496
180000       889.008018
170000       889.962026
170000       892.975043
180000       893.505331
170000       899.643174
170000       899.686822
180000       900.818111
Computing instanton...
Computing instanton...
170000       908.173642
170000       908.779147
Computing instanton...
170000       911.053766
170000       910.798281
Computing instanton...
Computing instanton...
190000       913.742238
170000       914.274317
Computing instanton...
180000        920.41441
190000        921.39947
190000       923.703026
180000       925.791912
190000        927.76632
190000       929.769828
190000       930.085301
190000       931.952692
190000       934.965664
190000       935.620554
180000       936.741844
190000       936.184062
180000        937.71611
180000       939.715294
Computing instanton...
180000       943.455932
Computing instanton...
190000       949.197861
Computing instanton...
Computing instanton...
180000        953.37873
180000       955.122381
Computing instanton...
180000       958.848575
180000       959.969935
180000       960.773218
180000       962.595868
200000       966.153127
200000       967.772914
180000        969.00736
200000       972.282169
Computing instanton...
200000        975.70009
190000       975.572066
200000       976.035167
190000       976.343073
200000       977.657251
200000       978.170933
Computing instanton...
200000       981.377005
200000       981.843152
Computing instanton...
200000         984.4746
190000       985.559682
Computing instanton...
Computing instanton...
190000       988.233622
190000       990.045505
Computing instanton...
200000       998.734837
190000      1000.863408
190000      1002.720926
Computing instanton...
Computing instanton...
Computing instanton...
190000      1006.494752
Computing instanton...
190000      1010.901824
190000      1011.196579
Computing instanton...
Computing instanton...
210000      1012.657187
190000      1013.680797
190000      1015.198558
210000       1015.57087
210000      1020.091313
190000      1021.034215
210000      1021.743701
Computing instanton...
210000      1024.389196
Computing instanton...
210000      1024.936892
Computing instanton...
Computing instanton...
Computing instanton...
200000      1027.368742
Computing instanton...
210000      1029.321486
210000      1029.543094
210000      1032.084075
210000      1034.797989
200000       1035.66895
200000      1036.491112
Computing instanton...
Computing instanton...
210000      1041.109493
200000      1044.553435
Computing instanton...
200000      1046.108987
Computing instanton...
Computing instanton...
200000       1055.01111
Computing instanton...
200000      1057.539369
220000      1058.178262
200000      1059.012327
Computing instanton...
200000      1060.799513
220000      1061.458581
200000      1062.300915
200000      1062.870894
Computing instanton...
200000      1064.294152
220000      1067.954059
220000      1069.885069
Computing instanton...
220000      1071.482631
220000      1072.747788
220000       1072.56588
200000      1073.164537
Computing instanton...
220000      1075.647431
220000      1082.469658
210000      1082.586745
Computing instanton...
210000      1085.143875
220000      1086.231525
Computing instanton...
210000      1087.399033
220000      1088.376597
Computing instanton...
Computing instanton...
Computing instanton...
210000      1099.334214
230000      1101.961924
210000      1102.187229
Computing instanton...
Computing instanton...
230000      1105.322208
Computing instanton...
210000      1106.164572
Computing instanton...
Computing instanton...
210000       1109.25515
210000      1111.458852
230000      1111.443245
210000      1111.764197
210000      1111.864286
210000       1114.80951
Computing instanton...
230000        1118.5569
210000      1118.912559
230000      1118.772157
Computing instanton...
230000      1123.639942
230000      1123.406958
210000      1125.233355
230000      1126.876816
230000      1127.681184
Computing instanton...
220000      1131.507084
230000      1135.653438
230000      1136.193191
220000      1137.467799
Computing instanton...
Computing instanton...
220000      1145.398778
220000      1149.902111
240000      1149.833892
240000      1152.612352
Computing instanton...
220000       1153.76935
240000      1157.388066
220000      1158.513423
220000       1158.82653
240000       1159.65249
Computing instanton...
220000      1163.081066
220000      1163.488553
220000      1164.009877
220000      1165.314111
240000      1165.823878
240000      1166.765148
Computing instanton...
220000      1169.435969
240000      1171.441261
240000      1174.041345
220000      1175.095786
Computing instanton...
240000      1177.245088
240000      1180.648767
230000      1183.736171
240000      1184.415804
Computing instanton...
230000      1190.704886
250000       1192.75942
Computing instanton...
230000      1199.384824
Computing instanton...
250000      1200.638988
230000      1201.195714
250000      1203.612502
Computing instanton...
230000      1208.520475
250000      1208.898127
230000      1210.694881
230000      1211.077916
250000      1211.826236
Computing instanton...
230000      1214.806683
Computing instanton...
230000      1217.704005
250000      1217.839238
230000      1219.240903
250000      1219.492303
250000      1221.360212
230000      1221.887473
Computing instanton...
250000      1225.124958
Computing instanton...
Computing instanton...
230000      1227.895381
230000      1228.000527
Computing instanton...
Computing instanton...
250000      1231.988491
240000      1232.212623
Computing instanton...
250000      1236.662722
260000      1241.890214
240000      1242.306217
260000      1245.753405
Computing instanton...
260000      1250.426952
240000      1251.614724
Computing instanton...
Computing instanton...
240000      1255.938961
260000      1255.963058
260000      1258.626732
240000       1260.67491
Computing instanton...
240000      1261.724027
240000      1261.803736
Computing instanton...
Computing instanton...
Computing instanton...
Computing instanton...
Computing instanton...
260000       1267.94744
240000      1268.891065
260000      1270.464542
240000      1270.848299
260000      1273.060801
Computing instanton...
Computing instanton...
260000       1274.08635
240000      1275.006474
240000      1275.821703
240000      1277.239413
250000      1278.862092
260000       1280.41356
260000      1279.973493
240000      1280.168379
Computing instanton...
Computing instanton...
270000      1289.383615
270000       1291.61976
250000      1291.836977
Computing instanton...
270000        1297.9784
Computing instanton...
Computing instanton...
270000      1303.505518
Computing instanton...
250000      1306.451139
270000      1306.120747
250000      1307.691806
250000      1309.879582
250000      1310.110542
Computing instanton...
250000       1311.45618
Computing instanton...
270000      1315.002226
270000       1316.27696
270000      1317.910159
250000       1321.93522
Computing instanton...
270000      1322.516912
250000      1325.286961
250000      1326.091698
270000      1326.417591
250000      1326.987238
270000       1327.22283
260000      1326.820846
250000      1329.432904
250000      1333.059225
280000      1337.861845
Computing instanton...
280000      1340.520719
Computing instanton...
260000      1347.252429
Computing instanton...
Computing instanton...
280000      1352.202884
280000      1352.985526
280000      1354.868285
Computing instanton...
Computing instanton...
280000      1361.604687
260000      1361.198312
280000      1362.200539
280000      1362.247571
260000      1362.694535
260000      1362.800156
260000      1363.234163
260000      1364.268961
Computing instanton...
Computing instanton...
260000      1369.782403
280000      1372.548892
280000      1372.440644
280000      1372.890032
260000      1378.018457
260000      1378.795301
290000      1378.804647
260000      1380.809277
270000      1381.007424
260000      1383.463801
Computing instanton...
260000      1385.225613
Computing instanton...
290000      1393.018929
Computing instanton...
270000      1398.595352
Computing instanton...
290000      1399.615993
290000      1399.544866
Computing instanton...
290000      1403.049216
Computing instanton...
Computing instanton...
290000      1408.058373
290000      1409.632809
290000      1413.252473
270000      1415.093681
270000      1415.143255
270000      1415.513614
Computing instanton...
270000       1416.94507
290000      1417.602305
290000      1418.039727
Computing instanton...
290000      1419.893924
Computing instanton...
Computing instanton...
270000      1422.394627
270000      1422.430648
300000      1424.548424
270000      1425.797875
Computing instanton...
270000      1428.730205
Computing instanton...
270000      1432.244531
280000      1434.438908
270000      1435.372298
Computing instanton...
270000      1437.667036
300000      1438.069348
Computing instanton...
Computing instanton...
300000      1442.813628
Computing instanton...
300000      1447.236288
300000      1450.771427
280000      1450.479164
Computing instanton...
300000      1454.144087
300000      1455.378017
300000      1457.745431
Computing instanton...
Computing instanton...
Computing instanton...
Computing instanton...
Computing instanton...
300000       1462.88253
280000      1463.729891
300000      1463.714447
300000      1465.432041
280000      1466.080289
280000      1468.093526
280000      1471.709507
280000      1472.818803
Computing instanton...
280000      1474.427113
310000      1474.592287
280000      1475.887054
Computing instanton...
Computing instanton...
Computing instanton...
280000      1477.793693
310000      1484.434091
280000      1485.469522
280000      1485.634513
310000      1487.999121
290000       1489.24264
Computing instanton...
Computing instanton...
280000      1492.451986
Computing instanton...
310000      1496.034958
310000      1498.210321
Computing instanton...
Computing instanton...
310000       1500.78612
310000        1502.6186
290000      1503.531086
Computing instanton...
310000      1506.692024
Computing instanton...
Computing instanton...
310000       1509.42769
310000      1512.028302
310000      1512.434459
290000      1515.707254
290000      1516.154426
Computing instanton...
320000      1520.718399
290000      1520.783257
290000      1521.285408
290000      1523.622141
Computing instanton...
290000      1525.943232
290000      1526.318523
Computing instanton...
290000      1527.667157
Computing instanton...
Computing instanton...
320000      1530.172974
Computing instanton...
290000      1535.210049
320000      1534.902364
300000      1536.950166
Computing instanton...
290000      1538.602296
290000      1538.889275
320000      1542.818795
Computing instanton...
320000      1545.501927
Computing instanton...
Computing instanton...
320000      1550.758791
320000      1551.255403
320000      1553.204808
320000      1554.505656
Computing instanton...
300000      1557.293196
Computing instanton...
320000       1558.53063
Computing instanton...
Computing instanton...
320000      1562.451911
300000      1566.036042
330000      1567.492368
300000      1570.657945
Computing instanton...
300000      1571.235646
300000      1572.391967
300000       1573.04745
300000      1575.831144
300000      1577.191087
Computing instanton...
Computing instanton...
300000      1578.648441
330000      1579.262442
Computing instanton...
Computing instanton...
330000       1584.65082
Computing instanton...
300000      1587.006966
Computing instanton...
310000      1589.613757
300000      1590.386529
Computing instanton...
300000      1592.054469
330000      1592.762814
330000       1592.90519
330000      1594.875724
330000      1594.982846
Computing instanton...
330000      1596.454585
Computing instanton...
330000      1598.985111
Computing instanton...
Computing instanton...
Computing instanton...
330000      1606.583153
310000      1609.555656
330000       1610.30878
340000      1611.172668
310000      1617.468108
310000      1618.127485
Computing instanton...
310000      1622.027748
310000        1625.4506
310000      1626.084243
310000      1626.530349
340000      1627.671392
340000      1629.683814
310000      1631.947676
310000      1633.113928
310000      1635.185947
Computing instanton...
310000      1640.828693
310000      1641.701248
340000      1641.551861
Computing instanton...
340000      1642.546256
340000      1643.247502
Computing instanton...
340000      1645.894083
Computing instanton...
340000       1646.97833
340000      1646.996527
320000      1646.629949
Computing instanton...
Computing instanton...
340000      1652.641856
350000      1658.025859
Computing instanton...
340000      1660.582144
320000      1663.098887
Computing instanton...
320000      1667.022587
320000      1673.845181
320000      1674.352878
320000      1675.685395
350000      1676.648465
320000      1677.219098
Computing instanton...
320000      1677.634418
Computing instanton...
350000      1681.085246
Computing instanton...
320000      1681.523716
Computing instanton...
320000      1683.289213
Computing instanton...
Computing instanton...
320000      1685.449668
350000      1685.697595
350000      1687.909049
320000      1688.814342
Computing instanton...
350000       1694.84419
350000      1695.531298
Computing instanton...
350000      1695.841415
320000      1697.207016
350000      1697.836506
Computing instanton...
330000      1698.375773
350000       1701.04197
350000      1702.955631
360000      1705.228437
Computing instanton...
Computing instanton...
Computing instanton...
Computing instanton...
Computing instanton...
330000      1717.116228
330000      1719.287578
Computing instanton...
Computing instanton...
Computing instanton...
Computing instanton...
360000       1724.24869
330000      1724.841594
330000      1724.866147
330000      1726.084847
360000      1726.504333
Computing instanton...
330000      1727.646743
330000      1727.857948
330000      1733.491163
330000       1733.73398
Computing instanton...
360000      1735.725011
360000      1737.696669
360000      1739.332791
360000      1740.759921
Computing instanton...
330000      1741.345575
360000      1742.856045
330000      1744.121396
Computing instanton...
360000      1745.512636
Computing instanton...
360000      1747.281311
340000      1749.678263
330000      1750.554291
360000      1750.314575
370000      1751.807905
Computing instanton...
Computing instanton...
Computing instanton...
340000      1768.994722
370000      1769.495714
Computing instanton...
340000      1772.305855
370000      1774.609317
Computing instanton...
340000      1776.142935
340000      1777.228291
Computing instanton...
340000       1778.85768
340000      1780.388374
Computing instanton...
370000      1782.227736
340000      1782.708505
340000      1783.084468
370000      1784.311468
370000      1786.721762
370000      1788.908615
340000      1788.914779
370000      1790.420467
370000      1794.321541
370000      1795.641302
380000      1796.154659
340000      1796.929509
340000      1798.529988
370000       1798.16438
Computing instanton...
350000      1799.962459
340000      1803.059478
Computing instanton...
380000      1809.455754
Computing instanton...
380000      1818.511017
Computing instanton...
Computing instanton...
350000       1821.71332
350000      1822.825119
350000      1827.063751
350000      1831.286662
Computing instanton...
350000      1831.814899
380000      1832.765757
350000        1833.0838
380000      1833.471859
380000      1835.909411
350000      1835.959587
380000       1838.23288
350000      1838.839187
380000       1839.67674
Computing instanton...
390000      1841.491309
380000       1841.75986
380000      1842.250123
350000       1842.71835
Computing instanton...
380000      1845.756048
350000      1848.271187
Computing instanton...
Computing instanton...
350000      1850.855962
Computing instanton...
360000      1853.967799
350000      1855.191202
390000      1855.459672
Computing instanton...
Computing instanton...
390000      1867.496215
360000      1872.246796
360000      1875.603141
360000      1878.477754
Computing instanton...
390000      1879.768629
390000      1883.012035
360000      1884.003581
Computing instanton...
360000      1884.663859
Computing instanton...
390000      1885.735037
360000      1885.616233
390000      1885.957703
390000      1887.636172
390000      1887.411458
Computing instanton...
390000      1888.618066
360000      1888.415794
Computing instanton...
400000      1888.947844
Computing instanton...
360000      1892.659421
390000      1892.703486
360000      1893.447687
360000      1898.517109
Computing instanton...
360000      1900.710048
Computing instanton...
400000      1901.345907
370000       1903.44285
360000      1907.086945
400000      1911.456049
Computing instanton...
Computing instanton...
Computing instanton...
Computing instanton...
Computing instanton...
370000       1924.04968
Computing instanton...
400000      1926.996015
370000      1926.691739
400000      1928.660534
370000      1928.757563
Computing instanton...
Computing instanton...
370000      1932.079586
370000      1933.402325
370000      1933.729729
400000      1934.399091
400000       1934.57524
400000      1935.536765
410000      1936.937058
400000      1937.610232
Computing instanton...
400000      1938.296225
370000      1940.161918
Computing instanton...
370000      1940.895163
400000      1941.641782
Computing instanton...
370000      1943.610307
Computing instanton...
370000      1945.630743
Computing instanton...
410000      1948.796842
380000      1950.622943
370000      1952.973158
Computing instanton...
Computing instanton...
Computing instanton...
370000      1961.539014
410000      1963.091805
Computing instanton...
Computing instanton...
410000      1971.600243
380000      1973.953746
380000      1975.416307
410000      1975.552022
Computing instanton...
410000      1978.694532
380000      1979.553463
Computing instanton...
410000      1982.705155
380000      1983.433074
410000      1983.756595
420000      1983.897878
380000      1985.027602
410000      1987.968533
380000      1988.109021
410000      1988.855825
410000      1988.055878
380000      1993.055281
380000      1993.419869
Computing instanton...
380000      1995.231102
Computing instanton...
Computing instanton...
420000      1996.609594
Computing instanton...
380000      1998.648046
Computing instanton...
Computing instanton...
390000      2001.185594
380000      2003.528923
Computing instanton...
Computing instanton...
420000      2010.962702
Computing instanton...
Computing instanton...
420000      2017.085786
380000      2019.159099
420000      2021.218164
Computing instanton...
420000      2025.775652
390000      2025.933578
420000      2026.811464
390000      2027.345577
390000      2028.371804
430000      2029.638225
Computing instanton...
420000      2032.505524
420000      2034.195154
Computing instanton...
Computing instanton...
390000      2037.319358
Computing instanton...
420000      2039.562846
390000      2039.668066
430000      2041.332555
420000      2042.563541
390000      2042.304016
390000      2042.999201
Computing instanton...
390000      2044.755865
390000      2047.164559
Computing instanton...
390000      2051.509019
400000      2052.686898
390000      2056.319804
Computing instanton...
Computing instanton...
430000      2062.155387
430000       2065.66482
430000      2065.619447
Computing instanton...
430000      2070.742436
Computing instanton...
390000      2073.599171
400000      2074.357367
430000      2075.496769
400000       2077.00965
400000      2077.513757
440000      2077.624341
Computing instanton...
Computing instanton...
Computing instanton...
430000      2080.271962
430000      2080.891814
Computing instanton...
440000       2087.01818
Computing instanton...
430000      2088.865299
Computing instanton...
430000      2090.172248
400000      2091.018206
400000      2092.480426
Computing instanton...
400000      2092.686406
400000      2095.084139
Computing instanton...
400000      2101.160028
400000      2101.958258
400000      2105.295544
400000      2105.269524
Computing instanton...
Computing instanton...
410000      2107.509538
Computing instanton...
440000       2113.20845
440000      2116.233869
440000      2116.179598
440000      2116.263151
Computing instanton...
Computing instanton...
440000      2120.958017
Computing instanton...
410000      2122.195426
400000      2124.374504
440000      2128.221519
410000      2129.105185
410000      2129.352743
440000      2130.603219
Computing instanton...
450000      2132.484842
Computing instanton...
Computing instanton...
440000      2138.025637
450000      2137.536587
410000      2140.632631
440000      2140.919468
Computing instanton...
410000      2144.059965
410000      2144.725672
410000      2145.527826
Computing instanton...
Computing instanton...
Computing instanton...
Computing instanton...
Computing instanton...
Computing instanton...
410000      2155.475135
Computing instanton...
Computing instanton...
Computing instanton...
410000      2158.726819
450000      2159.724062
420000       2160.56458
450000      2160.810087
450000      2161.369323
410000      2162.026706
450000       2162.97999
410000      2163.037807
450000      2167.569891
Computing instanton...
Computing instanton...
Computing instanton...
420000      2174.655877
410000      2175.636549
450000      2177.913655
Computing instanton...
450000      2178.658194
420000       2179.20606
460000      2179.989834
Computing instanton...
420000      2183.475132
450000      2184.158015
Computing instanton...
460000       2186.16142
450000      2187.925566
Computing instanton...
420000      2193.294175
420000       2195.13021
420000      2195.962612
420000      2198.734794
Computing instanton...
Computing instanton...
Computing instanton...
Computing instanton...
460000        2207.6057
420000      2208.714939
460000       2209.34595
420000      2209.647974
460000      2210.377596
430000      2210.037014
Computing instanton...
460000      2211.202468
420000      2212.732289
420000      2213.351206
460000      2213.192033
Computing instanton...
Computing instanton...
Computing instanton...
Computing instanton...
Computing instanton...
460000      2222.297379
Computing instanton...
Computing instanton...
470000      2226.275342
460000      2226.792935
420000      2226.728274
Computing instanton...
430000      2228.811842
460000      2230.067717
Computing instanton...
Computing instanton...
470000      2232.425586
430000      2232.930873
430000      2233.671334
460000      2235.323381
Computing instanton...
430000      2243.743214
Computing instanton...
430000      2246.942652
Computing instanton...
430000      2250.454332
430000      2252.514553
470000      2254.801918
Computing instanton...
430000      2258.453454
470000      2259.131208
470000      2259.790618
Computing instanton...
430000      2261.174608
470000      2261.867382
Computing instanton...
440000      2263.244061
Computing instanton...
430000      2264.962666
430000      2265.830097
470000      2265.770273
Computing instanton...
Computing instanton...
470000      2268.376091
480000      2269.625572
Computing instanton...
Computing instanton...
470000      2273.357641
480000      2276.104017
470000      2278.155888
430000       2278.27706
440000      2279.192717
470000      2280.587975
Computing instanton...
440000      2285.650661
440000      2288.043023
Computing instanton...
440000      2296.945625
Computing instanton...
480000      2300.878406
Computing instanton...
440000      2301.388275
480000      2301.611043
440000      2305.234045
440000      2305.542865
440000      2305.878716
480000       2307.96759
Computing instanton...
480000      2311.048464
440000      2312.522814
450000      2312.911509
480000      2314.098944
480000      2314.921525
440000      2316.093994
440000      2317.710157
490000      2317.574047
480000      2320.906688
Computing instanton...
490000      2321.716918
480000      2327.972218
440000      2327.845117
480000      2329.994868
Computing instanton...
450000      2331.961944
Computing instanton...
450000      2337.646746
450000       2337.79819
Computing instanton...
Computing instanton...
Computing instanton...
450000      2346.737985
490000      2347.078504
Computing instanton...
490000      2350.589416
450000      2352.107432
Computing instanton...
450000       2356.49253
490000      2357.246906
460000       2358.43472
490000      2358.907245
450000       2360.37541
490000      2362.049232
490000      2364.933096
450000       2365.43352
500000      2365.551155
450000      2367.460008
450000      2368.997204
Computing instanton...
500000      2372.812073
450000       2372.90355
Computing instanton...
Computing instanton...
490000      2376.916603
490000      2376.839366
490000      2377.101309
Computing instanton...
450000      2380.499597
460000      2381.239749
Computing instanton...
Computing instanton...
460000      2387.053919
460000      2387.865878
Computing instanton...
500000      2396.158552
460000      2397.226002
500000      2399.881806
Computing instanton...
460000      2400.493515
460000       2406.92801
460000      2407.920109
470000      2407.925709
500000      2408.517796
Computing instanton...
510000      2410.435412
500000      2411.660542
500000      2413.519275
Computing instanton...
460000      2416.990399
500000      2417.585468
Computing instanton...
Computing instanton...
460000      2420.410344
500000      2421.029913
460000      2421.273284
500000      2422.642806
Computing instanton...
460000       2422.60913
500000      2424.335849
510000      2424.569365
Computing instanton...
Computing instanton...
Computing instanton...
Computing instanton...
470000      2434.710492
470000      2437.612397
460000       2438.15148
Computing instanton...
470000      2442.801764
510000      2442.763689
510000       2446.48631
470000      2450.115662
470000      2451.684297
Computing instanton...
510000      2455.905223
520000      2457.847995
470000       2458.40676
510000      2458.423504
510000       2459.57261
470000      2459.837432
480000      2459.887805
Computing instanton...
Computing instanton...
Computing instanton...
510000      2466.390274
510000      2467.011469
Computing instanton...
510000      2467.225703
470000      2467.295639
Computing instanton...
Computing instanton...
470000       2469.70776
520000      2471.416495
470000      2472.086364
510000      2473.009995
470000      2473.765451
Computing instanton...
Computing instanton...
Computing instanton...
Computing instanton...
470000      2487.601624
480000      2488.846334
520000      2489.923805
Computing instanton...
480000      2491.296666
520000      2494.403448
Computing instanton...
480000      2494.780726
Computing instanton...
Computing instanton...
Computing instanton...
480000      2502.035752
480000      2502.500595
520000      2503.145931
Computing instanton...
520000      2506.088004
Computing instanton...
490000      2506.294123
530000      2506.665751
480000      2506.827971
520000      2506.573618
480000      2512.061405
Computing instanton...
520000      2513.053107
520000      2513.376284
520000      2515.919323
480000       2517.50768
Computing instanton...
Computing instanton...
480000      2520.502588
520000      2521.644323
Computing instanton...
530000      2523.595926
480000       2524.37343
480000       2525.92639
Computing instanton...
Computing instanton...
Computing instanton...
480000      2537.519044
490000       2538.44951
Computing instanton...
530000      2540.395712
530000      2541.275297
490000      2545.294327
Computing instanton...
530000      2549.837461
490000      2551.070409
Computing instanton...
530000      2552.726183
530000      2552.906862
490000      2553.564167
490000      2555.138466
Computing instanton...
530000      2555.993133
Computing instanton...
540000      2557.381341
500000      2557.518544
490000       2559.12757
490000      2560.608466
530000       2563.75247
Computing instanton...
530000      2566.529311
540000       2566.40511
530000      2567.231954
Computing instanton...
490000      2569.761207
490000      2570.949227
490000      2574.249507
490000       2576.14771
Computing instanton...
Computing instanton...
Computing instanton...
Computing instanton...
Computing instanton...
Computing instanton...
540000      2583.307717
Computing instanton...
Computing instanton...
Computing instanton...
490000      2589.953891
500000      2590.447411
Computing instanton...
540000      2590.488248
500000      2596.224717
Computing instanton...
540000      2597.820438
500000      2598.647642
540000      2599.245021
550000      2602.315204
500000      2602.650655
540000      2604.347036
Computing instanton...
540000       2605.78353
Computing instanton...
500000      2608.287845
Computing instanton...
510000      2609.557632
Computing instanton...
Computing instanton...
500000      2611.426881
Computing instanton...
540000      2612.596633
550000      2612.655979
500000      2613.122382
Computing instanton...
540000      2614.813669
540000      2615.310482
Computing instanton...
500000      2619.851749
500000      2623.582235
500000      2623.163612
500000      2625.028562
Computing instanton...
550000      2632.152374
Computing instanton...
500000      2640.158117
550000      2640.366151
Computing instanton...
Computing instanton...
Computing instanton...
510000      2645.766136
550000      2646.558572
510000      2646.687235
550000      2647.011296
510000      2648.422551
560000      2649.168136
Computing instanton...
Computing instanton...
Computing instanton...
Computing instanton...
550000      2652.740544
510000      2653.530348
550000      2656.930176
550000      2658.958162
520000      2658.451281
Computing instanton...
550000      2661.046573
510000      2661.347382
560000      2662.778459
510000      2663.344127
550000      2664.573193
Computing instanton...
510000        2666.4252
510000      2668.858916
Computing instanton...
Computing instanton...
510000      2675.068915
510000      2675.413502
510000      2677.889252
560000      2680.239191
560000      2685.060382
560000      2690.089814
Computing instanton...
510000      2694.839093
520000      2695.663723
560000      2695.869317
570000      2697.513883
520000      2698.330406
Computing instanton...
560000      2699.515566
520000      2700.024928
Computing instanton...
Computing instanton...
560000      2706.351705
560000      2707.043859
520000      2706.990129
560000      2707.935682
560000      2707.843647
530000       2707.84204
520000      2713.824042
Computing instanton...
570000      2713.913426
520000      2715.834602
Computing instanton...
520000      2720.534552
520000      2721.634986
Computing instanton...
520000      2727.359225
520000      2728.035315
570000      2729.526588
520000      2729.434963
Computing instanton...
570000      2734.010807
Computing instanton...
Computing instanton...
570000      2740.575872
570000      2742.469695
Computing instanton...
580000      2745.195585
570000      2745.276558
Computing instanton...
530000      2745.569289
520000      2746.195728
530000      2749.331885
570000      2754.245055
570000       2754.64996
530000      2754.829518
570000      2755.074504
570000      2755.737258
580000      2757.238979
540000       2758.67455
530000      2760.904644
530000       2762.18359
Computing instanton...
Computing instanton...
Computing instanton...
530000      2766.228624
530000      2768.625524
530000      2770.322481
580000      2774.897223
530000      2775.111334
Computing instanton...
530000       2778.01237
Computing instanton...
580000      2781.074604
530000      2783.768697
580000      2786.988136
590000      2788.978473
580000      2793.779564
540000      2793.597204
540000       2795.34228
580000      2797.358736
580000      2797.726274
580000      2801.400837
580000      2801.694035
580000      2801.568983
530000      2802.680028
590000      2802.938943
540000      2808.427431
540000      2809.062243
550000      2810.437804
Computing instanton...
540000      2813.372702
540000      2815.547715
540000      2819.668551
590000      2821.624117
540000      2823.164848
540000       2826.37861
Computing instanton...
Computing instanton...
Computing instanton...
Computing instanton...
590000      2831.814466
Computing instanton...
540000      2833.094538
Computing instanton...
590000      2833.406942
540000      2836.978978
590000      2841.617269
Computing instanton...
Computing instanton...
590000      2842.687418
600000      2842.417464
550000      2843.074935
590000      2843.034404
590000      2845.591393
550000      2847.276776
Computing instanton...
590000      2850.532202
Computing instanton...
Computing instanton...
590000      2852.935988
600000        2854.7313
540000      2856.961075
Computing instanton...
550000      2859.545248
Computing instanton...
550000      2862.837548
550000      2865.063476
600000      2868.264102
560000      2868.612677
550000      2869.999461
550000      2870.673894
Computing instanton...
Computing instanton...
550000      2874.025499
Computing instanton...
550000       2874.93446
Computing instanton...
550000        2880.5892
600000      2880.560236
Computing instanton...
600000      2884.649647
600000      2886.287393
600000       2890.91611
610000      2891.093107
600000      2891.473215
550000      2892.793108
600000       2895.72219
560000      2895.946107
Computing instanton...
Computing instanton...
600000      2897.801609
Computing instanton...
Computing instanton...
Computing instanton...
600000       2900.98886
Computing instanton...
610000      2901.197957
560000      2902.188949
Computing instanton...
Computing instanton...
Computing instanton...
560000      2908.197236
550000      2910.043383
610000      2915.020467
570000      2917.741844
560000      2918.593933
560000       2919.80692
560000      2921.011049
Computing instanton...
560000      2923.886384
560000      2923.893637
560000      2924.620216
Computing instanton...
Computing instanton...
610000      2927.549874
Computing instanton...
610000      2929.178163
610000      2930.590943
560000      2933.533602
Computing instanton...
610000      2936.286213
Computing instanton...
610000      2939.642971
610000      2939.732253
620000      2939.753959
Computing instanton...
610000       2945.98117
560000      2946.610577
570000      2947.143203
610000      2950.126519
620000      2951.713025
570000      2952.967428
Computing instanton...
Computing instanton...
620000      2960.108343
570000      2961.800779
Computing instanton...
560000      2964.816043
570000      2966.045251
Computing instanton...
580000       2968.39715
570000      2970.551741
570000       2971.34258
Computing instanton...
620000      2974.484065
570000      2975.002013
620000      2974.861994
570000      2975.850095
620000      2978.596983
570000      2980.676317
Computing instanton...
Computing instanton...
570000      2982.713512
Computing instanton...
620000      2983.275597
620000      2983.582588
620000      2984.951503
630000      2989.370489
Computing instanton...
Computing instanton...
620000      2993.937062
Computing instanton...
580000      2996.330991
Computing instanton...
620000      2997.538448
570000      2998.125685
630000      2999.391835
630000      3006.270855
580000      3006.453293
Computing instanton...
Computing instanton...
Computing instanton...
570000      3013.816492
580000      3014.549081
580000      3014.904082
Computing instanton...
590000      3019.809066
630000      3019.932309
630000      3021.707592
580000      3021.967556
580000      3023.285471
Computing instanton...
580000      3025.328291
580000      3026.696129
630000        3029.1222
630000      3028.399052
Computing instanton...
630000      3029.792695
Computing instanton...
630000      3030.281513
Computing instanton...
Computing instanton...
580000      3032.569556
580000      3034.968449
640000       3038.81169
Computing instanton...
630000      3040.861586
Computing instanton...
630000      3043.152822
Computing instanton...
640000      3047.331131
580000      3048.467584
590000      3050.186808
640000      3052.796429
Computing instanton...
590000      3059.091873
Computing instanton...
Computing instanton...
Computing instanton...
590000       3064.12256
640000      3066.081823
580000      3066.601173
640000      3066.537391
590000      3067.508471
600000      3068.982084
Computing instanton...
Computing instanton...
590000      3073.462737
640000      3074.729521
Computing instanton...
Computing instanton...
590000      3076.318311
590000      3076.136304
590000      3077.082263
640000      3078.551887
640000      3078.259532
Computing instanton...
640000       3081.15757
Computing instanton...
Computing instanton...
590000      3084.318898
Computing instanton...
650000      3085.425827
640000      3089.962772
Computing instanton...
Computing instanton...
Computing instanton...
650000      3093.732037
640000      3094.173552
590000      3094.277825
Computing instanton...
Computing instanton...
Computing instanton...
Computing instanton...
650000      3099.209098
590000      3100.741724
Computing instanton...
Computing instanton...
600000       3105.03753
650000      3108.502804
Computing instanton...
600000      3110.069445
650000      3114.556727
610000      3117.088486
600000      3119.598356
Computing instanton...
600000      3122.423286
650000      3123.353674
600000      3122.924299
590000      3123.791544
Computing instanton...
600000      3125.648913
600000      3126.289865
650000      3127.572741
650000      3128.664604
660000      3128.752144
650000      3130.041636
600000      3131.770587
600000      3133.846879
650000      3137.761589
660000      3139.828905
650000      3142.229592
660000      3147.454479
600000      3147.248994
Computing instanton...
600000      3149.776672
660000      3153.436616
Computing instanton...
610000      3156.160917
660000      3164.411708
610000      3164.500766
Computing instanton...
660000      3169.945344
670000       3170.48735
Computing instanton...
610000      3171.534992
620000      3171.496908
660000      3173.352176
610000      3174.133306
610000      3174.292704
Computing instanton...
610000      3174.864573
660000      3174.780078
610000      3176.299866
Computing instanton...
600000       3179.13148
660000      3182.131573
660000      3182.386519
670000      3182.939052
610000       3184.06592
660000      3186.182513
610000      3187.895946
670000      3194.001558
Computing instanton...
670000      3199.677465
610000      3201.517014
Computing instanton...
610000      3202.507793
620000       3203.25212
Computing instanton...
670000      3212.021402
Computing instanton...
680000      3213.719824
620000      3213.897879
670000      3216.637116
670000      3216.872722
Computing instanton...
Computing instanton...
620000       3221.05031
Computing instanton...
670000      3224.203021
630000      3224.767337
Computing instanton...
670000      3226.204407
620000      3226.410652
680000      3227.496297
620000      3228.005014
620000      3228.136174
Computing instanton...
670000      3231.776048
620000      3232.216866
610000      3232.365624
620000      3232.849684
Computing instanton...
Computing instanton...
Computing instanton...
680000      3236.398783
670000      3236.160649
620000      3241.179565
Computing instanton...
Computing instanton...
Computing instanton...
680000      3247.464549
Computing instanton...
Computing instanton...
620000      3250.992931
630000      3252.346228
620000      3254.863256
680000       3260.85756
Computing instanton...
680000      3261.287092
Computing instanton...
690000      3263.198408
Computing instanton...
680000      3266.186184
630000      3266.143379
680000      3269.885946
Computing instanton...
Computing instanton...
630000      3273.741497
690000      3274.083983
680000      3275.205732
630000      3277.396841
630000       3278.02076
680000      3279.201393
640000       3280.08139
630000      3281.147498
630000      3281.786159
Computing instanton...
690000       3282.78932
620000      3283.956118
630000      3284.920914
680000      3285.106488
Computing instanton...
Computing instanton...
630000       3289.37706
Computing instanton...
690000      3297.210014
Computing instanton...
Computing instanton...
640000      3303.187198
630000      3304.380958
690000      3305.656731
Computing instanton...
690000      3305.939447
700000      3307.649142
Computing instanton...
630000      3310.765956
690000       3312.56914
690000      3313.471897
Computing instanton...
640000      3316.361346
690000      3320.322801
Computing instanton...
Computing instanton...
640000      3323.029725
700000      3323.627518
640000      3326.348141
Computing instanton...
Computing instanton...
Computing instanton...
700000      3331.668603
650000      3331.526357
640000      3332.017334
690000      3331.980479
640000      3332.344341
690000       3332.88084
640000      3333.257639
640000      3336.302731
630000       3337.66699
640000      3339.354524
700000       3341.93644
Computing instanton...
700000        3350.8512
710000      3352.649159
650000      3353.123598
Computing instanton...
700000      3355.773414
Computing instanton...
640000      3356.626575
Computing instanton...
700000      3359.450011
Computing instanton...
700000      3361.302288
Computing instanton...
640000      3363.328676
650000      3366.730619
710000       3371.42956
700000      3373.975587
Computing instanton...
650000      3374.636371
700000      3378.138515
650000      3377.931286
700000      3379.667608
650000      3380.314988
660000      3380.884963
Computing instanton...
710000      3381.683863
650000      3383.553573
650000      3383.461854
Computing instanton...
650000      3388.477956
640000      3389.697839
650000      3390.716404
710000      3391.046868
710000      3393.475702
720000      3396.275333
Computing instanton...
660000      3402.573651
710000      3403.633512
710000      3403.484301
Computing instanton...
Computing instanton...
650000      3409.416978
710000      3410.729844
720000      3414.788686
660000      3417.951042
650000         3418.015
Computing instanton...
710000      3418.771261
Computing instanton...
720000       3425.90292
660000      3427.615368
660000      3428.000789
660000      3429.121017
710000      3429.181348
710000      3429.729405
660000      3433.829551
670000      3436.980848
720000      3438.358726
660000      3439.490474
Computing instanton...
Computing instanton...
660000      3440.399109
660000      3442.070307
730000      3443.247153
650000      3443.720586
720000      3448.017492
720000      3448.671732
Computing instanton...
Computing instanton...
670000      3450.809436
720000      3455.088721
720000      3455.993165
Computing instanton...
Computing instanton...
730000      3461.301778
660000      3461.900915
670000      3468.526524
720000      3469.272098
Computing instanton...
660000      3473.003229
730000      3476.321714
720000      3476.686447
720000      3477.156336
Computing instanton...
670000      3478.885762
670000        3479.1699
670000         3481.319
670000      3486.250722
670000      3487.189632
730000      3487.550242
680000       3489.10691
740000      3489.162074
670000      3492.107847
Computing instanton...
670000      3494.471133
660000      3494.564681
730000      3496.254093
730000      3496.977634
Computing instanton...
730000      3498.957025
730000      3504.130954
680000      3506.065443
740000      3506.459361
Computing instanton...
730000      3512.279554
670000      3514.424802
Computing instanton...
Computing instanton...
680000      3517.362357
Computing instanton...
740000       3522.63361
670000      3522.175952
Computing instanton...
730000      3525.566707
Computing instanton...
730000      3526.820776
680000      3529.432598
680000      3530.153934
680000      3531.801052
Computing instanton...
680000      3535.875703
Computing instanton...
740000      3537.148372
690000      3538.366523
Computing instanton...
750000       3539.73343
680000      3540.589999
740000      3542.911912
680000      3543.078802
740000      3543.509703
680000      3543.610828
670000      3545.493239
Computing instanton...
740000      3546.577979
Computing instanton...
Computing instanton...
Computing instanton...
750000      3553.928108
740000      3553.979335
Computing instanton...
740000      3558.009533
680000      3560.323065
690000      3560.865484
750000      3566.693768
690000      3569.297048
680000      3571.316127
Computing instanton...
Computing instanton...
Computing instanton...
740000      3575.143012
740000      3575.196964
690000      3576.703742
690000      3581.309199
690000      3583.781273
Computing instanton...
750000      3585.273335
750000      3587.624693
Computing instanton...
760000      3588.208105
690000      3589.625599
690000      3590.224868
700000        3591.8424
750000      3593.181664
690000      3595.059618
Computing instanton...
750000      3596.053665
690000      3597.346644
680000      3600.585709
750000      3600.963362
760000      3603.266399
Computing instanton...
750000      3608.192134
Computing instanton...
700000      3610.124593
690000      3610.337654
700000      3618.133378
690000      3619.457877
760000      3620.845612
750000      3620.678514
750000      3624.529217
Computing instanton...
Computing instanton...
Computing instanton...
700000      3629.016642
700000      3629.008821
Computing instanton...
770000        3630.3955
760000      3631.386937
Computing instanton...
760000       3634.37664
Computing instanton...
Computing instanton...
700000      3639.185601
760000      3639.898557
700000      3639.848277
700000      3640.951903
760000      3643.453691
700000       3645.29559
710000      3645.674882
760000      3645.462071
Computing instanton...
770000      3647.281508
Computing instanton...
700000      3650.562127
Computing instanton...
690000      3653.193175
760000      3655.397525
700000      3657.562786
710000      3658.875284
Computing instanton...
Computing instanton...
710000      3666.839771
760000      3667.566626
760000       3669.36154
Computing instanton...
Computing instanton...
770000      3671.119418
700000      3671.122089
Computing instanton...
Computing instanton...
770000      3677.754918
710000       3678.85193
770000      3679.166722
Computing instanton...
780000      3680.451159
710000      3684.226473
Computing instanton...
Computing instanton...
Computing instanton...
770000      3689.236812
Computing instanton...
710000      3693.019577
780000      3693.062905
770000      3694.380156
710000        3693.8322
770000      3693.736206
710000      3695.208652
720000      3696.727645
Computing instanton...
710000       3698.56793
Computing instanton...
770000      3700.042244
Computing instanton...
Computing instanton...
Computing instanton...
710000      3702.574129
700000      3706.214007
720000      3710.784278
710000      3710.760104
Computing instanton...
780000      3714.932228
770000       3715.14136
770000      3715.869613
Computing instanton...
780000      3720.646869
720000      3721.576147
780000       3725.01296
710000      3726.011182
Computing instanton...
Computing instanton...
Computing instanton...
720000       3729.14954
790000       3728.93434
720000       3738.28888
780000      3738.662028
780000      3739.440881
Computing instanton...
790000      3740.365076
780000      3740.963109
720000      3744.060627
Computing instanton...
Computing instanton...
720000      3746.520877
780000      3748.535756
720000      3748.529862
730000      3749.563903
Computing instanton...
Computing instanton...
720000      3750.096207
Computing instanton...
Computing instanton...
720000      3756.827402
Computing instanton...
720000        3758.1082
Computing instanton...
730000      3761.007593
Computing instanton...
780000      3761.461527
710000       3761.53528
Computing instanton...
780000      3762.771723
790000      3767.714489
790000      3768.573001
Computing instanton...
Computing instanton...
Computing instanton...
790000      3771.471767
Computing instanton...
Computing instanton...
Computing instanton...
800000      3774.726675
Computing instanton...
720000      3777.804459
730000      3778.414042
730000      3781.483812
730000      3783.800349
Computing instanton...
800000       3785.75388
Computing instanton...
790000      3788.353582
790000      3788.106318
790000      3789.226357
Computing instanton...
790000      3797.728459
730000      3798.285936
Computing instanton...
740000       3800.76127
730000      3801.370108
730000      3801.991971
730000      3803.122256
Computing instanton...
730000      3806.125279
Computing instanton...
730000      3807.040665
Computing instanton...
790000      3808.440791
Computing instanton...
800000      3812.547782
740000      3812.668497
790000      3814.544234
720000      3814.835515
Computing instanton...
Computing instanton...
800000      3822.302939
800000      3822.034748
810000      3823.925504
Computing instanton...
730000      3825.842958
740000      3826.488971
Computing instanton...
740000      3830.742718
Computing instanton...
Computing instanton...
810000      3831.062031
Computing instanton...
740000      3831.636337
800000      3831.772657
Computing instanton...
Computing instanton...
800000      3837.294096
Computing instanton...
800000       3838.95629
740000      3850.606193
Computing instanton...
800000      3852.364255
740000      3852.270456
Computing instanton...
750000      3854.133885
740000      3854.505114
800000      3854.750907
810000       3856.45663
740000      3857.023504
740000      3860.011486
750000      3861.091574
800000      3861.507667
740000       3862.59693
Computing instanton...
Computing instanton...
810000      3863.831398
730000      3867.867727
Computing instanton...
810000      3870.668962
820000      3872.130394
750000      3876.371531
Computing instanton...
820000      3879.673002
740000      3879.954508
750000       3880.44855
810000      3880.932648
Computing instanton...
Computing instanton...
Computing instanton...
810000      3884.445194
750000      3885.370134
810000      3885.617873
Computing instanton...
Computing instanton...
Computing instanton...
Computing instanton...
750000       3901.77632
810000      3903.154216
750000      3902.926966
810000      3904.299249
820000      3905.742743
750000      3906.984166
750000      3907.487356
760000      3908.733577
810000       3910.27411
760000       3911.31383
750000      3912.561004
820000      3912.612638
750000      3914.576017
820000        3915.4695
830000      3919.540787
Computing instanton...
Computing instanton...
740000      3923.499971
Computing instanton...
820000      3925.694749
830000      3925.957224
760000      3928.476171
820000      3931.566035
760000      3931.842337
Computing instanton...
820000      3932.852444
760000      3934.036432
750000      3933.968358
Computing instanton...
Computing instanton...
Computing instanton...
Computing instanton...
Computing instanton...
Computing instanton...
820000      3949.393781
Computing instanton...
760000      3950.120292
820000      3951.920987
Computing instanton...
830000      3952.690685
Computing instanton...
820000      3953.915605
Computing instanton...
760000      3954.067901
760000      3955.776915
760000      3960.109984
830000       3961.81269
830000      3963.426874
760000      3963.807362
770000       3965.39387
Computing instanton...
840000      3965.255759
Computing instanton...
760000      3966.169331
770000       3966.22868
Computing instanton...
840000      3971.686721
830000      3975.069047
770000        3976.6675
750000      3977.944176
Computing instanton...
Computing instanton...
830000      3980.420042
Computing instanton...
830000      3980.871993
Computing instanton...
770000      3984.605263
Computing instanton...
760000      3988.638079
Computing instanton...
770000      3990.310335
Computing instanton...
Computing instanton...
Computing instanton...
830000       3997.77568
830000      3999.158135
840000      4001.134025
770000      4000.856496
770000       4003.40666
830000      4006.286596
770000      4007.348772
Computing instanton...
840000      4010.759552
850000      4012.671439
770000      4013.663703
840000      4014.881911
Computing instanton...
Computing instanton...
780000      4015.993275
770000      4016.219755
850000      4016.399715
770000      4017.063336
780000      4018.304896
Computing instanton...
840000       4024.50345
840000      4025.425001
840000      4026.612681
760000      4031.165654
780000      4032.295599
780000      4033.393447
770000      4040.689687
780000      4041.856185
840000      4043.681502
840000      4048.152182
Computing instanton...
850000      4048.393533
780000      4050.042534
Computing instanton...
780000      4053.021319
Computing instanton...
840000      4055.993716
780000      4056.118017
850000      4056.698184
Computing instanton...
Computing instanton...
850000      4060.517672
860000      4061.763016
Computing instanton...
780000      4064.608526
860000      4065.053817
Computing instanton...
780000      4066.191097
790000      4068.768186
Computing instanton...
780000      4070.414863
790000      4071.577908
Computing instanton...
Computing instanton...
850000      4075.342551
Computing instanton...
Computing instanton...
850000      4076.094928
850000      4077.455051
770000      4079.151466
790000      4087.047986
Computing instanton...
Computing instanton...
790000      4088.622601
790000      4089.846636
850000      4092.334719
Computing instanton...
780000      4093.599567
850000      4096.607507
860000      4098.283537
790000      4099.860105
860000      4101.706129
850000      4103.601095
790000      4104.470215
860000      4105.079871
870000      4107.686974
790000      4108.976777
790000      4110.641643
870000      4111.184288
790000      4115.515785
Computing instanton...
Computing instanton...
Computing instanton...
790000      4119.993249
800000      4121.937089
860000      4122.751303
800000      4123.227408
860000      4124.393836
860000      4125.249612
780000      4131.792676
Computing instanton...
Computing instanton...
Computing instanton...
800000        4136.2398
860000      4139.338347
Computing instanton...
870000      4143.158171
800000      4143.686343
860000       4143.87153
800000      4146.121051
860000      4147.600496
800000      4148.560759
870000      4149.613975
Computing instanton...
790000      4150.749438
870000      4154.001903
880000      4156.990143
800000       4157.83371
Computing instanton...
880000      4159.817118
800000      4163.305286
800000      4163.169002
800000      4163.592567
Computing instanton...
800000       4170.27342
870000      4170.356951
870000      4173.262209
870000      4172.948795
810000      4174.632279
810000      4175.747908
Computing instanton...
Computing instanton...
790000      4182.899353
Computing instanton...
810000      4185.808218
870000      4187.305212
870000      4189.989164
880000      4190.435397
870000       4195.05686
Computing instanton...
880000      4197.171213
810000      4198.145968
810000      4198.982952
810000      4199.692585
Computing instanton...
800000      4201.385329
890000      4202.903216
880000      4203.436998
Computing instanton...
890000       4204.44051
Computing instanton...
Computing instanton...
Computing instanton...
Computing instanton...
810000      4212.228593
Computing instanton...
810000      4215.346913
810000      4214.971763
Computing instanton...
810000      4216.541725
880000      4217.013621
880000      4219.179116
880000      4219.439878
810000      4220.131447
Computing instanton...
820000      4221.918287
820000      4226.735389
Computing instanton...
Computing instanton...
Computing instanton...
Computing instanton...
820000      4234.388617
880000      4236.714445
800000      4238.238536
880000      4238.513835
890000      4238.987999
Computing instanton...
Computing instanton...
Computing instanton...
880000      4243.320674
900000      4247.297691
820000      4247.960667
890000      4249.652745
890000      4250.856993
Computing instanton...
820000      4255.036321
900000       4255.56417
820000       4255.48467
810000      4260.085453
Computing instanton...
890000      4263.068787
890000      4267.685901
820000      4267.326291
820000      4268.269784
890000      4268.810407
820000      4269.663492
820000       4270.48256
820000      4272.412436
Computing instanton...
830000      4275.187625
Computing instanton...
830000      4276.580364
Computing instanton...
890000      4284.294826
Computing instanton...
Computing instanton...
900000      4285.404416
830000      4287.011892
Computing instanton...
890000      4288.577147
810000       4289.04192
910000      4291.305962
890000      4291.700963
900000      4297.763903
830000      4298.591806
Computing instanton...
900000      4302.784943
Computing instanton...
910000      4303.022304
830000      4305.212085
Computing instanton...
830000      4309.862389
900000      4311.175288
820000      4311.480997
Computing instanton...
830000      4314.910514
Computing instanton...
900000      4317.154502
Computing instanton...
830000      4317.342454
830000       4319.61712
830000      4320.914086
830000      4321.436318
900000      4321.410517
Computing instanton...
Computing instanton...
840000      4329.785402
910000      4329.870405
840000      4329.623511
Computing instanton...
900000      4334.103414
900000      4334.832898
Computing instanton...
900000      4336.632418
920000      4337.101494
840000      4342.352996
820000      4343.411443
910000      4344.995684
Computing instanton...
Computing instanton...
840000      4348.812244
Computing instanton...
920000      4350.386211
910000      4351.733197
Computing instanton...
Computing instanton...
Computing instanton...
910000      4355.579797
840000       4356.06255
Computing instanton...
Computing instanton...
Computing instanton...
910000       4363.38235
Computing instanton...
830000      4364.609607
840000      4364.549782
Computing instanton...
840000      4368.455749
840000      4369.445696
840000      4369.718023
Computing instanton...
910000      4370.536446
840000      4373.189144
Computing instanton...
Computing instanton...
840000      4374.384428
Computing instanton...
910000      4378.057919
850000      4379.431123
850000      4380.009535
920000      4380.951341
910000      4382.511565
Computing instanton...
930000      4384.100658
910000      4386.550946
920000      4388.525786
850000      4391.784872
830000      4396.203329
Computing instanton...
930000      4399.229108
920000       4400.83258
920000      4401.674398
850000      4401.846599
Computing instanton...
Computing instanton...
850000      4408.240728
Computing instanton...
Computing instanton...
840000      4412.797983
920000      4415.220781
850000      4416.792957
920000       4417.06904
850000      4417.838977
Computing instanton...
850000      4420.598437
850000      4421.368931
Computing instanton...
Computing instanton...
920000      4425.675631
850000      4425.678445
940000      4426.694245
860000      4428.147683
850000      4428.017578
920000      4429.360483
930000      4429.782229
930000      4430.407809
860000      4435.103357
860000       4436.58447
920000      4437.833684
Computing instanton...
940000      4445.879095
Computing instanton...
Computing instanton...
840000      4450.371283
860000      4450.773721
930000      4451.282836
930000      4452.285626
860000      4458.713907
Computing instanton...
850000      4462.441955
930000      4464.464996
930000      4464.082294
Computing instanton...
Computing instanton...
Computing instanton...
860000      4467.618812
Computing instanton...
950000      4469.677343
Computing instanton...
860000      4471.195871
860000       4471.65151
860000      4473.141036
930000      4474.826199
870000      4475.297979
860000      4475.643132
940000      4476.720904
930000      4479.593678
940000      4479.136141
860000      4480.050011
Computing instanton...
930000      4483.439542
Computing instanton...
Computing instanton...
870000      4486.810406
870000      4486.891784
Computing instanton...
950000      4490.073822
Computing instanton...
940000      4496.558531
Computing instanton...
940000      4497.119111
Computing instanton...
870000      4501.067165
850000      4501.985178
Computing instanton...
Computing instanton...
Computing instanton...
870000       4507.50823
940000      4510.839962
940000       4512.81627
Computing instanton...
960000       4515.27005
860000      4516.383928
Computing instanton...
Computing instanton...
870000      4518.844711
Computing instanton...
870000      4521.704627
940000       4521.85666
950000      4522.680798
Computing instanton...
870000       4524.47084
870000      4524.378272
870000      4524.780096
880000      4525.236012
Computing instanton...
950000      4525.656854
940000      4528.686004
870000      4529.980025
Computing instanton...
940000      4532.561332
880000      4535.332569
880000      4539.491726
Computing instanton...
950000      4541.601759
960000      4543.714184
950000      4544.168807
Computing instanton...
880000      4549.006226
860000      4549.263708
Computing instanton...
Computing instanton...
Computing instanton...
880000      4554.693301
950000      4556.078588
970000      4559.361281
950000      4560.795963
Computing instanton...
Computing instanton...
950000      4566.475045
870000      4567.650558
880000      4570.085791
880000      4572.676097
960000      4573.428259
880000      4573.503436
960000      4573.741028
880000       4576.05032
950000      4577.252444
950000       4577.42878
880000      4579.056547
Computing instanton...
890000      4580.920524
880000      4580.726626
960000      4585.941637
890000      4585.947333
Computing instanton...
960000      4588.546223
Computing instanton...
890000       4589.44512
970000      4592.647018
890000      4596.524902
Computing instanton...
Computing instanton...
Computing instanton...
Computing instanton...
Computing instanton...
870000      4602.068347
960000      4605.247998
890000      4605.940121
960000      4606.715496
Computing instanton...
980000      4608.737762
960000      4608.936671
Computing instanton...
Computing instanton...
Computing instanton...
970000      4614.767149
890000      4617.380126
Computing instanton...
970000      4618.747148
890000      4619.350946
Computing instanton...
Computing instanton...
890000      4622.588458
960000      4623.552998
880000      4623.468995
960000      4625.917624
890000      4627.950571
890000      4628.774912
970000      4633.020385
890000      4632.732483
900000        4634.1167
Computing instanton...
Computing instanton...
970000      4638.931655
980000      4640.208606
900000      4640.959177
Computing instanton...
900000      4642.384009
Computing instanton...
Computing instanton...
Computing instanton...
Computing instanton...
900000      4652.391813
Computing instanton...
Computing instanton...
970000      4655.390843
Computing instanton...
990000      4656.098668
900000      4657.346805
880000      4657.638509
970000      4658.308075
970000       4659.26171
Computing instanton...
980000      4663.362296
Computing instanton...
Computing instanton...
Computing instanton...
980000      4667.917675
970000      4669.828444
900000      4670.484335
Computing instanton...
900000      4671.325183
970000      4672.767668
Computing instanton...
900000       4673.59221
900000      4675.407986
890000       4675.76831
Computing instanton...
900000       4680.66324
980000      4682.648257
990000      4683.908141
980000      4683.970661
910000      4685.373583
Computing instanton...
900000      4686.219224
Computing instanton...
910000      4691.487745
Computing instanton...
910000      4695.621283
Computing instanton...
Computing instanton...
Computing instanton...
980000      4701.949695
1000000       4702.231346
910000      4703.345619
Computing instanton...
Computing instanton...
910000      4705.357972
980000      4706.007565
Computing instanton...
890000      4706.968246
Computing instanton...
980000      4708.018018
990000      4712.858763
990000      4713.167727
980000      4714.973426
Computing instanton...
910000      4718.752042
980000      4720.983188
910000      4722.597915
Computing instanton...
910000      4723.322237
Computing instanton...
Computing instanton...
910000      4726.135803
900000      4726.131478
910000      4726.018624
990000      4726.650471
Computing instanton...
Computing instanton...
Computing instanton...
1000000       4729.643722
990000      4730.506082
920000      4732.101743
Computing instanton...
910000      4735.501552
920000      4738.375631
920000      4743.818862
990000      4744.534794
Computing instanton...
Computing instanton...
900000      4748.587321
990000      4748.638833
990000      4748.256438
920000      4749.089137
1000000       4752.530829
920000      4753.158706
Computing instanton...
1000000       4757.255561
990000      4758.841531
990000      4762.574122
920000      4764.329176
Computing instanton...
920000      4765.254713
920000      4766.113869
1000000       4765.985755
1000000       4767.109474
Computing instanton...
910000      4769.135057
Computing instanton...
920000      4770.504218
Computing instanton...
920000      4771.334264
930000      4772.927878
Computing instanton...
Computing instanton...
920000      4775.758768
Computing instanton...
930000      4778.165222
1000000       4778.943188
930000      4780.712307
Computing instanton...
1000000       4781.904388
1000000        4781.98052
930000      4785.600258
910000      4786.305008
Computing instanton...
930000      4787.951139
1000000       4791.402532
1000000       4793.011765
930000      4794.911325
930000      4795.578419
Computing instanton...
930000      4799.028694
920000      4799.084329
930000      4799.357728
930000      4799.465595
940000      4801.439624
Computing instanton...
Computing instanton...
930000      4803.095351
940000      4804.094652
940000       4807.66321
940000      4807.743963
Computing instanton...
Computing instanton...
940000      4810.784689
920000      4811.216733
940000      4817.061448
Computing instanton...
940000      4822.207217
940000      4822.351756
940000      4822.866501
930000      4823.531825
940000      4824.011016
950000      4824.119947
950000      4827.223137
940000      4827.490747
Computing instanton...
950000      4830.223516
950000      4832.503498
Computing instanton...
930000      4833.857977
Computing instanton...
950000      4836.493526
Computing instanton...
950000      4841.429435
960000      4845.938034
950000      4845.351325
950000      4845.831503
940000      4847.268843
950000      4848.496255
950000       4848.36279
950000      4849.457544
Computing instanton...
Computing instanton...
960000      4851.500841
Computing instanton...
960000      4853.582789
Computing instanton...
960000      4855.500289
Computing instanton...
960000      4857.651137
940000      4857.721413
Computing instanton...
Computing instanton...
960000      4864.652841
950000      4867.882593
970000      4868.820132
960000      4869.426065
960000      4870.368295
Computing instanton...
Computing instanton...
960000      4871.693585
960000       4872.20467
960000      4871.957156
970000      4874.833548
Computing instanton...
970000      4876.917601
970000      4879.498776
970000      4880.047131
950000      4881.780801
Computing instanton...
Computing instanton...
970000      4888.528075
960000      4890.412204
980000      4892.104701
Computing instanton...
970000      4893.492692
970000      4893.963869
970000      4894.590032
970000      4894.972187
970000      4895.494681
980000      4896.922116
980000      4899.745552
Computing instanton...
980000      4902.537376
980000      4902.869041
Computing instanton...
960000      4904.031363
Computing instanton...
980000      4912.205702
970000      4913.419759
990000      4915.724675
980000      4916.705306
980000      4918.459972
980000      4918.523062
980000      4918.491344
980000       4919.53084
990000      4919.708185
990000      4923.493837
Computing instanton...
990000      4925.050204
Computing instanton...
970000      4925.518942
990000      4926.428784
Computing instanton...
Computing instanton...
990000      4935.427408
980000       4936.55793
Computing instanton...
1000000       4939.427255
990000      4939.978955
Computing instanton...
990000       4941.56669
1000000       4942.095492
990000      4942.814634
990000       4942.44032
Computing instanton...
990000      4943.985236
Computing instanton...
1000000       4945.280804
Computing instanton...
1000000       4948.311063
1000000       4948.898688
980000      4948.617521
Computing instanton...
990000      4953.901951
1000000       4954.740919
1000000       4956.337334
1000000       4957.159055
1000000       4957.593469
1000000       4958.267393
1000000       4959.127262
990000      4960.596239
1000000       4963.001731
1000000       4967.439933
Combining output...
