24000000 0.007 1.0 30 0.0 B 3 1 0.003936 0 55.0 -1 4
Unrecognized MATLAB option "wait".
Unrecognized MATLAB option "minimize".

                            < M A T L A B (R) >
                  Copyright 1984-2017 The MathWorks, Inc.
                   R2017b (9.3.0.713579) 64-bit (glnxa64)
                             September 14, 2017

Unrecognized MATLAB option "wait".
Unrecognized MATLAB option "minimize".

                            < M A T L A B (R) >
                  Copyright 1984-2017 The MathWorks, Inc.
                   R2017b (9.3.0.713579) 64-bit (glnxa64)
                             September 14, 2017

Unrecognized MATLAB option "wait".
Unrecognized MATLAB option "minimize".

                            < M A T L A B (R) >
                  Copyright 1984-2017 The MathWorks, Inc.
                   R2017b (9.3.0.713579) 64-bit (glnxa64)
                             September 14, 2017

Unrecognized MATLAB option "wait".
Unrecognized MATLAB option "minimize".

                            < M A T L A B (R) >
                  Copyright 1984-2017 The MathWorks, Inc.
                   R2017b (9.3.0.713579) 64-bit (glnxa64)
                             September 14, 2017

Unrecognized MATLAB option "wait".
Unrecognized MATLAB option "minimize".

                            < M A T L A B (R) >
                  Copyright 1984-2017 The MathWorks, Inc.
                   R2017b (9.3.0.713579) 64-bit (glnxa64)
                             September 14, 2017

Unrecognized MATLAB option "wait".
Unrecognized MATLAB option "minimize".

                            < M A T L A B (R) >
                  Copyright 1984-2017 The MathWorks, Inc.
                   R2017b (9.3.0.713579) 64-bit (glnxa64)
                             September 14, 2017

Unrecognized MATLAB option "wait".
Unrecognized MATLAB option "minimize".

                            < M A T L A B (R) >
                  Copyright 1984-2017 The MathWorks, Inc.
                   R2017b (9.3.0.713579) 64-bit (glnxa64)
                             September 14, 2017

Unrecognized MATLAB option "wait".
Unrecognized MATLAB option "minimize".

                            < M A T L A B (R) >
                  Copyright 1984-2017 The MathWorks, Inc.
                   R2017b (9.3.0.713579) 64-bit (glnxa64)
                             September 14, 2017

Unrecognized MATLAB option "wait".
Unrecognized MATLAB option "minimize".

                            < M A T L A B (R) >
                  Copyright 1984-2017 The MathWorks, Inc.
                   R2017b (9.3.0.713579) 64-bit (glnxa64)
                             September 14, 2017

Unrecognized MATLAB option "wait".
Unrecognized MATLAB option "minimize".

                            < M A T L A B (R) >
                  Copyright 1984-2017 The MathWorks, Inc.
                   R2017b (9.3.0.713579) 64-bit (glnxa64)
                             September 14, 2017

Unrecognized MATLAB option "wait".
Unrecognized MATLAB option "minimize".

                            < M A T L A B (R) >
                  Copyright 1984-2017 The MathWorks, Inc.
                   R2017b (9.3.0.713579) 64-bit (glnxa64)
                             September 14, 2017

Unrecognized MATLAB option "wait".
Unrecognized MATLAB option "minimize".

                            < M A T L A B (R) >
                  Copyright 1984-2017 The MathWorks, Inc.
                   R2017b (9.3.0.713579) 64-bit (glnxa64)
                             September 14, 2017

Unrecognized MATLAB option "wait".
Unrecognized MATLAB option "minimize".

                            < M A T L A B (R) >
                  Copyright 1984-2017 The MathWorks, Inc.
                   R2017b (9.3.0.713579) 64-bit (glnxa64)
                             September 14, 2017

Unrecognized MATLAB option "wait".
Unrecognized MATLAB option "minimize".

                            < M A T L A B (R) >
                  Copyright 1984-2017 The MathWorks, Inc.
                   R2017b (9.3.0.713579) 64-bit (glnxa64)
                             September 14, 2017

Unrecognized MATLAB option "wait".
Unrecognized MATLAB option "minimize".

                            < M A T L A B (R) >
                  Copyright 1984-2017 The MathWorks, Inc.
                   R2017b (9.3.0.713579) 64-bit (glnxa64)
                             September 14, 2017

Unrecognized MATLAB option "wait".
Unrecognized MATLAB option "minimize".

                            < M A T L A B (R) >
                  Copyright 1984-2017 The MathWorks, Inc.
                   R2017b (9.3.0.713579) 64-bit (glnxa64)
                             September 14, 2017

Unrecognized MATLAB option "wait".
Unrecognized MATLAB option "minimize".

                            < M A T L A B (R) >
                  Copyright 1984-2017 The MathWorks, Inc.
                   R2017b (9.3.0.713579) 64-bit (glnxa64)
                             September 14, 2017

Unrecognized MATLAB option "wait".
Unrecognized MATLAB option "minimize".

                            < M A T L A B (R) >
                  Copyright 1984-2017 The MathWorks, Inc.
                   R2017b (9.3.0.713579) 64-bit (glnxa64)
                             September 14, 2017

Unrecognized MATLAB option "wait".
Unrecognized MATLAB option "minimize".

                            < M A T L A B (R) >
                  Copyright 1984-2017 The MathWorks, Inc.
                   R2017b (9.3.0.713579) 64-bit (glnxa64)
                             September 14, 2017

Unrecognized MATLAB option "wait".
Unrecognized MATLAB option "minimize".

                            < M A T L A B (R) >
                  Copyright 1984-2017 The MathWorks, Inc.
                   R2017b (9.3.0.713579) 64-bit (glnxa64)
                             September 14, 2017

Unrecognized MATLAB option "wait".
Unrecognized MATLAB option "minimize".

                            < M A T L A B (R) >
                  Copyright 1984-2017 The MathWorks, Inc.
                   R2017b (9.3.0.713579) 64-bit (glnxa64)
                             September 14, 2017

Unrecognized MATLAB option "wait".
Unrecognized MATLAB option "minimize".

                            < M A T L A B (R) >
                  Copyright 1984-2017 The MathWorks, Inc.
                   R2017b (9.3.0.713579) 64-bit (glnxa64)
                             September 14, 2017

Unrecognized MATLAB option "wait".
Unrecognized MATLAB option "minimize".

                            < M A T L A B (R) >
                  Copyright 1984-2017 The MathWorks, Inc.
                   R2017b (9.3.0.713579) 64-bit (glnxa64)
                             September 14, 2017

Unrecognized MATLAB option "wait".
Unrecognized MATLAB option "minimize".

                            < M A T L A B (R) >
                  Copyright 1984-2017 The MathWorks, Inc.
                   R2017b (9.3.0.713579) 64-bit (glnxa64)
                             September 14, 2017

 
 
 
 
For online documentation, see http://www.mathworks.com/support
For product information, visit www.mathworks.com.
 
For online documentation, see http://www.mathworks.com/support
For online documentation, see http://www.mathworks.com/support
For product information, visit www.mathworks.com.
For product information, visit www.mathworks.com.
 
 
For online documentation, see http://www.mathworks.com/support
For product information, visit www.mathworks.com.
 
 
 
 
For online documentation, see http://www.mathworks.com/support
For product information, visit www.mathworks.com.
 
For online documentation, see http://www.mathworks.com/support
For product information, visit www.mathworks.com.
 
For online documentation, see http://www.mathworks.com/support
For product information, visit www.mathworks.com.
 
 
 
For online documentation, see http://www.mathworks.com/support
For product information, visit www.mathworks.com.
 
For online documentation, see http://www.mathworks.com/support
For product information, visit www.mathworks.com.
 
 
For online documentation, see http://www.mathworks.com/support
For product information, visit www.mathworks.com.
 
 
For online documentation, see http://www.mathworks.com/support
For product information, visit www.mathworks.com.
 
 
 
For online documentation, see http://www.mathworks.com/support
For product information, visit www.mathworks.com.
 
For online documentation, see http://www.mathworks.com/support
For product information, visit www.mathworks.com.
 
 
For online documentation, see http://www.mathworks.com/support
For product information, visit www.mathworks.com.
 
 
 
 
For online documentation, see http://www.mathworks.com/support
For product information, visit www.mathworks.com.
 
For online documentation, see http://www.mathworks.com/support
For product information, visit www.mathworks.com.
 
For online documentation, see http://www.mathworks.com/support
For product information, visit www.mathworks.com.
 
 
For online documentation, see http://www.mathworks.com/support
For product information, visit www.mathworks.com.
 
 
 
For online documentation, see http://www.mathworks.com/support
For product information, visit www.mathworks.com.
 
For online documentation, see http://www.mathworks.com/support
For product information, visit www.mathworks.com.
 
 
 
 
For online documentation, see http://www.mathworks.com/support
For product information, visit www.mathworks.com.
 
For online documentation, see http://www.mathworks.com/support
For product information, visit www.mathworks.com.
 
For online documentation, see http://www.mathworks.com/support
For product information, visit www.mathworks.com.
 
 
For online documentation, see http://www.mathworks.com/support
For product information, visit www.mathworks.com.
 
outfile: ../data/out_0003/.worker_16.txt
outfile: ../data/out_0003/.worker_18.txt
outfile: ../data/out_0003/.worker_17.txt
outfile: ../data/out_0003/.worker_21.txt
outfile: ../data/out_0003/.worker_13.txt
outfile: ../data/out_0003/.worker_12.txt
outfile: ../data/out_0003/.worker_4.txt
outfile: ../data/out_0003/.worker_22.txt
outfile: ../data/out_0003/.worker_3.txt
outfile: ../data/out_0003/.worker_2.txt
outfile: ../data/out_0003/.worker_14.txt
outfile: ../data/out_0003/.worker_11.txt
outfile: ../data/out_0003/.worker_15.txt
outfile: ../data/out_0003/.worker_1.txt
outfile: ../data/out_0003/.worker_6.txt
outfile: ../data/out_0003/.worker_5.txt
outfile: ../data/out_0003/.worker_19.txt
outfile: ../data/out_0003/.worker_23.txt
outfile: ../data/out_0003/.worker_7.txt
outfile: ../data/out_0003/.worker_10.txt
outfile: ../data/out_0003/.worker_9.txt
outfile: ../data/out_0003/.worker_8.txt
outfile: ../data/out_0003/.worker_0.txt
outfile: ../data/out_0003/.worker_20.txt
Computing instanton...
Computing instanton...
Computing instanton...
Computing instanton...
Computing instanton...
Computing instanton...
Computing instanton...
Computing instanton...
Computing instanton...
Computing instanton...
Computing instanton...
Computing instanton...
Computing instanton...
Computing instanton...
Computing instanton...
Computing instanton...
10000       71.191865
10000       71.685644
10000       72.536767
10000       72.793765
10000       72.653044
10000       73.202956
10000       73.677187
10000       74.111971
10000       74.461416
10000       74.496111
10000       74.435185
10000       74.661933
10000       75.828013
10000         76.0793
10000       76.443233
10000       76.835245
10000        76.72782
10000        76.78199
10000       77.103098
10000       78.601338
Computing instanton...
10000       79.697809
10000       79.864839
10000       82.168687
Computing instanton...
10000       83.272245
Computing instanton...
Computing instanton...
Computing instanton...
Computing instanton...
Computing instanton...
Computing instanton...
Computing instanton...
Computing instanton...
Computing instanton...
Computing instanton...
Computing instanton...
Computing instanton...
Computing instanton...
Computing instanton...
20000      141.370998
20000      141.487312
20000      142.835451
20000      144.127093
Computing instanton...
Computing instanton...
20000      147.060051
20000      147.315836
20000      147.626429
20000      147.889176
20000      148.142775
Computing instanton...
20000      148.731498
Computing instanton...
20000       150.15064
20000      150.898724
20000      150.971826
20000      151.224591
20000      151.054473
20000       151.99283
20000      152.832907
20000      152.823979
20000      153.765103
20000      153.719394
20000      154.348246
20000      154.826613
20000      155.897046
20000      157.008342
Computing instanton...
Computing instanton...
Computing instanton...
30000      205.094146
Computing instanton...
Computing instanton...
30000      211.404957
30000      212.823927
30000      214.221272
30000        216.7486
30000      216.560415
30000        217.4443
30000        218.4966
Computing instanton...
30000       222.43439
30000      222.896147
30000      223.409083
30000      223.439861
Computing instanton...
30000      223.877105
30000      224.147513
30000      225.359389
30000       225.56595
Computing instanton...
30000      226.656351
30000      227.994053
30000       228.11671
30000      227.915401
30000      228.763827
30000      229.208346
30000      229.832754
Computing instanton...
30000      231.512386
Computing instanton...
Computing instanton...
Computing instanton...
Computing instanton...
Computing instanton...
40000      273.029617
Computing instanton...
40000      280.358526
Computing instanton...
40000      282.184571
40000      282.923798
40000      283.271722
Computing instanton...
40000      286.665937
40000      287.116211
Computing instanton...
40000      290.443963
40000      292.288075
40000      292.785971
40000      294.878815
40000      295.167899
40000      295.703857
40000      297.655775
40000      298.284688
40000      298.728827
Computing instanton...
Computing instanton...
Computing instanton...
40000      301.643554
40000      301.723783
40000      301.887277
40000      302.266648
40000      302.559407
40000      302.681943
40000      302.728355
Computing instanton...
40000      305.360594
Computing instanton...
Computing instanton...
Computing instanton...
Computing instanton...
Computing instanton...
Computing instanton...
50000      345.340725
Computing instanton...
Computing instanton...
50000      350.938454
Computing instanton...
Computing instanton...
50000      355.685955
50000      355.957218
50000      357.623954
50000      360.211596
50000      360.987897
Computing instanton...
Computing instanton...
50000      364.712727
50000      365.518845
50000      365.541606
50000      366.695995
50000       367.79027
50000      369.450449
50000      370.701601
Computing instanton...
50000      371.905046
50000      374.097283
50000      374.014172
50000      374.485601
50000      374.155485
50000      374.540377
50000      374.839318
50000      375.205459
50000      375.556204
Computing instanton...
50000      379.866868
Computing instanton...
Computing instanton...
Computing instanton...
Computing instanton...
Computing instanton...
Computing instanton...
Computing instanton...
Computing instanton...
60000      418.984697
Computing instanton...
60000      426.371108
60000      428.032667
60000       428.63857
Computing instanton...
60000      431.176162
60000      432.957225
60000      435.346143
60000      436.844407
60000      437.152729
60000      437.864482
Computing instanton...
Computing instanton...
60000      438.807354
60000      441.065231
Computing instanton...
60000      442.443603
60000      442.795222
60000      443.620876
60000      445.028088
60000      445.054758
Computing instanton...
60000      445.899205
Computing instanton...
Computing instanton...
60000      447.309467
60000       448.09374
60000      448.047654
60000      448.608654
Computing instanton...
60000      449.293201
60000      452.191518
Computing instanton...
Computing instanton...
Computing instanton...
Computing instanton...
70000       494.16977
70000      497.115047
Computing instanton...
70000      499.962331
70000       500.00968
70000      500.357742
70000      500.816944
70000        506.5519
70000       506.68339
Computing instanton...
70000      508.479638
70000      509.387299
Computing instanton...
70000      511.448464
70000      512.482121
70000      512.291287
70000      515.499028
70000      515.378986
Computing instanton...
70000      516.238306
70000       516.70428
70000       517.28625
70000      518.498284
Computing instanton...
Computing instanton...
70000      519.484908
70000      519.626662
70000      521.857922
70000       523.02397
Computing instanton...
70000      529.066534
Computing instanton...
Computing instanton...
Computing instanton...
Computing instanton...
Computing instanton...
Computing instanton...
Computing instanton...
Computing instanton...
Computing instanton...
Computing instanton...
Computing instanton...
80000      565.231468
80000      566.000035
80000      566.322233
Computing instanton...
Computing instanton...
80000       572.79618
80000      573.748045
80000      573.745533
80000       576.20669
80000      577.258898
80000      578.500354
80000      580.874549
80000      581.924438
80000      583.419533
Computing instanton...
80000      586.352917
80000      586.341548
Computing instanton...
80000      587.185457
80000      588.211535
80000      588.609073
80000      588.562721
80000      589.545057
Computing instanton...
80000      592.547734
80000      593.367756
80000      593.564119
Computing instanton...
80000      595.752038
Computing instanton...
80000      607.582847
Computing instanton...
90000      636.387612
Computing instanton...
90000      639.789851
90000      639.770398
Computing instanton...
Computing instanton...
90000      644.608496
90000      646.075486
90000      646.389701
90000      647.960605
90000      648.558878
90000      650.479988
90000       650.32825
90000      652.628566
90000      654.900688
90000      654.956374
90000      656.713809
90000      658.272453
90000       659.69215
90000      660.187923
90000      660.648459
90000      661.813169
90000      661.792807
90000      662.602098
Computing instanton...
Computing instanton...
90000      666.942115
Computing instanton...
Computing instanton...
90000      668.339907
Computing instanton...
Computing instanton...
90000      675.439104
Computing instanton...
Computing instanton...
Computing instanton...
Computing instanton...
Computing instanton...
Computing instanton...
100000       709.724241
100000       710.543345
100000       712.616697
Computing instanton...
100000       715.803895
100000       716.125862
Computing instanton...
100000       718.138309
Computing instanton...
100000       719.367045
100000       720.235956
100000        720.49229
100000        721.47311
100000       722.301786
100000       724.289574
100000       725.636837
Computing instanton...
100000       727.677135
100000       729.082946
100000       731.212677
100000       731.633303
100000       732.327771
100000       732.391781
100000       732.692446
100000       736.017174
Computing instanton...
100000       739.149727
100000       740.002714
Computing instanton...
100000       747.039208
Computing instanton...
Computing instanton...
Computing instanton...
Computing instanton...
110000       780.232546
110000       783.617954
Computing instanton...
110000       784.495969
110000        786.21086
110000       788.737015
110000       789.752329
110000       789.739212
110000       789.988574
Computing instanton...
110000       790.849478
110000       791.056085
Computing instanton...
110000       793.674388
110000       795.592707
Computing instanton...
110000         799.1795
110000       799.304302
110000       799.441701
110000       801.494781
110000       801.967073
110000       803.499069
110000       803.414992
110000       804.513039
Computing instanton...
110000       807.454897
110000       808.345766
110000        813.71954
Computing instanton...
Computing instanton...
110000       820.781818
Computing instanton...
Computing instanton...
Computing instanton...
120000       848.303647
120000       850.805459
120000       856.475217
120000       857.984337
120000       858.238512
120000         859.3212
120000       859.306046
120000       860.163238
120000       861.419681
120000        861.81118
Computing instanton...
Computing instanton...
Computing instanton...
120000       865.958482
120000       866.309197
120000       868.076634
120000       869.099999
Computing instanton...
120000       870.523517
120000       870.848148
Computing instanton...
120000       872.576766
120000        873.92086
120000       876.216733
120000       878.351231
120000       878.964027
Computing instanton...
120000        879.85746
120000       883.621683
Computing instanton...
120000       893.252263
Computing instanton...
Computing instanton...
Computing instanton...
Computing instanton...
Computing instanton...
Computing instanton...
Computing instanton...
130000       918.098927
Computing instanton...
Computing instanton...
Computing instanton...
130000       923.922714
130000       927.797569
130000       928.121785
Computing instanton...
130000       928.375397
130000       928.782715
130000       930.611084
130000       931.115105
Computing instanton...
130000       932.743583
130000       933.898977
130000       937.740043
130000       938.664965
130000       939.151844
Computing instanton...
130000       940.370618
130000       942.011324
130000       942.206648
130000       942.486653
Computing instanton...
130000       943.937352
130000        947.03858
130000       947.018819
130000       947.624968
130000       951.138197
Computing instanton...
130000       953.782052
Computing instanton...
130000        963.46409
Computing instanton...
Computing instanton...
Computing instanton...
Computing instanton...
140000       987.675067
140000       991.703051
Computing instanton...
Computing instanton...
140000       992.774903
140000       996.060117
140000       999.498339
Computing instanton...
140000      1000.908546
140000      1001.903447
140000      1002.086477
Computing instanton...
140000      1006.561039
140000      1007.258163
Computing instanton...
140000      1008.560699
140000      1008.784107
Computing instanton...
140000      1012.433978
140000       1013.22294
140000      1013.392404
140000      1015.504645
140000      1015.821283
140000       1017.23879
140000      1018.731817
140000      1019.168614
140000      1019.611396
140000      1020.576885
140000      1024.858633
Computing instanton...
Computing instanton...
140000      1034.763867
Computing instanton...
Computing instanton...
150000      1056.497455
Computing instanton...
150000      1061.148943
150000      1062.335933
150000      1065.857446
Computing instanton...
Computing instanton...
150000      1071.100369
150000      1071.445058
150000      1071.929274
150000      1072.817286
Computing instanton...
150000      1077.334859
Computing instanton...
150000      1078.427429
Computing instanton...
150000      1081.037012
150000      1081.465349
150000      1081.972605
Computing instanton...
150000      1086.317931
150000      1086.965278
150000      1087.122029
150000      1087.114458
150000      1088.625134
150000      1089.931052
150000      1091.184486
150000      1091.420111
Computing instanton...
Computing instanton...
150000      1093.096601
150000      1098.043397
Computing instanton...
150000      1103.159556
Computing instanton...
Computing instanton...
160000      1124.087047
160000      1131.380928
Computing instanton...
Computing instanton...
160000      1135.969109
Computing instanton...
160000      1138.885713
160000      1141.584102
160000      1141.963998
160000      1142.147744
Computing instanton...
160000      1146.547928
160000      1146.597161
160000      1148.618543
160000      1149.379158
Computing instanton...
160000       1152.10198
160000      1154.526258
160000      1155.139275
160000      1157.181909
160000      1157.843077
160000       1158.60396
160000      1162.555887
160000      1162.637332
160000      1162.618089
160000      1163.107979
160000      1165.284252
Computing instanton...
160000      1169.148963
160000      1176.072848
Computing instanton...
Computing instanton...
Computing instanton...
170000      1196.354049
170000      1198.066231
170000      1203.801382
Computing instanton...
170000       1207.27626
170000      1212.596867
Computing instanton...
170000      1213.266304
Computing instanton...
170000      1214.891805
170000      1215.113922
Computing instanton...
Computing instanton...
170000      1217.373408
Computing instanton...
170000      1224.266441
170000       1224.85315
170000      1224.969622
170000      1226.504138
170000      1228.516067
170000      1229.746808
170000      1230.613591
170000      1231.505124
170000      1231.614541
170000      1234.218676
170000        1234.2286
Computing instanton...
170000      1239.844435
Computing instanton...
170000       1239.88767
Computing instanton...
Computing instanton...
170000      1241.876635
170000      1248.457403
Computing instanton...
Computing instanton...
Computing instanton...
Computing instanton...
Computing instanton...
Computing instanton...
180000      1269.148495
180000      1270.149209
Computing instanton...
180000      1275.325446
180000      1277.418851
Computing instanton...
180000      1285.250871
180000      1286.548414
180000      1287.299245
180000      1287.362289
180000      1293.811243
180000      1294.781934
180000      1295.308518
180000      1297.816479
180000      1298.878421
180000      1300.818225
180000      1300.710743
180000      1303.927537
180000      1305.616268
180000       1306.27836
180000      1306.630302
Computing instanton...
180000      1307.460153
180000      1307.935168
Computing instanton...
180000      1310.387207
Computing instanton...
180000      1318.240894
180000      1321.591143
Computing instanton...
Computing instanton...
Computing instanton...
Computing instanton...
Computing instanton...
190000      1341.321515
Computing instanton...
190000      1344.955059
190000      1347.935733
190000      1351.728598
Computing instanton...
Computing instanton...
190000       1355.24585
190000      1355.369782
190000      1356.194267
Computing instanton...
190000      1361.173848
190000      1364.754258
Computing instanton...
190000      1367.113741
190000      1368.568216
190000      1369.780382
190000      1369.790747
Computing instanton...
190000      1372.357143
190000      1373.800605
190000      1374.696601
190000      1375.055462
190000      1376.027799
190000      1379.287376
Computing instanton...
Computing instanton...
Computing instanton...
Computing instanton...
190000      1382.134326
190000      1382.383682
Computing instanton...
190000      1386.843993
190000      1388.842209
Computing instanton...
190000      1391.560169
Computing instanton...
Computing instanton...
Computing instanton...
200000      1409.333218
Computing instanton...
200000      1414.980782
200000      1418.257661
200000      1418.355456
Computing instanton...
200000      1426.257113
200000      1428.084928
200000       1427.99715
200000      1432.977889
200000      1433.614416
200000      1434.099787
200000      1437.915596
200000       1438.34804
200000       1439.39497
200000      1440.716222
200000       1443.76215
200000       1445.80514
200000      1445.898414
200000      1447.170397
200000      1448.132847
Computing instanton...
200000      1451.880516
Computing instanton...
Computing instanton...
200000      1456.386947
Computing instanton...
200000      1457.747079
200000      1458.961708
Computing instanton...
200000      1465.303044
Computing instanton...
Computing instanton...
Computing instanton...
Computing instanton...
210000      1481.696336
210000      1485.763105
210000       1486.20804
210000       1491.61674
Computing instanton...
210000      1496.574444
Computing instanton...
210000      1499.908073
210000      1501.738416
210000      1501.810441
210000      1505.691461
210000      1508.267217
210000      1508.326387
210000      1509.953459
210000      1511.655956
210000      1511.748774
210000      1512.138692
210000      1515.683035
210000      1515.685427
210000      1516.175011
210000      1517.701855
Computing instanton...
210000      1523.756671
210000      1524.349623
210000      1528.324132
210000      1530.526589
210000        1538.1976
Computing instanton...
Computing instanton...
220000      1551.980798
220000      1554.860763
220000      1558.248578
220000      1562.990549
220000      1565.609753
220000      1566.310106
Computing instanton...
Computing instanton...
220000      1571.475922
220000      1571.747293
220000      1572.549401
220000      1577.857661
220000       1578.22718
220000      1578.818834
Computing instanton...
220000      1581.317716
220000      1581.281606
220000       1581.83749
220000      1584.181372
220000      1585.693299
Computing instanton...
220000      1585.967919
220000      1586.148883
Computing instanton...
220000      1592.059585
Computing instanton...
220000      1594.669557
Computing instanton...
Computing instanton...
220000      1598.174495
220000       1598.56541
Computing instanton...
Computing instanton...
Computing instanton...
Computing instanton...
220000        1610.8964
Computing instanton...
230000      1622.076509
Computing instanton...
230000      1627.267223
230000      1630.457444
Computing instanton...
Computing instanton...
230000      1634.167392
230000      1636.398232
230000      1637.624603
230000      1639.281865
Computing instanton...
Computing instanton...
230000      1641.405028
230000      1642.158918
Computing instanton...
230000      1645.405554
230000      1648.021546
230000      1651.510876
230000      1651.528443
Computing instanton...
230000      1651.713314
230000      1653.453621
230000       1653.48244
230000      1655.454091
230000      1658.551718
230000      1661.121797
230000       1661.34692
Computing instanton...
230000      1667.104139
Computing instanton...
Computing instanton...
230000      1670.492157
230000      1671.804609
Computing instanton...
Computing instanton...
Computing instanton...
Computing instanton...
230000      1684.848009
240000      1691.256156
Computing instanton...
240000      1697.594829
240000       1702.86201
240000      1704.994984
240000      1705.968683
240000      1708.091245
Computing instanton...
240000      1708.972914
240000      1710.132764
240000      1710.789055
240000       1712.14997
Computing instanton...
Computing instanton...
Computing instanton...
240000      1721.378083
240000      1721.627106
240000      1721.861818
240000       1723.18537
240000      1723.408001
240000      1723.389387
240000       1725.94524
Computing instanton...
240000      1726.810863
Computing instanton...
240000      1730.262332
Computing instanton...
Computing instanton...
Computing instanton...
Computing instanton...
240000      1735.772682
240000       1742.82074
240000      1743.750299
240000      1744.461609
Computing instanton...
Computing instanton...
250000      1760.927024
240000      1761.530418
Computing instanton...
250000      1771.356445
250000      1772.907009
250000      1774.584912
Computing instanton...
250000      1776.691928
250000       1779.18256
250000      1779.513488
250000      1781.268236
250000      1782.807378
250000      1782.834344
Computing instanton...
250000      1788.963863
250000      1789.426292
Computing instanton...
250000      1793.093411
250000      1794.754029
250000      1795.609825
250000      1797.587272
250000      1798.193956
Computing instanton...
250000      1800.560631
250000      1800.805282
Computing instanton...
250000      1803.876735
Computing instanton...
250000      1813.798762
250000      1814.085656
250000       1815.82039
Computing instanton...
Computing instanton...
260000       1829.89478
Computing instanton...
250000      1833.465761
260000      1841.010042
260000      1842.801193
260000      1846.117132
260000       1847.14934
260000      1847.389066
260000      1850.445431
260000      1851.065751
260000      1851.460073
260000      1852.742597
Computing instanton...
Computing instanton...
Computing instanton...
260000      1859.472101
260000      1863.204576
Computing instanton...
260000      1864.338129
260000      1864.605187
260000      1865.824367
260000      1867.017392
260000      1869.017615
Computing instanton...
Computing instanton...
260000      1871.860352
260000      1873.564091
260000      1875.985143
Computing instanton...
Computing instanton...
260000      1883.895763
Computing instanton...
260000      1886.157002
260000      1887.654545
270000       1899.12585
Computing instanton...
Computing instanton...
260000      1908.998242
Computing instanton...
270000      1912.419778
Computing instanton...
Computing instanton...
Computing instanton...
270000      1915.638635
270000       1915.78464
270000      1917.339395
270000      1918.395742
270000      1919.171396
270000      1920.756026
270000      1920.730762
Computing instanton...
270000       1924.12004
270000      1931.127342
Computing instanton...
270000      1932.466029
Computing instanton...
270000      1935.418482
Computing instanton...
Computing instanton...
270000      1938.277859
270000      1938.504893
270000      1939.759224
Computing instanton...
270000      1941.476134
270000      1942.619552
270000      1943.578055
270000      1947.275657
Computing instanton...
Computing instanton...
Computing instanton...
Computing instanton...
270000      1954.426906
Computing instanton...
270000      1957.265408
270000      1956.999934
Computing instanton...
280000      1967.244217
Computing instanton...
Computing instanton...
280000       1981.01233
270000      1981.065832
280000      1985.753596
Computing instanton...
Computing instanton...
280000      1987.526804
280000      1987.789356
280000      1988.842948
280000      1988.677673
280000      1988.953592
280000      1989.801653
Computing instanton...
280000      1994.217674
280000      1999.046731
Computing instanton...
Computing instanton...
280000      2002.057086
280000      2002.412712
Computing instanton...
Computing instanton...
280000      2006.211222
Computing instanton...
280000      2007.034919
Computing instanton...
280000      2008.452922
280000      2009.136221
280000      2012.564394
280000      2014.814447
280000       2021.12238
280000      2023.891838
280000      2029.622008
280000      2030.862862
290000      2038.496903
Computing instanton...
Computing instanton...
Computing instanton...
290000      2049.888376
Computing instanton...
280000      2051.345907
Computing instanton...
290000      2054.874056
290000      2055.675155
290000      2056.839714
Computing instanton...
290000      2057.467033
Computing instanton...
290000      2058.548048
Computing instanton...
290000       2060.37434
Computing instanton...
290000      2061.117173
290000      2061.707928
Computing instanton...
Computing instanton...
290000      2064.234272
Computing instanton...
290000      2074.393704
290000      2076.284298
290000      2077.613712
290000      2077.846998
290000      2080.394973
290000      2081.128389
290000      2084.120125
290000      2084.833458
Computing instanton...
Computing instanton...
290000      2092.536202
290000      2094.564328
Computing instanton...
290000      2099.167183
290000      2098.888629
Computing instanton...
300000      2106.583435
Computing instanton...
Computing instanton...
300000      2116.997234
300000      2121.750707
290000      2124.278105
300000      2126.018891
300000      2126.074279
300000      2127.877359
300000      2129.172132
300000      2131.404604
300000      2132.476346
Computing instanton...
300000      2133.867994
300000      2135.998391
300000      2146.555676
300000      2148.811216
300000      2149.755679
300000      2149.578882
300000      2149.904527
Computing instanton...
300000      2151.681608
300000      2156.794854
300000       2157.91424
Computing instanton...
Computing instanton...
Computing instanton...
300000      2163.585403
300000      2165.365302
300000      2167.395832
Computing instanton...
300000      2170.112784
310000      2173.972595
Computing instanton...
310000      2187.248706
310000      2187.645538
Computing instanton...
Computing instanton...
310000      2195.444275
310000      2195.825119
300000      2196.477862
310000      2196.593407
310000      2197.843573
Computing instanton...
310000      2198.819119
310000      2202.637807
310000      2203.000425
310000      2206.061976
Computing instanton...
Computing instanton...
310000      2217.915884
310000      2220.528433
310000      2220.454631
310000      2220.505948
310000      2220.676378
310000      2221.920186
Computing instanton...
Computing instanton...
Computing instanton...
310000      2225.528757
310000      2228.104974
Computing instanton...
310000      2230.955904
Computing instanton...
310000      2234.684873
Computing instanton...
310000      2235.482855
Computing instanton...
Computing instanton...
Computing instanton...
Computing instanton...
310000      2241.056939
Computing instanton...
320000      2243.741169
Computing instanton...
Computing instanton...
320000      2258.608057
320000      2258.805961
Computing instanton...
Computing instanton...
320000      2265.639077
320000      2265.379755
310000       2265.75046
320000      2268.136924
320000       2270.65414
320000      2272.403282
Computing instanton...
320000      2273.330207
Computing instanton...
320000      2277.130868
320000      2277.507418
Computing instanton...
320000      2288.309499
320000       2288.97228
320000      2289.456835
320000      2293.007013
Computing instanton...
320000      2294.292777
320000      2294.813247
320000      2297.701712
320000      2299.257133
Computing instanton...
Computing instanton...
320000      2303.600272
320000      2304.601755
Computing instanton...
Computing instanton...
320000      2307.720522
320000      2310.802743
330000      2310.902723
Computing instanton...
Computing instanton...
Computing instanton...
330000      2328.225528
Computing instanton...
330000        2329.0841
330000      2329.857697
Computing instanton...
330000      2334.503021
320000      2335.041418
Computing instanton...
Computing instanton...
330000      2338.310856
330000      2340.498501
330000      2341.737147
330000      2342.789904
Computing instanton...
330000      2344.845838
Computing instanton...
330000      2346.721352
Computing instanton...
Computing instanton...
Computing instanton...
330000      2356.258193
Computing instanton...
Computing instanton...
330000      2359.006328
330000      2359.578963
330000      2359.775081
330000       2363.97345
330000      2364.975587
330000      2365.706974
Computing instanton...
330000       2370.66546
Computing instanton...
330000      2373.488808
330000      2375.489862
330000      2376.528674
Computing instanton...
330000      2380.306472
340000      2380.973327
Computing instanton...
340000        2395.8173
Computing instanton...
340000      2401.655376
340000       2403.36251
340000      2405.533462
Computing instanton...
330000      2408.742413
340000      2409.318556
Computing instanton...
Computing instanton...
340000      2412.275338
340000      2412.750819
340000      2412.794286
340000      2414.928126
Computing instanton...
Computing instanton...
340000      2419.613551
340000      2424.515054
Computing instanton...
340000      2428.932138
Computing instanton...
340000      2430.713636
340000      2432.054525
Computing instanton...
340000      2434.179936
340000      2434.681215
340000      2436.947127
Computing instanton...
Computing instanton...
340000      2442.474663
Computing instanton...
340000      2445.290468
340000       2446.63669
340000      2449.480786
340000      2450.171938
Computing instanton...
Computing instanton...
350000      2453.095513
Computing instanton...
Computing instanton...
Computing instanton...
350000      2465.106901
Computing instanton...
Computing instanton...
Computing instanton...
Computing instanton...
Computing instanton...
Computing instanton...
350000      2473.864791
Computing instanton...
350000      2476.693865
Computing instanton...
350000      2477.423115
340000      2478.391468
350000      2478.424154
350000      2480.567033
Computing instanton...
350000      2483.049127
350000      2484.427363
350000      2486.217072
Computing instanton...
Computing instanton...
350000      2490.778969
350000      2493.812126
Computing instanton...
350000      2497.915459
350000      2499.946437
350000      2504.648868
350000      2504.483213
350000      2505.512323
Computing instanton...
Computing instanton...
350000      2508.256327
Computing instanton...
350000      2513.502709
350000      2515.616913
350000      2517.401485
350000      2519.958533
350000      2520.319223
360000      2525.102313
360000      2536.038436
Computing instanton...
360000      2539.386092
Computing instanton...
360000      2545.418546
360000      2547.707161
360000       2551.87788
360000      2552.787246
360000      2553.320406
350000      2553.820983
360000      2553.841676
360000       2554.07961
Computing instanton...
Computing instanton...
360000      2561.910438
360000      2563.963357
Computing instanton...
360000      2568.050084
360000      2568.480805
Computing instanton...
Computing instanton...
360000      2575.202755
360000      2575.268744
Computing instanton...
360000      2577.768468
360000      2578.870183
Computing instanton...
Computing instanton...
Computing instanton...
360000      2582.310222
Computing instanton...
360000      2586.569355
360000      2586.892399
Computing instanton...
Computing instanton...
360000      2589.432889
370000      2591.508127
360000      2592.333023
Computing instanton...
Computing instanton...
Computing instanton...
Computing instanton...
370000      2605.894274
Computing instanton...
370000      2609.086548
370000      2610.788921
Computing instanton...
Computing instanton...
Computing instanton...
370000      2617.032856
370000      2620.032425
370000      2620.814887
370000      2623.588111
Computing instanton...
370000      2625.174544
370000      2626.695802
360000      2630.865345
Computing instanton...
Computing instanton...
Computing instanton...
370000      2635.066101
370000      2635.546573
370000       2636.69154
Computing instanton...
370000      2639.322795
Computing instanton...
370000       2643.35137
Computing instanton...
370000      2648.444084
370000      2649.886436
370000      2650.160135
Computing instanton...
370000      2654.923921
370000      2657.288538
370000       2658.46405
370000      2661.805391
380000      2664.974046
370000      2665.534577
Computing instanton...
380000      2677.751115
Computing instanton...
380000       2678.32743
380000      2681.591718
Computing instanton...
380000      2685.293744
380000      2687.554914
380000       2689.88831
380000      2694.345688
380000      2695.146884
Computing instanton...
380000      2696.843814
370000       2698.12905
Computing instanton...
380000      2702.620356
380000      2704.545371
Computing instanton...
380000      2707.904269
Computing instanton...
380000       2711.31718
Computing instanton...
380000      2716.095935
Computing instanton...
Computing instanton...
380000      2717.503908
Computing instanton...
380000      2719.446112
380000      2720.096326
Computing instanton...
380000       2727.05369
380000      2729.230009
380000      2729.530863
380000      2732.230004
390000      2733.309823
380000       2737.82485
390000      2748.498266
Computing instanton...
390000      2751.934981
390000      2755.426424
390000      2755.653451
Computing instanton...
Computing instanton...
Computing instanton...
390000      2757.494631
Computing instanton...
390000      2760.267921
Computing instanton...
Computing instanton...
Computing instanton...
390000      2761.509122
390000      2764.797271
390000      2769.472746
380000      2772.062147
390000      2773.054145
390000      2773.344333
Computing instanton...
390000      2778.700664
390000      2780.906193
390000      2786.697939
390000      2787.822843
390000      2788.341221
390000       2788.28489
390000      2795.973742
390000      2798.637404
390000      2800.771383
390000       2801.79136
400000      2804.194482
390000      2808.517743
Computing instanton...
400000      2819.256716
400000      2821.421731
Computing instanton...
400000      2823.996514
Computing instanton...
Computing instanton...
Computing instanton...
400000      2826.634186
400000      2828.745185
400000      2829.998502
400000      2830.072526
Computing instanton...
400000       2832.67585
Computing instanton...
400000      2839.569299
Computing instanton...
400000      2840.349332
Computing instanton...
Computing instanton...
390000      2844.036908
400000      2844.378349
400000      2847.885442
Computing instanton...
400000      2854.249053
400000      2856.346678
400000      2856.707093
400000      2858.431247
Computing instanton...
400000      2863.276665
400000      2865.952055
400000      2867.157747
Computing instanton...
Computing instanton...
400000      2870.865578
400000      2872.859432
Computing instanton...
410000      2877.829835
Computing instanton...
400000      2878.469924
Computing instanton...
Computing instanton...
Computing instanton...
410000      2890.137684
410000      2890.983905
410000      2892.378617
410000      2896.487268
410000      2896.990594
410000      2898.121446
410000      2899.998482
Computing instanton...
410000       2903.45794
410000      2909.987255
410000      2912.625851
410000      2913.165418
Computing instanton...
410000      2918.325651
400000      2918.838498
Computing instanton...
Computing instanton...
410000      2925.364202
410000      2925.776924
Computing instanton...
410000      2926.099959
410000      2929.233544
410000      2936.070693
410000      2936.048374
Computing instanton...
410000      2939.223236
410000      2941.669747
410000      2942.558851
420000      2942.514676
410000      2944.529261
Computing instanton...
Computing instanton...
420000      2958.731033
Computing instanton...
420000      2962.114227
420000      2962.654046
420000        2962.6913
Computing instanton...
Computing instanton...
Computing instanton...
420000      2966.622384
Computing instanton...
420000      2969.635011
420000      2971.304999
Computing instanton...
420000      2973.645541
420000      2979.438259
420000      2980.693727
420000      2981.668908
Computing instanton...
420000      2987.704504
Computing instanton...
410000       2993.06258
420000      2993.010926
420000      2994.377967
420000      2998.450224
420000      3002.393218
420000      3004.876611
430000      3008.605312
420000      3009.284068
420000      3010.609369
420000      3010.586023
420000      3011.761881
420000      3012.116038
Computing instanton...
430000      3030.660424
430000      3031.509048
430000      3031.549382
430000      3031.833113
430000      3034.381601
Computing instanton...
Computing instanton...
430000      3039.162675
430000      3040.667336
430000       3042.37878
430000      3046.397344
430000      3049.075651
430000      3052.288297
Computing instanton...
Computing instanton...
430000       3058.13765
420000      3060.501584
430000       3065.18816
430000      3066.762511
430000      3067.096451
Computing instanton...
430000      3068.681613
430000      3072.780037
Computing instanton...
440000      3076.606523
430000      3079.398011
430000      3079.541576
430000      3080.730018
430000      3082.214589
430000      3083.800306
Computing instanton...
Computing instanton...
440000      3096.245675
440000       3097.96351
440000      3098.971749
Computing instanton...
440000      3099.482533
Computing instanton...
440000       3105.77731
440000      3109.071415
440000      3110.846049
440000      3112.003083
440000      3117.264533
440000      3117.339932
440000      3118.562958
Computing instanton...
Computing instanton...
440000      3127.184901
Computing instanton...
430000      3130.919015
Computing instanton...
440000      3132.999308
440000      3133.799294
440000      3138.927408
440000      3141.637273
Computing instanton...
Computing instanton...
440000      3145.907519
440000      3147.999336
450000      3148.238483
Computing instanton...
440000       3152.91688
440000      3153.206535
440000      3155.337843
Computing instanton...
440000      3155.679447
450000      3161.992846
Computing instanton...
450000      3165.721509
450000      3166.122948
Computing instanton...
450000      3168.437461
Computing instanton...
450000      3171.341025
Computing instanton...
450000       3180.62168
450000      3180.824695
Computing instanton...
450000      3182.959958
450000      3185.963249
450000       3189.37385
450000      3193.577275
450000      3194.592973
Computing instanton...
Computing instanton...
Computing instanton...
440000      3200.574228
450000       3204.29121
450000      3206.059739
Computing instanton...
450000      3208.694797
Computing instanton...
450000      3211.814332
Computing instanton...
450000      3213.631988
Computing instanton...
450000       3218.31785
460000      3219.558706
450000      3223.371877
450000       3224.10217
450000      3224.278602
450000      3226.534029
Computing instanton...
460000      3231.215702
460000      3234.151285
460000       3239.29345
Computing instanton...
460000      3240.366444
460000      3242.019784
Computing instanton...
460000      3249.061613
460000       3252.55941
460000      3253.610953
460000       3253.68974
460000       3257.83441
460000      3261.781811
Computing instanton...
Computing instanton...
460000      3269.767659
Computing instanton...
460000      3272.405787
460000      3272.422038
450000      3273.281704
Computing instanton...
460000      3278.538735
460000      3282.834828
460000      3286.569491
460000       3287.78515
470000      3288.034263
460000      3291.357125
460000        3296.6188
460000      3296.707757
460000       3296.95426
470000      3300.506137
470000      3304.958466
470000      3306.912265
470000      3311.092211
Computing instanton...
470000      3312.052181
Computing instanton...
470000      3318.244142
470000      3321.344748
470000      3321.752953
Computing instanton...
Computing instanton...
470000      3325.561089
470000      3327.950534
470000      3336.553762
Computing instanton...
470000      3338.713972
470000       3338.98739
470000      3341.854796
460000      3343.545028
Computing instanton...
Computing instanton...
470000      3351.299211
470000      3353.095251
470000      3355.650566
Computing instanton...
480000      3358.017398
470000      3361.626849
470000       3362.36199
470000      3366.361104
470000      3366.806018
470000      3367.181168
480000      3374.374483
480000       3374.26588
480000      3375.834999
480000      3377.185516
Computing instanton...
480000      3381.186973
480000      3391.294422
Computing instanton...
Computing instanton...
480000      3392.356828
480000      3395.043275
480000      3397.583817
480000      3400.079807
Computing instanton...
Computing instanton...
480000      3405.125366
480000      3407.406315
480000      3408.087901
470000      3413.177096
480000      3413.309826
Computing instanton...
480000      3418.370218
Computing instanton...
480000      3426.422608
480000       3428.58221
490000      3429.540375
480000      3433.002653
480000       3435.29522
480000      3436.549374
480000      3438.474773
490000      3440.174825
490000       3441.49499
490000       3441.39006
480000      3441.506695
Computing instanton...
490000      3447.124752
490000      3453.615933
490000      3461.425062
490000      3462.026177
490000      3465.334792
490000       3466.22492
490000      3469.826105
Computing instanton...
Computing instanton...
Computing instanton...
490000      3476.293376
490000      3478.204793
490000      3479.176465
490000      3482.617121
480000      3484.113098
Computing instanton...
490000      3487.370244
Computing instanton...
Computing instanton...
Computing instanton...
Computing instanton...
500000      3496.930624
490000      3498.346495
490000      3500.531861
Computing instanton...
490000      3506.865784
490000      3506.583016
490000      3508.217995
500000      3509.789133
490000      3510.088363
Computing instanton...
500000      3511.843228
490000      3513.547151
500000      3514.229453
Computing instanton...
500000      3517.558109
500000      3523.128727
Computing instanton...
500000      3526.550158
500000      3529.475654
500000       3534.12609
Computing instanton...
500000      3537.781436
Computing instanton...
500000      3538.137571
Computing instanton...
Computing instanton...
500000      3543.502475
500000      3547.847177
500000      3549.206543
500000      3550.775768
490000      3552.225725
500000      3558.237651
Computing instanton...
Computing instanton...
Computing instanton...
500000      3568.283024
510000      3568.204469
500000      3569.344451
500000      3576.713495
500000      3576.931245
510000      3578.001834
500000      3579.381041
500000       3580.51235
510000      3582.261755
510000      3584.250248
500000      3586.274568
510000      3588.662772
Computing instanton...
Computing instanton...
Computing instanton...
510000      3594.393576
Computing instanton...
Computing instanton...
510000      3596.986147
Computing instanton...
Computing instanton...
Computing instanton...
Computing instanton...
Computing instanton...
Computing instanton...
510000      3601.646189
Computing instanton...
510000      3604.342754
510000      3605.486197
510000      3609.026029
Computing instanton...
510000      3613.428037
510000      3614.800437
Computing instanton...
510000      3616.814637
Computing instanton...
510000      3620.464832
500000      3623.956391
510000      3628.216146
Computing instanton...
Computing instanton...
Computing instanton...
Computing instanton...
510000      3638.809565
520000      3638.812715
510000      3639.422129
Computing instanton...
510000      3642.663571
Computing instanton...
520000      3649.079927
520000      3649.916791
510000      3649.921494
520000      3650.131253
510000      3652.505187
Computing instanton...
510000      3653.607478
Computing instanton...
Computing instanton...
510000      3656.726725
520000      3657.670128
520000      3665.769963
520000      3669.360978
520000      3671.536227
520000      3672.603801
Computing instanton...
Computing instanton...
520000      3679.515405
520000      3680.295755
520000      3685.039978
520000      3686.149487
520000      3686.429579
520000      3693.485438
Computing instanton...
510000       3695.02377
520000      3695.754081
Computing instanton...
Computing instanton...
Computing instanton...
Computing instanton...
520000      3708.807428
Computing instanton...
530000      3710.191584
Computing instanton...
520000      3710.707286
520000      3712.565432
Computing instanton...
520000      3717.382641
Computing instanton...
Computing instanton...
530000      3718.975048
530000      3719.379826
530000      3719.888148
520000      3721.335858
Computing instanton...
530000      3724.473456
Computing instanton...
Computing instanton...
520000      3725.056773
520000      3725.938031
Computing instanton...
530000      3732.867157
530000      3739.350902
530000      3739.872846
530000      3742.313636
530000      3748.788659
Computing instanton...
530000      3751.047672
530000      3753.041719
Computing instanton...
530000      3756.497879
530000      3759.294212
Computing instanton...
530000      3763.611078
Computing instanton...
520000      3767.964621
530000      3768.135666
Computing instanton...
Computing instanton...
540000      3779.010223
530000      3779.994055
530000      3781.923052
530000      3783.433828
Computing instanton...
540000      3786.866464
530000      3787.966041
Computing instanton...
530000      3789.336968
540000      3790.960792
540000      3792.057904
530000      3794.762877
530000      3795.871051
Computing instanton...
540000      3796.393725
Computing instanton...
540000      3800.691371
Computing instanton...
Computing instanton...
540000      3807.812256
540000      3809.225424
Computing instanton...
Computing instanton...
540000      3812.982989
Computing instanton...
Computing instanton...
540000       3821.22558
540000      3822.304981
540000      3823.225445
Computing instanton...
540000      3828.386615
540000      3829.631231
540000      3832.983987
Computing instanton...
530000      3840.723663
540000      3840.794126
Computing instanton...
Computing instanton...
540000      3850.509533
540000      3850.738354
550000      3850.724302
Computing instanton...
Computing instanton...
Computing instanton...
Computing instanton...
Computing instanton...
550000      3855.026692
540000      3856.533115
Computing instanton...
540000      3857.339291
550000      3857.944074
550000      3861.689186
540000      3863.888954
550000      3865.535329
540000      3865.516671
540000      3867.280961
550000      3868.934788
Computing instanton...
Computing instanton...
Computing instanton...
Computing instanton...
550000      3876.881134
550000      3883.000199
Computing instanton...
550000      3884.363807
Computing instanton...
Computing instanton...
550000      3888.629597
550000      3890.167854
550000      3893.552671
550000      3897.564382
550000      3901.683192
Computing instanton...
550000      3905.755067
550000      3909.674295
540000      3912.268355
550000      3917.715049
550000      3919.345071
Computing instanton...
560000      3924.352577
550000      3926.764231
560000      3926.654176
Computing instanton...
560000      3927.326594
550000      3929.163079
560000      3932.192189
550000      3933.503423
560000      3934.767632
550000      3935.374493
550000      3935.796057
560000      3936.746206
560000      3943.983831
Computing instanton...
560000      3949.928803
Computing instanton...
Computing instanton...
Computing instanton...
560000      3956.511872
560000      3958.462141
Computing instanton...
{Error using FalseVacuumInstanton (line 158)
Minimization is placing the top of the potential barrier outside of the
interval defined by phi_bar and phi_metaMin. Assume that the barrier does not
exist.no barrier

Error in EternalInflationSimulator/check_false_vacuum_eternal (line 796)
                fvi = FalseVacuumInstanton(...

Error in EternalInflationSimulator/main (line 273)
                            obj.check_false_vacuum_eternal(...

Error in eis_wrapper (line 67)
    eis.main()
} 
>> 560000      3961.747902
560000      3961.699256
Computing instanton...
560000      3967.841191
Computing instanton...
560000      3970.311623
Computing instanton...
560000      3974.298448
560000       3976.35245
Computing instanton...
Computing instanton...
550000      3980.516626
Computing instanton...
560000       3983.63008
560000      3989.158631
570000      3992.424034
560000      3992.617149
570000       3993.54649
560000      3996.720644
570000      3998.056958
570000      4000.359013
570000      4000.463608
560000      4003.036749
Computing instanton...
Computing instanton...
Computing instanton...
560000      4005.788983
570000      4006.880371
Computing instanton...
Computing instanton...
570000      4015.669061
570000      4017.477893
570000      4019.070963
570000      4023.122066
570000       4026.15444
570000      4029.687743
570000      4037.694685
570000      4038.959977
Computing instanton...
Computing instanton...
570000      4043.261565
Computing instanton...
570000      4045.113605
Computing instanton...
570000      4047.301849
560000      4049.695779
570000      4053.916546
570000      4060.561917
580000      4062.465765
570000      4063.256908
Computing instanton...
580000      4063.824289
580000      4063.810213
580000      4067.369843
580000       4067.79557
570000      4070.830053
570000      4072.517056
Computing instanton...
580000      4078.776949
Computing instanton...
Computing instanton...
580000      4081.511829
580000      4082.726996
580000      4086.938713
Computing instanton...
580000      4087.858922
580000      4089.869742
Computing instanton...
Computing instanton...
Computing instanton...
580000      4102.617892
580000      4104.933111
Computing instanton...
Computing instanton...
580000      4105.894901
Computing instanton...
580000      4109.888921
Computing instanton...
580000      4114.560659
Computing instanton...
Computing instanton...
580000      4116.587323
570000      4119.688229
580000      4121.471831
Computing instanton...
Computing instanton...
590000      4126.372087
580000      4129.276142
580000      4131.126413
590000      4133.347005
Computing instanton...
590000      4136.374683
Computing instanton...
590000       4137.65568
590000      4138.842871
580000      4138.628805
580000       4142.08657
Computing instanton...
590000      4144.977888
590000      4145.688474
590000      4149.392441
590000       4150.40385
Computing instanton...
Computing instanton...
590000      4154.300475
590000      4159.818257
590000      4171.799635
590000      4173.280664
590000       4173.63777
590000      4176.163507
Computing instanton...
590000      4181.233205
Computing instanton...
590000      4186.582105
590000      4186.912699
580000      4187.461688
Computing instanton...
590000      4196.719291
590000      4198.234396
600000      4198.548179
600000      4201.284725
600000      4201.007665
590000      4203.339481
Computing instanton...
600000       4206.52092
600000      4206.746027
590000      4209.268945
600000      4210.325962
Computing instanton...
Computing instanton...
Computing instanton...
600000      4215.961562
600000      4216.160528
600000      4216.743512
Computing instanton...
Computing instanton...
Computing instanton...
600000      4222.625808
Computing instanton...
600000      4226.640686
Computing instanton...
600000      4236.760655
Computing instanton...
600000      4237.438837
Computing instanton...
600000      4238.934261
600000      4240.105297
Computing instanton...
Computing instanton...
600000      4245.818388
600000      4249.540557
590000      4252.716206
600000      4253.724747
600000      4262.035093
600000      4262.843418
610000      4263.713955
600000      4266.881041
610000      4267.699267
Computing instanton...
610000      4269.440668
600000      4272.797275
610000      4273.580151
610000      4274.035795
Computing instanton...
610000       4277.86417
610000      4278.642538
Computing instanton...
Computing instanton...
Computing instanton...
Computing instanton...
610000      4282.944968
Computing instanton...
610000      4283.030709
Computing instanton...
Computing instanton...
Computing instanton...
610000      4288.253524
Computing instanton...
Computing instanton...
Computing instanton...
610000      4296.756144
Computing instanton...
610000      4303.876476
610000      4304.666098
610000      4305.923649
610000      4305.968211
Computing instanton...
610000      4314.467141
610000      4314.914341
Computing instanton...
610000      4321.308656
600000      4322.447977
610000      4328.734181
610000      4328.772714
610000      4330.435904
620000      4332.250509
Computing instanton...
620000      4335.849154
620000      4335.976316
610000      4338.592995
Computing instanton...
620000      4339.966137
620000      4342.265407
Computing instanton...
620000      4345.752163
620000      4347.069826
620000      4348.374333
620000      4352.220174
620000      4354.574856
Computing instanton...
620000      4365.932687
620000      4370.412123
620000      4371.415342
620000      4372.064647
620000      4372.112845
Computing instanton...
Computing instanton...
Computing instanton...
620000      4382.860191
620000       4382.75425
610000      4385.671298
620000      4390.005185
Computing instanton...
Computing instanton...
620000      4393.086345
620000      4396.515423
630000      4399.181891
620000      4399.257331
630000      4403.803239
630000      4404.111493
620000      4405.473279
630000      4406.138406
630000      4409.532346
Computing instanton...
630000      4411.162655
630000      4414.492735
630000      4415.823067
630000      4420.868854
Computing instanton...
630000      4422.570696
Computing instanton...
630000      4434.482142
630000      4435.330425
Computing instanton...
630000      4437.321744
630000      4438.507881
Computing instanton...
630000      4441.639296
Computing instanton...
Computing instanton...
630000      4449.248827
630000      4450.926348
620000      4453.083378
630000      4456.162485
Computing instanton...
Computing instanton...
630000      4460.856563
630000      4463.868231
630000      4465.719465
640000      4466.953558
Computing instanton...
640000      4468.276795
Computing instanton...
640000      4470.945358
630000      4470.999201
640000      4474.043329
640000      4477.101332
640000      4478.569035
Computing instanton...
640000      4480.011341
640000      4482.577038
Computing instanton...
640000      4486.122711
640000      4489.392164
Computing instanton...
Computing instanton...
Computing instanton...
Computing instanton...
Computing instanton...
640000      4500.617442
640000      4501.280226
Computing instanton...
640000      4506.845073
Computing instanton...
640000      4508.348505
Computing instanton...
640000      4511.842128
Computing instanton...
640000      4513.612442
Computing instanton...
Computing instanton...
640000      4517.051214
630000      4520.488453
Computing instanton...
640000      4522.613866
640000      4525.629139
Computing instanton...
640000      4532.451116
640000      4532.638058
650000      4534.385969
650000      4535.668893
650000      4538.823055
640000       4540.28084
Computing instanton...
650000      4543.783338
650000      4545.005847
650000      4545.424488
650000      4545.931655
Computing instanton...
650000      4547.563316
Computing instanton...
650000      4554.091039
650000      4556.736447
Computing instanton...
Computing instanton...
650000      4565.391815
Computing instanton...
Computing instanton...
650000      4567.253063
Computing instanton...
650000      4572.191278
Computing instanton...
650000      4575.531061
Computing instanton...
Computing instanton...
650000      4579.291229
Computing instanton...
Computing instanton...
650000      4583.806386
650000      4585.754057
640000      4587.840878
Computing instanton...
Computing instanton...
650000       4590.26259
650000      4591.160194
Computing instanton...
Computing instanton...
Computing instanton...
650000      4596.238689
660000      4600.897033
650000      4601.036825
660000      4602.937339
650000      4602.817597
660000      4610.399598
660000      4612.720665
660000        4613.7148
660000      4613.843432
660000      4616.272223
660000      4617.116538
Computing instanton...
660000      4625.793696
660000      4626.877332
Computing instanton...
660000      4629.963961
660000      4630.674998
660000      4639.084832
Computing instanton...
660000      4645.777977
660000      4645.837591
Computing instanton...
Computing instanton...
660000      4649.988755
Computing instanton...
660000      4651.426053
660000      4652.711119
Computing instanton...
650000      4656.927708
Computing instanton...
660000      4658.568543
Computing instanton...
Computing instanton...
Computing instanton...
660000      4665.525331
670000      4666.340431
Computing instanton...
660000      4670.979957
660000      4671.708787
Computing instanton...
670000      4673.976194
670000      4675.593792
670000      4677.192181
Computing instanton...
670000       4682.14513
670000      4683.017785
670000      4683.493502
Computing instanton...
670000       4685.93614
Computing instanton...
670000      4690.206129
Computing instanton...
Computing instanton...
670000      4693.070366
670000      4695.031396
670000      4696.392146
Computing instanton...
Computing instanton...
Computing instanton...
Computing instanton...
Computing instanton...
Computing instanton...
670000      4709.453091
670000      4710.372953
670000      4713.577188
Computing instanton...
670000      4717.622181
670000      4717.635228
660000      4720.522489
670000      4720.658395
Computing instanton...
670000      4728.408785
670000      4732.774854
670000       4733.00562
Computing instanton...
680000      4734.746211
670000      4738.263392
Computing instanton...
680000      4741.601695
680000      4742.183979
680000      4744.367245
680000      4748.317243
Computing instanton...
680000      4750.133977
680000      4752.559543
680000      4754.681366
Computing instanton...
680000       4761.69485
680000      4761.921547
680000      4762.939832
Computing instanton...
680000       4766.15848
680000      4774.130002
Computing instanton...
680000      4776.907692
Computing instanton...
680000      4781.557676
680000      4782.667677
680000      4783.660235
670000      4784.963712
Computing instanton...
680000      4786.140236
680000      4794.326805
Computing instanton...
680000      4797.541634
690000      4799.973114
Computing instanton...
Computing instanton...
Computing instanton...
680000      4802.231915
680000      4803.878491
690000      4807.533181
Computing instanton...
690000      4811.419997
690000      4811.416597
Computing instanton...
690000      4815.874569
Computing instanton...
690000      4820.578987
Computing instanton...
690000       4822.47942
690000      4825.986511
Computing instanton...
690000      4826.074649
690000      4831.430308
690000      4831.514344
690000      4836.122469
Computing instanton...
690000      4842.360677
Computing instanton...
Computing instanton...
690000      4843.511502
680000      4844.773457
Computing instanton...
690000      4850.535971
690000      4852.285336
Computing instanton...
690000      4854.889702
690000      4855.030168
690000      4859.321725
Computing instanton...
690000      4862.739391
700000      4864.141283
Computing instanton...
690000      4868.339828
690000      4869.962813
700000      4871.385406
Computing instanton...
700000      4880.564159
Computing instanton...
Computing instanton...
700000      4883.153535
Computing instanton...
Computing instanton...
700000      4885.125974
700000      4891.055457
700000      4891.326397
Computing instanton...
700000      4891.845389
700000      4893.602108
Computing instanton...
700000      4896.346486
700000      4902.694397
700000      4904.090288
700000      4906.647336
Computing instanton...
690000      4909.818437
Computing instanton...
Computing instanton...
700000      4914.704633
700000      4917.063553
700000      4917.332792
700000      4917.455835
700000      4921.941026
700000      4923.826022
700000      4924.960983
710000      4928.323038
Computing instanton...
700000       4936.06975
710000      4936.337357
700000      4937.339118
Computing instanton...
710000      4948.000842
710000      4948.411388
Computing instanton...
710000      4955.226934
710000      4955.600862
710000      4958.125128
710000      4959.065184
710000      4962.058808
710000      4965.766067
Computing instanton...
Computing instanton...
710000      4968.764017
Computing instanton...
710000      4971.543236
710000      4972.346232
700000      4975.525948
Computing instanton...
710000      4981.116278
710000      4984.004254
710000      4986.134095
710000      4988.385669
710000      4989.404575
720000      4991.088647
710000      4990.851728
710000      4991.707049
Computing instanton...
710000      4998.615729
720000      5003.502621
710000      5008.585081
Computing instanton...
Computing instanton...
720000      5016.473158
720000      5016.815387
Computing instanton...
720000       5021.76992
720000      5022.073398
720000      5023.951288
720000      5024.247238
Computing instanton...
Computing instanton...
Computing instanton...
720000      5028.677681
720000      5029.966393
Computing instanton...
720000      5034.905811
720000      5036.151212
Computing instanton...
720000      5038.878702
710000      5039.190576
Computing instanton...
Computing instanton...
720000      5044.949549
720000      5047.889935
720000      5051.626311
720000      5054.894985
720000      5055.802581
720000      5057.619916
730000      5058.844182
720000      5059.875147
Computing instanton...
Computing instanton...
720000      5065.323507
Computing instanton...
730000        5069.6334
Computing instanton...
Computing instanton...
720000      5081.465943
730000      5083.955063
Computing instanton...
Computing instanton...
730000      5088.391001
730000      5088.629538
730000      5089.482095
730000      5089.521253
730000       5091.43831
730000      5093.644729
730000      5094.971408
Computing instanton...
Computing instanton...
730000      5103.268443
730000       5105.45106
730000       5106.91683
720000      5107.774106
Computing instanton...
Computing instanton...
730000      5109.767676
Computing instanton...
Computing instanton...
Computing instanton...
Computing instanton...
730000      5117.713152
730000      5118.394426
730000      5120.438037
740000       5121.45592
730000      5121.855798
730000       5123.97493
730000       5126.22338
740000      5136.074727
Computing instanton...
730000      5137.436419
Computing instanton...
730000       5146.04378
740000      5149.508911
Computing instanton...
740000      5151.903698
740000      5152.511797
740000      5153.977412
740000      5157.123796
740000       5159.36645
Computing instanton...
740000      5163.215084
740000      5163.267202
740000      5165.818036
730000      5170.850752
740000      5173.351845
740000      5175.060863
740000      5175.073825
Computing instanton...
Computing instanton...
740000       5185.16272
750000      5186.135704
740000      5187.749119
740000      5187.776584
740000      5188.581879
Computing instanton...
Computing instanton...
740000      5192.192717
740000      5193.676107
Computing instanton...
Computing instanton...
750000      5200.085286
740000      5202.409323
Computing instanton...
Computing instanton...
Computing instanton...
Computing instanton...
740000      5216.788276
750000      5219.273951
750000      5219.607731
750000      5220.876625
750000      5221.059368
750000      5221.093852
Computing instanton...
750000      5227.767229
750000       5227.85337
750000      5230.540679
750000      5233.070803
Computing instanton...
750000      5241.167316
750000      5241.388174
750000      5241.287638
740000      5241.787247
Computing instanton...
Computing instanton...
750000      5251.731165
750000      5252.764949
750000      5253.061371
760000      5253.891568
750000      5255.089006
750000      5259.491164
750000      5261.842007
Computing instanton...
Computing instanton...
750000      5271.043692
760000      5271.335258
Computing instanton...
760000      5283.677835
760000      5283.894527
760000       5284.66789
750000      5286.974839
Computing instanton...
760000      5290.040404
Computing instanton...
760000      5294.388169
760000      5296.594588
760000      5298.472915
760000      5298.855773
760000      5300.455516
Computing instanton...
760000      5305.930829
760000      5307.608982
750000      5308.972564
760000      5312.263202
Computing instanton...
760000      5316.897281
760000      5318.232071
770000      5321.100873
760000      5321.250593
760000      5322.523909
Computing instanton...
Computing instanton...
Computing instanton...
760000      5327.230011
760000       5332.20562
Computing instanton...
770000       5337.84019
760000      5338.762974
Computing instanton...
Computing instanton...
Computing instanton...
770000      5348.713021
760000      5352.423045
770000       5353.06474
770000       5353.45623
770000      5355.653155
770000      5360.585358
Computing instanton...
770000       5365.57755
Computing instanton...
770000       5367.24642
770000         5367.496
Computing instanton...
Computing instanton...
770000      5371.050445
Computing instanton...
760000      5372.246736
770000      5373.410582
770000      5374.967048
Computing instanton...
770000      5382.078934
770000      5382.512008
770000      5386.614638
770000      5387.471327
770000      5391.673263
780000      5392.356928
Computing instanton...
770000      5398.185593
Computing instanton...
Computing instanton...
Computing instanton...
Computing instanton...
770000      5403.296327
770000      5406.419479
780000      5409.749536
780000       5415.30609
780000      5417.077334
Computing instanton...
780000      5419.833098
770000      5420.467256
780000        5422.2316
780000      5428.694431
780000      5429.387578
Computing instanton...
780000      5433.885362
780000      5435.229766
780000      5438.560093
770000      5438.608226
Computing instanton...
780000      5439.739024
780000        5441.5003
Computing instanton...
Computing instanton...
780000      5448.102477
780000      5454.297426
780000      5454.008185
780000      5455.479621
780000      5457.274168
790000      5457.518223
Computing instanton...
Computing instanton...
Computing instanton...
Computing instanton...
780000      5468.086627
Computing instanton...
780000      5469.700404
780000      5473.205005
790000      5479.246125
790000      5483.949621
790000      5484.058209
780000      5486.537934
790000       5486.78196
790000      5491.462754
790000      5492.125105
790000      5495.295168
790000      5498.789499
780000      5501.050678
790000      5501.201522
790000      5504.668007
790000      5506.055153
Computing instanton...
790000      5508.905254
Computing instanton...
Computing instanton...
790000      5517.795854
Computing instanton...
Computing instanton...
790000      5519.757447
790000      5522.783424
800000      5525.147029
790000       5525.16612
Computing instanton...
Computing instanton...
790000      5526.532676
790000      5533.653059
Computing instanton...
790000      5536.497395
Computing instanton...
790000      5540.438543
Computing instanton...
800000      5544.533621
800000      5548.743037
800000      5552.963693
Computing instanton...
Computing instanton...
790000      5557.656119
Computing instanton...
800000      5558.497113
800000      5558.770889
800000      5559.163804
Computing instanton...
Computing instanton...
800000      5562.717542
800000      5564.532531
800000      5564.747629
790000      5567.093313
800000      5567.320095
Computing instanton...
800000      5574.949761
Computing instanton...
800000      5576.225127
Computing instanton...
800000      5584.610439
800000      5584.850292
Computing instanton...
810000      5588.340533
800000      5588.788344
800000      5590.746579
800000      5598.256925
800000      5598.870623
Computing instanton...
Computing instanton...
800000      5601.903341
800000      5606.218802
Computing instanton...
810000      5612.371093
810000      5613.975944
Computing instanton...
Computing instanton...
810000       5618.48594
Computing instanton...
810000      5622.882245
800000      5623.620029
810000      5624.209714
810000      5624.520477
810000      5624.802759
Computing instanton...
810000      5628.132273
810000      5628.384975
800000      5634.099611
810000      5637.234894
810000      5638.448749
810000      5643.985201
Computing instanton...
Computing instanton...
810000      5650.929975
820000      5651.408016
810000      5654.370379
810000      5656.042096
Computing instanton...
Computing instanton...
810000      5664.444495
810000      5666.591763
810000      5667.398442
810000      5668.792359
Computing instanton...
Computing instanton...
810000      5674.298571
820000      5680.772662
820000      5681.976957
820000      5683.260604
Computing instanton...
810000      5688.718289
820000      5689.183148
Computing instanton...
820000      5691.078059
Computing instanton...
820000       5692.05923
820000      5692.725341
820000       5693.26271
820000       5693.34937
Computing instanton...
820000      5701.577747
810000       5702.48817
Computing instanton...
820000      5703.882557
Computing instanton...
820000      5710.698712
Computing instanton...
Computing instanton...
820000      5715.981784
830000      5716.898283
820000      5718.900524
Computing instanton...
820000      5720.000077
820000      5730.659477
Computing instanton...
Computing instanton...
Computing instanton...
820000      5735.901038
820000      5736.216046
820000      5736.712845
Computing instanton...
820000      5741.143738
Computing instanton...
830000      5748.345957
830000      5750.314729
830000      5751.683266
Computing instanton...
820000      5753.842254
830000      5758.138477
830000       5758.95403
830000      5760.109442
830000      5760.095319
830000      5760.328221
Computing instanton...
830000      5764.583948
Computing instanton...
Computing instanton...
820000      5770.657773
830000      5771.167666
Computing instanton...
Computing instanton...
830000      5772.964533
Computing instanton...
Computing instanton...
830000      5779.395123
830000      5779.857685
840000      5783.126406
830000      5785.259435
830000      5788.981439
Computing instanton...
Computing instanton...
830000      5796.234691
830000      5798.484637
Computing instanton...
830000      5801.678801
830000      5806.585396
830000       5809.27221
Computing instanton...
840000      5813.258791
Computing instanton...
840000      5817.659979
840000      5818.205477
Computing instanton...
830000       5824.46983
840000      5824.437742
840000      5824.842907
840000       5826.45997
840000      5827.417847
Computing instanton...
Computing instanton...
840000      5831.124162
840000      5831.797223
Computing instanton...
840000      5836.710068
830000      5838.944461
Computing instanton...
840000       5842.60994
840000      5842.969677
Computing instanton...
850000      5848.256453
Computing instanton...
840000      5849.269382
Computing instanton...
840000      5852.824969
840000      5855.527593
Computing instanton...
840000      5859.196165
Computing instanton...
840000       5865.92562
Computing instanton...
Computing instanton...
840000      5870.107617
Computing instanton...
Computing instanton...
840000      5874.338326
850000      5875.431449
840000       5875.58988
850000      5884.194679
850000      5884.704746
Computing instanton...
Computing instanton...
850000      5890.943588
840000      5891.780299
850000       5893.84673
850000      5894.377187
850000      5894.632856
Computing instanton...
850000      5897.301109
850000      5900.587075
840000      5900.840932
Computing instanton...
850000      5902.847438
Computing instanton...
850000      5911.360749
850000      5911.908232
860000      5912.663951
850000      5917.388174
850000      5917.666526
Computing instanton...
850000      5921.304295
Computing instanton...
850000      5925.781645
Computing instanton...
850000      5931.137364
850000      5936.505051
850000      5940.701913
860000      5942.717326
850000      5943.706607
Computing instanton...
860000      5952.103839
860000      5953.175995
860000      5954.829427
850000      5957.190142
860000      5959.048615
860000      5960.236227
860000      5962.250909
860000      5963.120422
Computing instanton...
860000      5968.062618
850000      5969.119756
860000      5969.507154
Computing instanton...
870000      5972.166742
Computing instanton...
Computing instanton...
860000      5975.514906
860000      5976.801159
Computing instanton...
860000      5980.732539
860000      5985.816844
860000      5990.273189
860000      5992.207216
860000      5997.797396
Computing instanton...
860000      6002.321931
870000      6007.429974
860000      6010.224177
Computing instanton...
860000      6011.355341
Computing instanton...
Computing instanton...
870000       6018.03581
870000      6019.375997
860000      6023.634668
870000      6024.764221
870000       6025.11412
870000       6026.70794
870000      6028.668528
870000      6029.338985
Computing instanton...
Computing instanton...
870000      6034.804164
860000      6035.186495
870000      6036.181783
880000      6040.114554
870000      6041.284899
Computing instanton...
870000      6047.480869
870000      6048.112777
Computing instanton...
870000      6052.109091
Computing instanton...
Computing instanton...
870000      6061.708185
870000      6062.490424
Computing instanton...
870000      6066.437075
870000      6067.223958
Computing instanton...
880000      6072.242467
Computing instanton...
870000      6077.114091
Computing instanton...
870000       6083.16763
Computing instanton...
880000      6087.604672
880000      6088.790597
Computing instanton...
880000      6090.624312
880000      6091.407959
880000      6092.426588
870000      6092.405736
880000      6092.297967
880000      6093.786672
Computing instanton...
870000      6102.068192
880000      6103.404393
880000      6105.104651
Computing instanton...
880000      6107.238463
890000      6108.004958
880000      6110.162772
880000      6116.783002
880000      6117.361275
Computing instanton...
Computing instanton...
Computing instanton...
Computing instanton...
880000      6129.130696
880000      6130.097906
880000      6131.372036
880000      6132.340442
Computing instanton...
890000       6142.11829
880000      6142.654888
Computing instanton...
Computing instanton...
880000      6154.378756
880000      6154.676694
890000      6155.644156
890000       6157.22208
890000      6157.176157
890000      6158.329516
890000      6159.753707
890000      6159.894414
890000      6163.459626
880000      6165.499058
Computing instanton...
890000      6169.137332
890000      6170.978528
900000      6171.645739
890000       6174.26595
890000      6174.318948
Computing instanton...
Computing instanton...
890000      6184.479578
890000      6189.723888
Computing instanton...
890000      6193.646164
890000      6196.969582
890000      6197.252007
Computing instanton...
890000      6201.029521
Computing instanton...
Computing instanton...
900000       6210.01832
890000      6210.211522
Computing instanton...
Computing instanton...
Computing instanton...
900000      6218.794919
Computing instanton...
900000      6220.572324
890000      6221.409001
890000      6222.974765
900000      6223.067144
900000      6224.999457
900000      6226.675967
900000      6227.751241
890000      6229.277625
Computing instanton...
Computing instanton...
900000      6232.525892
900000      6234.529827
900000      6236.581373
Computing instanton...
Computing instanton...
910000      6238.226139
900000      6241.449012
900000      6244.407708
Computing instanton...
Computing instanton...
900000      6252.111753
900000      6256.395573
900000      6260.352504
900000      6263.808616
900000      6265.862691
900000      6268.427781
Computing instanton...
910000      6277.567393
900000      6278.416626
910000      6280.621042
910000      6285.412405
910000      6285.934531
900000      6287.547285
900000      6289.711252
910000      6291.521041
Computing instanton...
910000      6293.542879
Computing instanton...
Computing instanton...
900000      6297.597246
910000      6298.798467
910000      6299.387439
910000      6301.982669
Computing instanton...
Computing instanton...
910000      6304.085483
920000      6304.360535
Computing instanton...
910000      6307.340092
Computing instanton...
910000      6310.078416
Computing instanton...
910000      6315.469986
Computing instanton...
910000      6324.222468
910000      6325.676035
910000      6330.282262
910000      6334.350239
Computing instanton...
910000      6339.000762
920000      6343.016366
920000      6344.573314
920000      6347.136809
910000      6348.743136
Computing instanton...
920000       6350.63754
910000      6351.264246
Computing instanton...
Computing instanton...
910000      6356.283507
920000      6358.587558
920000      6359.033216
920000      6362.018634
920000      6365.470186
920000      6365.503711
910000      6366.177585
930000      6368.333408
920000      6371.142529
Computing instanton...
Computing instanton...
920000       6374.61464
Computing instanton...
Computing instanton...
920000       6380.15147
920000      6383.118987
Computing instanton...
920000      6388.980482
Computing instanton...
Computing instanton...
920000      6391.420472
Computing instanton...
920000      6397.216874
Computing instanton...
920000      6403.563374
Computing instanton...
920000      6407.321054
930000      6409.853183
930000       6410.34562
Computing instanton...
Computing instanton...
930000      6415.965135
920000      6418.240334
Computing instanton...
Computing instanton...
930000      6419.046444
920000      6422.116112
930000      6424.221304
920000      6426.193772
930000      6429.299427
930000      6430.062072
Computing instanton...
Computing instanton...
930000      6433.062505
920000      6433.485684
940000      6434.246201
930000      6435.295231
930000      6437.472281
Computing instanton...
930000      6442.409908
930000      6449.674896
930000      6450.149656
Computing instanton...
Computing instanton...
930000      6455.723969
930000      6458.281057
930000      6464.577119
930000      6469.535222
940000       6473.12049
940000      6476.554757
930000      6477.657033
Computing instanton...
940000       6483.63477
940000      6484.639518
Computing instanton...
930000      6486.899565
Computing instanton...
930000      6491.688674
940000      6493.712376
930000      6493.948202
940000        6494.2165
Computing instanton...
940000      6496.013075
Computing instanton...
950000      6499.704006
940000      6500.604691
930000        6501.2012
940000      6500.998201
Computing instanton...
Computing instanton...
940000      6505.515738
940000      6510.212399
Computing instanton...
940000      6518.219628
940000      6518.834645
940000      6519.091104
Computing instanton...
Computing instanton...
940000      6526.235428
Computing instanton...
940000      6530.296603
Computing instanton...
950000      6535.158573
Computing instanton...
940000      6537.911372
Computing instanton...
950000      6541.809265
940000      6548.046329
Computing instanton...
950000      6548.088745
950000      6551.204765
Computing instanton...
Computing instanton...
940000      6556.332162
940000      6556.555312
940000      6560.017583
Computing instanton...
950000      6561.251011
950000      6561.778401
950000      6562.043517
950000      6564.702316
950000        6567.1795
940000      6568.422479
960000      6569.737002
950000      6574.358254
Computing instanton...
950000      6576.535683
Computing instanton...
Computing instanton...
950000        6586.2207
950000      6588.916861
950000      6589.159191
Computing instanton...
950000       6593.36121
Computing instanton...
950000      6598.922821
960000      6601.143114
Computing instanton...
950000      6605.371595
960000      6607.060413
Computing instanton...
960000      6614.483058
960000       6615.17708
950000      6616.010171
950000      6623.384173
Computing instanton...
960000      6624.751982
950000      6626.129094
960000      6627.884906
960000      6628.256253
950000      6629.141242
960000      6629.781867
970000      6633.164754
960000      6632.942845
950000      6636.394493
Computing instanton...
960000      6643.253728
960000      6644.201682
960000       6651.58735
Computing instanton...
960000      6655.683556
Computing instanton...
Computing instanton...
960000      6657.232341
Computing instanton...
Computing instanton...
Computing instanton...
960000       6662.91464
970000      6664.177602
Computing instanton...
Computing instanton...
970000       6670.52984
960000      6670.584464
960000      6672.970161
970000      6680.580803
Computing instanton...
960000      6684.113436
970000       6684.62648
Computing instanton...
Computing instanton...
Computing instanton...
970000      6689.320004
960000      6690.772068
960000      6693.728962
960000       6694.17184
970000      6695.145324
Computing instanton...
970000      6695.961009
970000      6697.222746
Computing instanton...
960000      6698.086342
980000      6700.408823
Computing instanton...
970000      6702.243536
Computing instanton...
970000      6707.517831
Computing instanton...
Computing instanton...
970000      6712.965117
Computing instanton...
970000      6718.456001
Computing instanton...
970000      6724.333755
970000      6724.504311
970000      6726.782983
Computing instanton...
980000       6732.00272
Computing instanton...
980000      6736.726313
Computing instanton...
970000      6740.377293
Computing instanton...
970000      6741.492305
980000      6743.181572
970000      6748.314014
980000      6752.221308
980000      6755.672202
970000      6755.835362
Computing instanton...
Computing instanton...
980000       6760.69108
970000      6761.862808
970000      6762.210722
980000      6762.197537
970000      6762.995394
980000      6764.591046
990000      6766.291825
Computing instanton...
980000      6768.148866
Computing instanton...
Computing instanton...
980000      6772.717299
Computing instanton...
Computing instanton...
980000      6782.681921
980000      6782.714052
980000      6792.499397
980000      6793.596976
980000      6794.418121
Computing instanton...
990000      6798.791684
990000      6802.107028
Computing instanton...
980000      6808.165914
980000      6809.321707
990000      6814.415423
990000      6815.799487
980000      6817.356482
Computing instanton...
990000      6823.647827
980000      6824.437639
990000      6824.649745
980000      6826.992641
990000       6828.17866
980000       6829.02375
980000      6830.403256
990000      6830.878052
990000      6834.380782
Computing instanton...
Computing instanton...
1000000       6836.115368
Computing instanton...
990000      6842.676318
Computing instanton...
Computing instanton...
990000       6850.56539
Computing instanton...
990000      6852.169639
Computing instanton...
Computing instanton...
990000      6857.995151
Computing instanton...
990000      6861.893357
990000      6863.692356
1000000       6865.691015
1000000       6867.801511
Computing instanton...
990000      6873.317074
990000      6874.089059
Computing instanton...
1000000       6877.871368
1000000       6878.189467
990000      6882.071412
Computing instanton...
Computing instanton...
1000000       6883.304005
1000000        6886.98615
1000000       6887.204402
990000      6887.911044
990000      6888.232009
990000      6888.485738
1000000        6888.89769
990000      6891.180595
Computing instanton...
Computing instanton...
1000000       6894.489297
1000000         6898.8583
1000000       6899.843645
Computing instanton...
Computing instanton...
1000000       6904.472722
1000000       6905.128476
1000000       6907.467675
1000000       6908.244663
Computing instanton...
Computing instanton...
1000000       6911.918926
1000000       6912.429723
1000000       6914.374976
1000000       6914.470569
1000000       6915.011861
1000000       6915.241588
1000000       6915.509289
Combining output...
