24000000 0.0083 0.2 30 0.0 B 3 1 0.004667 0 55.0 -1 4
Unrecognized MATLAB option "wait".
Unrecognized MATLAB option "minimize".

                            < M A T L A B (R) >
                  Copyright 1984-2017 The MathWorks, Inc.
                   R2017b (9.3.0.713579) 64-bit (glnxa64)
                             September 14, 2017

Unrecognized MATLAB option "wait".
Unrecognized MATLAB option "minimize".

                            < M A T L A B (R) >
                  Copyright 1984-2017 The MathWorks, Inc.
                   R2017b (9.3.0.713579) 64-bit (glnxa64)
                             September 14, 2017

Unrecognized MATLAB option "wait".
Unrecognized MATLAB option "minimize".

                            < M A T L A B (R) >
                  Copyright 1984-2017 The MathWorks, Inc.
                   R2017b (9.3.0.713579) 64-bit (glnxa64)
                             September 14, 2017

Unrecognized MATLAB option "wait".
Unrecognized MATLAB option "minimize".

                            < M A T L A B (R) >
                  Copyright 1984-2017 The MathWorks, Inc.
                   R2017b (9.3.0.713579) 64-bit (glnxa64)
                             September 14, 2017

Unrecognized MATLAB option "wait".
Unrecognized MATLAB option "minimize".

                            < M A T L A B (R) >
                  Copyright 1984-2017 The MathWorks, Inc.
                   R2017b (9.3.0.713579) 64-bit (glnxa64)
                             September 14, 2017

Unrecognized MATLAB option "wait".
Unrecognized MATLAB option "minimize".

                            < M A T L A B (R) >
                  Copyright 1984-2017 The MathWorks, Inc.
                   R2017b (9.3.0.713579) 64-bit (glnxa64)
                             September 14, 2017

Unrecognized MATLAB option "wait".
Unrecognized MATLAB option "minimize".

                            < M A T L A B (R) >
                  Copyright 1984-2017 The MathWorks, Inc.
                   R2017b (9.3.0.713579) 64-bit (glnxa64)
                             September 14, 2017

Unrecognized MATLAB option "wait".
Unrecognized MATLAB option "minimize".

                            < M A T L A B (R) >
                  Copyright 1984-2017 The MathWorks, Inc.
                   R2017b (9.3.0.713579) 64-bit (glnxa64)
                             September 14, 2017

Unrecognized MATLAB option "wait".
Unrecognized MATLAB option "minimize".

                            < M A T L A B (R) >
                  Copyright 1984-2017 The MathWorks, Inc.
                   R2017b (9.3.0.713579) 64-bit (glnxa64)
                             September 14, 2017

Unrecognized MATLAB option "wait".
Unrecognized MATLAB option "minimize".

                            < M A T L A B (R) >
                  Copyright 1984-2017 The MathWorks, Inc.
                   R2017b (9.3.0.713579) 64-bit (glnxa64)
                             September 14, 2017

Unrecognized MATLAB option "wait".
Unrecognized MATLAB option "minimize".

                            < M A T L A B (R) >
                  Copyright 1984-2017 The MathWorks, Inc.
                   R2017b (9.3.0.713579) 64-bit (glnxa64)
                             September 14, 2017

Unrecognized MATLAB option "wait".
Unrecognized MATLAB option "minimize".

                            < M A T L A B (R) >
                  Copyright 1984-2017 The MathWorks, Inc.
                   R2017b (9.3.0.713579) 64-bit (glnxa64)
                             September 14, 2017

Unrecognized MATLAB option "wait".
Unrecognized MATLAB option "minimize".

                            < M A T L A B (R) >
                  Copyright 1984-2017 The MathWorks, Inc.
                   R2017b (9.3.0.713579) 64-bit (glnxa64)
                             September 14, 2017

Unrecognized MATLAB option "wait".
Unrecognized MATLAB option "minimize".

                            < M A T L A B (R) >
                  Copyright 1984-2017 The MathWorks, Inc.
                   R2017b (9.3.0.713579) 64-bit (glnxa64)
                             September 14, 2017

Unrecognized MATLAB option "wait".
Unrecognized MATLAB option "minimize".

                            < M A T L A B (R) >
                  Copyright 1984-2017 The MathWorks, Inc.
                   R2017b (9.3.0.713579) 64-bit (glnxa64)
                             September 14, 2017

Unrecognized MATLAB option "wait".
Unrecognized MATLAB option "minimize".

                            < M A T L A B (R) >
                  Copyright 1984-2017 The MathWorks, Inc.
                   R2017b (9.3.0.713579) 64-bit (glnxa64)
                             September 14, 2017

Unrecognized MATLAB option "wait".
Unrecognized MATLAB option "minimize".

                            < M A T L A B (R) >
                  Copyright 1984-2017 The MathWorks, Inc.
                   R2017b (9.3.0.713579) 64-bit (glnxa64)
                             September 14, 2017

Unrecognized MATLAB option "wait".
Unrecognized MATLAB option "minimize".

                            < M A T L A B (R) >
                  Copyright 1984-2017 The MathWorks, Inc.
                   R2017b (9.3.0.713579) 64-bit (glnxa64)
                             September 14, 2017

Unrecognized MATLAB option "wait".
Unrecognized MATLAB option "minimize".

                            < M A T L A B (R) >
                  Copyright 1984-2017 The MathWorks, Inc.
                   R2017b (9.3.0.713579) 64-bit (glnxa64)
                             September 14, 2017

Unrecognized MATLAB option "wait".
Unrecognized MATLAB option "minimize".

                            < M A T L A B (R) >
                  Copyright 1984-2017 The MathWorks, Inc.
                   R2017b (9.3.0.713579) 64-bit (glnxa64)
                             September 14, 2017

Unrecognized MATLAB option "wait".
Unrecognized MATLAB option "minimize".

                            < M A T L A B (R) >
                  Copyright 1984-2017 The MathWorks, Inc.
                   R2017b (9.3.0.713579) 64-bit (glnxa64)
                             September 14, 2017

Unrecognized MATLAB option "wait".
Unrecognized MATLAB option "minimize".

                            < M A T L A B (R) >
                  Copyright 1984-2017 The MathWorks, Inc.
                   R2017b (9.3.0.713579) 64-bit (glnxa64)
                             September 14, 2017

Unrecognized MATLAB option "wait".
Unrecognized MATLAB option "minimize".

                            < M A T L A B (R) >
                  Copyright 1984-2017 The MathWorks, Inc.
                   R2017b (9.3.0.713579) 64-bit (glnxa64)
                             September 14, 2017

Unrecognized MATLAB option "wait".
Unrecognized MATLAB option "minimize".

                            < M A T L A B (R) >
                  Copyright 1984-2017 The MathWorks, Inc.
                   R2017b (9.3.0.713579) 64-bit (glnxa64)
                             September 14, 2017

 
For online documentation, see http://www.mathworks.com/support
For product information, visit www.mathworks.com.
 
 
For online documentation, see http://www.mathworks.com/support
For product information, visit www.mathworks.com.
 
 
For online documentation, see http://www.mathworks.com/support
For product information, visit www.mathworks.com.
 
 
For online documentation, see http://www.mathworks.com/support
For product information, visit www.mathworks.com.
 
 
 
For online documentation, see http://www.mathworks.com/support
For product information, visit www.mathworks.com.
 
For online documentation, see http://www.mathworks.com/support
For product information, visit www.mathworks.com.
 
 
For online documentation, see http://www.mathworks.com/support
For product information, visit www.mathworks.com.
 
 
For online documentation, see http://www.mathworks.com/support
For product information, visit www.mathworks.com.
 
 
 
For online documentation, see http://www.mathworks.com/support
For product information, visit www.mathworks.com.
 
For online documentation, see http://www.mathworks.com/support
For product information, visit www.mathworks.com.
 
 
For online documentation, see http://www.mathworks.com/support
For product information, visit www.mathworks.com.
 
 
For online documentation, see http://www.mathworks.com/support
For product information, visit www.mathworks.com.
 
 
 
For online documentation, see http://www.mathworks.com/support
For product information, visit www.mathworks.com.
 
For online documentation, see http://www.mathworks.com/support
For product information, visit www.mathworks.com.
 
 
For online documentation, see http://www.mathworks.com/support
For product information, visit www.mathworks.com.
 
 
For online documentation, see http://www.mathworks.com/support
For product information, visit www.mathworks.com.
 
 
For online documentation, see http://www.mathworks.com/support
For product information, visit www.mathworks.com.
 
 
For online documentation, see http://www.mathworks.com/support
For product information, visit www.mathworks.com.
 
 
For online documentation, see http://www.mathworks.com/support
For product information, visit www.mathworks.com.
 
 
For online documentation, see http://www.mathworks.com/support
For product information, visit www.mathworks.com.
 
 
For online documentation, see http://www.mathworks.com/support
For product information, visit www.mathworks.com.
 
 
For online documentation, see http://www.mathworks.com/support
For product information, visit www.mathworks.com.
 
 
For online documentation, see http://www.mathworks.com/support
For product information, visit www.mathworks.com.
 
 
For online documentation, see http://www.mathworks.com/support
For product information, visit www.mathworks.com.
 
outfile: ../data/out_0008/.worker_5.txt
outfile: ../data/out_0008/.worker_11.txt
outfile: ../data/out_0008/.worker_13.txt
outfile: ../data/out_0008/.worker_16.txt
outfile: ../data/out_0008/.worker_7.txt
outfile: ../data/out_0008/.worker_9.txt
outfile: ../data/out_0008/.worker_4.txt
outfile: ../data/out_0008/.worker_8.txt
outfile: ../data/out_0008/.worker_12.txt
outfile: ../data/out_0008/.worker_23.txt
outfile: ../data/out_0008/.worker_10.txt
outfile: ../data/out_0008/.worker_0.txt
outfile: ../data/out_0008/.worker_3.txt
outfile: ../data/out_0008/.worker_1.txt
outfile: ../data/out_0008/.worker_14.txt
outfile: ../data/out_0008/.worker_15.txt
outfile: ../data/out_0008/.worker_21.txt
outfile: ../data/out_0008/.worker_20.txt
outfile: ../data/out_0008/.worker_6.txt
outfile: ../data/out_0008/.worker_2.txt
outfile: ../data/out_0008/.worker_19.txt
outfile: ../data/out_0008/.worker_17.txt
outfile: ../data/out_0008/.worker_18.txt
outfile: ../data/out_0008/.worker_22.txt
Computing instanton...
Computing instanton...
Computing instanton...
Computing instanton...
Computing instanton...
10000       12.661613
10000        12.87287
Computing instanton...
Computing instanton...
10000       13.296237
10000        13.20142
10000       13.389526
10000       14.000165
10000       14.270588
10000       14.192899
10000       14.212342
10000       14.731733
10000       14.254732
10000        14.25424
10000        14.80072
10000       14.792428
10000       14.559714
10000       14.384697
10000       14.882048
10000       15.238599
10000       14.991264
10000       15.367974
10000       15.109125
10000       15.608274
10000       16.205109
Computing instanton...
10000       17.544387
Computing instanton...
Computing instanton...
20000        23.78337
20000       24.347289
20000       24.231157
20000       25.164097
Computing instanton...
20000       26.007799
20000       25.928895
Computing instanton...
20000       26.215823
20000       26.328427
Computing instanton...
20000       26.631403
20000       26.354058
20000       26.651299
20000       26.752082
20000       27.313908
20000       26.976737
20000        27.51605
20000       27.612923
20000       27.680167
Computing instanton...
20000       27.466603
20000       28.240462
20000       28.088584
20000       28.689712
20000       28.627221
20000       30.120513
20000        30.60583
Computing instanton...
Computing instanton...
30000       34.949251
30000       35.845407
Computing instanton...
Computing instanton...
30000       36.579862
30000       37.076509
30000       37.311672
30000       37.980711
30000       38.697736
30000       38.494467
30000       38.959771
Computing instanton...
30000       39.299067
30000       39.240332
30000       39.468019
Computing instanton...
30000       39.532449
30000       39.349178
30000       40.091712
30000        39.90047
30000       39.810681
30000        40.64382
30000       40.118857
Computing instanton...
30000       40.867403
Computing instanton...
30000       41.633501
30000       43.365393
30000       44.199443
30000       44.002395
Computing instanton...
Computing instanton...
Computing instanton...
Computing instanton...
40000       46.406987
40000       46.634987
40000       46.726375
Computing instanton...
40000       48.082876
40000       49.319539
40000       49.406767
40000       49.304435
40000       49.765245
Computing instanton...
Computing instanton...
40000         51.0596
40000       51.235137
40000       51.389119
40000       51.016897
40000       51.281549
40000       52.096523
40000       52.367753
40000       52.592836
Computing instanton...
40000       53.013212
40000        53.59362
40000        53.10546
40000       53.806156
40000       53.792033
40000       54.657199
40000       56.749031
Computing instanton...
50000       57.918128
50000       58.439527
40000       59.180954
50000       59.867967
50000       61.493895
50000       61.801783
50000       61.960888
50000       62.276322
50000       62.636802
50000       63.217269
50000        65.12081
50000         65.0325
50000       65.392765
50000       65.652112
50000       66.381931
50000       66.211616
50000       66.115652
50000       67.348999
50000       67.657963
50000       68.113865
50000       67.421996
50000       68.561075
50000       69.048303
60000       69.719852
60000        70.92037
50000       70.790994
60000       71.700668
60000       71.946125
50000       72.443106
60000       72.348485
Computing instanton...
60000       73.507338
60000       74.687335
60000       76.134441
60000        75.77152
60000       76.255706
60000        77.00161
60000       76.600181
60000       77.008815
60000       78.345167
60000       78.931874
60000       79.050369
60000       78.570827
60000       79.356866
60000       80.963196
60000       80.659724
60000       81.070332
Computing instanton...
70000       81.201562
70000       81.785496
60000       81.928522
70000       82.632748
70000       83.114056
70000       83.495229
60000       83.371118
Computing instanton...
70000       84.769135
60000       84.997194
Computing instanton...
70000        85.79485
70000       87.212202
70000        87.18204
Computing instanton...
70000        87.22237
70000       87.985667
Computing instanton...
70000       88.180667
70000       88.312188
70000       89.266556
Computing instanton...
Computing instanton...
70000       90.327364
70000       91.595683
70000       91.859705
70000       92.037921
Computing instanton...
70000       92.205423
80000       92.015726
70000       93.252253
80000       93.794179
Computing instanton...
70000       93.738766
70000       94.019911
80000       95.047181
80000       94.953435
80000       95.229546
80000        95.73628
70000       95.644173
70000       96.992451
80000       97.010274
Computing instanton...
80000       97.594165
Computing instanton...
80000       98.427139
80000       98.909307
80000        98.83332
80000       99.431708
Computing instanton...
80000      100.140596
Computing instanton...
80000      101.495794
80000      101.625417
Computing instanton...
90000      102.575079
80000      103.055856
Computing instanton...
Computing instanton...
80000      103.787098
80000      103.988612
Computing instanton...
80000      104.277368
90000      104.675569
80000      104.510294
80000      105.025707
90000      106.068106
90000      106.303501
Computing instanton...
Computing instanton...
80000      106.769632
90000      107.439031
90000       107.71388
90000      107.552769
80000      107.978892
Computing instanton...
80000      110.055088
90000      110.106709
90000      110.636504
90000      110.912166
90000      110.548381
90000      112.100506
90000      113.252504
100000       112.965791
90000      112.624638
100000       114.012822
90000      114.348287
90000      115.277255
90000      115.181984
Computing instanton...
Computing instanton...
90000      115.814624
90000      115.780094
Computing instanton...
90000       116.40717
Computing instanton...
100000       116.596929
100000       116.538403
100000       117.865248
100000       118.295825
90000      118.197451
100000       118.588546
Computing instanton...
90000      119.750267
100000       120.073372
100000       120.093083
100000       120.744491
90000      121.806473
Computing instanton...
100000       122.543182
100000       122.357844
110000       122.602288
110000       123.813863
100000       125.420083
Computing instanton...
100000       126.637938
100000       125.910737
100000       126.682419
110000       126.819523
100000       126.955885
110000       126.865815
110000       127.695955
110000        128.63718
100000       128.565905
100000       128.202605
110000       129.158331
Computing instanton...
Computing instanton...
100000       129.854937
100000       129.460721
110000       129.822253
Computing instanton...
110000       130.082691
100000       130.767304
Computing instanton...
110000       131.788746
100000       133.113906
110000       133.701081
110000        133.57086
Computing instanton...
Computing instanton...
120000        134.90545
Computing instanton...
120000       135.347545
Computing instanton...
Computing instanton...
Computing instanton...
Computing instanton...
Computing instanton...
120000        136.68509
110000       137.465517
110000        137.88011
110000        138.22298
120000       138.143946
110000       138.503355
110000       137.824533
120000       138.840454
120000       139.269801
120000       139.604533
110000       140.743477
Computing instanton...
Computing instanton...
110000       141.373524
120000       141.311519
Computing instanton...
110000       141.696294
110000       141.747036
Computing instanton...
110000       142.159256
120000       142.343229
120000       143.394291
110000       143.943273
120000       144.045358
130000       145.808533
130000       146.019381
130000       146.398745
120000       146.537508
130000       148.475572
120000       148.688323
130000       148.658818
Computing instanton...
130000       149.045885
120000       149.349105
130000        149.54688
120000       149.931974
120000        149.90891
120000       150.772574
130000       151.988376
120000       152.841536
130000       153.038884
120000       153.528028
120000        153.87313
120000       153.593566
120000       153.711759
130000       154.292065
130000       154.791565
Computing instanton...
120000       155.562535
140000       155.924119
140000       156.398969
140000       157.014417
Computing instanton...
140000       158.486306
140000       158.661189
130000       159.209682
140000       159.528934
130000        160.17093
Computing instanton...
130000       160.807493
130000       160.805606
140000       160.997651
130000       162.551305
Computing instanton...
130000       162.442122
140000       163.937609
140000       164.619619
130000       164.763284
140000       164.694718
130000       164.446022
130000        165.34003
130000       165.117176
140000       165.286488
Computing instanton...
130000       166.340709
150000       166.456208
130000       167.669019
150000       167.574178
Computing instanton...
Computing instanton...
Computing instanton...
Computing instanton...
150000       169.161617
150000       169.490252
150000       170.449379
150000       170.740584
140000       171.546482
140000       171.972622
Computing instanton...
150000       172.095842
140000       173.035203
140000       173.538111
140000       173.679843
Computing instanton...
150000       174.764015
150000       175.244678
140000       175.136158
150000       176.255606
160000       176.336691
140000       176.398087
Computing instanton...
140000       177.303558
150000       177.318647
140000       177.580672
140000       177.870424
Computing instanton...
140000       178.440373
140000       177.910129
160000       178.354356
Computing instanton...
160000       178.976193
Computing instanton...
Computing instanton...
160000       180.969259
160000       181.465838
Computing instanton...
150000       183.029444
160000       182.943011
150000        183.87973
Computing instanton...
160000       184.230435
Computing instanton...
150000        185.04336
150000       185.502482
150000       185.996211
160000       186.631769
160000       187.580366
170000       187.527692
150000       188.151867
170000       188.793902
Computing instanton...
150000       189.183844
150000       188.961759
160000       188.946471
150000       188.710326
Computing instanton...
Computing instanton...
Computing instanton...
170000       190.176674
Computing instanton...
Computing instanton...
Computing instanton...
150000       190.218009
150000       191.058494
160000       191.152345
170000       191.805665
170000        191.98243
Computing instanton...
150000       192.269076
170000       192.775957
170000       193.092849
Computing instanton...
160000       194.837753
160000       195.266429
160000       197.096223
Computing instanton...
160000       197.563433
160000       197.933688
170000       197.968771
170000       198.166302
180000       198.168036
Computing instanton...
Computing instanton...
180000       199.227984
170000        199.21495
180000       200.107562
160000       200.190919
160000       199.469774
160000       200.564426
160000       200.876903
Computing instanton...
180000       202.173791
180000        202.42456
180000       203.115517
160000       203.253198
170000       202.840769
Computing instanton...
160000       202.983314
160000       203.617412
180000       203.590931
170000       205.997424
Computing instanton...
180000       207.372207
170000       208.323102
170000       208.917536
180000       208.826542
170000       209.121049
Computing instanton...
190000         208.9844
190000       209.071813
170000       209.592048
180000       209.584899
190000       210.024055
Computing instanton...
190000       211.065601
190000       211.379235
170000       211.637439
Computing instanton...
190000       212.018917
170000       211.963883
170000       212.051304
Computing instanton...
190000        213.46309
170000       213.424727
170000       213.952939
180000       214.622517
170000       215.215702
Computing instanton...
170000        216.45677
180000        216.93928
Computing instanton...
190000       218.069394
190000       218.562302
200000       218.980119
180000       219.632279
200000       219.521969
190000        219.85206
180000       220.878737
200000       220.811483
Computing instanton...
180000       221.393821
180000        221.38487
200000       221.527952
200000       221.826342
200000       222.019477
Computing instanton...
180000       222.822406
180000       222.427896
Computing instanton...
200000       224.835329
180000       224.844823
180000       224.703767
Computing instanton...
Computing instanton...
190000       225.459621
180000       226.132576
Computing instanton...
200000       227.544776
Computing instanton...
180000       228.211436
180000       228.646836
190000        229.56371
210000       229.195517
200000        229.53379
210000       229.327719
200000       229.810456
190000       230.690644
190000       231.009266
210000       231.103912
190000       232.093918
210000       232.105853
210000       232.560978
slurmstepd: error: Step 187016.0 exceeded memory limit (50885236 > 49152000), being killed
srun: Job step aborted: Waiting up to 32 seconds for job step to finish.
190000       233.089538
slurmstepd: error: *** STEP 187016.0 ON hbcomp-007 CANCELLED AT 2018-02-14T18:50:21 ***
slurmstepd: error: Exceeded job memory limit
slurmstepd: error: _test_core_dumping: unexpected format of /proc/5288/stat () bracket missing?
srun: error: hbcomp-007: task 0: Killed
