24000000 0.007 20.0 30 0.0 B 3 1 0.003936 0 55.0 -1 4
Unrecognized MATLAB option "wait".
Unrecognized MATLAB option "minimize".

                            < M A T L A B (R) >
                  Copyright 1984-2017 The MathWorks, Inc.
                   R2017b (9.3.0.713579) 64-bit (glnxa64)
                             September 14, 2017

Unrecognized MATLAB option "wait".
Unrecognized MATLAB option "minimize".

                            < M A T L A B (R) >
                  Copyright 1984-2017 The MathWorks, Inc.
                   R2017b (9.3.0.713579) 64-bit (glnxa64)
                             September 14, 2017

Unrecognized MATLAB option "wait".
Unrecognized MATLAB option "minimize".

                            < M A T L A B (R) >
                  Copyright 1984-2017 The MathWorks, Inc.
                   R2017b (9.3.0.713579) 64-bit (glnxa64)
                             September 14, 2017

Unrecognized MATLAB option "wait".
Unrecognized MATLAB option "minimize".

                            < M A T L A B (R) >
                  Copyright 1984-2017 The MathWorks, Inc.
                   R2017b (9.3.0.713579) 64-bit (glnxa64)
                             September 14, 2017

Unrecognized MATLAB option "wait".
Unrecognized MATLAB option "minimize".

                            < M A T L A B (R) >
                  Copyright 1984-2017 The MathWorks, Inc.
                   R2017b (9.3.0.713579) 64-bit (glnxa64)
                             September 14, 2017

Unrecognized MATLAB option "wait".
Unrecognized MATLAB option "minimize".

                            < M A T L A B (R) >
                  Copyright 1984-2017 The MathWorks, Inc.
                   R2017b (9.3.0.713579) 64-bit (glnxa64)
                             September 14, 2017

Unrecognized MATLAB option "wait".
Unrecognized MATLAB option "minimize".

                            < M A T L A B (R) >
                  Copyright 1984-2017 The MathWorks, Inc.
                   R2017b (9.3.0.713579) 64-bit (glnxa64)
                             September 14, 2017

Unrecognized MATLAB option "wait".
Unrecognized MATLAB option "minimize".

                            < M A T L A B (R) >
                  Copyright 1984-2017 The MathWorks, Inc.
                   R2017b (9.3.0.713579) 64-bit (glnxa64)
                             September 14, 2017

Unrecognized MATLAB option "wait".
Unrecognized MATLAB option "minimize".

                            < M A T L A B (R) >
                  Copyright 1984-2017 The MathWorks, Inc.
                   R2017b (9.3.0.713579) 64-bit (glnxa64)
                             September 14, 2017

Unrecognized MATLAB option "wait".
Unrecognized MATLAB option "minimize".

                            < M A T L A B (R) >
                  Copyright 1984-2017 The MathWorks, Inc.
                   R2017b (9.3.0.713579) 64-bit (glnxa64)
                             September 14, 2017

Unrecognized MATLAB option "wait".
Unrecognized MATLAB option "minimize".

                            < M A T L A B (R) >
                  Copyright 1984-2017 The MathWorks, Inc.
                   R2017b (9.3.0.713579) 64-bit (glnxa64)
                             September 14, 2017

Unrecognized MATLAB option "wait".
Unrecognized MATLAB option "minimize".

                            < M A T L A B (R) >
                  Copyright 1984-2017 The MathWorks, Inc.
                   R2017b (9.3.0.713579) 64-bit (glnxa64)
                             September 14, 2017

Unrecognized MATLAB option "wait".
Unrecognized MATLAB option "minimize".

                            < M A T L A B (R) >
                  Copyright 1984-2017 The MathWorks, Inc.
                   R2017b (9.3.0.713579) 64-bit (glnxa64)
                             September 14, 2017

Unrecognized MATLAB option "wait".
Unrecognized MATLAB option "minimize".

                            < M A T L A B (R) >
                  Copyright 1984-2017 The MathWorks, Inc.
                   R2017b (9.3.0.713579) 64-bit (glnxa64)
                             September 14, 2017

Unrecognized MATLAB option "wait".
Unrecognized MATLAB option "minimize".

                            < M A T L A B (R) >
                  Copyright 1984-2017 The MathWorks, Inc.
                   R2017b (9.3.0.713579) 64-bit (glnxa64)
                             September 14, 2017

Unrecognized MATLAB option "wait".
Unrecognized MATLAB option "minimize".

                            < M A T L A B (R) >
                  Copyright 1984-2017 The MathWorks, Inc.
                   R2017b (9.3.0.713579) 64-bit (glnxa64)
                             September 14, 2017

Unrecognized MATLAB option "wait".
Unrecognized MATLAB option "minimize".

                            < M A T L A B (R) >
                  Copyright 1984-2017 The MathWorks, Inc.
                   R2017b (9.3.0.713579) 64-bit (glnxa64)
                             September 14, 2017

Unrecognized MATLAB option "wait".
Unrecognized MATLAB option "minimize".

                            < M A T L A B (R) >
                  Copyright 1984-2017 The MathWorks, Inc.
                   R2017b (9.3.0.713579) 64-bit (glnxa64)
                             September 14, 2017

Unrecognized MATLAB option "wait".
Unrecognized MATLAB option "minimize".

                            < M A T L A B (R) >
                  Copyright 1984-2017 The MathWorks, Inc.
                   R2017b (9.3.0.713579) 64-bit (glnxa64)
                             September 14, 2017

Unrecognized MATLAB option "wait".
Unrecognized MATLAB option "minimize".

                            < M A T L A B (R) >
                  Copyright 1984-2017 The MathWorks, Inc.
                   R2017b (9.3.0.713579) 64-bit (glnxa64)
                             September 14, 2017

Unrecognized MATLAB option "wait".
Unrecognized MATLAB option "minimize".

                            < M A T L A B (R) >
                  Copyright 1984-2017 The MathWorks, Inc.
                   R2017b (9.3.0.713579) 64-bit (glnxa64)
                             September 14, 2017

Unrecognized MATLAB option "wait".
Unrecognized MATLAB option "minimize".

                            < M A T L A B (R) >
                  Copyright 1984-2017 The MathWorks, Inc.
                   R2017b (9.3.0.713579) 64-bit (glnxa64)
                             September 14, 2017

Unrecognized MATLAB option "wait".
Unrecognized MATLAB option "minimize".

                            < M A T L A B (R) >
                  Copyright 1984-2017 The MathWorks, Inc.
                   R2017b (9.3.0.713579) 64-bit (glnxa64)
                             September 14, 2017

Unrecognized MATLAB option "wait".
Unrecognized MATLAB option "minimize".

                            < M A T L A B (R) >
                  Copyright 1984-2017 The MathWorks, Inc.
                   R2017b (9.3.0.713579) 64-bit (glnxa64)
                             September 14, 2017

 
 
For online documentation, see http://www.mathworks.com/support
For product information, visit www.mathworks.com.
 
For online documentation, see http://www.mathworks.com/support
For product information, visit www.mathworks.com.
 
 
 
For online documentation, see http://www.mathworks.com/support
For product information, visit www.mathworks.com.
 
For online documentation, see http://www.mathworks.com/support
For product information, visit www.mathworks.com.
 
 
 
For online documentation, see http://www.mathworks.com/support
For product information, visit www.mathworks.com.
 
For online documentation, see http://www.mathworks.com/support
For product information, visit www.mathworks.com.
 
 
For online documentation, see http://www.mathworks.com/support
For product information, visit www.mathworks.com.
 
 
For online documentation, see http://www.mathworks.com/support
For product information, visit www.mathworks.com.
 
 
For online documentation, see http://www.mathworks.com/support
For product information, visit www.mathworks.com.
 
 
 
For online documentation, see http://www.mathworks.com/support
For product information, visit www.mathworks.com.
 
For online documentation, see http://www.mathworks.com/support
For product information, visit www.mathworks.com.
 
 
For online documentation, see http://www.mathworks.com/support
For product information, visit www.mathworks.com.
 
 
For online documentation, see http://www.mathworks.com/support
 
For product information, visit www.mathworks.com.
 
For online documentation, see http://www.mathworks.com/support
For product information, visit www.mathworks.com.
 
 
For online documentation, see http://www.mathworks.com/support
For product information, visit www.mathworks.com.
 
 
For online documentation, see http://www.mathworks.com/support
For product information, visit www.mathworks.com.
 
 
 
For online documentation, see http://www.mathworks.com/support
For online documentation, see http://www.mathworks.com/support
For product information, visit www.mathworks.com.
 
For product information, visit www.mathworks.com.
 
 
 
For online documentation, see http://www.mathworks.com/support
For product information, visit www.mathworks.com.
 
For online documentation, see http://www.mathworks.com/support
For product information, visit www.mathworks.com.
 
 
For online documentation, see http://www.mathworks.com/support
For product information, visit www.mathworks.com.
 
 
 
For online documentation, see http://www.mathworks.com/support
For product information, visit www.mathworks.com.
 
For online documentation, see http://www.mathworks.com/support
For product information, visit www.mathworks.com.
 
 
For online documentation, see http://www.mathworks.com/support
For product information, visit www.mathworks.com.
 
outfile: ../data/out_0007/.worker_0.txt
outfile: ../data/out_0007/.worker_7.txt
outfile: ../data/out_0007/.worker_18.txt
outfile: ../data/out_0007/.worker_2.txt
outfile: ../data/out_0007/.worker_11.txt
outfile: ../data/out_0007/.worker_8.txt
outfile: ../data/out_0007/.worker_21.txt
outfile: ../data/out_0007/.worker_10.txt
outfile: ../data/out_0007/.worker_16.txt
outfile: ../data/out_0007/.worker_6.txt
outfile: ../data/out_0007/.worker_23.txt
outfile: ../data/out_0007/.worker_12.txt
outfile: ../data/out_0007/.worker_22.txt
outfile: ../data/out_0007/.worker_17.txt
outfile: ../data/out_0007/.worker_1.txt
outfile: ../data/out_0007/.worker_9.txt
outfile: ../data/out_0007/.worker_3.txt
outfile: ../data/out_0007/.worker_13.txt
outfile: ../data/out_0007/.worker_15.txt
outfile: ../data/out_0007/.worker_5.txt
outfile: ../data/out_0007/.worker_19.txt
outfile: ../data/out_0007/.worker_20.txt
outfile: ../data/out_0007/.worker_4.txt
outfile: ../data/out_0007/.worker_14.txt
Computing instanton...
Computing instanton...
Computing instanton...
Computing instanton...
Computing instanton...
Computing instanton...
Computing instanton...
Computing instanton...
10000       50.187087
10000       50.367129
10000       51.491186
10000       52.331598
10000       53.266915
10000       53.535676
10000        53.99865
10000       54.199652
Computing instanton...
10000       55.083619
10000       55.323976
10000       55.609393
10000       55.696675
10000       55.822015
10000       55.974556
10000       55.973806
10000       56.570962
10000       57.276151
10000       57.558233
10000       57.685275
10000       58.024819
10000       58.112746
Computing instanton...
10000       58.610241
Computing instanton...
10000       59.468832
Computing instanton...
10000       62.132926
Computing instanton...
Computing instanton...
Computing instanton...
Computing instanton...
Computing instanton...
Computing instanton...
Computing instanton...
20000       99.804165
20000      102.252578
20000      103.137389
20000      103.445232
20000      103.752952
20000        104.6393
Computing instanton...
20000      104.859776
20000      104.865465
20000      105.132436
20000      106.175809
20000      106.656483
20000      106.752004
20000      107.142224
20000      107.984374
20000      108.199222
20000      108.538557
20000      108.450228
20000      108.375755
20000      109.008741
Computing instanton...
20000      109.523748
20000      111.257445
20000      111.628055
Computing instanton...
20000      112.373211
20000      115.193171
Computing instanton...
Computing instanton...
Computing instanton...
Computing instanton...
Computing instanton...
Computing instanton...
Computing instanton...
Computing instanton...
30000      147.251982
30000      150.814379
30000      153.217029
30000      153.733709
30000      154.401614
30000      155.015789
30000      155.375448
30000      155.486062
Computing instanton...
30000      156.528014
30000      156.703557
30000       157.04881
30000      157.043409
30000      157.714626
30000      158.238376
30000      158.543619
30000      158.706297
30000      159.130404
30000      159.963318
30000      160.467029
Computing instanton...
30000      160.744725
30000      161.601565
30000      161.775475
30000      162.740657
Computing instanton...
30000      167.293922
Computing instanton...
Computing instanton...
Computing instanton...
Computing instanton...
Computing instanton...
Computing instanton...
40000      196.203488
40000       199.99123
Computing instanton...
Computing instanton...
40000      202.522192
40000      204.322833
Computing instanton...
40000      206.480078
40000      207.031967
40000      207.420755
40000      207.733936
40000      208.581795
40000      209.047945
40000      209.449978
40000      210.590167
40000      210.578735
40000      210.856569
40000      211.127602
40000      211.265805
40000      211.846501
40000      212.058755
40000      212.688399
Computing instanton...
40000      214.787144
40000      215.273779
Computing instanton...
40000      216.797784
40000      217.252942
40000      219.050392
Computing instanton...
Computing instanton...
Computing instanton...
50000      239.500418
Computing instanton...
Computing instanton...
Computing instanton...
50000      252.021291
50000      252.229835
Computing instanton...
50000      254.024243
50000      256.829623
50000      257.206177
50000      257.739253
50000      258.278146
50000       259.25099
50000      260.244841
50000       260.51306
50000      261.522328
50000      261.383335
Computing instanton...
50000      263.630937
50000      263.938527
50000      264.064003
50000      265.028468
50000      265.563979
50000      265.570399
50000       266.16176
50000      268.196735
Computing instanton...
Computing instanton...
50000      270.081968
50000      272.475793
Computing instanton...
50000      276.267804
Computing instanton...
Computing instanton...
60000       292.12116
60000      299.651679
Computing instanton...
60000      304.640546
Computing instanton...
60000      306.678067
60000      306.592515
60000      307.561467
60000      309.046473
60000      310.274244
Computing instanton...
Computing instanton...
60000      311.081086
60000      311.370124
60000      311.741804
60000      313.680828
60000      314.404184
60000      314.406094
60000      315.326857
60000      316.023513
Computing instanton...
60000      316.955894
60000      317.442763
60000      317.985696
60000      318.151428
60000      319.765177
60000      319.446221
Computing instanton...
60000      327.090792
60000      329.008208
Computing instanton...
Computing instanton...
Computing instanton...
Computing instanton...
Computing instanton...
Computing instanton...
70000      341.678381
70000      348.877038
Computing instanton...
Computing instanton...
Computing instanton...
Computing instanton...
70000      355.087344
70000      356.206406
70000      356.685561
70000       357.17732
70000      357.212976
70000      358.543782
70000      359.385224
70000       361.06383
70000      362.110206
70000      363.656409
70000      363.782968
70000      364.530047
70000      365.437046
70000      365.891494
70000      366.714163
70000      367.567468
70000      367.354871
Computing instanton...
Computing instanton...
70000       368.75734
70000      369.404321
70000      373.315028
Computing instanton...
Computing instanton...
70000      378.611929
Computing instanton...
Computing instanton...
70000      381.728556
Computing instanton...
Computing instanton...
Computing instanton...
80000      396.367469
80000      396.236245
Computing instanton...
Computing instanton...
Computing instanton...
80000      403.231334
80000      405.922426
Computing instanton...
80000      409.144467
80000      409.673648
80000      410.468607
80000      410.624504
80000      411.278469
80000       411.76771
Computing instanton...
80000      412.505073
80000      412.829863
80000      413.140948
80000      413.373443
80000      414.087839
80000      417.479664
80000      419.982989
80000      420.833036
80000      421.525747
80000      422.516769
80000       422.77757
Computing instanton...
80000      426.401775
Computing instanton...
Computing instanton...
Computing instanton...
80000      436.451528
Computing instanton...
80000      438.197092
Computing instanton...
90000      444.015347
90000      451.253043
Computing instanton...
90000      459.003174
90000      459.623939
90000      461.939043
90000      462.568884
90000      463.381416
90000      463.973342
90000         465.223
90000       465.52814
90000      465.628999
90000      466.012248
Computing instanton...
90000       470.57191
Computing instanton...
90000      470.938889
90000      471.643164
90000      471.504902
90000      471.830173
90000      472.982726
90000       474.43674
Computing instanton...
Computing instanton...
90000      476.212134
90000       477.90212
90000         479.428
Computing instanton...
90000      488.794921
90000      489.387302
Computing instanton...
Computing instanton...
100000       495.330454
Computing instanton...
100000       502.187232
100000        506.17813
100000       507.844098
100000       510.912018
100000       510.978756
100000       511.471233
Computing instanton...
100000        514.25629
100000       514.554236
100000       516.083656
100000       516.634649
100000       518.225333
100000       518.998644
100000       519.699289
100000       519.856041
100000       521.330557
100000       521.508898
100000       522.254352
Computing instanton...
100000       527.092624
100000       528.807761
Computing instanton...
100000       530.037207
100000       531.109493
100000       538.863797
Computing instanton...
Computing instanton...
100000        543.94695
110000       545.567533
Computing instanton...
Computing instanton...
110000       552.693175
Computing instanton...
110000       554.067922
Computing instanton...
Computing instanton...
110000       558.828615
110000       559.875187
110000       559.827327
110000        561.28476
110000       561.879035
110000       562.375553
110000       563.184657
110000        564.27525
Computing instanton...
110000       566.031219
Computing instanton...
110000       567.947511
110000        569.23615
110000       569.805947
110000       570.391153
110000       571.088081
Computing instanton...
110000       574.976844
110000       575.891721
110000       578.121658
110000       579.848771
110000       583.710993
Computing instanton...
110000       590.275217
120000       596.465087
110000       597.289202
Computing instanton...
120000       602.739905
Computing instanton...
Computing instanton...
120000       608.253484
120000       608.315049
120000       608.598427
120000        609.27455
120000       610.581937
120000       611.177923
120000       613.052012
120000       613.281634
Computing instanton...
120000       614.824657
120000        618.65288
Computing instanton...
120000       619.941641
120000       620.201411
120000       620.216658
120000       621.245745
120000       622.212739
Computing instanton...
120000       622.500939
Computing instanton...
120000       629.226588
120000       631.636068
120000        633.69354
120000       637.180978
120000       638.543295
Computing instanton...
Computing instanton...
120000       642.513336
Computing instanton...
Computing instanton...
130000       644.439116
Computing instanton...
Computing instanton...
130000       649.336693
130000       653.632652
Computing instanton...
Computing instanton...
130000       657.873206
Computing instanton...
130000       658.374109
130000       659.295961
130000       659.220207
130000        660.24625
130000       660.650076
130000       661.317597
130000       663.715455
Computing instanton...
130000       666.274971
Computing instanton...
Computing instanton...
130000       666.946958
130000        668.81141
130000       670.728284
130000       671.117693
Computing instanton...
130000       673.515465
130000       674.044895
Computing instanton...
130000       679.498596
130000       679.862558
Computing instanton...
130000        681.63889
130000       684.692223
130000       690.469648
140000       693.663386
130000       696.553302
Computing instanton...
Computing instanton...
140000       700.878188
Computing instanton...
140000       701.587007
140000       703.068731
Computing instanton...
140000       705.046075
140000       707.509969
Computing instanton...
140000       709.194974
140000       709.765955
140000        710.02562
140000       712.067127
Computing instanton...
140000       714.329703
Computing instanton...
140000       715.255395
Computing instanton...
140000       718.944032
140000       721.184436
140000       721.280673
140000       724.133422
140000       725.642379
140000       725.559777
Computing instanton...
140000        730.40613
Computing instanton...
140000       731.379466
Computing instanton...
140000       733.290416
140000        734.08078
Computing instanton...
Computing instanton...
Computing instanton...
140000       737.067446
Computing instanton...
Computing instanton...
140000       746.580512
150000       746.997493
Computing instanton...
150000       751.110948
150000       752.908247
150000       753.624824
Computing instanton...
Computing instanton...
150000       757.104885
Computing instanton...
150000       758.663515
150000       758.844407
Computing instanton...
150000       760.411076
150000       760.790966
150000       761.811266
150000       762.506068
150000       764.419679
Computing instanton...
Computing instanton...
150000       768.751837
150000       770.187551
Computing instanton...
150000       771.855052
150000       773.488051
150000       775.874318
150000       778.606581
Computing instanton...
150000       779.153227
150000       781.543349
150000       782.247551
150000        783.33502
150000       784.592344
Computing instanton...
Computing instanton...
160000       792.856168
Computing instanton...
Computing instanton...
150000       796.703639
Computing instanton...
160000        801.09326
160000        801.97493
Computing instanton...
Computing instanton...
160000       806.772754
160000       807.441479
Computing instanton...
160000       807.619975
160000       808.227101
160000       809.377446
160000       810.740422
160000       811.800012
160000       812.525948
Computing instanton...
160000       814.607289
Computing instanton...
160000       817.734344
160000       819.877867
160000       821.870181
160000       822.873108
Computing instanton...
160000       826.138575
160000       827.800692
Computing instanton...
Computing instanton...
Computing instanton...
160000       830.477716
160000       832.245127
160000       832.549156
160000       834.095325
160000       836.007255
170000       839.952581
Computing instanton...
160000       845.035707
Computing instanton...
Computing instanton...
Computing instanton...
170000       850.460058
170000       852.815102
170000       854.004329
170000         855.1193
170000       857.438835
170000       861.759799
Computing instanton...
170000       862.308658
170000       862.328596
170000       862.581992
170000       863.678456
Computing instanton...
170000        869.78012
170000       869.965943
170000       870.402833
Computing instanton...
Computing instanton...
170000       874.534715
170000       874.731795
Computing instanton...
Computing instanton...
Computing instanton...
170000       878.439873
Computing instanton...
170000       879.770735
Computing instanton...
170000       883.455247
Computing instanton...
170000       884.010723
170000       883.657737
170000       884.490261
170000       887.152078
Computing instanton...
Computing instanton...
180000       891.158131
Computing instanton...
170000       896.977803
Computing instanton...
Computing instanton...
180000       905.641048
Computing instanton...
180000       905.835605
180000       906.151124
180000       906.965547
180000       907.622385
Computing instanton...
180000       911.942653
180000       912.684216
180000       913.027933
180000       913.454836
180000       917.179514
Computing instanton...
180000       919.010245
180000       919.177207
Computing instanton...
180000       923.867053
180000       926.766035
180000       927.225727
180000       928.514314
180000       929.804164
180000       930.121042
180000       931.748534
180000       932.597515
180000       935.295309
Computing instanton...
180000       938.967795
190000       940.462479
Computing instanton...
180000       951.042789
190000       954.108215
190000       955.372809
190000       955.928305
190000       957.907223
190000       958.819598
190000       960.762779
190000       961.896025
190000       962.200259
190000       964.900086
Computing instanton...
190000       966.969588
190000       968.003759
Computing instanton...
190000       970.497779
Computing instanton...
190000       975.886251
190000       975.827821
190000       976.570849
190000       977.656095
190000       977.521485
Computing instanton...
190000       978.705893
190000       980.154427
190000       981.057623
Computing instanton...
190000       983.697116
Computing instanton...
Computing instanton...
Computing instanton...
Computing instanton...
Computing instanton...
200000       989.730451
190000       992.535484
Computing instanton...
Computing instanton...
Computing instanton...
190000        999.56939
200000      1002.724778
200000      1003.533313
200000      1003.552945
200000      1004.735166
200000      1005.163977
Computing instanton...
Computing instanton...
Computing instanton...
200000      1011.695338
200000      1012.468742
200000      1014.518238
200000      1016.400117
200000      1016.815715
Computing instanton...
200000      1018.629335
200000      1019.672136
Computing instanton...
200000      1024.762566
200000      1025.275069
Computing instanton...
Computing instanton...
200000      1028.824848
200000      1028.926146
200000      1029.151183
200000      1029.336895
200000      1031.083741
200000      1032.483212
Computing instanton...
200000      1037.439395
210000      1038.578219
200000      1043.968578
Computing instanton...
Computing instanton...
200000      1046.264343
210000      1048.806077
Computing instanton...
210000       1050.38387
210000      1054.522032
210000      1054.420668
Computing instanton...
210000      1058.519239
210000      1063.954077
210000      1064.520465
210000      1065.458403
210000      1065.687021
Computing instanton...
210000      1068.045906
210000      1067.923814
210000      1071.641073
210000      1072.567374
210000       1076.50968
210000      1078.145068
210000      1078.205648
210000      1079.383456
210000      1081.593512
210000       1081.75873
Computing instanton...
210000      1084.370095
Computing instanton...
220000      1089.412487
210000      1090.049693
210000      1092.332371
Computing instanton...
210000      1095.696919
220000      1096.043779
Computing instanton...
220000      1098.500795
220000       1100.09468
Computing instanton...
Computing instanton...
220000      1103.275865
220000      1105.213515
Computing instanton...
220000      1109.227146
Computing instanton...
220000      1110.486099
220000      1113.675111
220000      1116.425281
220000      1116.505683
Computing instanton...
220000      1117.140783
220000      1118.718069
Computing instanton...
220000      1121.675745
220000      1124.210337
220000      1126.081428
220000      1128.447875
220000      1128.708237
220000      1130.470504
220000      1130.639055
Computing instanton...
220000      1132.781252
Computing instanton...
230000      1138.117243
220000       1138.79387
Computing instanton...
220000      1143.688112
Computing instanton...
Computing instanton...
220000      1147.573616
230000      1148.285176
230000      1149.587435
Computing instanton...
230000      1152.870004
Computing instanton...
230000      1154.386432
Computing instanton...
230000      1157.188038
230000       1158.19364
Computing instanton...
230000      1161.610502
Computing instanton...
230000      1164.265854
230000      1166.021329
230000      1166.093102
230000      1167.831468
Computing instanton...
230000      1169.110999
Computing instanton...
230000      1172.830307
230000      1173.787959
230000      1177.073567
230000      1178.383788
230000      1179.820749
230000      1181.042056
Computing instanton...
230000      1183.649014
230000      1184.352598
230000      1184.215325
240000      1187.191945
230000       1196.01463
Computing instanton...
240000       1200.25366
240000      1200.688244
240000      1201.640604
240000      1201.732335
230000      1205.850792
240000      1206.446069
Computing instanton...
240000      1210.846308
240000      1211.720683
240000      1212.506779
Computing instanton...
Computing instanton...
240000      1216.437241
240000      1216.417508
240000      1216.993097
240000      1218.931233
240000       1222.14122
240000      1224.320159
240000      1226.582544
Computing instanton...
240000      1229.309679
Computing instanton...
240000      1231.615773
240000      1233.508761
250000       1233.32693
240000       1235.65965
Computing instanton...
240000      1238.817341
240000      1241.448803
250000       1248.04636
250000      1248.170837
250000      1249.740695
240000      1251.528511
250000      1251.425316
240000       1253.26422
250000      1255.990658
Computing instanton...
Computing instanton...
250000      1259.660956
Computing instanton...
250000      1261.563402
250000      1261.660799
250000      1263.434478
Computing instanton...
Computing instanton...
250000      1266.319637
250000      1266.962843
250000      1268.585635
Computing instanton...
250000      1272.732302
Computing instanton...
Computing instanton...
Computing instanton...
250000      1276.505059
250000        1277.6932
250000        1279.2983
Computing instanton...
Computing instanton...
Computing instanton...
250000      1281.751163
250000      1282.576509
Computing instanton...
250000      1284.313593
260000      1287.677171
250000      1289.978507
Computing instanton...
260000      1296.557785
250000      1297.339671
260000      1297.674533
250000      1300.292077
250000      1301.078006
260000      1302.468538
Computing instanton...
260000      1303.521001
260000       1305.05773
260000      1305.745102
Computing instanton...
260000      1312.596539
Computing instanton...
260000      1313.737079
260000      1313.888148
260000      1315.934341
260000      1316.641913
260000       1319.36149
260000      1320.312162
Computing instanton...
260000      1324.646733
Computing instanton...
260000      1329.342043
260000      1329.549491
260000      1331.496717
260000      1332.156741
260000      1334.951285
Computing instanton...
270000      1339.309976
Computing instanton...
260000       1341.00109
270000      1344.065211
Computing instanton...
Computing instanton...
260000      1348.634751
Computing instanton...
260000       1351.22173
270000      1351.730188
Computing instanton...
270000      1353.759243
260000       1354.28094
Computing instanton...
Computing instanton...
270000      1355.207712
270000      1356.027621
270000      1358.371784
270000      1358.914877
270000      1362.609484
270000      1363.895478
270000      1364.174456
270000      1365.992704
270000      1368.430083
270000       1369.02512
270000      1377.726683
Computing instanton...
270000      1378.729761
270000      1378.811345
Computing instanton...
270000      1380.142852
270000      1382.657778
270000      1385.081833
Computing instanton...
270000       1390.32265
280000       1390.99018
280000       1392.53982
Computing instanton...
Computing instanton...
Computing instanton...
280000      1398.808268
280000      1400.816535
270000      1401.988229
270000      1403.277847
270000      1403.525275
280000      1404.006482
280000      1404.348135
Computing instanton...
Computing instanton...
280000      1409.962771
280000      1410.609848
280000      1410.507179
280000      1413.389641
280000       1415.61457
280000      1416.486285
Computing instanton...
280000      1418.479523
Computing instanton...
Computing instanton...
Computing instanton...
280000      1420.378051
Computing instanton...
280000      1424.973154
280000      1427.113716
280000      1428.403688
280000      1429.124429
280000      1431.910465
Computing instanton...
280000      1436.277117
Computing instanton...
280000      1438.331644
290000      1443.365641
Computing instanton...
290000      1446.493442
280000      1449.316923
290000      1449.846824
280000      1450.119634
290000      1451.157394
290000      1453.870276
290000      1455.034783
Computing instanton...
Computing instanton...
Computing instanton...
280000      1457.013145
290000      1459.097239
290000      1461.662233
Computing instanton...
290000      1463.710769
290000      1465.255357
290000      1465.909578
290000      1466.584893
Computing instanton...
Computing instanton...
290000      1468.850904
Computing instanton...
290000      1469.138381
290000      1475.113651
290000      1476.135205
Computing instanton...
Computing instanton...
290000      1478.432046
290000      1481.351654
290000      1482.068811
Computing instanton...
Computing instanton...
Computing instanton...
290000      1485.664404
290000      1486.485768
Computing instanton...
300000      1490.021696
Computing instanton...
300000      1495.251164
Computing instanton...
290000      1496.249215
Computing instanton...
300000      1496.887515
Computing instanton...
300000      1501.251607
300000      1502.817552
290000      1503.830224
290000      1505.536701
300000       1507.90533
300000       1508.29639
300000      1511.191121
300000      1511.197449
Computing instanton...
Computing instanton...
300000        1513.2995
300000      1515.390555
300000      1518.410224
300000      1518.594471
300000      1519.344612
300000      1523.335671
Computing instanton...
300000      1527.913218
300000      1529.688453
300000      1529.583153
300000      1530.014471
Computing instanton...
300000      1535.203184
300000      1535.664013
Computing instanton...
310000      1544.078911
300000      1545.079751
310000      1545.527413
Computing instanton...
310000       1547.11896
Computing instanton...
310000      1550.631025
310000      1551.103584
300000      1553.663436
Computing instanton...
300000      1554.751845
310000       1556.51259
310000      1556.967877
310000      1560.406594
Computing instanton...
310000      1562.997382
310000      1565.004137
310000      1565.828899
Computing instanton...
310000      1567.588008
310000      1568.598642
310000      1569.881424
Computing instanton...
310000      1571.884049
310000      1575.964195
310000      1577.157738
Computing instanton...
310000      1581.507725
310000      1583.286426
Computing instanton...
310000      1589.076468
Computing instanton...
Computing instanton...
310000      1591.241793
310000      1595.490516
320000      1595.317084
320000       1596.48608
Computing instanton...
320000       1598.16853
Computing instanton...
320000      1601.132779
310000      1602.545556
Computing instanton...
320000       1605.02112
Computing instanton...
320000      1605.771153
310000      1606.751074
320000      1608.369829
320000      1609.482321
320000      1610.887866
Computing instanton...
320000      1613.365951
320000      1617.156378
320000      1617.338847
320000      1618.758766
320000      1620.300689
320000      1622.096119
320000      1622.601617
320000      1628.780357
320000      1629.384496
Computing instanton...
320000      1632.441347
Computing instanton...
Computing instanton...
Computing instanton...
Computing instanton...
320000      1639.401515
320000      1640.498774
330000      1643.108858
Computing instanton...
320000      1646.872831
330000       1646.87638
330000      1648.889679
330000      1650.363337
320000      1653.935093
Computing instanton...
320000      1655.755709
330000      1656.343478
330000      1657.006963
330000      1657.245152
330000      1660.896509
330000      1661.242317
330000      1664.060865
330000      1667.703232
330000      1668.528774
330000      1669.046658
330000      1669.223924
330000      1669.933815
330000      1672.510221
Computing instanton...
330000      1679.342491
330000      1681.406342
330000      1683.264964
330000       1684.78026
Computing instanton...
Computing instanton...
330000      1692.127656
340000      1693.029329
Computing instanton...
340000      1694.744195
340000      1697.119964
340000      1697.143511
Computing instanton...
330000      1701.636301
Computing instanton...
Computing instanton...
Computing instanton...
330000      1702.802372
330000      1703.684336
340000      1704.822312
340000      1705.441505
340000      1706.153224
Computing instanton...
340000       1707.43182
340000      1710.865438
Computing instanton...
340000      1713.695623
340000      1714.147107
Computing instanton...
340000      1717.357825
340000      1718.674977
340000      1719.226928
340000      1721.623502
340000      1722.864824
Computing instanton...
Computing instanton...
340000      1727.187602
340000      1729.119584
340000      1730.652054
Computing instanton...
Computing instanton...
340000      1742.946325
340000      1743.239164
Computing instanton...
350000      1743.954561
350000      1744.789436
350000       1745.20625
350000      1745.351712
340000      1748.182519
Computing instanton...
340000      1750.447907
350000      1753.578019
340000      1753.715968
350000      1754.605279
Computing instanton...
350000      1757.728211
350000      1758.297747
Computing instanton...
350000      1761.319799
350000       1761.69063
350000      1764.861686
350000      1765.694713
350000      1769.338861
350000      1771.420763
350000      1771.877594
350000      1773.125258
350000      1774.357009
350000       1779.96998
Computing instanton...
350000      1782.196313
Computing instanton...
Computing instanton...
360000      1793.781684
350000      1794.021638
360000      1796.623122
350000      1797.357991
350000      1797.605255
360000      1797.825513
350000      1797.777513
360000      1798.839487
Computing instanton...
Computing instanton...
Computing instanton...
360000      1803.027188
360000      1803.071477
360000      1804.682463
Computing instanton...
350000       1806.16453
360000      1808.765814
360000      1811.771596
Computing instanton...
360000      1812.441275
360000      1815.934219
Computing instanton...
360000      1817.200911
Computing instanton...
360000      1820.163489
Computing instanton...
360000      1820.602408
Computing instanton...
Computing instanton...
360000      1823.041442
Computing instanton...
Computing instanton...
360000       1828.38448
Computing instanton...
360000      1828.155037
360000       1828.74633
360000      1828.834682
Computing instanton...
Computing instanton...
Computing instanton...
Computing instanton...
360000      1846.179817
370000      1846.105296
360000      1846.239632
370000      1847.186323
370000      1847.930735
Computing instanton...
360000      1849.366958
Computing instanton...
370000      1850.414267
360000      1851.771516
370000      1852.024783
370000      1852.837028
360000      1854.719905
370000      1855.314599
Computing instanton...
370000      1858.425844
370000      1860.122177
Computing instanton...
Computing instanton...
370000      1865.213977
Computing instanton...
370000      1865.505686
370000      1867.221605
370000      1868.220517
370000      1869.371349
Computing instanton...
370000      1875.167757
370000      1876.360784
370000      1880.432517
370000      1880.737249
370000      1881.986439
Computing instanton...
Computing instanton...
Computing instanton...
Computing instanton...
380000      1894.525686
380000      1895.185916
370000      1896.621313
380000       1897.84513
370000      1898.429462
Computing instanton...
370000      1899.382042
380000      1900.141021
380000      1900.700964
370000      1902.313433
380000      1903.321959
Computing instanton...
370000      1904.842334
380000      1905.973103
380000      1908.327018
380000      1911.264072
Computing instanton...
Computing instanton...
380000      1913.436909
380000      1914.737711
380000      1914.751299
380000      1914.794188
380000      1918.403014
Computing instanton...
Computing instanton...
Computing instanton...
380000      1925.385724
380000      1926.376803
380000      1930.102255
380000      1931.352872
380000      1931.768223
Computing instanton...
Computing instanton...
Computing instanton...
Computing instanton...
380000      1944.231159
Computing instanton...
390000      1946.596834
390000      1947.540913
390000      1947.962439
Computing instanton...
390000      1949.602762
380000      1951.531531
380000       1951.50663
390000      1952.092478
390000       1952.04374
Computing instanton...
380000      1952.935817
380000       1952.79953
Computing instanton...
390000      1955.310064
390000      1958.529347
390000      1958.559785
Computing instanton...
390000      1960.816836
390000      1961.277151
390000       1964.20221
390000      1965.031099
390000       1966.60406
Computing instanton...
390000      1969.851167
390000       1975.89816
Computing instanton...
Computing instanton...
390000      1979.780139
Computing instanton...
390000      1981.056495
Computing instanton...
390000      1982.100224
Computing instanton...
Computing instanton...
390000      1990.956991
Computing instanton...
400000      1995.798823
400000      1996.531128
400000      1999.458189
400000      2000.088201
390000      2001.157794
400000      2001.918907
400000       2002.33004
390000      2002.447217
390000      2003.956961
390000      2005.665738
400000      2007.235897
Computing instanton...
400000      2007.981692
400000      2009.949859
400000      2010.655625
400000      2011.759518
400000      2013.087824
400000       2014.88191
Computing instanton...
400000      2018.770982
400000      2020.059135
Computing instanton...
400000      2029.102679
Computing instanton...
400000      2030.024003
400000      2030.619658
400000      2033.565642
Computing instanton...
Computing instanton...
Computing instanton...
Computing instanton...
400000      2041.354214
410000      2044.524254
410000      2044.577662
410000      2045.714366
Computing instanton...
410000       2049.99128
Computing instanton...
410000      2052.228675
400000      2053.546594
410000      2053.495774
400000       2054.38699
400000      2056.089558
410000      2056.247176
Computing instanton...
410000      2058.609469
400000      2058.590196
Computing instanton...
410000      2060.422946
410000        2060.8062
410000      2061.776758
410000      2062.924555
410000      2063.527971
410000      2066.956464
Computing instanton...
Computing instanton...
410000      2071.072074
Computing instanton...
410000      2077.784621
Computing instanton...
Computing instanton...
410000      2081.110774
410000      2081.754946
Computing instanton...
Computing instanton...
410000       2083.43762
Computing instanton...
410000      2092.942883
420000       2094.86832
Computing instanton...
420000      2095.532876
Computing instanton...
Computing instanton...
420000      2098.944764
420000      2099.603948
420000      2100.782734
410000      2102.446238
410000      2102.897916
420000       2103.32861
420000      2103.492883
Computing instanton...
420000      2106.194386
410000      2108.263779
410000       2108.80448
420000      2110.711332
420000      2111.151853
Computing instanton...
420000      2111.766132
420000        2112.3471
420000      2112.926354
420000      2114.313033
Computing instanton...
420000      2124.767169
Computing instanton...
420000      2126.844203
Computing instanton...
420000       2129.29877
420000      2132.480649
420000      2134.556075
Computing instanton...
420000      2140.614353
430000      2143.063556
Computing instanton...
430000      2146.433229
430000      2146.823964
430000      2148.094366
430000       2150.86979
420000      2151.297238
420000      2151.561668
430000      2152.515585
Computing instanton...
430000      2155.725678
Computing instanton...
Computing instanton...
420000      2158.098308
430000       2158.14827
430000      2158.526238
430000      2159.110783
420000      2159.069307
430000      2159.508728
Computing instanton...
430000      2162.347869
430000      2163.698909
430000      2166.675473
Computing instanton...
Computing instanton...
Computing instanton...
Computing instanton...
Computing instanton...
430000      2176.240764
430000      2176.579257
430000      2181.084728
430000      2181.888323
430000       2188.96142
Computing instanton...
430000      2190.855075
440000      2192.811216
Computing instanton...
Computing instanton...
440000      2196.072973
440000      2196.471899
440000      2196.499661
Computing instanton...
430000      2201.840217
430000      2204.139088
Computing instanton...
430000      2205.412793
440000      2205.396068
440000      2206.031164
440000      2207.548121
440000      2207.906745
440000       2208.65772
440000      2208.824659
440000      2210.515998
Computing instanton...
440000      2212.698532
430000      2215.297458
Computing instanton...
440000      2217.737367
440000      2217.574566
440000      2224.149781
440000      2226.638261
440000       2229.50825
440000      2233.129196
Computing instanton...
440000      2236.674189
440000      2236.746476
450000      2240.344818
450000      2242.704019
450000      2245.456738
450000      2245.942805
Computing instanton...
Computing instanton...
Computing instanton...
440000      2253.246243
440000      2253.723113
450000      2254.067687
Computing instanton...
Computing instanton...
450000       2258.04011
440000      2258.249426
450000      2259.606632
Computing instanton...
Computing instanton...
450000      2260.557573
Computing instanton...
450000      2262.068258
440000      2262.787129
450000      2264.259743
450000      2267.158195
450000      2270.144296
450000      2271.067227
450000      2270.937897
Computing instanton...
450000      2274.288209
Computing instanton...
450000      2281.445619
450000      2281.176789
450000      2284.370758
450000      2287.486676
460000      2289.168862
Computing instanton...
460000      2290.272284
460000      2292.183429
460000      2296.799263
450000        2299.7257
450000      2299.828342
450000      2303.560566
460000       2304.52667
460000      2305.410778
460000       2306.22118
460000      2306.727305
Computing instanton...
460000      2312.304176
460000      2313.326052
Computing instanton...
460000      2313.902129
Computing instanton...
450000      2313.902861
Computing instanton...
Computing instanton...
460000      2317.010689
460000      2317.064521
460000      2317.534597
460000      2323.028854
Computing instanton...
460000      2326.903979
460000      2327.737656
Computing instanton...
460000      2335.503693
Computing instanton...
460000      2337.858081
470000      2338.200238
470000      2339.446353
470000      2340.050114
470000      2341.697128
Computing instanton...
Computing instanton...
Computing instanton...
460000       2350.51004
Computing instanton...
460000      2350.979974
470000       2352.27194
470000       2352.29613
460000      2352.442497
470000      2353.187645
470000      2358.745674
460000       2359.39591
Computing instanton...
Computing instanton...
Computing instanton...
470000      2360.334316
470000      2360.473845
470000      2361.689967
470000      2362.317472
slurmstepd: error: Step 187013.0 exceeded memory limit (38804036 > 36864000), being killed
srun: Job step aborted: Waiting up to 32 seconds for job step to finish.
slurmstepd: error: *** STEP 187013.0 ON hbcomp-007 CANCELLED AT 2018-02-14T17:54:14 ***
slurmstepd: error: Exceeded job memory limit
srun: error: hbcomp-007: task 0: Killed
