24000000 0.007 2.0 30 0.0 B 3 1 0.003936 0 55.0 -1 4
Unrecognized MATLAB option "wait".
Unrecognized MATLAB option "minimize".

                            < M A T L A B (R) >
                  Copyright 1984-2017 The MathWorks, Inc.
                   R2017b (9.3.0.713579) 64-bit (glnxa64)
                             September 14, 2017

Unrecognized MATLAB option "wait".
Unrecognized MATLAB option "minimize".

                            < M A T L A B (R) >
                  Copyright 1984-2017 The MathWorks, Inc.
                   R2017b (9.3.0.713579) 64-bit (glnxa64)
                             September 14, 2017

Unrecognized MATLAB option "wait".
Unrecognized MATLAB option "minimize".

                            < M A T L A B (R) >
                  Copyright 1984-2017 The MathWorks, Inc.
                   R2017b (9.3.0.713579) 64-bit (glnxa64)
                             September 14, 2017

Unrecognized MATLAB option "wait".
Unrecognized MATLAB option "minimize".

                            < M A T L A B (R) >
                  Copyright 1984-2017 The MathWorks, Inc.
                   R2017b (9.3.0.713579) 64-bit (glnxa64)
                             September 14, 2017

Unrecognized MATLAB option "wait".
Unrecognized MATLAB option "minimize".

                            < M A T L A B (R) >
                  Copyright 1984-2017 The MathWorks, Inc.
                   R2017b (9.3.0.713579) 64-bit (glnxa64)
                             September 14, 2017

Unrecognized MATLAB option "wait".
Unrecognized MATLAB option "minimize".

                            < M A T L A B (R) >
                  Copyright 1984-2017 The MathWorks, Inc.
                   R2017b (9.3.0.713579) 64-bit (glnxa64)
                             September 14, 2017

Unrecognized MATLAB option "wait".
Unrecognized MATLAB option "minimize".

                            < M A T L A B (R) >
                  Copyright 1984-2017 The MathWorks, Inc.
                   R2017b (9.3.0.713579) 64-bit (glnxa64)
                             September 14, 2017

Unrecognized MATLAB option "wait".
Unrecognized MATLAB option "minimize".

                            < M A T L A B (R) >
                  Copyright 1984-2017 The MathWorks, Inc.
                   R2017b (9.3.0.713579) 64-bit (glnxa64)
                             September 14, 2017

Unrecognized MATLAB option "wait".
Unrecognized MATLAB option "minimize".

                            < M A T L A B (R) >
                  Copyright 1984-2017 The MathWorks, Inc.
                   R2017b (9.3.0.713579) 64-bit (glnxa64)
                             September 14, 2017

Unrecognized MATLAB option "wait".
Unrecognized MATLAB option "minimize".

                            < M A T L A B (R) >
                  Copyright 1984-2017 The MathWorks, Inc.
                   R2017b (9.3.0.713579) 64-bit (glnxa64)
                             September 14, 2017

Unrecognized MATLAB option "wait".
Unrecognized MATLAB option "minimize".

                            < M A T L A B (R) >
                  Copyright 1984-2017 The MathWorks, Inc.
                   R2017b (9.3.0.713579) 64-bit (glnxa64)
                             September 14, 2017

Unrecognized MATLAB option "wait".
Unrecognized MATLAB option "minimize".

                            < M A T L A B (R) >
                  Copyright 1984-2017 The MathWorks, Inc.
                   R2017b (9.3.0.713579) 64-bit (glnxa64)
                             September 14, 2017

Unrecognized MATLAB option "wait".
Unrecognized MATLAB option "minimize".

                            < M A T L A B (R) >
                  Copyright 1984-2017 The MathWorks, Inc.
                   R2017b (9.3.0.713579) 64-bit (glnxa64)
                             September 14, 2017

Unrecognized MATLAB option "wait".
Unrecognized MATLAB option "minimize".

                            < M A T L A B (R) >
                  Copyright 1984-2017 The MathWorks, Inc.
                   R2017b (9.3.0.713579) 64-bit (glnxa64)
                             September 14, 2017

Unrecognized MATLAB option "wait".
Unrecognized MATLAB option "minimize".

                            < M A T L A B (R) >
                  Copyright 1984-2017 The MathWorks, Inc.
                   R2017b (9.3.0.713579) 64-bit (glnxa64)
                             September 14, 2017

Unrecognized MATLAB option "wait".
Unrecognized MATLAB option "minimize".

                            < M A T L A B (R) >
                  Copyright 1984-2017 The MathWorks, Inc.
                   R2017b (9.3.0.713579) 64-bit (glnxa64)
                             September 14, 2017

Unrecognized MATLAB option "wait".
Unrecognized MATLAB option "minimize".

                            < M A T L A B (R) >
                  Copyright 1984-2017 The MathWorks, Inc.
                   R2017b (9.3.0.713579) 64-bit (glnxa64)
                             September 14, 2017

Unrecognized MATLAB option "wait".
Unrecognized MATLAB option "minimize".

                            < M A T L A B (R) >
                  Copyright 1984-2017 The MathWorks, Inc.
                   R2017b (9.3.0.713579) 64-bit (glnxa64)
                             September 14, 2017

Unrecognized MATLAB option "wait".
Unrecognized MATLAB option "minimize".

                            < M A T L A B (R) >
                  Copyright 1984-2017 The MathWorks, Inc.
                   R2017b (9.3.0.713579) 64-bit (glnxa64)
                             September 14, 2017

Unrecognized MATLAB option "wait".
Unrecognized MATLAB option "minimize".

                            < M A T L A B (R) >
                  Copyright 1984-2017 The MathWorks, Inc.
                   R2017b (9.3.0.713579) 64-bit (glnxa64)
                             September 14, 2017

Unrecognized MATLAB option "wait".
Unrecognized MATLAB option "minimize".

                            < M A T L A B (R) >
                  Copyright 1984-2017 The MathWorks, Inc.
                   R2017b (9.3.0.713579) 64-bit (glnxa64)
                             September 14, 2017

Unrecognized MATLAB option "wait".
Unrecognized MATLAB option "minimize".

                            < M A T L A B (R) >
                  Copyright 1984-2017 The MathWorks, Inc.
                   R2017b (9.3.0.713579) 64-bit (glnxa64)
                             September 14, 2017

Unrecognized MATLAB option "wait".
Unrecognized MATLAB option "minimize".

                            < M A T L A B (R) >
                  Copyright 1984-2017 The MathWorks, Inc.
                   R2017b (9.3.0.713579) 64-bit (glnxa64)
                             September 14, 2017

Unrecognized MATLAB option "wait".
Unrecognized MATLAB option "minimize".

                            < M A T L A B (R) >
                  Copyright 1984-2017 The MathWorks, Inc.
                   R2017b (9.3.0.713579) 64-bit (glnxa64)
                             September 14, 2017

 
For online documentation, see http://www.mathworks.com/support
For product information, visit www.mathworks.com.
 
 
For online documentation, see http://www.mathworks.com/support
For product information, visit www.mathworks.com.
 
 
For online documentation, see http://www.mathworks.com/support
For product information, visit www.mathworks.com.
 
 
For online documentation, see http://www.mathworks.com/support
For product information, visit www.mathworks.com.
 
 
For online documentation, see http://www.mathworks.com/support
For product information, visit www.mathworks.com.
 
 
 
For online documentation, see http://www.mathworks.com/support
For online documentation, see http://www.mathworks.com/support
For product information, visit www.mathworks.com.
 
For product information, visit www.mathworks.com.
 
 
 
For online documentation, see http://www.mathworks.com/support
For product information, visit www.mathworks.com.
 
For online documentation, see http://www.mathworks.com/support
For product information, visit www.mathworks.com.
 
 
 
For online documentation, see http://www.mathworks.com/support
For product information, visit www.mathworks.com.
 
For online documentation, see http://www.mathworks.com/support
For product information, visit www.mathworks.com.
 
 
For online documentation, see http://www.mathworks.com/support
For product information, visit www.mathworks.com.
 
 
 
For online documentation, see http://www.mathworks.com/support
For product information, visit www.mathworks.com.
 
For online documentation, see http://www.mathworks.com/support
For product information, visit www.mathworks.com.
 
 
For online documentation, see http://www.mathworks.com/support
For product information, visit www.mathworks.com.
 
 
For online documentation, see http://www.mathworks.com/support
For product information, visit www.mathworks.com.
 
 
For online documentation, see http://www.mathworks.com/support
For product information, visit www.mathworks.com.
 
 
For online documentation, see http://www.mathworks.com/support
For product information, visit www.mathworks.com.
 
 
 
For online documentation, see http://www.mathworks.com/support
For product information, visit www.mathworks.com.
 
 
For online documentation, see http://www.mathworks.com/support
For product information, visit www.mathworks.com.
 
For online documentation, see http://www.mathworks.com/support
For product information, visit www.mathworks.com.
 
 
For online documentation, see http://www.mathworks.com/support
For product information, visit www.mathworks.com.
 
 
For online documentation, see http://www.mathworks.com/support
For product information, visit www.mathworks.com.
 
 
For online documentation, see http://www.mathworks.com/support
For product information, visit www.mathworks.com.
 
outfile: ../data/out_0004/.worker_19.txt
outfile: ../data/out_0004/.worker_16.txt
outfile: ../data/out_0004/.worker_3.txt
outfile: ../data/out_0004/.worker_21.txt
outfile: ../data/out_0004/.worker_22.txt
outfile: ../data/out_0004/.worker_5.txt
outfile: ../data/out_0004/.worker_10.txt
outfile: ../data/out_0004/.worker_14.txt
outfile: ../data/out_0004/.worker_0.txt
outfile: ../data/out_0004/.worker_18.txt
outfile: ../data/out_0004/.worker_12.txt
outfile: ../data/out_0004/.worker_15.txt
outfile: ../data/out_0004/.worker_23.txt
outfile: ../data/out_0004/.worker_4.txt
outfile: ../data/out_0004/.worker_11.txt
outfile: ../data/out_0004/.worker_1.txt
outfile: ../data/out_0004/.worker_7.txt
outfile: ../data/out_0004/.worker_17.txt
outfile: ../data/out_0004/.worker_13.txt
outfile: ../data/out_0004/.worker_20.txt
outfile: ../data/out_0004/.worker_8.txt
outfile: ../data/out_0004/.worker_6.txt
outfile: ../data/out_0004/.worker_9.txt
outfile: ../data/out_0004/.worker_2.txt
Computing instanton...
Computing instanton...
Computing instanton...
Computing instanton...
Computing instanton...
Computing instanton...
Computing instanton...
Computing instanton...
Computing instanton...
Computing instanton...
Computing instanton...
10000       81.963278
10000       82.135145
10000       82.444818
10000       83.583469
10000       83.256076
10000       83.709396
10000       84.474997
10000       84.715889
10000       85.274689
10000       86.688064
10000       86.395008
10000       86.595468
10000       87.180307
10000       87.969623
Computing instanton...
10000       87.603178
Computing instanton...
10000       88.597338
10000       89.793196
Computing instanton...
10000       89.696351
10000       89.743294
10000       90.289177
10000       90.191296
10000       89.912433
10000       90.669214
Computing instanton...
Computing instanton...
10000       93.435188
Computing instanton...
Computing instanton...
Computing instanton...
Computing instanton...
Computing instanton...
Computing instanton...
Computing instanton...
Computing instanton...
Computing instanton...
20000      164.467828
Computing instanton...
20000      166.483022
20000      166.997466
20000      166.677003
20000      167.761553
20000      168.140538
20000      168.538552
20000       168.48492
20000      169.077494
20000      169.429389
20000      169.878837
20000      169.871121
20000      170.242468
20000      170.974342
20000       171.16608
20000      172.086881
20000      174.692515
20000      174.324749
20000      175.446754
20000      175.102129
20000      175.284261
Computing instanton...
20000      177.074553
20000      179.566978
20000      181.888919
Computing instanton...
Computing instanton...
Computing instanton...
Computing instanton...
Computing instanton...
Computing instanton...
Computing instanton...
30000      239.005573
30000      245.192174
30000      246.775692
30000       247.90534
30000      248.481674
30000      248.895476
30000       249.62169
30000       250.25927
30000      250.514877
30000      250.767545
30000      251.219384
30000      252.218104
30000      252.606883
30000      254.226766
30000      254.448326
30000      255.463225
30000      255.383356
30000      255.735962
30000      256.025538
30000      257.845981
30000      257.569816
30000      258.782453
30000       260.66259
Computing instanton...
30000      266.644294
Computing instanton...
Computing instanton...
Computing instanton...
Computing instanton...
Computing instanton...
Computing instanton...
Computing instanton...
Computing instanton...
Computing instanton...
Computing instanton...
40000      323.915922
40000      324.589433
40000       325.99356
40000      330.015446
40000      329.858802
40000      330.568745
40000      331.057299
40000      330.988399
Computing instanton...
Computing instanton...
40000      333.923227
40000      334.657694
40000      335.615669
40000      336.652722
40000      336.929945
40000      337.105458
40000      337.085514
40000      338.406153
40000      338.545224
40000      339.341425
40000      339.158321
40000      339.868108
40000      340.729781
40000      342.217794
40000      344.358746
40000      347.440093
Computing instanton...
Computing instanton...
Computing instanton...
Computing instanton...
Computing instanton...
Computing instanton...
Computing instanton...
Computing instanton...
Computing instanton...
Computing instanton...
Computing instanton...
Computing instanton...
Computing instanton...
50000      408.417187
50000      408.500115
50000      409.332901
50000       409.79418
50000      411.065959
Computing instanton...
50000      413.576875
50000      413.675298
50000      416.315463
50000      417.205212
50000      417.455385
50000      418.371937
50000      417.828522
50000      418.798101
50000      419.214189
50000      420.611417
50000      421.254013
50000      421.937107
50000      422.791235
50000       423.50146
Computing instanton...
50000      423.709171
50000      423.948619
50000      424.611771
50000      427.010968
50000      427.500546
Computing instanton...
Computing instanton...
Computing instanton...
Computing instanton...
Computing instanton...
Computing instanton...
Computing instanton...
60000      488.447428
60000      490.190779
60000       490.99838
Computing instanton...
60000      493.696624
Computing instanton...
60000      495.914404
Computing instanton...
60000      499.974211
60000       501.26432
60000      501.026675
60000      501.713177
60000      503.330754
60000      503.519404
60000      504.457018
60000      504.303673
Computing instanton...
60000      505.494838
60000      505.976804
60000       506.19673
60000      506.261038
60000      507.015447
60000       508.20925
60000      508.523055
Computing instanton...
60000      510.911574
60000      511.504803
60000      511.961655
Computing instanton...
60000      517.138602
Computing instanton...
Computing instanton...
Computing instanton...
Computing instanton...
Computing instanton...
Computing instanton...
Computing instanton...
Computing instanton...
Computing instanton...
Computing instanton...
Computing instanton...
70000      570.604765
70000      573.583372
70000      574.326526
Computing instanton...
70000      576.995103
Computing instanton...
Computing instanton...
Computing instanton...
70000      582.020023
70000       584.06272
70000      584.358593
70000      585.892169
70000       586.82961
70000      587.713878
70000      587.906597
70000      588.469114
70000      588.727423
70000      589.265008
70000      589.378869
70000      589.231713
70000      590.063419
Computing instanton...
70000      591.288799
70000      592.056972
70000       592.00557
70000      591.824543
70000      593.947515
70000      594.986098
70000      597.803172
Computing instanton...
Computing instanton...
Computing instanton...
Computing instanton...
Computing instanton...
Computing instanton...
Computing instanton...
Computing instanton...
Computing instanton...
80000      651.495164
80000      654.103506
80000      655.203327
Computing instanton...
80000      659.015165
Computing instanton...
80000       662.09598
80000      662.323485
80000      664.895441
80000      667.740525
80000      669.320891
80000      669.098386
80000      669.442552
80000       669.46614
80000      671.488643
80000      671.367195
80000      671.320571
80000      671.915928
80000      671.975739
80000      672.380704
80000      673.615404
80000      674.183759
Computing instanton...
80000      675.321812
80000      675.425663
80000      676.817988
Computing instanton...
80000      681.479886
Computing instanton...
Computing instanton...
Computing instanton...
Computing instanton...
Computing instanton...
Computing instanton...
Computing instanton...
Computing instanton...
Computing instanton...
Computing instanton...
90000        734.6003
90000      737.866046
90000      738.756109
90000      740.200633
Computing instanton...
Computing instanton...
90000      743.820662
Computing instanton...
90000       747.43536
90000      748.082693
90000      748.261685
90000      749.130528
90000      749.744561
90000      750.834726
90000      751.385146
90000       751.65628
90000      753.294891
90000      753.528578
90000      755.774315
90000      757.055043
90000      757.637057
90000      757.604564
90000      758.160811
90000      758.426965
90000      760.442538
90000        761.7168
90000      762.983165
Computing instanton...
Computing instanton...
Computing instanton...
Computing instanton...
Computing instanton...
100000       812.605313
100000       822.388073
100000       823.499784
100000       827.454589
100000       827.934511
100000       828.132221
Computing instanton...
100000       829.744549
100000        830.69667
100000       830.813379
Computing instanton...
100000       832.206439
100000       833.123201
100000       834.470687
100000       834.848485
100000       835.796854
Computing instanton...
100000        835.81299
100000       837.834476
100000       838.611855
100000       839.438703
100000       840.468588
100000       840.877505
Computing instanton...
100000       841.524818
100000       841.925671
100000       843.441505
100000       847.918618
Computing instanton...
Computing instanton...
Computing instanton...
Computing instanton...
Computing instanton...
Computing instanton...
Computing instanton...
Computing instanton...
110000       893.640974
Computing instanton...
Computing instanton...
Computing instanton...
110000         901.7783
Computing instanton...
110000       902.515769
110000       905.335121
110000       906.889884
110000        909.67697
110000       913.237122
110000       913.204489
Computing instanton...
Computing instanton...
110000       915.770193
110000       916.174669
110000       916.896858
110000       917.188944
110000       916.968587
110000       917.865566
110000       918.449499
Computing instanton...
110000       919.717432
110000       921.917983
110000       923.043599
110000        925.79321
110000         925.7755
110000       926.407403
110000       926.300243
110000       927.676635
110000       928.181739
Computing instanton...
Computing instanton...
Computing instanton...
Computing instanton...
Computing instanton...
Computing instanton...
Computing instanton...
120000       975.510335
Computing instanton...
120000       981.835335
120000       981.860663
Computing instanton...
120000       984.985817
120000        986.13837
Computing instanton...
120000       989.166544
Computing instanton...
120000       993.374215
120000       993.262486
120000       995.698444
120000       997.147311
120000       998.865481
120000      1000.387914
120000       1000.48167
120000      1001.416185
120000      1001.805756
120000      1001.839944
120000      1002.526848
Computing instanton...
120000      1004.262924
120000      1005.185126
120000      1005.982988
120000      1006.080974
120000      1010.169536
120000      1012.018355
Computing instanton...
120000      1012.961581
Computing instanton...
Computing instanton...
Computing instanton...
Computing instanton...
Computing instanton...
130000      1060.050365
130000      1061.813058
130000      1065.518753
130000      1065.411417
130000      1069.269198
Computing instanton...
130000       1071.92601
130000      1074.091384
Computing instanton...
130000      1074.915076
130000      1077.106357
130000      1077.853477
130000      1079.569952
130000      1079.988376
130000      1083.601325
130000      1083.583379
130000      1084.600505
130000      1084.894531
130000      1085.392495
130000      1085.711826
130000      1087.122432
130000      1087.815011
130000      1089.806783
Computing instanton...
130000      1091.933036
130000      1094.317892
Computing instanton...
130000      1094.967472
Computing instanton...
Computing instanton...
Computing instanton...
Computing instanton...
140000      1138.557672
140000      1143.661224
140000      1143.983971
140000       1144.71084
140000      1145.207206
Computing instanton...
140000      1151.016819
Computing instanton...
140000      1153.902189
140000      1154.452878
140000      1156.235638
Computing instanton...
140000      1158.735135
140000      1158.699544
140000      1160.650872
140000      1162.055725
140000      1162.161404
140000      1162.640647
140000      1164.944256
140000      1165.196562
140000      1167.714548
140000      1168.088674
Computing instanton...
140000      1170.381002
140000      1170.614522
140000      1171.572062
Computing instanton...
140000      1173.795784
Computing instanton...
140000      1180.268438
Computing instanton...
Computing instanton...
Computing instanton...
Computing instanton...
150000      1220.556432
150000      1221.543577
150000      1223.241677
150000      1224.884762
150000      1228.434539
150000      1230.752919
Computing instanton...
150000      1236.595178
150000      1238.206334
150000      1238.179888
150000       1240.69856
150000      1240.834118
150000      1241.361194
150000      1241.852082
150000      1242.023313
Computing instanton...
150000        1243.9455
150000      1247.322019
150000      1247.703114
Computing instanton...
150000      1248.867093
150000      1250.254075
150000       1251.66224
150000       1252.16555
150000      1252.753605
150000      1254.673712
150000      1262.518064
Computing instanton...
Computing instanton...
Computing instanton...
Computing instanton...
160000      1299.122279
160000      1299.905703
160000      1301.266225
160000      1302.362424
160000       1307.12817
Computing instanton...
160000      1312.791972
160000      1313.738543
160000      1315.060783
160000      1320.850948
160000      1322.057708
Computing instanton...
160000      1324.171545
160000      1324.500617
160000      1324.678531
160000      1325.701296
160000      1326.704045
160000      1326.448676
160000      1326.914582
Computing instanton...
160000      1329.157489
160000      1330.787203
160000      1332.300115
160000       1332.33967
160000      1335.119413
160000      1335.713733
Computing instanton...
Computing instanton...
Computing instanton...
Computing instanton...
160000       1345.30128
Computing instanton...
Computing instanton...
Computing instanton...
170000       1378.46348
Computing instanton...
170000      1382.952037
Computing instanton...
170000      1384.363357
Computing instanton...
Computing instanton...
170000      1387.393784
170000      1389.542248
Computing instanton...
Computing instanton...
170000       1394.93327
170000      1396.396873
170000      1398.897083
170000      1399.729069
170000      1400.077611
170000       1403.73676
170000      1404.657676
170000       1406.31265
170000      1407.431674
170000      1408.351196
170000      1408.728511
Computing instanton...
170000      1410.380704
170000      1411.159755
170000      1411.231029
170000      1413.572728
170000      1414.280609
Computing instanton...
170000      1415.443788
170000      1417.782565
Computing instanton...
Computing instanton...
Computing instanton...
170000      1430.230255
Computing instanton...
180000      1457.075137
Computing instanton...
180000      1459.845204
180000      1461.890277
180000        1465.7415
Computing instanton...
Computing instanton...
180000      1469.473413
Computing instanton...
180000      1475.936958
180000      1476.423193
180000      1476.196997
180000      1478.601892
180000       1479.33454
180000      1480.622217
Computing instanton...
180000      1483.976214
180000       1486.96966
180000       1487.50365
Computing instanton...
180000       1488.51875
180000      1489.197211
180000      1491.029553
180000      1492.057804
180000       1492.58714
180000      1494.197143
180000       1495.36098
Computing instanton...
180000      1498.985076
180000      1500.779042
180000      1508.308211
Computing instanton...
Computing instanton...
Computing instanton...
Computing instanton...
Computing instanton...
190000      1538.144075
190000      1538.964963
Computing instanton...
190000      1542.735079
Computing instanton...
Computing instanton...
Computing instanton...
190000      1550.594222
190000      1552.616603
190000      1554.083219
190000      1554.656116
190000      1555.524257
190000      1556.068996
190000      1558.608511
Computing instanton...
190000      1564.762959
190000      1565.280675
Computing instanton...
190000      1569.495251
190000      1570.579435
190000      1570.704066
190000      1572.100232
190000      1572.563248
190000      1576.760451
Computing instanton...
190000      1577.820487
190000      1577.874111
190000      1579.593967
190000      1579.262384
Computing instanton...
Computing instanton...
Computing instanton...
190000      1585.855998
190000      1594.890156
Computing instanton...
Computing instanton...
Computing instanton...
Computing instanton...
200000      1614.836529
Computing instanton...
200000       1618.73888
Computing instanton...
200000      1625.011455
Computing instanton...
200000      1631.839703
Computing instanton...
200000      1636.689175
200000      1636.796827
200000        1637.8767
200000      1638.194649
Computing instanton...
200000      1641.286361
200000      1641.499702
200000       1643.06164
Computing instanton...
Computing instanton...
200000      1646.982024
Computing instanton...
Computing instanton...
200000      1649.805814
200000      1649.630784
200000      1650.841935
200000      1651.836967
200000      1653.984448
200000      1654.122219
200000      1655.204671
200000      1656.216302
Computing instanton...
200000      1657.410706
200000      1660.316386
200000      1665.224604
Computing instanton...
Computing instanton...
Computing instanton...
Computing instanton...
Computing instanton...
200000      1678.439199
Computing instanton...
Computing instanton...
Computing instanton...
Computing instanton...
Computing instanton...
210000      1697.723008
210000      1698.479568
Computing instanton...
210000      1707.176692
210000      1711.562382
Computing instanton...
210000      1716.201127
210000      1720.083303
210000      1720.512749
210000       1722.55353
210000      1723.253835
210000      1725.480227
210000      1727.423493
210000      1728.302992
210000      1729.017239
210000      1730.688668
210000      1731.148404
210000      1731.335422
Computing instanton...
210000      1735.197873
210000      1735.998472
210000      1736.918358
210000      1739.324758
Computing instanton...
210000      1743.155669
210000      1743.073655
210000      1744.593377
Computing instanton...
Computing instanton...
210000      1762.330858
220000      1774.835752
220000      1775.843755
220000      1786.395074
220000      1789.466428
220000      1798.946651
Computing instanton...
220000      1801.031594
220000      1802.833003
220000      1803.061984
220000      1805.538336
220000      1806.026539
220000      1806.983432
220000      1807.700171
220000      1809.456847
220000      1811.174347
220000      1812.714699
220000      1813.296572
Computing instanton...
220000      1816.228769
220000      1818.434001
220000      1820.424509
220000       1820.91642
220000      1823.862384
220000      1823.757618
Computing instanton...
220000       1825.09685
Computing instanton...
220000      1846.135016
Computing instanton...
230000      1852.005825
230000      1855.885347
230000      1865.680566
Computing instanton...
230000      1870.719896
Computing instanton...
Computing instanton...
230000      1880.072201
230000      1881.019171
230000      1881.863158
230000      1881.816891
230000      1884.168573
Computing instanton...
230000      1886.077148
230000      1887.250156
Computing instanton...
230000      1890.652043
230000      1891.380838
230000      1891.440444
230000      1891.747505
Computing instanton...
230000      1896.202898
230000      1897.167509
230000       1899.45879
230000      1901.628612
230000      1901.860065
Computing instanton...
230000      1903.545527
230000      1905.382872
Computing instanton...
Computing instanton...
230000      1908.597664
230000      1919.050985
Computing instanton...
240000      1928.051588
Computing instanton...
240000      1936.010437
240000      1947.629922
Computing instanton...
240000      1950.107273
Computing instanton...
240000      1958.412956
240000      1960.928507
240000      1961.187428
240000      1963.410008
240000        1963.8837
240000      1964.017264
240000      1964.719108
240000      1968.407427
Computing instanton...
240000      1972.687411
240000      1973.198398
240000      1974.445506
Computing instanton...
Computing instanton...
240000      1977.586361
240000      1977.851868
240000      1977.814441
240000      1979.320649
240000      1981.262599
240000      1985.044825
240000      1984.699583
Computing instanton...
240000      1990.583499
Computing instanton...
Computing instanton...
Computing instanton...
240000      2001.409352
Computing instanton...
250000      2012.999875
250000      2016.342489
Computing instanton...
250000       2030.06216
250000      2030.871499
Computing instanton...
250000      2036.626903
250000      2038.652136
250000      2040.610341
250000      2041.471681
250000      2042.714253
Computing instanton...
250000      2044.114523
250000      2044.973888
Computing instanton...
250000      2050.205307
250000      2052.038516
Computing instanton...
250000      2054.818967
250000      2056.151103
250000      2056.369182
250000      2056.227134
250000      2059.466805
250000      2059.817308
Computing instanton...
250000      2062.277115
Computing instanton...
250000      2065.020985
250000      2065.460793
Computing instanton...
250000      2072.341898
250000      2078.081714
Computing instanton...
260000      2093.440018
260000      2096.508867
Computing instanton...
Computing instanton...
Computing instanton...
260000       2110.10112
260000      2114.473109
260000      2115.898214
Computing instanton...
260000      2116.880631
260000      2121.589352
Computing instanton...
260000      2123.409767
260000      2124.057562
260000       2125.11309
260000      2125.256159
260000      2131.181349
260000      2132.620132
260000      2132.823862
260000       2136.49966
260000       2138.55955
260000      2141.301529
260000       2141.79545
260000      2141.755374
Computing instanton...
260000      2144.587607
Computing instanton...
260000      2146.969957
260000       2149.02592
260000      2153.010349
260000      2162.438735
270000      2177.219345
270000      2179.479631
Computing instanton...
270000      2193.030327
270000      2194.470724
270000      2198.610911
270000      2199.336715
270000      2200.454819
270000      2201.924605
270000      2204.252289
Computing instanton...
Computing instanton...
270000      2209.580122
270000      2211.694393
270000      2212.386322
270000      2213.675236
270000      2214.371897
270000      2214.293491
270000      2219.361618
270000      2221.933553
270000      2222.387509
270000       2222.86523
270000      2225.672437
270000      2226.232191
Computing instanton...
270000      2230.553453
270000      2233.229646
270000      2245.276195
280000       2256.26351
Computing instanton...
280000      2261.499282
280000      2271.353878
Computing instanton...
280000      2275.083207
280000      2278.585709
280000      2280.360623
280000      2281.515705
280000      2281.550041
280000      2284.054916
Computing instanton...
Computing instanton...
280000       2288.43349
280000      2289.637053
280000      2293.009358
Computing instanton...
280000      2297.376929
280000      2297.507583
280000      2299.663972
280000      2300.284372
280000      2301.037756
280000      2305.095408
280000      2306.746511
280000       2307.00997
280000       2311.49996
280000      2312.413011
280000       2313.21038
Computing instanton...
Computing instanton...
280000      2330.968321
290000      2337.422712
290000      2338.432872
290000      2351.452604
290000      2358.865272
290000      2360.888107
290000       2360.99384
Computing instanton...
290000      2362.736646
290000      2363.334436
290000      2365.853058
Computing instanton...
290000      2368.111446
290000       2370.69243
Computing instanton...
Computing instanton...
290000      2376.179626
Computing instanton...
290000      2377.044611
290000      2378.210655
290000      2382.085556
290000       2382.22343
Computing instanton...
290000      2384.092604
290000      2385.633235
290000      2390.493153
290000       2391.33033
290000      2391.798236
Computing instanton...
290000      2392.398036
290000      2395.892294
Computing instanton...
Computing instanton...
Computing instanton...
Computing instanton...
300000      2416.169551
290000      2415.969845
300000      2422.214689
Computing instanton...
300000      2434.284668
300000      2435.566128
300000      2437.547092
300000       2439.34024
Computing instanton...
300000      2441.297747
Computing instanton...
300000      2445.428941
300000      2446.020003
300000      2448.191139
300000      2452.452155
300000      2453.162724
300000      2456.045761
300000      2456.596974
300000      2461.859014
300000      2463.515758
300000      2466.673153
300000      2467.015336
300000      2469.033081
Computing instanton...
300000      2471.778442
Computing instanton...
Computing instanton...
300000      2475.864615
300000      2479.965629
300000      2479.885293
Computing instanton...
Computing instanton...
310000      2495.965931
Computing instanton...
310000      2499.677156
300000      2500.131656
Computing instanton...
Computing instanton...
310000       2511.67358
310000      2513.824367
310000      2517.163206
310000      2517.331339
310000      2517.750371
310000      2523.707419
310000      2530.672751
310000      2532.541481
310000       2533.27982
310000       2534.16752
310000      2538.171837
310000      2538.766459
310000      2540.726192
Computing instanton...
310000      2545.539282
310000      2547.722008
310000      2548.900246
310000      2548.835043
Computing instanton...
310000      2551.306798
Computing instanton...
Computing instanton...
Computing instanton...
310000      2556.303701
Computing instanton...
310000      2558.329179
310000      2560.269511
Computing instanton...
Computing instanton...
Computing instanton...
320000      2574.230421
320000      2579.481975
Computing instanton...
Computing instanton...
Computing instanton...
310000      2584.993592
Computing instanton...
320000      2587.644876
320000      2590.097288
320000      2594.753618
320000      2598.330874
320000      2598.638125
320000      2601.217132
Computing instanton...
Computing instanton...
320000      2609.996173
320000      2610.682282
320000      2612.833678
320000      2617.322264
Computing instanton...
320000      2617.591001
320000      2617.910663
320000      2617.872827
Computing instanton...
Computing instanton...
Computing instanton...
Computing instanton...
Computing instanton...
320000      2627.480457
320000      2628.211495
320000      2629.424283
320000      2630.541482
320000      2630.777574
320000      2635.830985
320000      2640.278205
320000      2643.043353
Computing instanton...
Computing instanton...
330000      2656.068985
Computing instanton...
330000      2661.940411
Computing instanton...
Computing instanton...
Computing instanton...
330000      2667.452787
320000      2668.984934
330000      2671.064303
330000      2670.688546
330000      2678.393095
330000      2680.968576
330000      2680.653235
Computing instanton...
Computing instanton...
Computing instanton...
330000      2690.453727
330000      2692.355185
330000       2693.32258
Computing instanton...
330000      2695.608745
330000      2698.822323
Computing instanton...
330000      2701.937631
Computing instanton...
330000      2702.323724
330000      2707.795384
330000      2708.054368
330000      2709.595705
330000      2711.024887
330000      2711.495901
Computing instanton...
330000      2715.164376
Computing instanton...
Computing instanton...
Computing instanton...
Computing instanton...
Computing instanton...
330000      2721.050322
330000      2723.185074
Computing instanton...
Computing instanton...
340000      2735.960861
340000      2747.164929
340000      2746.948095
330000      2748.652397
Computing instanton...
Computing instanton...
Computing instanton...
340000      2751.776762
340000      2752.278794
Computing instanton...
Computing instanton...
340000      2757.563595
340000      2760.199844
340000      2762.392945
340000      2772.098761
340000      2774.743864
340000      2778.867412
340000      2778.972353
340000       2779.64371
Computing instanton...
340000      2780.654045
340000      2787.111133
340000      2787.424969
340000      2789.812439
340000      2791.390943
340000      2791.644369
340000      2792.217916
Computing instanton...
340000      2799.423854
340000      2804.039438
340000      2804.097981
Computing instanton...
350000      2815.390897
350000      2824.691604
350000      2828.504385
350000      2829.454015
340000       2830.52481
350000      2834.159484
Computing instanton...
350000      2837.579544
350000      2838.016255
350000      2839.285999
Computing instanton...
350000       2850.94612
Computing instanton...
Computing instanton...
350000      2852.687012
Computing instanton...
350000      2857.243834
Computing instanton...
Computing instanton...
350000       2861.32417
350000      2861.575604
350000      2862.925925
350000      2869.509612
350000      2870.154033
350000      2871.120747
Computing instanton...
350000      2874.627305
Computing instanton...
350000      2877.493394
350000      2877.878533
Computing instanton...
Computing instanton...
350000      2881.052428
350000      2881.471911
Computing instanton...
350000       2887.57188
Computing instanton...
Computing instanton...
Computing instanton...
Computing instanton...
360000      2898.742388
360000      2905.080255
360000      2909.470894
360000      2911.096545
Computing instanton...
350000      2915.974067
360000       2918.13407
Computing instanton...
360000      2918.316129
360000      2918.877476
Computing instanton...
360000      2921.624764
Computing instanton...
Computing instanton...
360000      2932.854896
Computing instanton...
360000      2935.912201
Computing instanton...
360000      2937.276483
Computing instanton...
360000      2940.747329
Computing instanton...
360000      2942.667954
360000      2943.907557
360000      2945.973193
360000      2949.151476
360000      2951.783409
360000       2952.58063
360000      2958.486716
360000      2959.058615
360000      2962.809746
Computing instanton...
360000      2963.837071
360000      2965.656159
Computing instanton...
370000      2976.275398
370000      2983.343855
Computing instanton...
370000      2990.135783
370000      2990.737515
370000      2993.326288
Computing instanton...
Computing instanton...
Computing instanton...
360000      2997.684233
370000       3002.28438
370000      3002.796922
370000      3005.090407
Computing instanton...
Computing instanton...
Computing instanton...
370000      3015.875707
370000      3015.664613
370000       3018.03282
370000      3018.573558
Computing instanton...
370000      3023.524458
370000      3024.793668
370000      3027.836601
Computing instanton...
370000      3030.967726
370000      3032.426922
370000      3032.849719
370000      3033.609449
Computing instanton...
370000      3038.170984
Computing instanton...
370000      3042.412403
370000      3045.615307
370000       3053.63963
Computing instanton...
380000      3057.704249
Computing instanton...
Computing instanton...
380000      3063.209575
380000      3068.999097
380000       3071.33924
380000      3073.663522
380000      3080.339494
370000      3080.080639
380000      3083.385277
380000      3083.115812
Computing instanton...
Computing instanton...
380000      3094.538847
380000      3099.025799
380000      3098.910012
Computing instanton...
380000      3100.379619
380000      3101.250182
380000      3104.545211
380000      3105.999455
380000      3111.630551
Computing instanton...
380000       3114.60958
380000      3116.537056
380000      3118.436598
380000       3120.25321
380000      3121.620881
Computing instanton...
380000      3126.162102
Computing instanton...
Computing instanton...
380000      3133.091822
Computing instanton...
Computing instanton...
390000      3140.918901
390000      3142.535029
Computing instanton...
390000      3148.759875
Computing instanton...
390000      3149.909317
390000       3150.32244
Computing instanton...
Computing instanton...
380000      3158.423379
Computing instanton...
390000      3161.908397
390000        3162.2968
Computing instanton...
390000      3165.600555
Computing instanton...
Computing instanton...
390000      3174.817127
390000      3176.150151
390000      3177.231741
390000      3181.147241
Computing instanton...
390000      3182.909332
390000      3183.422341
390000       3190.18639
390000      3193.752738
390000      3193.975773
390000      3200.596156
390000      3201.993115
390000      3202.333002
390000      3202.898361
390000      3207.812438
Computing instanton...
Computing instanton...
Computing instanton...
390000      3216.741595
400000      3222.658296
400000      3226.520513
Computing instanton...
400000       3228.49372
400000       3229.49301
400000      3229.666656
Computing instanton...
Computing instanton...
Computing instanton...
Computing instanton...
390000      3237.965608
400000      3242.178382
400000       3243.52675
400000      3245.018261
Computing instanton...
Computing instanton...
400000      3255.454972
400000      3256.149395
Computing instanton...
400000        3258.6933
400000      3260.993133
Computing instanton...
400000      3267.150337
Computing instanton...
400000       3269.20389
Computing instanton...
400000      3272.224096
400000      3272.181415
400000      3272.682907
Computing instanton...
400000      3279.894444
400000      3281.555511
400000      3282.123788
400000      3282.795854
400000      3284.302122
Computing instanton...
400000      3298.645497
Computing instanton...
Computing instanton...
Computing instanton...
410000      3304.913133
410000      3309.558503
Computing instanton...
410000      3309.994751
410000      3312.915043
410000      3313.345756
400000      3313.476877
Computing instanton...
410000      3318.887257
410000       3321.10793
410000      3324.077572
Computing instanton...
Computing instanton...
Computing instanton...
410000       3333.26054
Computing instanton...
410000      3336.595641
Computing instanton...
Computing instanton...
410000      3342.917794
410000      3343.212984
410000      3348.390772
410000      3349.406636
Computing instanton...
Computing instanton...
410000      3351.178655
410000      3352.290363
Computing instanton...
410000      3353.352116
Computing instanton...
410000      3361.911915
410000      3362.553047
Computing instanton...
Computing instanton...
410000      3364.979268
410000      3366.847695
410000      3368.392503
Computing instanton...
Computing instanton...
Computing instanton...
420000      3383.626565
410000      3385.524962
420000      3388.826955
420000      3390.767538
420000      3391.167502
420000      3391.454592
Computing instanton...
Computing instanton...
410000      3399.587301
420000      3400.415941
420000      3401.017998
Computing instanton...
Computing instanton...
420000      3407.881309
420000      3417.103224
420000      3418.659345
420000      3424.655748
420000      3426.720908
420000      3428.635654
Computing instanton...
420000      3431.494331
420000      3432.653158
420000      3434.407138
420000      3435.032225
Computing instanton...
420000      3441.433719
Computing instanton...
420000      3444.068088
Computing instanton...
420000      3447.270566
420000      3447.610818
420000      3448.144234
Computing instanton...
Computing instanton...
420000      3462.870605
430000       3464.32306
430000       3467.28771
430000      3469.563749
430000      3473.328361
430000      3473.598329
Computing instanton...
430000      3482.618643
420000      3483.430942
Computing instanton...
430000      3485.178504
430000      3490.355769
430000      3498.382292
Computing instanton...
430000      3499.850883
430000      3501.530553
Computing instanton...
430000      3506.962053
430000      3510.492268
430000      3511.097229
430000      3511.371251
430000      3514.391076
430000      3515.484877
Computing instanton...
430000      3522.214937
Computing instanton...
430000      3523.331113
430000      3524.616649
Computing instanton...
430000      3528.605905
430000      3532.272832
Computing instanton...
430000      3543.723295
440000      3544.536541
440000      3544.594672
440000      3546.114369
Computing instanton...
440000      3553.830226
440000      3554.850793
440000      3562.043592
440000      3562.202816
430000       3564.43416
Computing instanton...
440000      3569.574856
Computing instanton...
Computing instanton...
440000       3573.45648
440000      3577.398325
440000      3578.006314
440000      3586.578308
Computing instanton...
440000      3587.698725
440000      3592.387914
440000      3594.305276
440000      3595.607448
440000        3597.7522
Computing instanton...
440000       3600.89302
Computing instanton...
440000      3602.581765
440000      3604.486284
Computing instanton...
Computing instanton...
Computing instanton...
440000      3611.536066
440000       3613.54102
450000      3621.578958
450000      3623.259303
Computing instanton...
440000      3623.772078
450000      3627.600637
450000      3633.414884
Computing instanton...
450000      3639.787388
450000      3642.737657
450000      3645.451785
Computing instanton...
450000      3647.042864
440000      3647.330663
Computing instanton...
Computing instanton...
Computing instanton...
450000      3656.903046
450000      3658.266813
450000      3658.622984
450000      3666.341228
450000      3667.536948
450000      3672.291083
Computing instanton...
Computing instanton...
450000      3674.714386
450000      3676.549332
450000      3678.151097
Computing instanton...
450000      3685.016236
450000      3685.452611
Computing instanton...
Computing instanton...
450000      3689.485766
Computing instanton...
450000      3695.030914
450000      3697.149796
460000      3701.991204
460000      3703.580948
450000      3704.731502
Computing instanton...
460000      3709.812947
Computing instanton...
460000      3711.629694
Computing instanton...
Computing instanton...
460000      3717.780548
460000      3722.306124
460000      3723.388461
Computing instanton...
460000      3726.051375
Computing instanton...
Computing instanton...
450000      3730.251083
Computing instanton...
Computing instanton...
460000      3739.238262
460000      3741.333757
460000      3742.578392
460000       3743.88979
460000      3746.837169
Computing instanton...
460000      3753.401377
460000      3755.366746
460000      3756.731199
460000       3758.31292
Computing instanton...
Computing instanton...
460000       3767.02534
460000      3767.882093
460000      3769.868803
Computing instanton...
460000      3773.696429
460000      3776.849748
470000      3780.802084
Computing instanton...
Computing instanton...
460000      3786.721798
470000      3787.687583
470000       3788.37498
470000      3795.987732
470000      3798.073391
470000      3799.819535
470000      3802.207579
470000      3806.034923
Computing instanton...
460000      3809.359561
Computing instanton...
Computing instanton...
470000      3818.599873
Computing instanton...
470000      3819.338021
470000      3822.138678
Computing instanton...
470000      3824.845079
Computing instanton...
470000      3830.088352
470000      3832.052318
470000      3837.263546
470000      3838.139551
Computing instanton...
470000      3841.925526
Computing instanton...
470000      3844.481218
470000      3849.472962
470000      3849.727535
470000      3850.939212
470000      3858.734447
480000       3865.68174
480000      3866.457109
Computing instanton...
470000      3867.738406
480000      3871.609547
480000      3872.944362
480000      3874.305554
480000      3881.380251
Computing instanton...
480000      3885.218719
480000      3885.092744
Computing instanton...
Computing instanton...
470000      3893.681033
Computing instanton...
480000      3899.078351
480000      3899.773852
480000      3901.063688
480000      3902.981128
Computing instanton...
Computing instanton...
480000      3908.411916
Computing instanton...
480000      3915.645636
480000      3917.318617
480000      3921.631825
480000      3924.533539
Computing instanton...
Computing instanton...
480000      3926.904954
Computing instanton...
480000      3929.622928
480000      3930.916167
480000      3932.125063
480000      3937.740779
Computing instanton...
Computing instanton...
490000      3946.346108
490000      3950.252759
490000      3950.420808
480000      3952.154921
490000      3953.148974
490000      3953.511233
490000      3961.435391
490000      3963.806809
490000      3964.013446
Computing instanton...
Computing instanton...
Computing instanton...
Computing instanton...
480000       3975.86451
Computing instanton...
Computing instanton...
490000      3980.431141
490000         3980.938
490000      3983.244528
490000      3983.661558
Computing instanton...
Computing instanton...
490000      3989.029037
Computing instanton...
Computing instanton...
Computing instanton...
490000      3995.585562
490000      3998.439156
490000      4000.281585
490000      4002.499426
Computing instanton...
490000       4010.11679
Computing instanton...
490000      4010.509782
490000      4010.972439
Computing instanton...
490000       4014.31237
Computing instanton...
Computing instanton...
Computing instanton...
490000      4019.546733
Computing instanton...
500000       4028.35915
500000      4030.054656
500000      4030.049283
Computing instanton...
490000       4032.11454
Computing instanton...
500000      4036.423433
500000      4037.326681
500000       4038.41801
500000      4043.089615
500000      4049.858924
490000      4055.808153
500000      4060.272299
500000      4060.923711
500000      4061.126848
Computing instanton...
500000      4064.016752
Computing instanton...
Computing instanton...
500000      4068.306626
500000      4078.308399
500000      4078.362295
500000      4082.212049
500000      4082.591461
Computing instanton...
500000      4087.137864
Computing instanton...
500000      4093.494064
Computing instanton...
500000      4093.560851
500000      4096.113093
Computing instanton...
500000      4106.553327
510000      4108.458877
510000       4110.61266
510000      4111.859382
500000      4112.301101
510000       4115.23014
510000      4116.335524
510000      4117.350449
Computing instanton...
Computing instanton...
Computing instanton...
510000      4123.826299
Computing instanton...
510000        4132.8868
500000      4134.413678
Computing instanton...
Computing instanton...
510000      4137.463405
Computing instanton...
510000      4140.651854
Computing instanton...
510000      4143.994634
510000      4146.565113
510000      4149.706032
Computing instanton...
Computing instanton...
510000      4157.932228
510000      4158.101347
510000      4163.223944
510000      4163.211146
Computing instanton...
Computing instanton...
510000      4169.154197
510000      4174.331442
510000      4175.086159
510000      4175.713559
Computing instanton...
Computing instanton...
520000      4184.860193
510000      4187.887376
520000      4188.788343
Computing instanton...
510000      4190.237126
520000      4193.675806
Computing instanton...
520000      4194.949686
520000      4195.460984
520000      4199.170545
Computing instanton...
Computing instanton...
Computing instanton...
520000      4207.465058
Computing instanton...
520000      4212.734657
520000       4215.08813
510000      4221.049522
520000      4222.037449
520000       4222.08969
Computing instanton...
520000       4229.77334
Computing instanton...
Computing instanton...
Computing instanton...
520000      4235.050297
Computing instanton...
Computing instanton...
520000      4237.482005
520000       4238.38299
520000      4239.962686
520000       4242.70471
Computing instanton...
Computing instanton...
520000      4250.104511
520000      4251.926875
520000      4253.788971
Computing instanton...
520000      4256.880433
Computing instanton...
Computing instanton...
Computing instanton...
Computing instanton...
530000      4266.812854
520000      4267.415444
530000      4268.513731
520000      4270.229164
530000      4272.125312
530000      4275.902912
530000      4277.929554
530000       4278.37652
530000      4286.080602
530000      4289.210988
Computing instanton...
530000      4292.393156
530000      4304.956056
520000      4305.405025
530000      4308.013819
530000      4309.506706
Computing instanton...
Computing instanton...
530000      4314.852541
530000      4315.912794
530000      4317.152461
Computing instanton...
530000      4322.075448
530000      4323.586711
Computing instanton...
Computing instanton...
530000      4332.130505
530000      4333.645135
530000      4333.521392
Computing instanton...
Computing instanton...
530000       4337.93444
540000      4348.080856
530000      4349.358725
530000      4349.070708
540000      4349.366286
540000      4349.326042
540000      4354.332071
540000       4355.43091
540000      4355.819319
Computing instanton...
Computing instanton...
540000      4366.025598
540000      4366.741214
540000      4371.067929
Computing instanton...
Computing instanton...
540000      4388.354924
530000      4387.770408
540000      4390.029105
540000      4393.329862
540000       4394.48635
Computing instanton...
Computing instanton...
540000      4398.303815
540000      4401.664053
540000      4402.222072
540000      4406.119214
540000      4413.753424
540000      4414.524916
540000      4414.623421
Computing instanton...
540000      4423.074172
550000      4424.229917
550000      4425.819944
550000         4428.567
Computing instanton...
540000      4430.436031
540000      4430.962026
550000      4431.934505
550000      4434.230982
550000      4434.561683
Computing instanton...
550000       4446.59171
550000      4448.619137
550000      4451.701712
Computing instanton...
Computing instanton...
Computing instanton...
Computing instanton...
550000      4469.030155
540000      4468.741118
550000      4469.737481
Computing instanton...
550000      4474.044212
550000      4479.602739
550000      4480.547385
550000      4482.244265
550000       4483.05506
Computing instanton...
550000      4490.375131
550000      4493.435751
550000       4494.58246
550000      4495.944917
560000      4500.326099
550000      4501.912246
Computing instanton...
560000      4504.930926
560000      4507.137654
550000      4508.760128
Computing instanton...
560000      4513.569177
560000       4516.21866
550000      4517.714981
560000      4519.304835
Computing instanton...
560000      4526.107311
560000      4527.073901
Computing instanton...
560000      4530.334355
Computing instanton...
Computing instanton...
Computing instanton...
Computing instanton...
Computing instanton...
560000      4547.886807
560000      4548.839758
550000      4548.805105
560000      4556.890426
560000      4558.443022
560000      4558.724411
Computing instanton...
560000       4562.58984
560000      4564.526671
560000      4568.033683
Computing instanton...
560000       4571.89372
Computing instanton...
560000      4574.529625
560000      4575.584495
Computing instanton...
570000      4583.040462
570000      4586.151093
560000      4586.717086
Computing instanton...
570000      4590.188851
560000      4591.513923
570000      4595.098719
570000      4598.661098
570000      4599.223002
560000      4599.703391
Computing instanton...
570000      4604.849735
570000      4606.767046
570000      4608.514781
Computing instanton...
570000      4627.599492
Computing instanton...
Computing instanton...
570000      4632.843157
560000      4632.948569
570000      4636.813311
570000      4639.460571
570000      4640.450102
Computing instanton...
570000      4642.372937
570000      4647.167545
Computing instanton...
570000      4650.912489
570000      4654.248032
Computing instanton...
570000      4655.536795
570000      4656.624542
Computing instanton...
Computing instanton...
580000      4662.304974
580000      4667.006818
580000      4668.992808
570000      4669.428279
580000      4671.920564
570000      4672.023742
Computing instanton...
570000      4676.914411
Computing instanton...
580000      4678.102045
580000      4679.136453
580000      4681.931341
580000      4684.064693
Computing instanton...
580000      4689.767167
Computing instanton...
Computing instanton...
Computing instanton...
580000      4710.608908
580000      4710.807965
Computing instanton...
Computing instanton...
Computing instanton...
570000      4716.256714
580000      4717.087176
580000      4718.469063
Computing instanton...
580000      4721.912381
Computing instanton...
580000      4722.752199
580000        4724.8145
580000      4732.104382
580000      4733.510186
580000      4733.640026
Computing instanton...
Computing instanton...
580000      4739.370435
590000      4743.859205
590000      4744.122227
580000      4750.980924
590000      4751.288632
590000      4752.683696
580000      4755.576317
590000      4758.088489
Computing instanton...
590000      4761.717798
590000      4761.978186
580000      4762.414743
Computing instanton...
Computing instanton...
590000      4763.979156
590000      4767.405724
Computing instanton...
Computing instanton...
Computing instanton...
590000      4787.781791
590000      4794.383707
590000      4795.035458
590000      4797.642436
590000      4801.738651
580000      4801.541292
590000      4802.735931
590000      4807.830355
590000      4810.324549
590000      4810.737642
590000      4815.472436
590000      4817.516735
Computing instanton...
Computing instanton...
600000      4823.573739
600000      4830.008189
600000      4830.224054
600000      4831.378431
590000      4835.758666
600000      4836.791714
Computing instanton...
Computing instanton...
600000      4839.451573
590000      4841.436506
590000      4843.256219
600000      4844.096877
Computing instanton...
600000      4845.886135
600000      4846.037202
Computing instanton...
Computing instanton...
Computing instanton...
Computing instanton...
Computing instanton...
Computing instanton...
600000      4867.871594
Computing instanton...
600000      4873.398325
Computing instanton...
600000      4876.764043
Computing instanton...
600000      4879.019741
590000      4880.092457
600000      4882.750738
Computing instanton...
Computing instanton...
600000      4884.149073
600000      4889.580361
600000      4892.522799
600000      4893.329875
600000      4896.350929
600000      4898.512488
610000      4903.459051
Computing instanton...
Computing instanton...
610000      4911.787532
610000      4912.110876
Computing instanton...
610000       4913.31168
610000      4913.200957
600000      4916.967779
610000      4918.762609
Computing instanton...
610000      4920.450168
610000      4922.649597
600000      4923.371322
610000      4926.089344
600000      4929.303704
Computing instanton...
Computing instanton...
610000       4947.70425
Computing instanton...
Computing instanton...
610000      4952.895451
Computing instanton...
610000       4958.77739
610000       4958.97974
610000       4958.96764
Computing instanton...
600000      4962.048533
610000      4963.657426
Computing instanton...
610000      4968.661856
Computing instanton...
610000      4974.160073
610000      4974.479287
610000      4975.204087
Computing instanton...
610000      4979.050346
620000      4983.361207
Computing instanton...
620000      4991.218288
Computing instanton...
620000      4992.817923
620000      4992.793785
620000      4995.022404
Computing instanton...
610000      4998.094711
620000      5000.402183
620000      5000.614235
Computing instanton...
620000      5001.088811
Computing instanton...
Computing instanton...
620000      5004.088921
610000      5006.174786
610000       5009.45895
Computing instanton...
Computing instanton...
Computing instanton...
Computing instanton...
620000      5030.000877
620000      5036.083914
620000      5039.369642
620000      5040.762098
620000      5040.600948
610000      5042.938578
Computing instanton...
620000        5047.4133
620000      5047.681277
620000      5051.629736
620000       5053.52714
630000      5058.943794
620000      5059.626328
Computing instanton...
620000      5062.843506
Computing instanton...
Computing instanton...
630000      5071.001949
630000      5072.574311
630000      5075.678292
630000      5077.009424
630000      5078.222373
Computing instanton...
630000      5080.485621
620000      5080.853016
630000       5081.03814
630000      5082.797161
620000        5085.8868
620000      5094.597629
Computing instanton...
630000      5107.334674
630000      5112.934976
Computing instanton...
630000      5119.300916
630000       5121.02422
Computing instanton...
630000        5122.7213
630000      5123.531028
620000      5123.190445
Computing instanton...
Computing instanton...
630000      5126.707246
630000       5134.27649
630000        5135.3446
640000      5138.486178
630000      5139.781241
630000      5143.132515
Computing instanton...
640000      5148.704384
640000      5152.795237
640000      5154.222067
640000      5155.202877
640000      5159.581841
640000      5162.868601
630000      5162.925211
640000      5163.223651
640000      5163.626816
Computing instanton...
630000      5166.749874
Computing instanton...
Computing instanton...
630000       5174.02957
Computing instanton...
640000      5185.211913
Computing instanton...
Computing instanton...
640000      5194.579678
640000       5198.93584
Computing instanton...
640000       5200.61536
640000      5200.533316
630000      5203.436167
640000      5203.955979
640000      5204.234702
Computing instanton...
650000      5212.834835
640000      5215.046415
640000      5215.444166
640000      5222.510073
640000      5222.377761
Computing instanton...
650000      5230.008973
650000      5230.654967
Computing instanton...
650000      5232.646055
Computing instanton...
Computing instanton...
650000      5236.950872
650000      5237.668409
650000      5242.223114
650000      5242.812148
650000      5243.109407
640000      5244.801933
640000      5247.617362
640000      5253.974117
Computing instanton...
Computing instanton...
650000      5263.596426
Computing instanton...
Computing instanton...
Computing instanton...
650000      5276.270055
650000      5277.151917
650000      5277.527396
Computing instanton...
650000       5280.02841
650000      5283.278998
Computing instanton...
Computing instanton...
Computing instanton...
650000      5285.447994
640000      5286.698678
Computing instanton...
660000      5289.762899
Computing instanton...
Computing instanton...
650000      5295.634008
650000      5297.415427
650000      5303.919951
660000      5304.444577
650000      5305.421211
Computing instanton...
Computing instanton...
660000      5308.738547
660000      5313.377937
660000      5313.553113
Computing instanton...
Computing instanton...
Computing instanton...
660000      5317.750556
660000      5318.494376
Computing instanton...
660000      5321.739855
660000      5322.097865
Computing instanton...
Computing instanton...
650000      5324.262917
Computing instanton...
650000      5326.978152
650000      5332.541027
Computing instanton...
Computing instanton...
Computing instanton...
660000      5340.438343
Computing instanton...
Computing instanton...
Computing instanton...
660000       5353.49809
660000      5355.713013
660000      5357.536966
Computing instanton...
660000      5360.910565
Computing instanton...
660000      5363.523097
670000      5366.022891
660000      5366.374153
650000          5372.94
660000      5376.676813
660000      5379.176839
Computing instanton...
660000      5383.814848
660000      5385.862306
670000      5386.867639
670000      5386.755682
670000      5390.501842
670000      5395.110313
670000      5396.165414
670000      5399.589905
670000      5401.246484
Computing instanton...
670000      5403.095012
Computing instanton...
660000      5408.750572
srun: Job step aborted: Waiting up to 32 seconds for job step to finish.
slurmstepd: error: *** STEP 187004.0 ON hbcomp-007 CANCELLED AT 2018-02-14T12:37:26 DUE TO TIME LIMIT ***
slurmstepd: error: *** JOB 187004 ON hbcomp-007 CANCELLED AT 2018-02-14T12:37:26 DUE TO TIME LIMIT ***
Computing instanton...
srun: got SIGCONT
srun: forcing job termination
srun: error: hbcomp-007: task 0: Terminated
