24000000 0.007 5.0 30 0.0 B 3 1 0.003936 0 55.0 -1 4
Unrecognized MATLAB option "wait".
Unrecognized MATLAB option "minimize".

                            < M A T L A B (R) >
                  Copyright 1984-2017 The MathWorks, Inc.
                   R2017b (9.3.0.713579) 64-bit (glnxa64)
                             September 14, 2017

Unrecognized MATLAB option "wait".
Unrecognized MATLAB option "minimize".

                            < M A T L A B (R) >
                  Copyright 1984-2017 The MathWorks, Inc.
                   R2017b (9.3.0.713579) 64-bit (glnxa64)
                             September 14, 2017

Unrecognized MATLAB option "wait".
Unrecognized MATLAB option "minimize".

                            < M A T L A B (R) >
                  Copyright 1984-2017 The MathWorks, Inc.
                   R2017b (9.3.0.713579) 64-bit (glnxa64)
                             September 14, 2017

Unrecognized MATLAB option "wait".
Unrecognized MATLAB option "minimize".

                            < M A T L A B (R) >
                  Copyright 1984-2017 The MathWorks, Inc.
                   R2017b (9.3.0.713579) 64-bit (glnxa64)
                             September 14, 2017

Unrecognized MATLAB option "wait".
Unrecognized MATLAB option "minimize".

                            < M A T L A B (R) >
                  Copyright 1984-2017 The MathWorks, Inc.
                   R2017b (9.3.0.713579) 64-bit (glnxa64)
                             September 14, 2017

Unrecognized MATLAB option "wait".
Unrecognized MATLAB option "minimize".

                            < M A T L A B (R) >
                  Copyright 1984-2017 The MathWorks, Inc.
                   R2017b (9.3.0.713579) 64-bit (glnxa64)
                             September 14, 2017

Unrecognized MATLAB option "wait".
Unrecognized MATLAB option "minimize".

                            < M A T L A B (R) >
                  Copyright 1984-2017 The MathWorks, Inc.
                   R2017b (9.3.0.713579) 64-bit (glnxa64)
                             September 14, 2017

Unrecognized MATLAB option "wait".
Unrecognized MATLAB option "minimize".

                            < M A T L A B (R) >
                  Copyright 1984-2017 The MathWorks, Inc.
                   R2017b (9.3.0.713579) 64-bit (glnxa64)
                             September 14, 2017

Unrecognized MATLAB option "wait".
Unrecognized MATLAB option "minimize".

                            < M A T L A B (R) >
                  Copyright 1984-2017 The MathWorks, Inc.
                   R2017b (9.3.0.713579) 64-bit (glnxa64)
                             September 14, 2017

Unrecognized MATLAB option "wait".
Unrecognized MATLAB option "minimize".

                            < M A T L A B (R) >
                  Copyright 1984-2017 The MathWorks, Inc.
                   R2017b (9.3.0.713579) 64-bit (glnxa64)
                             September 14, 2017

Unrecognized MATLAB option "wait".
Unrecognized MATLAB option "minimize".

                            < M A T L A B (R) >
                  Copyright 1984-2017 The MathWorks, Inc.
                   R2017b (9.3.0.713579) 64-bit (glnxa64)
                             September 14, 2017

Unrecognized MATLAB option "wait".
Unrecognized MATLAB option "minimize".

                            < M A T L A B (R) >
                  Copyright 1984-2017 The MathWorks, Inc.
                   R2017b (9.3.0.713579) 64-bit (glnxa64)
                             September 14, 2017

Unrecognized MATLAB option "wait".
Unrecognized MATLAB option "minimize".

                            < M A T L A B (R) >
                  Copyright 1984-2017 The MathWorks, Inc.
                   R2017b (9.3.0.713579) 64-bit (glnxa64)
                             September 14, 2017

Unrecognized MATLAB option "wait".
Unrecognized MATLAB option "minimize".

                            < M A T L A B (R) >
                  Copyright 1984-2017 The MathWorks, Inc.
                   R2017b (9.3.0.713579) 64-bit (glnxa64)
                             September 14, 2017

Unrecognized MATLAB option "wait".
Unrecognized MATLAB option "minimize".

                            < M A T L A B (R) >
                  Copyright 1984-2017 The MathWorks, Inc.
                   R2017b (9.3.0.713579) 64-bit (glnxa64)
                             September 14, 2017

Unrecognized MATLAB option "wait".
Unrecognized MATLAB option "minimize".

                            < M A T L A B (R) >
                  Copyright 1984-2017 The MathWorks, Inc.
                   R2017b (9.3.0.713579) 64-bit (glnxa64)
                             September 14, 2017

Unrecognized MATLAB option "wait".
Unrecognized MATLAB option "minimize".

                            < M A T L A B (R) >
                  Copyright 1984-2017 The MathWorks, Inc.
                   R2017b (9.3.0.713579) 64-bit (glnxa64)
                             September 14, 2017

Unrecognized MATLAB option "wait".
Unrecognized MATLAB option "minimize".

                            < M A T L A B (R) >
                  Copyright 1984-2017 The MathWorks, Inc.
                   R2017b (9.3.0.713579) 64-bit (glnxa64)
                             September 14, 2017

Unrecognized MATLAB option "wait".
Unrecognized MATLAB option "minimize".

                            < M A T L A B (R) >
                  Copyright 1984-2017 The MathWorks, Inc.
                   R2017b (9.3.0.713579) 64-bit (glnxa64)
                             September 14, 2017

Unrecognized MATLAB option "wait".
Unrecognized MATLAB option "minimize".

                            < M A T L A B (R) >
                  Copyright 1984-2017 The MathWorks, Inc.
                   R2017b (9.3.0.713579) 64-bit (glnxa64)
                             September 14, 2017

Unrecognized MATLAB option "wait".
Unrecognized MATLAB option "minimize".

                            < M A T L A B (R) >
                  Copyright 1984-2017 The MathWorks, Inc.
                   R2017b (9.3.0.713579) 64-bit (glnxa64)
                             September 14, 2017

Unrecognized MATLAB option "wait".
Unrecognized MATLAB option "minimize".

                            < M A T L A B (R) >
                  Copyright 1984-2017 The MathWorks, Inc.
                   R2017b (9.3.0.713579) 64-bit (glnxa64)
                             September 14, 2017

Unrecognized MATLAB option "wait".
Unrecognized MATLAB option "minimize".

                            < M A T L A B (R) >
                  Copyright 1984-2017 The MathWorks, Inc.
                   R2017b (9.3.0.713579) 64-bit (glnxa64)
                             September 14, 2017

Unrecognized MATLAB option "wait".
Unrecognized MATLAB option "minimize".

                            < M A T L A B (R) >
                  Copyright 1984-2017 The MathWorks, Inc.
                   R2017b (9.3.0.713579) 64-bit (glnxa64)
                             September 14, 2017

 
 
 
For online documentation, see http://www.mathworks.com/support
For product information, visit www.mathworks.com.
 
For online documentation, see http://www.mathworks.com/support
For product information, visit www.mathworks.com.
 
For online documentation, see http://www.mathworks.com/support
For product information, visit www.mathworks.com.
 
 
For online documentation, see http://www.mathworks.com/support
For product information, visit www.mathworks.com.
 
 
For online documentation, see http://www.mathworks.com/support
For product information, visit www.mathworks.com.
 
 
For online documentation, see http://www.mathworks.com/support
For product information, visit www.mathworks.com.
 
 
 
 
For online documentation, see http://www.mathworks.com/support
For product information, visit www.mathworks.com.
 
For online documentation, see http://www.mathworks.com/support
For product information, visit www.mathworks.com.
 
 
 
For online documentation, see http://www.mathworks.com/support
For product information, visit www.mathworks.com.
 
 
For online documentation, see http://www.mathworks.com/support
For product information, visit www.mathworks.com.
 
For online documentation, see http://www.mathworks.com/support
For product information, visit www.mathworks.com.
 
For online documentation, see http://www.mathworks.com/support
For product information, visit www.mathworks.com.
 
 
For online documentation, see http://www.mathworks.com/support
For product information, visit www.mathworks.com.
 
 
 
 
For online documentation, see http://www.mathworks.com/support
 
For product information, visit www.mathworks.com.
 
For online documentation, see http://www.mathworks.com/support
For product information, visit www.mathworks.com.
 
For online documentation, see http://www.mathworks.com/support
For product information, visit www.mathworks.com.
 
For online documentation, see http://www.mathworks.com/support
For product information, visit www.mathworks.com.
 
 
For online documentation, see http://www.mathworks.com/support
For product information, visit www.mathworks.com.
 
 
 
For online documentation, see http://www.mathworks.com/support
For product information, visit www.mathworks.com.
 
For online documentation, see http://www.mathworks.com/support
For product information, visit www.mathworks.com.
 
 
For online documentation, see http://www.mathworks.com/support
For product information, visit www.mathworks.com.
 
 
For online documentation, see http://www.mathworks.com/support
For product information, visit www.mathworks.com.
 
 
 
For online documentation, see http://www.mathworks.com/support
For product information, visit www.mathworks.com.
 
For online documentation, see http://www.mathworks.com/support
For product information, visit www.mathworks.com.
 
outfile: ../data/out_0005/.worker_13.txt
outfile: ../data/out_0005/.worker_1.txt
outfile: ../data/out_0005/.worker_23.txt
outfile: ../data/out_0005/.worker_16.txt
outfile: ../data/out_0005/.worker_19.txt
outfile: ../data/out_0005/.worker_18.txt
outfile: ../data/out_0005/.worker_4.txt
outfile: ../data/out_0005/.worker_21.txt
outfile: ../data/out_0005/.worker_9.txt
outfile: ../data/out_0005/.worker_14.txt
outfile: ../data/out_0005/.worker_17.txt
outfile: ../data/out_0005/.worker_12.txt
outfile: ../data/out_0005/.worker_2.txt
outfile: ../data/out_0005/.worker_8.txt
outfile: ../data/out_0005/.worker_7.txt
outfile: ../data/out_0005/.worker_5.txt
outfile: ../data/out_0005/.worker_11.txt
outfile: ../data/out_0005/.worker_22.txt
outfile: ../data/out_0005/.worker_6.txt
outfile: ../data/out_0005/.worker_3.txt
outfile: ../data/out_0005/.worker_0.txt
outfile: ../data/out_0005/.worker_10.txt
outfile: ../data/out_0005/.worker_15.txt
outfile: ../data/out_0005/.worker_20.txt
Computing instanton...
Computing instanton...
Computing instanton...
Computing instanton...
Computing instanton...
Computing instanton...
Computing instanton...
Computing instanton...
Computing instanton...
Computing instanton...
Computing instanton...
Computing instanton...
10000       68.800817
Computing instanton...
10000       70.630402
10000       70.868418
10000       71.716783
10000       71.870284
10000       72.042207
10000       72.066059
10000        73.35464
10000       73.354372
10000       74.151945
10000       74.658699
10000       74.948507
10000       75.144709
10000        75.47112
10000       75.861438
10000       75.962704
10000       76.450716
10000       76.633564
10000       77.849483
10000       77.867586
10000       77.931962
10000       78.841066
10000        79.47358
10000       80.674394
Computing instanton...
Computing instanton...
Computing instanton...
Computing instanton...
Computing instanton...
Computing instanton...
Computing instanton...
Computing instanton...
Computing instanton...
20000      140.031248
Computing instanton...
20000      140.244793
20000      140.731043
20000      141.467075
20000       142.08908
20000      142.383428
20000      142.449525
20000      142.297324
Computing instanton...
20000      143.107647
20000       143.97975
20000      144.155822
Computing instanton...
Computing instanton...
20000      145.066512
20000       145.89288
20000      146.502482
20000      147.620549
20000      147.756401
20000      148.199476
20000       148.29866
20000      150.362977
20000       151.30094
Computing instanton...
20000      152.645969
20000      152.758067
20000      155.406861
20000       155.50881
Computing instanton...
Computing instanton...
Computing instanton...
Computing instanton...
Computing instanton...
Computing instanton...
Computing instanton...
Computing instanton...
Computing instanton...
30000      204.734412
30000      206.755388
Computing instanton...
30000      208.021153
30000      208.431976
30000      209.934932
30000      212.535934
30000       213.35588
30000      215.792027
Computing instanton...
30000      217.085366
30000      216.924816
30000      217.191404
30000      217.077954
30000      217.329065
30000      217.619709
30000      217.789828
30000      219.490098
30000      219.860634
30000      219.792329
30000       220.25035
30000      220.224618
Computing instanton...
Computing instanton...
30000      227.044392
30000      227.565727
Computing instanton...
30000      229.451178
30000      230.144461
Computing instanton...
Computing instanton...
Computing instanton...
Computing instanton...
Computing instanton...
Computing instanton...
Computing instanton...
Computing instanton...
Computing instanton...
40000      273.557904
40000      274.354113
40000      277.709691
40000      278.359674
Computing instanton...
40000      282.458608
40000      285.899789
40000      286.204771
40000      286.447992
40000      287.223847
40000      287.455764
40000      289.563972
40000      289.697147
40000      289.701628
40000      289.969061
40000      290.271335
40000      290.848322
40000      291.111698
40000      290.942209
40000      291.987584
40000      294.281105
40000      294.969856
40000      296.535528
40000      302.531375
40000      307.225774
Computing instanton...
Computing instanton...
Computing instanton...
Computing instanton...
Computing instanton...
Computing instanton...
50000      340.153166
Computing instanton...
50000      343.408407
Computing instanton...
Computing instanton...
50000      349.037757
50000      350.132348
50000      353.014308
Computing instanton...
Computing instanton...
50000      356.845988
50000      356.747426
50000      357.677882
50000      357.836626
50000       358.83182
50000      359.277657
50000      360.172361
50000      360.526409
Computing instanton...
50000      362.701013
50000      365.177823
50000      365.743735
50000      365.712016
50000      366.990868
Computing instanton...
50000      367.706209
50000      367.540056
50000      370.004141
Computing instanton...
Computing instanton...
Computing instanton...
50000      373.737128
Computing instanton...
Computing instanton...
50000      380.131145
50000      380.144711
Computing instanton...
Computing instanton...
Computing instanton...
60000      410.040392
60000      411.087225
Computing instanton...
60000      414.904082
Computing instanton...
Computing instanton...
60000      415.915457
60000      417.839806
Computing instanton...
Computing instanton...
60000      424.680111
Computing instanton...
60000      425.799081
60000      426.637099
60000       428.72972
Computing instanton...
60000      433.060307
60000      433.074022
60000      433.768792
60000      433.962646
60000      434.363377
60000      436.176424
60000      436.576802
60000      440.143578
60000      440.866554
60000      441.133273
60000       443.04228
60000      444.086596
Computing instanton...
60000      447.078583
60000      447.703071
Computing instanton...
60000      452.679707
Computing instanton...
Computing instanton...
Computing instanton...
Computing instanton...
70000      476.603783
70000      477.788703
Computing instanton...
70000      478.713329
70000      486.414159
70000      486.633688
70000      492.328321
70000      493.954903
70000      495.661538
70000       496.28561
70000      497.979894
Computing instanton...
70000      502.858187
Computing instanton...
70000      505.583843
70000      507.311874
70000      507.660361
70000      507.892059
70000      511.367178
70000      512.023583
70000      512.563108
70000      514.198571
70000      515.296139
70000      515.950263
70000      516.601772
70000      520.419318
Computing instanton...
70000      532.378396
Computing instanton...
80000      540.486766
80000      541.519254
Computing instanton...
Computing instanton...
80000      546.641011
80000      552.777988
Computing instanton...
Computing instanton...
80000      553.886008
Computing instanton...
Computing instanton...
80000      560.971936
80000      561.197473
80000       563.02447
80000      563.261287
80000      565.029822
Computing instanton...
80000      573.238891
Computing instanton...
80000      573.719222
80000      574.704245
80000      576.786287
80000       578.39363
80000      580.748244
80000      582.741554
80000      583.094319
Computing instanton...
80000      584.516143
80000      584.620613
80000      585.746186
Computing instanton...
80000      588.735827
80000      594.632178
Computing instanton...
Computing instanton...
Computing instanton...
90000      606.461399
80000       607.44512
Computing instanton...
Computing instanton...
90000      609.991149
90000      613.663722
Computing instanton...
Computing instanton...
90000      618.909884
90000      620.549508
90000      624.684897
90000      627.056182
90000      630.762161
90000      632.208217
90000      634.021909
Computing instanton...
Computing instanton...
90000      642.176975
90000       646.17798
90000      649.603919
90000      649.732197
90000       649.70252
90000      650.477314
90000      651.822727
90000      652.880494
Computing instanton...
90000      657.716061
Computing instanton...
90000      662.037686
90000       662.36679
Computing instanton...
Computing instanton...
90000      666.090875
Computing instanton...
90000      670.571656
100000       671.391738
Computing instanton...
100000        676.02611
Computing instanton...
90000      680.709266
100000       681.559706
Computing instanton...
Computing instanton...
100000       683.701696
Computing instanton...
100000       691.031973
100000       692.937039
100000       697.545218
100000       698.757488
100000       699.777956
100000        701.81303
Computing instanton...
Computing instanton...
100000        714.90342
Computing instanton...
Computing instanton...
Computing instanton...
100000       718.325563
Computing instanton...
100000       720.782212
100000       721.665023
100000        722.90154
100000       723.773465
100000       725.620062
100000       727.575389
100000       730.499339
100000        735.36262
Computing instanton...
100000       736.090171
100000       736.590348
110000        738.27047
Computing instanton...
100000       739.396828
110000       740.583033
Computing instanton...
Computing instanton...
110000       749.654799
100000       750.939615
Computing instanton...
110000       752.462104
Computing instanton...
110000       759.306772
Computing instanton...
110000       760.737881
110000       761.843404
110000       764.142198
Computing instanton...
Computing instanton...
110000       768.394701
Computing instanton...
110000       772.145764
Computing instanton...
110000       787.386798
Computing instanton...
110000       791.876238
110000        792.35827
110000       793.508366
110000       793.865533
110000       796.616023
110000       797.238317
110000       798.667312
110000       800.584756
110000       803.150943
120000       805.925579
Computing instanton...
110000       807.021888
120000       809.181837
110000       809.305474
110000       811.258744
120000       816.284238
Computing instanton...
Computing instanton...
120000       819.784053
110000       823.112043
Computing instanton...
120000       824.722149
120000        827.66218
120000       828.611718
120000        829.71086
Computing instanton...
Computing instanton...
Computing instanton...
Computing instanton...
Computing instanton...
120000       836.956471
120000       837.693217
Computing instanton...
Computing instanton...
Computing instanton...
120000       859.875727
Computing instanton...
120000       863.804953
120000       864.145516
120000        864.31461
120000       865.251334
Computing instanton...
120000       867.683707
130000       868.356727
120000       869.290174
120000       870.377142
Computing instanton...
120000       871.336748
120000       872.529298
130000       872.962726
120000       873.551454
120000       880.144398
120000       882.841713
130000       884.796636
130000       892.217951
130000        892.45438
120000       894.034665
130000       894.197271
130000       895.324586
130000       898.983254
Computing instanton...
130000        899.99114
130000       902.620848
Computing instanton...
Computing instanton...
Computing instanton...
Computing instanton...
Computing instanton...
Computing instanton...
Computing instanton...
Computing instanton...
130000       926.246191
Computing instanton...
140000       931.945201
130000       933.601661
130000       934.735567
140000       936.253476
130000       936.956354
130000       937.234115
130000       937.475843
130000       937.442415
130000       940.729439
Computing instanton...
130000       942.819331
Computing instanton...
130000       943.773599
Computing instanton...
130000       945.907161
Computing instanton...
Computing instanton...
130000        949.68334
140000       951.377028
130000       951.245324
140000       958.668322
140000       960.136618
140000       960.184678
Computing instanton...
130000       964.915525
140000       965.931696
Computing instanton...
140000       966.651531
Computing instanton...
140000       969.578865
140000       975.194758
Computing instanton...
Computing instanton...
Computing instanton...
Computing instanton...
Computing instanton...
140000        996.45461
150000       997.572324
140000       998.532714
Computing instanton...
150000      1002.370894
140000      1006.000043
140000      1006.673939
140000      1009.251951
140000      1010.073296
140000      1010.400381
140000      1012.650686
140000      1013.010397
140000      1015.832494
140000       1018.67364
150000      1019.963481
150000      1022.883843
150000      1022.751647
140000      1022.648767
Computing instanton...
140000      1027.194494
150000      1027.706265
Computing instanton...
150000      1031.820928
150000      1033.945515
150000      1034.114929
Computing instanton...
140000      1041.838915
150000      1043.585153
Computing instanton...
Computing instanton...
160000      1065.158438
Computing instanton...
Computing instanton...
150000      1069.765436
160000      1070.834134
150000      1073.932489
Computing instanton...
Computing instanton...
150000      1079.073489
150000       1079.36779
150000      1079.719424
150000      1080.098894
150000      1081.038127
150000      1081.120541
Computing instanton...
150000      1083.585883
160000      1087.343137
Computing instanton...
150000      1089.523884
160000      1089.624162
Computing instanton...
150000      1092.186585
160000      1092.451219
160000      1095.205189
150000      1096.932171
160000      1098.173061
150000      1098.529316
160000      1098.728047
160000      1100.561094
Computing instanton...
Computing instanton...
160000       1110.63894
150000      1115.361358
Computing instanton...
Computing instanton...
170000      1129.485246
Computing instanton...
Computing instanton...
Computing instanton...
170000      1137.932345
160000      1138.351578
160000      1142.416271
160000      1147.217328
160000      1148.293081
170000      1149.207147
Computing instanton...
160000       1150.28457
160000      1152.363328
160000      1153.063426
Computing instanton...
160000      1154.832869
170000      1157.121488
160000      1158.790069
170000      1159.208446
Computing instanton...
160000      1161.680868
170000      1162.204296
170000       1162.72264
160000      1163.771089
170000      1165.743354
160000      1167.220647
160000      1168.028343
Computing instanton...
170000      1170.524788
Computing instanton...
Computing instanton...
170000      1176.452625
Computing instanton...
160000        1190.7892
180000      1191.059956
Computing instanton...
Computing instanton...
Computing instanton...
180000      1203.355299
Computing instanton...
Computing instanton...
170000      1208.298792
Computing instanton...
170000      1215.182174
180000      1217.970422
170000      1219.369513
170000      1220.904011
Computing instanton...
170000      1222.751927
Computing instanton...
Computing instanton...
180000      1224.160737
170000      1224.666518
170000      1225.553539
Computing instanton...
180000      1226.569658
170000      1226.820004
180000      1229.564547
170000      1229.831402
180000      1230.494372
180000      1232.252389
170000      1234.324838
170000      1235.289716
180000      1235.878638
170000      1235.848617
Computing instanton...
Computing instanton...
170000      1238.915259
Computing instanton...
180000      1243.645647
Computing instanton...
Computing instanton...
190000      1252.501094
170000      1260.871466
Computing instanton...
190000      1267.569797
Computing instanton...
Computing instanton...
180000      1279.609851
190000      1287.504297
180000      1289.037345
190000      1289.705505
Computing instanton...
Computing instanton...
180000      1291.650216
180000      1291.949097
180000      1292.486464
Computing instanton...
180000      1293.028589
Computing instanton...
190000      1294.297734
Computing instanton...
180000      1296.044903
190000      1295.935388
190000      1298.531165
180000      1298.701396
180000      1299.558243
190000      1300.677516
180000      1301.874524
190000      1304.462904
180000      1305.708943
Computing instanton...
Computing instanton...
180000      1308.947716
190000      1310.227689
180000      1313.028135
200000       1318.76382
Computing instanton...
Computing instanton...
180000      1330.635824
Computing instanton...
Computing instanton...
Computing instanton...
200000      1335.444225
Computing instanton...
190000      1347.465991
Computing instanton...
200000      1351.111332
200000      1354.380725
200000      1357.188354
Computing instanton...
190000      1360.174443
200000      1361.278081
190000      1361.239299
190000      1362.078837
200000      1362.203387
190000      1363.955776
190000      1365.289202
190000      1366.832962
200000      1369.608661
190000      1369.749826
200000      1370.263301
190000      1370.645854
200000      1375.888234
190000      1376.087511
190000      1376.202361
210000      1382.712276
Computing instanton...
190000      1384.035256
190000       1386.26093
Computing instanton...
Computing instanton...
Computing instanton...
Computing instanton...
190000      1400.961011
210000        1404.9508
Computing instanton...
Computing instanton...
Computing instanton...
Computing instanton...
210000      1414.861921
210000      1418.122906
200000      1418.093171
210000      1423.840549
Computing instanton...
210000      1425.063724
200000      1429.121679
Computing instanton...
210000      1432.170505
200000      1433.304614
200000      1433.599657
Computing instanton...
200000      1435.338169
210000      1436.006482
200000      1435.976643
210000      1436.101532
200000      1438.312242
200000      1438.335415
210000      1442.037528
200000       1443.23462
200000      1445.334868
220000      1446.653511
200000      1447.752307
Computing instanton...
200000       1457.17848
200000      1460.095464
Computing instanton...
200000      1469.872727
220000      1475.465396
Computing instanton...
220000      1478.843095
220000      1481.715508
210000      1486.197372
220000      1489.698142
220000      1494.209929
Computing instanton...
220000      1500.247101
210000      1502.230804
Computing instanton...
210000      1504.183219
Computing instanton...
210000       1504.65397
210000      1505.186187
220000      1505.810966
220000       1506.31078
210000      1507.670771
210000      1507.827663
Computing instanton...
230000      1509.618101
220000      1510.253825
210000      1510.501719
Computing instanton...
210000      1514.586299
210000      1515.120524
210000      1515.435247
Computing instanton...
Computing instanton...
Computing instanton...
210000      1525.229499
Computing instanton...
210000      1532.589003
Computing instanton...
Computing instanton...
Computing instanton...
210000      1537.447929
230000      1540.168623
Computing instanton...
Computing instanton...
230000      1548.069441
230000      1548.734984
Computing instanton...
Computing instanton...
220000      1558.240781
230000      1558.729487
Computing instanton...
230000      1561.861518
Computing instanton...
Computing instanton...
230000      1568.600778
220000      1568.754658
Computing instanton...
230000      1574.319858
220000       1574.85464
220000      1575.144421
220000      1575.415952
220000       1575.43169
220000       1575.64043
230000       1576.31606
Computing instanton...
Computing instanton...
220000      1578.993946
220000      1579.309822
240000      1579.248083
230000      1579.680329
Computing instanton...
220000      1583.745652
Computing instanton...
220000      1585.485868
Computing instanton...
Computing instanton...
220000      1595.567143
220000      1606.512619
220000      1607.753969
240000      1607.845101
240000      1612.623431
Computing instanton...
240000      1617.597496
Computing instanton...
240000      1624.452431
230000      1629.185751
240000      1629.851843
Computing instanton...
240000       1636.87846
Computing instanton...
240000      1637.884911
230000      1639.567322
230000      1641.050426
230000       1643.41361
230000      1644.462155
240000      1644.554085
230000      1644.836534
230000      1645.628412
250000      1646.735242
240000      1647.267418
230000      1647.819707
Computing instanton...
230000      1651.726882
230000      1652.899356
230000      1654.204675
Computing instanton...
Computing instanton...
230000       1667.37046
230000      1675.857678
250000      1678.132661
250000      1678.707892
230000      1678.811265
Computing instanton...
250000       1682.89747
Computing instanton...
Computing instanton...
250000      1694.026623
Computing instanton...
250000      1696.309561
Computing instanton...
240000      1698.408151
Computing instanton...
250000      1701.561674
240000      1703.130479
240000       1708.30579
250000      1709.310412
250000      1710.489117
240000      1711.730763
Computing instanton...
250000      1712.796056
Computing instanton...
240000      1716.639816
260000      1716.638782
240000      1717.270502
Computing instanton...
240000      1720.345999
240000      1720.354742
240000      1720.718754
240000      1721.594632
240000      1723.674663
Computing instanton...
240000      1738.698721
260000      1742.431773
Computing instanton...
260000      1743.727299
Computing instanton...
260000      1749.431625
240000      1750.119296
240000      1750.909116
260000       1760.92799
260000      1761.204313
Computing instanton...
260000       1769.09089
250000      1770.059749
260000      1772.120907
250000      1772.899946
Computing instanton...
Computing instanton...
260000      1777.571515
250000      1779.350694
Computing instanton...
270000      1780.873722
250000      1781.096802
Computing instanton...
260000      1782.349863
Computing instanton...
250000      1785.859437
250000      1786.218505
250000      1790.921429
250000      1791.540788
250000      1792.020208
250000      1793.047613
250000      1795.612015
Computing instanton...
Computing instanton...
Computing instanton...
Computing instanton...
Computing instanton...
270000       1809.95401
250000      1810.366666
270000      1812.625605
270000      1812.740903
Computing instanton...
250000      1816.570037
Computing instanton...
270000      1821.210878
250000      1821.583919
Computing instanton...
Computing instanton...
Computing instanton...
270000       1833.29662
260000       1836.39549
270000      1838.872348
260000      1839.428879
270000      1840.880188
270000      1844.898458
260000      1846.064941
280000      1846.494559
Computing instanton...
260000      1850.464384
270000      1851.964371
Computing instanton...
260000      1854.679474
Computing instanton...
260000      1860.070006
260000      1861.659419
260000       1861.59921
260000      1862.489253
260000      1864.368842
260000      1869.503882
280000      1872.625955
Computing instanton...
Computing instanton...
260000      1878.716805
280000       1881.59419
Computing instanton...
280000      1884.362539
260000      1885.589282
280000      1886.330631
Computing instanton...
Computing instanton...
260000      1893.082816
280000      1899.407025
Computing instanton...
270000      1902.175673
Computing instanton...
280000      1905.863342
280000      1909.795486
270000      1911.127204
280000      1912.337631
Computing instanton...
Computing instanton...
Computing instanton...
Computing instanton...
290000      1916.610836
280000      1917.612688
270000      1917.941437
270000      1919.537361
Computing instanton...
Computing instanton...
270000      1926.584491
Computing instanton...
270000      1927.588642
Computing instanton...
270000      1930.028323
Computing instanton...
270000      1932.928513
270000      1933.785384
270000      1933.867916
Computing instanton...
Computing instanton...
Computing instanton...
290000      1938.813569
270000      1939.803827
270000      1948.490287
290000      1949.944703
290000      1953.202415
290000      1956.047446
Computing instanton...
Computing instanton...
270000       1959.56991
290000      1963.580575
Computing instanton...
270000       1971.13713
290000      1971.757958
Computing instanton...
280000      1972.556212
290000      1974.689149
Computing instanton...
280000      1977.319927
Computing instanton...
Computing instanton...
300000      1980.260095
290000       1981.87325
280000      1986.676511
290000      1987.005844
Computing instanton...
Computing instanton...
Computing instanton...
280000       1992.54357
Computing instanton...
280000      1996.619312
280000      2001.170775
280000      2001.267961
300000      2003.675392
280000      2004.211502
280000      2005.341747
280000      2010.124008
280000       2010.23215
Computing instanton...
Computing instanton...
Computing instanton...
300000      2016.220945
Computing instanton...
280000      2018.153961
Computing instanton...
Computing instanton...
300000      2021.451893
300000      2021.962602
Computing instanton...
Computing instanton...
Computing instanton...
280000       2030.73347
300000      2031.981355
Computing instanton...
Computing instanton...
300000      2037.132424
300000      2037.970071
280000      2042.177642
290000      2044.297274
290000      2044.530126
310000      2047.302828
300000      2047.558488
300000      2049.852104
290000      2051.502819
290000      2060.739585
Computing instanton...
290000      2065.425183
290000      2071.031796
Computing instanton...
290000      2071.864113
290000      2072.675404
310000      2073.613416
290000      2077.829732
Computing instanton...
290000      2079.285308
Computing instanton...
310000      2081.829654
Computing instanton...
290000      2084.904745
310000      2086.293882
290000      2088.153092
Computing instanton...
310000      2093.817602
310000      2099.548974
Computing instanton...
290000      2102.365769
Computing instanton...
310000      2104.409073
310000      2105.505648
Computing instanton...
290000      2108.447412
Computing instanton...
Computing instanton...
300000      2112.377133
310000      2112.438233
320000      2115.191637
Computing instanton...
300000      2115.972168
310000       2116.12755
300000      2117.029672
Computing instanton...
Computing instanton...
Computing instanton...
300000      2132.217298
320000      2138.311889
300000      2138.600404
300000      2138.469482
300000       2139.39216
300000      2141.531487
Computing instanton...
300000      2148.128789
Computing instanton...
300000       2149.61187
320000      2151.594042
320000      2154.202702
300000      2156.363673
300000      2158.573074
Computing instanton...
Computing instanton...
320000      2162.774965
Computing instanton...
320000      2167.031981
320000      2168.751381
320000      2169.071302
300000      2169.388985
Computing instanton...
300000      2174.052358
320000      2174.988134
330000      2180.505456
310000      2181.252088
Computing instanton...
310000      2181.492962
320000      2183.631565
310000      2186.452105
Computing instanton...
Computing instanton...
Computing instanton...
310000       2199.76771
310000      2203.448023
310000      2205.959115
330000      2206.830986
310000      2211.371879
310000      2213.421991
310000      2214.657259
330000      2220.102065
310000      2220.188755
330000      2220.713125
Computing instanton...
Computing instanton...
Computing instanton...
330000        2226.4989
Computing instanton...
310000      2226.936876
310000       2228.64272
Computing instanton...
330000       2234.57737
330000      2235.176266
330000      2235.296504
Computing instanton...
310000       2238.16592
Computing instanton...
330000      2242.528284
310000      2245.144606
Computing instanton...
320000      2247.469893
340000      2247.851813
Computing instanton...
320000      2250.046917
330000       2251.17763
Computing instanton...
320000      2257.141165
Computing instanton...
Computing instanton...
Computing instanton...
340000      2271.557559
320000      2271.755408
320000       2272.53805
Computing instanton...
320000      2273.478216
Computing instanton...
320000      2283.075949
Computing instanton...
340000      2285.549181
320000      2287.288582
Computing instanton...
340000      2288.879698
320000      2288.967824
340000      2289.601684
320000      2289.996698
Computing instanton...
Computing instanton...
Computing instanton...
320000       2298.05731
340000      2298.862754
Computing instanton...
Computing instanton...
320000      2301.390542
Computing instanton...
340000      2303.090283
320000      2306.399088
340000      2307.084795
Computing instanton...
350000      2311.303306
Computing instanton...
320000      2313.398012
330000      2313.950951
340000      2313.838923
330000      2319.076493
340000      2319.576852
Computing instanton...
Computing instanton...
Computing instanton...
Computing instanton...
330000      2334.043349
350000      2334.371219
Computing instanton...
Computing instanton...
330000      2342.231148
Computing instanton...
Computing instanton...
330000      2344.417232
330000      2349.425992
350000      2351.405198
330000      2352.268483
350000      2354.165353
330000      2354.679618
Computing instanton...
330000      2358.997744
350000       2359.90654
330000      2361.794859
Computing instanton...
330000      2364.752151
350000       2366.79231
Computing instanton...
350000      2371.504756
330000      2373.797594
360000      2375.083387
350000      2375.452105
340000      2377.503205
330000      2378.480698
350000      2381.764315
350000      2384.182646
330000      2384.890831
Computing instanton...
Computing instanton...
Computing instanton...
340000      2394.908807
360000       2400.83618
340000      2401.815227
Computing instanton...
Computing instanton...
Computing instanton...
340000      2412.841256
Computing instanton...
Computing instanton...
Computing instanton...
340000      2416.517118
360000      2416.894776
340000      2417.851506
Computing instanton...
Computing instanton...
360000      2422.747123
340000      2423.047528
340000      2424.000113
Computing instanton...
360000      2427.595313
340000      2430.703648
340000      2430.931815
Computing instanton...
360000      2434.241201
360000        2434.0766
340000      2434.108628
370000       2437.64793
350000      2444.529007
360000      2446.018237
340000      2447.749674
340000      2448.405216
360000      2450.649407
360000      2450.966281
340000      2454.172027
Computing instanton...
Computing instanton...
Computing instanton...
Computing instanton...
350000       2463.91744
370000      2465.182704
Computing instanton...
350000      2472.220108
350000      2478.886984
Computing instanton...
Computing instanton...
350000      2483.429618
370000      2485.150142
370000      2487.818251
350000      2488.345117
350000      2491.767501
370000      2492.857989
350000      2493.916832
370000      2498.883189
350000      2500.521295
370000        2500.7798
Computing instanton...
350000      2502.367753
350000      2505.510397
380000      2506.855985
360000      2510.668644
370000      2513.883852
Computing instanton...
350000       2516.66718
350000      2516.833582
370000      2518.331121
Computing instanton...
370000      2520.497536
350000      2523.389628
Computing instanton...
Computing instanton...
380000      2532.464482
360000      2536.025533
360000       2543.81586
Computing instanton...
380000      2552.810035
Computing instanton...
360000      2553.452914
360000      2554.020031
Computing instanton...
360000      2556.550441
380000      2556.668927
380000       2557.29636
Computing instanton...
Computing instanton...
Computing instanton...
360000      2559.583473
380000      2562.512827
Computing instanton...
360000      2564.103521
380000      2567.681815
360000      2570.476927
390000      2570.434118
360000      2570.906216
370000      2578.958738
360000       2580.68011
380000      2581.156277
Computing instanton...
380000      2584.132616
380000      2587.451376
360000      2587.874252
Computing instanton...
Computing instanton...
360000      2591.622097
360000      2594.202235
Computing instanton...
390000      2599.924247
Computing instanton...
Computing instanton...
370000       2608.71778
370000      2609.295888
Computing instanton...
Computing instanton...
Computing instanton...
390000      2623.241728
370000      2623.575073
370000      2623.942898
390000      2624.115778
Computing instanton...
Computing instanton...
390000      2626.560657
Computing instanton...
390000      2627.573193
370000      2627.519933
370000      2627.878699
370000      2628.919709
Computing instanton...
Computing instanton...
390000      2636.106179
400000      2639.289427
370000      2639.444209
370000      2640.043201
380000      2647.215078
Computing instanton...
370000      2652.789364
390000       2653.28214
390000      2653.904038
390000      2654.108762
370000      2654.722641
Computing instanton...
400000      2666.036158
370000      2666.759768
370000      2667.432518
Computing instanton...
Computing instanton...
380000      2674.798488
Computing instanton...
380000      2678.337641
Computing instanton...
Computing instanton...
400000      2685.171234
Computing instanton...
400000      2689.865836
400000      2691.629869
Computing instanton...
380000      2694.327984
400000      2695.156853
380000      2695.451373
380000      2696.481228
380000      2696.755156
380000      2701.488888
400000      2703.983982
390000      2708.911828
410000      2709.208849
380000      2710.936219
380000      2711.209616
Computing instanton...
Computing instanton...
380000      2722.397492
380000      2723.338634
400000       2724.59315
400000      2725.248307
400000      2726.026417
380000      2733.872471
410000      2733.904312
380000      2733.832313
Computing instanton...
390000      2744.935564
390000      2749.073497
Computing instanton...
Computing instanton...
410000      2753.288758
410000       2755.28146
390000      2760.725662
410000      2762.853074
410000      2764.610747
390000      2765.871607
390000      2765.913761
390000      2766.818109
410000       2772.87489
390000      2774.512168
Computing instanton...
Computing instanton...
400000      2775.227526
Computing instanton...
420000      2781.408549
390000      2782.351055
390000      2782.868924
410000      2788.406489
Computing instanton...
390000       2790.22653
Computing instanton...
410000       2792.40972
410000      2793.712121
390000      2794.361095
420000      2796.932435
390000      2803.469957
Computing instanton...
390000      2808.604426
Computing instanton...
Computing instanton...
400000      2818.623829
Computing instanton...
400000      2820.525266
420000      2823.081227
420000      2823.937313
420000      2829.142539
420000      2829.407869
Computing instanton...
400000      2832.864847
400000      2836.586711
420000      2837.903441
410000      2839.126479
400000      2841.315235
Computing instanton...
400000      2843.036305
400000      2844.669343
430000      2846.789322
Computing instanton...
Computing instanton...
Computing instanton...
400000      2849.723041
400000      2851.215954
420000      2854.488018
420000       2855.44823
Computing instanton...
420000       2859.31036
Computing instanton...
400000      2862.457814
430000      2866.767915
400000      2866.990803
Computing instanton...
Computing instanton...
400000      2874.906759
400000      2876.061575
Computing instanton...
410000      2887.224713
410000       2890.52456
430000      2890.695439
430000        2891.9813
Computing instanton...
430000      2895.178273
430000      2898.739566
Computing instanton...
410000      2901.554051
410000      2904.160487
430000       2907.61567
410000      2908.784642
410000      2909.137941
420000       2909.75454
410000      2911.161833
Computing instanton...
Computing instanton...
440000      2915.113784
Computing instanton...
410000      2921.186528
430000      2921.510357
410000      2921.865705
Computing instanton...
430000      2926.108172
430000      2926.584862
Computing instanton...
410000      2930.531858
440000      2933.853082
Computing instanton...
410000      2939.020862
410000      2941.078952
Computing instanton...
Computing instanton...
410000      2948.207512
420000      2958.474791
440000      2958.545725
420000      2960.209952
440000      2961.677155
440000      2964.430612
440000      2967.856509
420000      2971.239115
420000      2973.062518
Computing instanton...
420000      2973.904955
440000      2974.924592
Computing instanton...
430000      2977.551705
Computing instanton...
Computing instanton...
420000      2982.571138
420000      2982.569449
450000      2985.988358
Computing instanton...
440000      2987.152408
440000      2989.989255
420000      2991.981948
420000      2992.191015
440000      2996.869257
450000      2997.422689
Computing instanton...
420000      3000.418142
420000      3009.935362
Computing instanton...
Computing instanton...
420000      3014.735818
420000      3020.355895
Computing instanton...
450000      3026.547272
430000      3026.779106
450000      3028.009204
450000      3030.386375
430000      3030.851799
450000      3032.797316
430000      3041.060638
430000      3042.963093
450000      3043.097927
440000      3043.538617
430000      3049.068224
Computing instanton...
430000      3051.546486
460000      3051.350466
430000       3051.58538
450000      3051.796268
Computing instanton...
Computing instanton...
450000      3058.142111
450000      3060.200814
430000      3059.980931
Computing instanton...
Computing instanton...
430000      3064.174263
460000       3064.50015
Computing instanton...
Computing instanton...
Computing instanton...
430000      3070.366475
Computing instanton...
Computing instanton...
430000      3080.214087
Computing instanton...
Computing instanton...
430000      3085.455925
430000      3088.182558
Computing instanton...
Computing instanton...
460000      3094.040098
Computing instanton...
440000       3095.14714
460000      3095.107491
460000      3095.676373
460000      3099.462691
440000      3101.257062
450000      3108.142764
440000      3108.603686
Computing instanton...
440000      3112.952699
460000      3114.103446
Computing instanton...
470000      3117.023771
Computing instanton...
440000      3120.108063
440000      3120.434873
460000      3121.802857
460000      3123.705948
440000      3123.907016
460000      3126.079161
Computing instanton...
440000       3128.61594
440000      3134.646686
470000      3135.159124
Computing instanton...
Computing instanton...
440000      3142.614247
Computing instanton...
Computing instanton...
440000      3149.000418
Computing instanton...
440000      3156.729533
Computing instanton...
Computing instanton...
440000      3157.559214
470000        3159.0778
Computing instanton...
470000      3161.957377
470000      3163.613475
470000      3164.430207
450000      3165.117225
Computing instanton...
460000      3172.921043
450000      3174.459851
450000      3175.648816
450000      3180.015122
480000      3184.305412
470000      3186.542965
Computing instanton...
470000      3188.018394
Computing instanton...
Computing instanton...
450000      3189.950875
450000        3190.6812
Computing instanton...
470000      3193.617203
470000      3194.677158
Computing instanton...
450000      3197.635666
Computing instanton...
450000      3197.995504
Computing instanton...
450000      3200.356486
480000      3203.147021
450000      3216.033129
450000      3219.606085
450000      3226.465256
480000      3228.269753
480000      3228.255904
450000      3228.391714
480000      3232.763383
480000      3233.802869
Computing instanton...
470000      3236.915102
460000      3238.611878
Computing instanton...
460000      3241.991387
460000      3242.679619
Computing instanton...
460000      3247.890306
490000      3248.923807
460000      3254.897582
480000      3256.147119
Computing instanton...
480000      3257.435562
Computing instanton...
480000      3262.249271
460000      3263.156542
480000      3265.326189
490000       3268.29857
460000      3268.742042
460000      3269.137651
460000      3269.821264
Computing instanton...
Computing instanton...
Computing instanton...
460000       3291.26354
460000      3293.600503
460000      3294.131898
490000      3294.457625
490000      3294.982095
Computing instanton...
490000      3298.816309
Computing instanton...
460000       3300.64536
480000      3303.174129
490000      3305.799828
470000      3306.980696
470000      3310.731341
470000      3312.141777
470000       3314.19988
500000       3314.21081
Computing instanton...
Computing instanton...
Computing instanton...
490000       3324.85162
470000      3325.958795
Computing instanton...
Computing instanton...
490000      3328.859299
490000      3328.979268
490000       3330.35226
Computing instanton...
470000      3331.921873
Computing instanton...
Computing instanton...
470000      3334.376951
470000      3336.693472
Computing instanton...
500000      3340.626457
470000      3342.029148
Computing instanton...
Computing instanton...
Computing instanton...
470000      3357.974549
500000      3358.307189
500000      3361.223842
500000      3362.759574
470000      3363.888193
470000      3364.397594
Computing instanton...
490000      3368.515632
470000      3369.712653
500000      3374.982797
480000      3375.505461
Computing instanton...
Computing instanton...
480000      3379.354697
Computing instanton...
Computing instanton...
480000      3382.520416
510000      3383.133035
Computing instanton...
480000      3387.272484
500000      3389.903084
Computing instanton...
500000      3393.476303
500000      3396.444542
500000      3398.317311
480000      3399.622359
480000      3400.108823
Computing instanton...
480000      3407.343876
510000      3411.709087
480000      3412.450709
480000      3413.301305
Computing instanton...
Computing instanton...
Computing instanton...
480000      3427.599265
510000      3428.064105
Computing instanton...
Computing instanton...
510000      3431.269355
480000      3432.773381
510000      3435.127192
500000      3436.172883
480000       3435.98179
Computing instanton...
Computing instanton...
480000       3438.76094
510000      3439.715171
490000      3443.825442
Computing instanton...
Computing instanton...
Computing instanton...
520000      3449.645245
490000      3449.836331
490000      3450.536456
Computing instanton...
Computing instanton...
490000      3458.500069
510000      3459.109204
510000      3459.674546
Computing instanton...
510000      3465.245245
490000       3466.11405
510000      3469.663948
490000      3472.110221
Computing instanton...
490000       3475.41554
Computing instanton...
520000      3481.508524
490000      3483.122615
490000      3483.803314
Computing instanton...
Computing instanton...
Computing instanton...
Computing instanton...
Computing instanton...
520000       3498.73116
520000      3499.173131
490000      3500.236641
520000      3502.064369
520000      3503.606088
510000      3504.179548
490000      3504.620525
Computing instanton...
490000      3506.369611
490000       3507.50158
Computing instanton...
500000      3509.937797
Computing instanton...
Computing instanton...
Computing instanton...
500000      3522.575776
530000      3522.531109
500000      3523.435032
Computing instanton...
500000      3524.187814
520000      3525.818161
520000      3526.160422
Computing instanton...
Computing instanton...
Computing instanton...
520000      3533.883483
500000      3534.887428
520000      3542.378325
Computing instanton...
Computing instanton...
500000      3547.134162
500000       3548.02092
530000       3549.28169
500000      3551.227059
Computing instanton...
Computing instanton...
500000      3553.931767
530000      3564.808907
530000      3564.890585
Computing instanton...
500000      3567.810153
530000      3568.529579
520000      3569.186215
Computing instanton...
530000      3570.106957
Computing instanton...
500000      3577.116137
500000      3577.950096
500000      3580.245148
510000      3580.858288
Computing instanton...
510000      3589.766463
510000      3589.520854
530000      3590.733274
540000      3591.607811
530000      3593.928399
Computing instanton...
510000      3597.534938
530000      3601.512997
Computing instanton...
Computing instanton...
510000       3604.75171
Computing instanton...
Computing instanton...
Computing instanton...
530000      3612.398131
Computing instanton...
Computing instanton...
510000      3617.746724
Computing instanton...
510000      3619.609054
540000      3620.403796
510000      3621.403005
510000      3621.812143
540000      3627.729869
540000      3628.052741
540000      3631.681737
Computing instanton...
Computing instanton...
530000      3635.101967
Computing instanton...
Computing instanton...
540000      3637.704641
510000      3641.449147
Computing instanton...
Computing instanton...
520000      3646.892067
510000      3650.119831
510000       3650.16891
510000      3651.109236
Computing instanton...
520000      3655.914511
520000      3658.526737
550000      3659.184177
540000      3662.593378
540000      3663.188839
Computing instanton...
Computing instanton...
520000      3667.678358
540000       3669.55455
Computing instanton...
540000      3677.517126
520000      3677.759912
Computing instanton...
520000      3687.703388
Computing instanton...
550000      3689.233295
550000      3689.641687
520000      3692.484889
550000      3694.384217
520000      3694.310351
520000      3694.574405
Computing instanton...
540000      3699.530082
Computing instanton...
550000      3701.356343
Computing instanton...
550000      3710.248024
520000      3710.661366
Computing instanton...
Computing instanton...
Computing instanton...
530000      3718.988952
520000      3722.571462
520000      3723.667267
560000      3724.190477
530000      3725.017313
520000      3725.693857
530000      3727.006646
Computing instanton...
550000      3728.670648
550000      3730.805646
550000      3735.218049
530000      3739.169058
Computing instanton...
Computing instanton...
Computing instanton...
550000      3747.106119
530000      3752.826547
Computing instanton...
560000       3754.25839
Computing instanton...
530000      3756.154435
Computing instanton...
560000      3759.027746
560000      3759.221484
530000      3763.981139
530000      3764.819812
560000      3770.478723
550000      3770.657279
530000      3772.187733
Computing instanton...
560000      3777.503201
530000      3780.392554
570000      3785.924963
540000      3789.924269
530000      3791.921431
Computing instanton...
540000      3792.586165
530000      3794.358624
530000      3794.420532
560000      3794.836909
540000      3795.473108
Computing instanton...
560000      3796.917069
Computing instanton...
560000      3800.636363
Computing instanton...
540000      3807.022125
Computing instanton...
Computing instanton...
560000      3814.955324
540000      3818.349843
570000      3822.756447
570000      3822.740851
570000      3824.218475
540000      3825.157783
570000      3831.608975
540000      3832.660249
540000      3833.106395
560000      3836.816488
Computing instanton...
570000      3840.361482
Computing instanton...
540000       3843.76289
Computing instanton...
540000      3850.213648
580000      3850.534516
Computing instanton...
Computing instanton...
Computing instanton...
550000      3858.984488
570000      3860.424419
Computing instanton...
540000      3862.712205
Computing instanton...
550000      3864.660115
540000      3866.555101
540000      3867.085759
570000      3868.333086
550000      3868.825258
570000      3869.754741
Computing instanton...
Computing instanton...
550000      3874.824522
570000      3877.855844
Computing instanton...
Computing instanton...
Computing instanton...
580000      3886.979772
580000      3887.371324
550000       3887.28424
580000      3889.760063
580000      3893.650086
550000      3897.191389
550000      3901.081916
570000      3902.718594
550000      3904.624827
580000      3907.922893
Computing instanton...
550000      3921.269678
550000      3922.520661
590000      3923.708161
560000      3927.064266
580000       3927.43875
560000      3930.758111
Computing instanton...
550000      3935.457296
550000      3935.340304
580000      3936.991486
560000        3938.9991
580000      3939.535502
550000      3939.922588
560000      3946.830305
580000      3946.909997
590000      3951.539217
560000      3953.888738
590000      3956.132288
590000      3957.182794
590000      3958.391576
Computing instanton...
580000      3968.444857
560000       3969.44696
590000      3972.576147
560000       3974.33899
560000      3978.891048
Computing instanton...
Computing instanton...
Computing instanton...
560000      3993.742145
570000      3994.027984
560000      3994.942345
590000       3994.97759
Computing instanton...
600000      3995.928014
570000      3999.909036
590000      4000.681278
Computing instanton...
Computing instanton...
560000      4005.428194
590000      4006.168872
570000      4010.147797
560000      4010.822069
590000        4010.6789
Computing instanton...
560000      4012.667655
600000      4013.840718
600000       4017.38218
570000      4017.438871
600000      4020.609799
600000      4026.183337
Computing instanton...
Computing instanton...
570000      4028.211352
590000      4035.911594
570000      4036.374038
Computing instanton...
600000      4038.391833
570000      4045.972207
Computing instanton...
Computing instanton...
570000       4052.51247
Computing instanton...
570000      4063.272045
610000      4063.813408
600000      4064.669026
570000      4064.878932
600000      4067.288185
580000      4067.810699
600000      4071.864123
580000      4071.907299
Computing instanton...
Computing instanton...
Computing instanton...
570000      4077.216606
610000      4078.826199
580000      4080.499018
570000      4081.296698
570000      4081.763726
610000      4082.250301
610000      4083.420886
600000      4084.066767
Computing instanton...
580000      4084.832675
Computing instanton...
610000      4091.009574
Computing instanton...
Computing instanton...
Computing instanton...
580000      4100.729672
600000      4102.910868
610000      4104.240457
Computing instanton...
Computing instanton...
580000      4110.589044
580000      4113.190427
Computing instanton...
Computing instanton...
Computing instanton...
580000      4123.252622
610000      4126.974516
580000      4131.444628
610000      4134.147345
580000      4134.361236
610000      4136.637585
620000      4136.428624
Computing instanton...
590000      4140.824405
590000      4141.632643
620000      4143.095182
580000      4145.346312
580000      4146.265504
610000      4147.444308
620000      4148.101547
620000      4149.025699
590000      4148.906839
580000      4150.478923
Computing instanton...
590000      4154.757144
620000       4154.94674
Computing instanton...
Computing instanton...
Computing instanton...
610000      4166.906827
Computing instanton...
Computing instanton...
620000      4171.752961
590000      4172.551021
Computing instanton...
Computing instanton...
Computing instanton...
590000      4183.135491
590000      4184.195004
620000      4187.978476
590000      4191.931756
590000      4195.322454
620000      4201.749798
590000      4202.500909
630000      4202.910708
620000      4204.323541
630000      4208.766588
Computing instanton...
600000      4210.258977
620000      4211.060256
630000      4211.353019
590000      4211.717059
600000      4212.382601
590000      4214.982869
600000      4216.911861
630000      4218.402237
590000      4218.028906
600000      4221.496535
630000      4221.845913
Computing instanton...
Computing instanton...
Computing instanton...
Computing instanton...
Computing instanton...
Computing instanton...
Computing instanton...
620000      4238.247689
630000      4239.662605
Computing instanton...
600000      4244.606076
Computing instanton...
600000      4251.904166
600000      4253.000011
630000      4253.953518
Computing instanton...
Computing instanton...
600000      4261.382878
Computing instanton...
Computing instanton...
Computing instanton...
600000      4264.460417
Computing instanton...
Computing instanton...
Computing instanton...
640000      4271.208468
630000       4272.27417
Computing instanton...
630000      4273.045776
640000      4273.883322
Computing instanton...
600000      4276.508951
640000      4277.328673
610000      4277.637106
630000      4277.794902
600000      4278.900028
600000      4279.884396
610000      4281.064956
610000      4283.148927
Computing instanton...
Computing instanton...
600000      4286.680239
640000      4288.959741
640000      4289.323576
Computing instanton...
610000      4294.021105
Computing instanton...
Computing instanton...
640000       4304.20283
630000      4305.496798
610000      4312.631242
640000      4317.070644
Computing instanton...
610000      4323.445867
Computing instanton...
610000      4325.921691
Computing instanton...
610000      4330.227423
Computing instanton...
610000      4330.765048
Computing instanton...
650000      4337.354851
640000      4339.233632
640000      4340.687052
650000      4341.790946
650000      4343.045213
610000      4343.305257
640000      4344.666724
620000      4346.957491
Computing instanton...
Computing instanton...
620000      4350.802251
610000      4352.555437
650000      4352.808741
610000      4352.754823
Computing instanton...
610000       4354.62237
620000      4356.847061
650000      4358.235731
Computing instanton...
620000      4363.411363
650000      4367.953856
640000      4370.786596
620000      4380.724767
Computing instanton...
Computing instanton...
Computing instanton...
650000      4385.023545
Computing instanton...
620000      4392.509542
620000      4394.411185
Computing instanton...
620000      4398.419618
Computing instanton...
650000      4402.577662
620000      4403.407012
660000      4404.948397
650000      4406.060302
660000      4406.886282
Computing instanton...
650000      4408.371029
Computing instanton...
660000      4408.887305
Computing instanton...
620000        4411.2424
Computing instanton...
Computing instanton...
630000      4417.880711
660000       4417.94017
Computing instanton...
620000      4422.217028
660000      4423.620565
620000      4424.678299
630000      4424.931654
620000      4425.717835
630000      4428.859518
660000      4429.393405
630000      4432.867669
Computing instanton...
Computing instanton...
650000      4441.332456
630000      4444.274348
660000      4453.525634
Computing instanton...
630000      4458.466398
630000      4463.323969
Computing instanton...
630000      4469.674289
630000      4470.274902
Computing instanton...
670000      4471.060629
660000       4472.87962
660000      4473.168676
660000      4473.325439
670000      4474.238721
670000      4474.298957
Computing instanton...
630000      4478.213724
Computing instanton...
640000       4485.64155
670000      4487.453647
Computing instanton...
Computing instanton...
630000      4491.159416
670000      4491.878939
630000      4493.205792
670000      4493.902251
Computing instanton...
640000      4494.580238
630000      4495.709402
640000      4499.147432
Computing instanton...
Computing instanton...
Computing instanton...
640000      4504.742277
Computing instanton...
660000      4509.572994
Computing instanton...
Computing instanton...
640000       4515.47963
Computing instanton...
Computing instanton...
670000      4523.284238
Computing instanton...
Computing instanton...
Computing instanton...
Computing instanton...
640000      4533.709348
680000      4534.188803
640000      4534.422674
670000      4535.337427
680000      4535.911613
670000       4537.53931
640000      4538.634798
680000      4539.461434
670000      4540.689799
640000       4540.79809
Computing instanton...
Computing instanton...
640000      4549.045234
Computing instanton...
Computing instanton...
650000      4552.370027
680000      4553.689368
680000      4554.635435
Computing instanton...
680000      4558.888011
Computing instanton...
640000      4561.518378
640000      4563.475996
640000      4563.428407
650000      4564.941761
Computing instanton...
Computing instanton...
Computing instanton...
Computing instanton...
Computing instanton...
650000      4572.448522
650000      4575.140615
670000      4575.509031
Computing instanton...
Computing instanton...
650000      4586.455839
680000      4592.422559
Computing instanton...
690000      4601.363707
650000      4603.759418
650000      4604.011558
680000      4604.545567
690000       4606.12837
680000      4607.978736
690000      4608.326446
650000      4608.517969
Computing instanton...
680000      4610.787313
650000      4611.374335
Computing instanton...
Computing instanton...
660000       4619.95755
650000      4620.075607
690000      4620.460597
690000      4622.803249
690000      4628.543812
Computing instanton...
650000      4630.985063
650000      4633.407455
650000      4634.049718
660000      4634.363426
Computing instanton...
660000      4642.042631
680000      4643.191327
660000       4646.14427
Computing instanton...
Computing instanton...
660000      4655.728124
690000      4657.421091
Computing instanton...
Computing instanton...
690000      4669.958439
700000      4670.031455
660000      4672.095644
700000      4672.614214
700000      4673.058511
690000      4674.688594
660000      4676.311967
690000      4679.966318
Computing instanton...
660000      4681.184666
660000      4682.579472
670000       4687.22946
700000       4687.33497
700000      4689.783249
Computing instanton...
660000      4692.797002
700000      4696.431807
660000      4698.037006
Computing instanton...
660000       4700.06247
660000      4703.456016
670000      4707.625298
670000      4712.882069
690000      4713.556276
Computing instanton...
670000      4715.974954
670000        4728.1808
Computing instanton...
700000      4729.371008
Computing instanton...
710000      4735.719116
700000      4735.968175
710000      4736.380233
Computing instanton...
710000      4739.524037
700000      4744.265746
670000      4745.645433
670000      4745.971791
670000      4746.388331
700000      4747.659355
670000      4753.867486
680000      4755.413066
710000      4755.730188
710000      4756.374684
Computing instanton...
Computing instanton...
670000      4764.985515
710000      4764.989944
670000      4768.193731
670000      4774.228674
670000      4774.840003
680000      4775.179675
Computing instanton...
700000      4778.079819
Computing instanton...
Computing instanton...
680000      4783.381494
680000      4788.494383
710000      4794.738982
680000      4794.566527
Computing instanton...
Computing instanton...
720000      4802.021567
Computing instanton...
Computing instanton...
720000      4802.725686
710000      4806.346677
Computing instanton...
720000      4807.559246
Computing instanton...
710000       4814.38061
710000      4814.747502
680000      4815.587987
720000      4819.817876
680000      4821.719774
Computing instanton...
680000       4822.45462
690000      4823.252608
Computing instanton...
680000      4826.526977
720000      4827.639998
720000      4828.240734
Computing instanton...
680000      4836.952788
690000      4837.264309
680000      4837.464472
710000      4841.516785
Computing instanton...
680000      4843.544712
680000      4847.569684
Computing instanton...
690000      4855.247806
690000      4855.428198
690000      4860.828231
720000      4864.686255
Computing instanton...
Computing instanton...
730000      4869.337475
730000      4869.563636
720000      4875.763081
730000      4876.287423
720000      4879.623686
720000      4880.432067
Computing instanton...
690000      4887.613606
730000      4889.393857
690000      4891.510357
700000      4892.301725
730000      4894.549685
730000      4894.965344
690000       4894.93784
Computing instanton...
690000      4897.803107
Computing instanton...
690000      4906.007571
Computing instanton...
690000      4908.576755
720000      4911.409916
700000      4912.598246
690000       4913.50558
690000      4917.502495
Computing instanton...
700000      4925.759018
700000      4927.018593
700000       4929.58323
740000      4932.186511
730000      4933.215579
740000       4933.23923
740000      4940.487255
730000       4945.67272
730000      4947.818346
Computing instanton...
730000      4951.240056
Computing instanton...
700000      4954.020115
Computing instanton...
740000      4955.811563
740000      4956.400162
Computing instanton...
740000      4962.195179
Computing instanton...
710000      4964.074084
700000       4964.59085
700000      4969.589044
700000       4971.02482
Computing instanton...
700000      4978.933039
700000      4978.898163
Computing instanton...
700000      4982.436501
710000       4983.09996
730000      4984.971212
700000       4986.88105
Computing instanton...
Computing instanton...
710000      4996.901094
750000      4998.076498
Computing instanton...
Computing instanton...
710000      4999.679791
710000      5001.066847
750000      5001.347753
740000      5002.047337
Computing instanton...
750000       5003.35806
Computing instanton...
Computing instanton...
740000      5012.638168
Computing instanton...
740000      5014.498713
740000      5016.002607
750000      5020.229776
710000      5021.608433
750000       5025.35213
750000      5026.668786
720000      5033.362636
710000      5034.965486
710000      5041.407974
710000      5042.449747
710000      5045.698283
710000      5050.987759
740000      5052.516179
710000      5054.092249
720000      5055.668934
710000      5058.129855
Computing instanton...
760000      5062.293137
Computing instanton...
720000      5065.619551
720000      5066.652373
760000      5067.768399
750000      5068.290385
720000      5070.050884
Computing instanton...
760000      5072.325823
Computing instanton...
Computing instanton...
Computing instanton...
750000      5080.794876
750000      5081.152701
Computing instanton...
750000      5085.235535
760000      5085.858058
Computing instanton...
760000      5087.845612
Computing instanton...
760000      5094.480106
720000      5095.983449
Computing instanton...
Computing instanton...
730000      5102.318511
720000      5102.945678
Computing instanton...
720000      5108.487641
Computing instanton...
720000      5113.930813
Computing instanton...
720000      5116.282421
750000      5117.610942
720000      5121.901664
720000       5123.65527
730000      5124.797579
770000      5126.693948
720000      5130.677941
730000      5133.543969
770000      5133.944746
760000      5135.414961
770000      5135.477136
730000      5138.671333
Computing instanton...
Computing instanton...
730000      5143.102216
Computing instanton...
760000       5145.63092
Computing instanton...
Computing instanton...
Computing instanton...
Computing instanton...
760000      5152.712312
Computing instanton...
760000      5153.743847
770000       5154.02113
770000      5157.005616
770000      5159.742559
730000      5164.094697
Computing instanton...
Computing instanton...
740000      5168.825559
Computing instanton...
730000      5172.188448
730000      5177.737741
Computing instanton...
760000      5182.979988
Computing instanton...
730000      5187.473399
730000      5188.536756
730000      5190.413668
780000       5192.58742
Computing instanton...
Computing instanton...
730000      5195.056074
740000       5195.24679
780000      5198.100633
780000       5198.17868
770000      5198.803886
730000      5199.942888
740000      5201.713217
740000      5206.333661
Computing instanton...
Computing instanton...
770000      5211.057836
740000      5212.683072
Computing instanton...
Computing instanton...
770000       5218.47476
780000      5220.246278
Computing instanton...
780000      5222.445753
780000      5222.725046
770000      5224.296343
Computing instanton...
740000      5236.017777
750000      5237.102741
740000      5239.907593
740000      5242.274801
Computing instanton...
770000      5250.824888
Computing instanton...
Computing instanton...
740000      5254.362586
740000      5258.174804
Computing instanton...
790000      5260.490355
Computing instanton...
790000      5262.884327
740000      5263.276892
750000       5263.49367
780000      5263.875565
740000       5264.99566
790000      5268.876992
740000      5269.609118
750000       5271.00898
Computing instanton...
780000      5279.379235
750000       5280.12908
750000      5280.266792
Computing instanton...
Computing instanton...
Computing instanton...
780000       5282.67782
790000      5284.410962
790000      5287.435129
Computing instanton...
790000      5290.095574
Computing instanton...
Computing instanton...
780000      5295.773496
Computing instanton...
750000      5303.515494
Computing instanton...
Computing instanton...
Computing instanton...
750000      5310.250285
760000      5313.638124
750000      5315.332097
Computing instanton...
780000      5316.543923
750000      5316.852263
Computing instanton...
750000      5323.076289
Computing instanton...
Computing instanton...
800000      5327.499275
800000      5328.842246
760000      5330.705521
Computing instanton...
750000      5334.801077
800000      5335.206096
750000       5335.35297
790000      5335.952592
760000      5337.756427
750000      5342.115229
790000      5346.998657
Computing instanton...
Computing instanton...
760000        5348.6321
800000      5349.315232
790000      5353.677724
760000      5354.208115
800000      5354.855096
Computing instanton...
800000       5357.31138
Computing instanton...
Computing instanton...
Computing instanton...
790000      5363.691623
Computing instanton...
Computing instanton...
Computing instanton...
Computing instanton...
Computing instanton...
Computing instanton...
760000      5377.366276
760000      5378.487913
770000       5380.28148
Computing instanton...
Computing instanton...
760000      5382.373381
790000      5385.059768
Computing instanton...
760000      5388.000281
Computing instanton...
760000      5391.904594
810000      5393.357488
810000      5394.497835
Computing instanton...
800000       5398.92521
770000      5402.202489
810000      5403.163228
760000      5403.676619
Computing instanton...
Computing instanton...
760000      5406.085573
770000      5408.295764
760000      5409.232363
800000      5416.420718
810000      5416.569398
800000      5416.943026
770000      5421.304253
810000      5422.768589
810000      5422.796651
Computing instanton...
770000      5423.277681
800000      5424.829695
Computing instanton...
Computing instanton...
Computing instanton...
Computing instanton...
Computing instanton...
770000      5447.449031
Computing instanton...
770000      5449.986534
800000      5451.843905
780000      5452.236152
Computing instanton...
820000      5455.030539
770000      5457.031348
770000        5457.8649
820000      5458.688797
Computing instanton...
Computing instanton...
Computing instanton...
770000      5462.200298
810000      5463.264167
Computing instanton...
820000      5468.086685
780000      5469.963325
770000      5470.609837
770000      5474.773167
770000       5478.29255
810000      5480.029339
780000      5481.095769
Computing instanton...
Computing instanton...
820000      5482.880967
810000      5485.049534
Computing instanton...
820000      5487.704796
820000      5487.954124
780000       5492.42388
810000      5492.658551
780000      5494.620014
Computing instanton...
Computing instanton...
Computing instanton...
Computing instanton...
Computing instanton...
Computing instanton...
810000      5518.080075
780000      5518.314959
830000      5519.429475
780000      5520.107996
780000      5521.409718
790000      5522.624778
830000      5522.989599
Computing instanton...
Computing instanton...
780000       5526.39975
Computing instanton...
820000      5529.059254
Computing instanton...
830000      5533.378497
780000      5536.097616
780000      5537.137067
Computing instanton...
Computing instanton...
Computing instanton...
Computing instanton...
780000      5542.394857
820000      5545.794128
830000      5546.243495
790000      5546.284094
780000      5546.475266
Computing instanton...
820000      5550.768004
Computing instanton...
790000      5552.939655
830000      5555.087837
830000      5555.678182
Computing instanton...
790000      5560.631656
790000      5561.052936
820000      5562.704497
Computing instanton...
Computing instanton...
Computing instanton...
Computing instanton...
Computing instanton...
Computing instanton...
Computing instanton...
820000      5583.622537
840000      5583.969506
790000      5584.363113
Computing instanton...
840000      5588.003656
Computing instanton...
800000      5590.811444
790000      5591.125256
790000      5592.156021
790000      5592.740114
830000      5596.550009
840000       5601.68391
790000        5608.8078
Computing instanton...
830000      5611.830601
790000      5612.301491
840000      5615.894061
Computing instanton...
790000      5618.542529
840000      5619.536979
800000      5619.672126
830000      5620.628406
800000      5623.722042
790000      5625.229471
840000      5625.859009
830000      5629.538626
Computing instanton...
800000      5631.837534
800000      5635.091244
Computing instanton...
850000       5648.94917
800000      5650.834482
830000      5651.217634
Computing instanton...
850000      5655.900536
850000      5660.218124
810000      5660.695636
800000      5662.448711
800000      5662.677157
Computing instanton...
Computing instanton...
840000      5664.078395
800000      5665.055386
Computing instanton...
800000       5677.52839
840000      5678.741823
Computing instanton...
800000      5685.578905
850000      5685.673614
850000      5685.973679
840000      5687.351251
800000      5688.345452
810000      5691.739069
850000      5692.729316
Computing instanton...
800000      5697.188305
810000      5697.241981
810000      5697.154954
Computing instanton...
840000      5697.953349
Computing instanton...
Computing instanton...
Computing instanton...
810000      5708.542699
860000      5714.594714
840000      5714.525421
810000      5720.361986
860000      5720.777931
860000      5724.356482
820000       5727.94799
810000        5730.1337
850000      5731.861672
810000      5735.134843
810000      5735.567264
Computing instanton...
Computing instanton...
850000      5746.414478
810000       5746.63929
860000      5751.381288
810000      5753.736944
860000      5753.722716
860000       5756.89136
850000      5756.930964
Computing instanton...
820000      5761.604234
810000      5762.935756
850000        5763.2225
820000      5764.922425
Computing instanton...
810000      5768.244681
Computing instanton...
820000      5769.267431
Computing instanton...
Computing instanton...
870000       5779.08142
850000      5779.266128
820000      5780.900942
Computing instanton...
870000      5786.275101
870000      5788.798618
Computing instanton...
820000      5793.551036
Computing instanton...
830000      5799.155456
860000      5799.671615
Computing instanton...
820000      5803.427959
820000      5803.444476
860000      5807.865515
820000      5809.578386
Computing instanton...
860000       5818.30061
820000      5818.242158
870000      5819.469328
Computing instanton...
870000      5820.279327
Computing instanton...
820000       5822.40737
860000       5827.89671
870000      5828.499803
Computing instanton...
820000      5830.355208
830000      5831.683439
820000      5839.847615
Computing instanton...
830000       5840.53481
880000      5841.136355
830000      5842.028133
860000      5842.390006
Computing instanton...
Computing instanton...
830000      5848.801213
880000      5849.172843
880000      5854.408709
Computing instanton...
Computing instanton...
Computing instanton...
Computing instanton...
830000      5864.111853
870000      5867.033051
830000      5869.385501
Computing instanton...
830000      5872.757151
Computing instanton...
840000      5875.518338
870000      5876.935492
870000      5880.560557
830000      5881.239652
Computing instanton...
880000      5884.750456
830000      5885.700827
880000       5888.23694
870000      5892.234379
880000      5893.864167
830000      5895.389689
Computing instanton...
830000       5900.69857
840000      5902.898027
890000      5906.784455
840000       5909.29564
830000      5911.335296
870000      5911.508739
Computing instanton...
Computing instanton...
840000      5912.986499
Computing instanton...
Computing instanton...
840000      5915.358093
Computing instanton...
890000      5918.107213
890000      5924.372621
840000      5931.775359
Computing instanton...
880000         5936.729
Computing instanton...
880000      5942.746262
840000      5943.474326
880000      5945.460444
850000      5945.625597
840000      5945.812602
Computing instanton...
890000      5951.403031
890000       5951.28775
840000      5951.706858
Computing instanton...
840000      5958.050999
Computing instanton...
890000      5959.114869
880000      5959.973675
Computing instanton...
840000      5965.014301
Computing instanton...
840000      5969.110132
Computing instanton...
850000      5975.373278
900000      5976.356999
880000      5976.894425
840000      5977.513703
900000       5981.60194
850000      5982.247907
850000      5982.447478
850000      5985.329669
Computing instanton...
900000      5990.453206
Computing instanton...
Computing instanton...
Computing instanton...
Computing instanton...
890000      6002.711292
850000      6003.553587
890000      6007.215219
860000      6008.986583
850000      6009.818723
890000       6010.13079
900000      6015.354538
850000       6016.93716
900000      6017.475826
Computing instanton...
850000      6020.856924
890000      6023.222847
900000      6026.302454
Computing instanton...
850000      6028.627276
Computing instanton...
850000      6037.635814
Computing instanton...
850000      6038.844327
Computing instanton...
890000      6042.418902
910000      6043.690454
Computing instanton...
860000       6046.96168
850000      6049.545903
860000      6050.070334
860000      6050.795392
910000      6052.250926
910000      6053.899163
860000      6053.825451
Computing instanton...
Computing instanton...
Computing instanton...
900000      6071.795153
900000      6072.150676
860000      6073.022073
870000      6076.564802
900000       6076.62137
Computing instanton...
910000      6085.407223
860000      6085.943255
910000      6086.031621
860000      6086.483688
910000      6089.296608
900000      6090.337574
860000      6093.541826
860000      6093.929499
Computing instanton...
Computing instanton...
Computing instanton...
860000      6103.895654
920000      6107.062634
900000      6109.419838
860000      6110.253232
860000      6111.379869
Computing instanton...
870000      6113.975536
920000      6116.537378
Computing instanton...
870000      6117.866505
920000      6117.878997
Computing instanton...
870000      6119.449286
Computing instanton...
Computing instanton...
Computing instanton...
870000      6125.727585
Computing instanton...
Computing instanton...
Computing instanton...
910000      6136.488395
910000      6136.992445
Computing instanton...
910000      6139.706635
870000      6140.112675
880000      6144.753281
920000       6147.07948
920000      6152.060505
870000      6154.762495
870000      6155.785008
Computing instanton...
Computing instanton...
920000      6157.920976
Computing instanton...
910000      6158.662796
Computing instanton...
870000      6163.876254
Computing instanton...
Computing instanton...
870000      6166.933616
930000      6169.463339
Computing instanton...
Computing instanton...
870000      6171.587642
Computing instanton...
Computing instanton...
870000      6176.663769
880000      6177.508965
910000      6177.665653
870000      6179.999064
930000      6183.242715
930000      6184.754344
880000      6189.048086
880000      6189.822206
Computing instanton...
880000      6199.155584
920000      6201.476534
Computing instanton...
920000      6202.648631
Computing instanton...
880000      6205.993229
Computing instanton...
920000      6207.737373
890000      6209.788809
930000      6212.551124
Computing instanton...
880000      6218.936436
Computing instanton...
Computing instanton...
880000       6223.37352
930000      6224.942851
930000      6225.912439
Computing instanton...
920000      6228.991553
Computing instanton...
Computing instanton...
Computing instanton...
880000      6232.408084
Computing instanton...
Computing instanton...
940000       6236.77863
Computing instanton...
880000      6239.085642
Computing instanton...
880000       6240.56165
880000      6243.614698
940000      6246.692359
920000      6246.827045
890000      6247.221634
940000      6247.779829
880000      6249.671321
890000      6257.703826
890000        6258.1289
Computing instanton...
890000       6263.71002
Computing instanton...
Computing instanton...
930000      6266.336039
930000      6269.788431
930000      6272.715323
Computing instanton...
Computing instanton...
Computing instanton...
900000      6276.493743
890000      6276.849166
Computing instanton...
940000      6277.719359
Computing instanton...
Computing instanton...
Computing instanton...
Computing instanton...
890000      6285.306593
890000      6288.748601
Computing instanton...
940000      6291.301546
940000      6292.145052
930000      6295.740498
Computing instanton...
890000      6301.965804
950000      6304.653697
Computing instanton...
890000      6308.778931
890000      6312.091481
950000       6312.98534
900000      6314.289517
890000      6315.199358
Computing instanton...
890000       6317.92414
930000      6318.242727
950000       6318.22266
900000       6324.80348
900000      6325.722459
Computing instanton...
940000      6334.616618
940000      6339.660009
900000      6339.648865
950000      6340.165797
940000      6342.303707
910000      6343.450401
900000      6344.700318
Computing instanton...
950000      6354.845546
900000      6357.609861
950000      6358.117139
900000       6359.19508
940000      6359.641863
Computing instanton...
900000      6370.449476
960000      6370.717374
Computing instanton...
Computing instanton...
Computing instanton...
Computing instanton...
960000      6381.695657
960000      6382.036363
Computing instanton...
900000      6382.671594
910000      6383.308469
900000      6384.186951
900000      6384.708839
900000      6386.819423
940000      6388.548744
Computing instanton...
910000      6391.975488
Computing instanton...
910000      6398.431068
960000       6402.56725
950000      6402.699252
Computing instanton...
910000      6404.996641
950000      6406.960182
920000       6408.11265
950000      6408.707197
Computing instanton...
910000      6414.814189
Computing instanton...
960000      6425.622647
960000      6425.882268
950000      6427.645765
910000      6430.234687
910000      6430.469303
970000      6435.075647
Computing instanton...
Computing instanton...
Computing instanton...
910000      6442.518643
970000      6444.030604
Computing instanton...
970000      6446.994307
920000      6447.427487
Computing instanton...
910000      6452.327483
910000      6452.972015
Computing instanton...
950000      6454.069765
Computing instanton...
910000      6457.269167
910000      6459.757578
920000      6463.239241
970000      6467.692053
960000      6469.342798
920000      6470.237374
960000      6470.469005
Computing instanton...
960000       6474.07732
Computing instanton...
930000      6475.983787
920000      6476.740384
Computing instanton...
920000      6485.430976
970000      6490.965348
960000      6491.616598
Computing instanton...
970000      6492.423488
920000      6498.504599
920000      6500.786336
980000      6501.254174
980000      6511.929304
Computing instanton...
920000      6514.785668
980000      6515.135475
930000      6516.066751
960000      6516.953324
Computing instanton...
920000      6521.960376
920000      6524.503475
920000      6527.804991
920000      6530.452877
Computing instanton...
980000      6532.322854
930000      6533.677269
970000      6534.048085
Computing instanton...
970000      6539.720788
Computing instanton...
930000      6540.763449
970000       6542.21677
Computing instanton...
Computing instanton...
Computing instanton...
940000      6545.380182
930000      6545.378709
Computing instanton...
930000      6556.065435
980000      6557.398671
970000      6557.392515
Computing instanton...
Computing instanton...
980000      6560.808407
990000       6568.16466
930000      6568.389992
930000      6574.813261
Computing instanton...
Computing instanton...
Computing instanton...
Computing instanton...
Computing instanton...
970000      6581.812024
990000      6582.682751
930000      6582.655712
Computing instanton...
990000      6583.251789
940000      6583.717635
Computing instanton...
930000      6588.933838
Computing instanton...
990000      6593.987429
930000      6596.111514
980000      6598.607854
930000      6598.722342
930000      6599.809994
940000      6600.736236
Computing instanton...
Computing instanton...
980000      6606.194766
Computing instanton...
980000      6611.273129
940000       6611.60443
Computing instanton...
Computing instanton...
950000      6615.051469
940000       6619.65402
940000      6621.927313
Computing instanton...
990000      6622.795304
980000      6623.643453
990000      6625.216731
Computing instanton...
Computing instanton...
Computing instanton...
1000000       6634.083609
Computing instanton...
940000       6636.28972
940000      6642.227568
Computing instanton...
1000000       6645.650496
950000      6650.320592
980000      6650.884703
940000      6651.692625
Computing instanton...
1000000       6651.792436
Computing instanton...
1000000       6657.278196
940000      6657.922341
940000      6658.566536
990000       6660.79916
950000       6662.69072
940000       6664.86215
Computing instanton...
Computing instanton...
990000      6667.755751
940000      6667.820048
990000      6670.460823
950000      6670.635867
Computing instanton...
950000      6678.431696
960000      6678.905908
1000000       6681.596936
950000      6682.273646
990000      6683.482385
1000000       6683.845079
Computing instanton...
Computing instanton...
Computing instanton...
950000      6693.333902
Computing instanton...
Computing instanton...
950000       6700.03489
Computing instanton...
Computing instanton...
990000      6702.796442
950000      6703.304349
960000      6704.320602
Computing instanton...
950000      6708.624615
Computing instanton...
Computing instanton...
1000000       6712.973496
960000      6713.125369
Computing instanton...
950000      6714.453757
1000000       6716.501503
Computing instanton...
1000000       6717.399087
950000      6718.379605
950000      6718.805085
Computing instanton...
Computing instanton...
960000      6720.890779
970000      6727.030662
960000      6727.498117
Computing instanton...
1000000       6728.632375
Computing instanton...
960000      6729.726797
960000      6738.185656
1000000       6740.429412
Computing instanton...
960000      6743.478239
Computing instanton...
970000       6744.24462
Computing instanton...
960000      6745.634871
Computing instanton...
960000      6750.086458
970000      6750.390194
Computing instanton...
960000      6752.827916
Computing instanton...
960000      6756.676238
960000      6757.330284
Computing instanton...
970000      6759.920572
980000      6762.044265
Computing instanton...
970000       6763.78147
Computing instanton...
970000       6766.28304
Computing instanton...
Computing instanton...
Computing instanton...
970000      6775.524012
970000      6777.958229
Computing instanton...
980000      6780.990238
970000      6782.730341
980000      6785.323688
Computing instanton...
970000       6786.77604
Computing instanton...
970000       6791.09876
970000      6791.914835
970000      6794.256174
980000      6795.790789
Computing instanton...
990000      6796.959207
980000      6797.203786
980000      6801.708144
Computing instanton...
980000      6812.441517
990000      6816.238045
980000      6816.016587
Computing instanton...
Computing instanton...
980000      6818.345084
Computing instanton...
980000      6819.538921
Computing instanton...
990000      6821.521603
Computing instanton...
980000      6825.768463
Computing instanton...
1000000       6828.489396
980000      6828.344497
980000      6830.006174
990000      6831.479508
990000      6831.870995
990000      6837.203081
990000      6845.019894
Computing instanton...
990000      6847.150836
1000000       6849.822665
Computing instanton...
990000      6851.452921
990000      6852.922607
1000000       6853.491226
990000      6856.921165
Computing instanton...
990000      6859.946526
990000      6860.559079
1000000       6862.171183
1000000       6862.731662
1000000       6863.941467
1000000       6868.569324
1000000       6870.928587
1000000         6873.2875
1000000       6873.926635
Computing instanton...
1000000       6875.478371
1000000       6876.201743
1000000       6876.597091
Combining output...
