24000000 0.0083 0.2 30 0.0 B 3 1 0.004667 0 55.0 -1 4
Unrecognized MATLAB option "wait".
Unrecognized MATLAB option "minimize".

                            < M A T L A B (R) >
                  Copyright 1984-2017 The MathWorks, Inc.
                   R2017b (9.3.0.713579) 64-bit (glnxa64)
                             September 14, 2017

Unrecognized MATLAB option "wait".
Unrecognized MATLAB option "minimize".

                            < M A T L A B (R) >
                  Copyright 1984-2017 The MathWorks, Inc.
                   R2017b (9.3.0.713579) 64-bit (glnxa64)
                             September 14, 2017

Unrecognized MATLAB option "wait".
Unrecognized MATLAB option "minimize".

                            < M A T L A B (R) >
                  Copyright 1984-2017 The MathWorks, Inc.
                   R2017b (9.3.0.713579) 64-bit (glnxa64)
                             September 14, 2017

Unrecognized MATLAB option "wait".
Unrecognized MATLAB option "minimize".

                            < M A T L A B (R) >
                  Copyright 1984-2017 The MathWorks, Inc.
                   R2017b (9.3.0.713579) 64-bit (glnxa64)
                             September 14, 2017

Unrecognized MATLAB option "wait".
Unrecognized MATLAB option "minimize".

                            < M A T L A B (R) >
                  Copyright 1984-2017 The MathWorks, Inc.
                   R2017b (9.3.0.713579) 64-bit (glnxa64)
                             September 14, 2017

Unrecognized MATLAB option "wait".
Unrecognized MATLAB option "minimize".

                            < M A T L A B (R) >
                  Copyright 1984-2017 The MathWorks, Inc.
                   R2017b (9.3.0.713579) 64-bit (glnxa64)
                             September 14, 2017

Unrecognized MATLAB option "wait".
Unrecognized MATLAB option "minimize".

                            < M A T L A B (R) >
                  Copyright 1984-2017 The MathWorks, Inc.
                   R2017b (9.3.0.713579) 64-bit (glnxa64)
                             September 14, 2017

Unrecognized MATLAB option "wait".
Unrecognized MATLAB option "minimize".

                            < M A T L A B (R) >
                  Copyright 1984-2017 The MathWorks, Inc.
                   R2017b (9.3.0.713579) 64-bit (glnxa64)
                             September 14, 2017

Unrecognized MATLAB option "wait".
Unrecognized MATLAB option "minimize".

                            < M A T L A B (R) >
                  Copyright 1984-2017 The MathWorks, Inc.
                   R2017b (9.3.0.713579) 64-bit (glnxa64)
                             September 14, 2017

Unrecognized MATLAB option "wait".
Unrecognized MATLAB option "minimize".

                            < M A T L A B (R) >
                  Copyright 1984-2017 The MathWorks, Inc.
                   R2017b (9.3.0.713579) 64-bit (glnxa64)
                             September 14, 2017

Unrecognized MATLAB option "wait".
Unrecognized MATLAB option "minimize".

                            < M A T L A B (R) >
                  Copyright 1984-2017 The MathWorks, Inc.
                   R2017b (9.3.0.713579) 64-bit (glnxa64)
                             September 14, 2017

Unrecognized MATLAB option "wait".
Unrecognized MATLAB option "minimize".

                            < M A T L A B (R) >
                  Copyright 1984-2017 The MathWorks, Inc.
                   R2017b (9.3.0.713579) 64-bit (glnxa64)
                             September 14, 2017

Unrecognized MATLAB option "wait".
Unrecognized MATLAB option "minimize".

                            < M A T L A B (R) >
                  Copyright 1984-2017 The MathWorks, Inc.
                   R2017b (9.3.0.713579) 64-bit (glnxa64)
                             September 14, 2017

Unrecognized MATLAB option "wait".
Unrecognized MATLAB option "minimize".

                            < M A T L A B (R) >
                  Copyright 1984-2017 The MathWorks, Inc.
                   R2017b (9.3.0.713579) 64-bit (glnxa64)
                             September 14, 2017

Unrecognized MATLAB option "wait".
Unrecognized MATLAB option "minimize".

                            < M A T L A B (R) >
                  Copyright 1984-2017 The MathWorks, Inc.
                   R2017b (9.3.0.713579) 64-bit (glnxa64)
                             September 14, 2017

Unrecognized MATLAB option "wait".
Unrecognized MATLAB option "minimize".

                            < M A T L A B (R) >
                  Copyright 1984-2017 The MathWorks, Inc.
                   R2017b (9.3.0.713579) 64-bit (glnxa64)
                             September 14, 2017

Unrecognized MATLAB option "wait".
Unrecognized MATLAB option "minimize".

                            < M A T L A B (R) >
                  Copyright 1984-2017 The MathWorks, Inc.
                   R2017b (9.3.0.713579) 64-bit (glnxa64)
                             September 14, 2017

Unrecognized MATLAB option "wait".
Unrecognized MATLAB option "minimize".

                            < M A T L A B (R) >
                  Copyright 1984-2017 The MathWorks, Inc.
                   R2017b (9.3.0.713579) 64-bit (glnxa64)
                             September 14, 2017

Unrecognized MATLAB option "wait".
Unrecognized MATLAB option "minimize".

                            < M A T L A B (R) >
                  Copyright 1984-2017 The MathWorks, Inc.
                   R2017b (9.3.0.713579) 64-bit (glnxa64)
                             September 14, 2017

Unrecognized MATLAB option "wait".
Unrecognized MATLAB option "minimize".

                            < M A T L A B (R) >
                  Copyright 1984-2017 The MathWorks, Inc.
                   R2017b (9.3.0.713579) 64-bit (glnxa64)
                             September 14, 2017

Unrecognized MATLAB option "wait".
Unrecognized MATLAB option "minimize".

                            < M A T L A B (R) >
                  Copyright 1984-2017 The MathWorks, Inc.
                   R2017b (9.3.0.713579) 64-bit (glnxa64)
                             September 14, 2017

Unrecognized MATLAB option "wait".
Unrecognized MATLAB option "minimize".

                            < M A T L A B (R) >
                  Copyright 1984-2017 The MathWorks, Inc.
                   R2017b (9.3.0.713579) 64-bit (glnxa64)
                             September 14, 2017

Unrecognized MATLAB option "wait".
Unrecognized MATLAB option "minimize".

                            < M A T L A B (R) >
                  Copyright 1984-2017 The MathWorks, Inc.
                   R2017b (9.3.0.713579) 64-bit (glnxa64)
                             September 14, 2017

Unrecognized MATLAB option "wait".
Unrecognized MATLAB option "minimize".

                            < M A T L A B (R) >
                  Copyright 1984-2017 The MathWorks, Inc.
                   R2017b (9.3.0.713579) 64-bit (glnxa64)
                             September 14, 2017

 
 
For online documentation, see http://www.mathworks.com/support
For online documentation, see http://www.mathworks.com/support
For product information, visit www.mathworks.com.
 
For product information, visit www.mathworks.com.
 
 
 
For online documentation, see http://www.mathworks.com/support
For online documentation, see http://www.mathworks.com/support
For product information, visit www.mathworks.com.
 
For product information, visit www.mathworks.com.
 
 
For online documentation, see http://www.mathworks.com/support
For product information, visit www.mathworks.com.
 
 
 
For online documentation, see http://www.mathworks.com/support
For online documentation, see http://www.mathworks.com/support
For product information, visit www.mathworks.com.
 
For product information, visit www.mathworks.com.
 
 
 
For online documentation, see http://www.mathworks.com/support
For product information, visit www.mathworks.com.
 
For online documentation, see http://www.mathworks.com/support
For product information, visit www.mathworks.com.
 
 
 
For online documentation, see http://www.mathworks.com/support
For product information, visit www.mathworks.com.
 
For online documentation, see http://www.mathworks.com/support
For product information, visit www.mathworks.com.
 
 
 
For online documentation, see http://www.mathworks.com/support
For product information, visit www.mathworks.com.
 
 
For online documentation, see http://www.mathworks.com/support
For product information, visit www.mathworks.com.
 
For online documentation, see http://www.mathworks.com/support
For product information, visit www.mathworks.com.
 
 
 
For online documentation, see http://www.mathworks.com/support
For product information, visit www.mathworks.com.
For online documentation, see http://www.mathworks.com/support
 
For product information, visit www.mathworks.com.
 
 
 
 
For online documentation, see http://www.mathworks.com/support
For online documentation, see http://www.mathworks.com/support
For product information, visit www.mathworks.com.
 
For product information, visit www.mathworks.com.
 
For online documentation, see http://www.mathworks.com/support
For product information, visit www.mathworks.com.
 
 
For online documentation, see http://www.mathworks.com/support
For product information, visit www.mathworks.com.
 
 
For online documentation, see http://www.mathworks.com/support
For product information, visit www.mathworks.com.
 
 
For online documentation, see http://www.mathworks.com/support
For product information, visit www.mathworks.com.
 
 
For online documentation, see http://www.mathworks.com/support
For product information, visit www.mathworks.com.
 
 
For online documentation, see http://www.mathworks.com/support
For product information, visit www.mathworks.com.
 
outfile: ../data/out_0008/.worker_3.txt
outfile: ../data/out_0008/.worker_19.txt
outfile: ../data/out_0008/.worker_15.txt
outfile: ../data/out_0008/.worker_22.txt
outfile: ../data/out_0008/.worker_6.txt
outfile: ../data/out_0008/.worker_11.txt
outfile: ../data/out_0008/.worker_1.txt
outfile: ../data/out_0008/.worker_0.txt
outfile: ../data/out_0008/.worker_9.txt
outfile: ../data/out_0008/.worker_4.txt
outfile: ../data/out_0008/.worker_18.txt
outfile: ../data/out_0008/.worker_5.txt
outfile: ../data/out_0008/.worker_23.txt
outfile: ../data/out_0008/.worker_16.txt
outfile: ../data/out_0008/.worker_12.txt
outfile: ../data/out_0008/.worker_17.txt
outfile: ../data/out_0008/.worker_20.txt
outfile: ../data/out_0008/.worker_14.txt
outfile: ../data/out_0008/.worker_2.txt
outfile: ../data/out_0008/.worker_8.txt
outfile: ../data/out_0008/.worker_10.txt
outfile: ../data/out_0008/.worker_21.txt
outfile: ../data/out_0008/.worker_13.txt
outfile: ../data/out_0008/.worker_7.txt
Computing instanton...
Computing instanton...
Computing instanton...
Computing instanton...
10000       12.314376
10000       12.689628
10000       13.135399
10000       13.140634
10000        13.16946
10000        13.12354
10000       13.380861
10000       13.417053
10000       13.517312
10000       13.588924
10000       13.858297
10000       14.009115
10000       14.077548
10000       13.952296
Computing instanton...
10000       14.535747
10000       14.353614
10000       14.748286
Computing instanton...
10000       15.279527
10000       15.219586
10000       15.472852
10000        15.97552
10000       15.520232
10000       15.896716
Computing instanton...
10000       16.776689
Computing instanton...
Computing instanton...
Computing instanton...
Computing instanton...
20000       24.035604
20000       23.957043
20000       24.364261
20000       24.742566
20000       25.387876
20000       25.594323
20000       25.492502
20000       25.788197
20000       25.991355
20000       25.794821
20000       26.131551
20000       26.092884
20000       26.248655
20000       27.052802
20000       26.745086
20000       27.551786
20000       28.007341
20000       28.020762
20000       28.367737
20000        28.72246
20000       28.858271
20000       28.958889
Computing instanton...
20000       29.051041
20000       29.399915
Computing instanton...
Computing instanton...
Computing instanton...
Computing instanton...
Computing instanton...
30000        35.76061
30000       36.427301
30000       36.559568
30000       36.648448
30000       36.775106
30000       37.161057
30000       37.684032
30000        37.90094
30000       38.364046
30000       38.570792
30000       39.067465
30000       38.547801
Computing instanton...
30000       39.447754
30000       39.527128
30000       39.516876
30000       39.744077
30000       39.491108
30000       40.282265
30000       40.344588
Computing instanton...
30000       40.899138
30000        41.20535
30000       41.476238
30000       41.823448
30000       42.767311
Computing instanton...
Computing instanton...
40000        47.63789
40000       47.456447
40000       47.772774
40000       48.401881
40000       49.544497
40000       49.694937
40000        49.83388
40000       50.247821
40000       50.264355
40000       50.871257
40000       50.975951
40000       51.180935
Computing instanton...
40000       51.317941
40000       51.401044
40000       51.537864
40000       51.666547
40000       52.098438
40000        52.87581
40000       53.112787
Computing instanton...
40000       53.458111
Computing instanton...
40000       54.156955
40000       54.160683
40000       54.649501
40000       54.833923
Computing instanton...
Computing instanton...
Computing instanton...
50000       60.468005
Computing instanton...
50000       61.730672
50000       62.217195
50000       62.339087
50000       62.583903
50000        62.52558
50000       62.765142
50000       63.059501
Computing instanton...
50000       63.534641
50000       64.345423
50000       64.420652
50000       64.700929
50000        64.74963
50000       64.749891
Computing instanton...
50000       65.313458
50000       65.853172
50000       66.632105
50000       66.762389
50000       66.748975
50000       67.138626
50000       67.492663
Computing instanton...
50000        68.20704
50000       68.211425
50000       68.443601
Computing instanton...
Computing instanton...
Computing instanton...
Computing instanton...
60000       72.407491
Computing instanton...
60000       73.211813
60000       73.399772
60000       73.756712
60000       73.784141
60000       73.967464
60000       73.913406
Computing instanton...
60000       75.770134
60000       76.052559
60000        76.14427
60000        76.38372
60000       76.533853
60000       76.658818
60000       77.088289
Computing instanton...
60000       78.224262
60000       78.705991
60000       79.324936
60000       79.476125
60000       79.077561
60000        79.57094
60000       79.876769
60000       79.813158
60000        80.32917
60000        80.23409
70000       82.785737
Computing instanton...
Computing instanton...
70000       83.921996
70000        84.02148
70000       84.802274
70000       84.998607
70000       85.476128
Computing instanton...
70000       85.545841
70000       86.925882
70000       87.629753
70000       87.853955
70000       87.928444
70000       87.924841
70000       88.468743
70000       89.107198
70000        89.47516
70000       90.118471
70000       91.404643
70000        91.89148
70000       91.964675
70000       92.165051
70000       92.128441
Computing instanton...
70000       92.311014
70000       92.664356
70000       93.176215
80000       93.754683
80000       93.667455
80000       93.950018
80000       94.080739
80000        94.89636
80000       95.133387
80000       95.782201
80000       97.573586
80000       98.125277
80000        98.23681
80000       98.885858
80000       99.474815
Computing instanton...
80000       99.797948
80000      100.805343
80000      101.149869
80000      101.591905
Computing instanton...
80000      102.699347
80000       102.88696
80000      103.032178
80000      103.504676
90000      103.495584
Computing instanton...
80000      103.990924
90000      103.924839
80000      104.310615
80000      104.264025
Computing instanton...
90000      105.079263
80000      105.080908
90000      105.265052
90000      106.254053
90000      106.695299
Computing instanton...
90000      107.919885
90000      108.638844
90000      109.896911
Computing instanton...
90000      110.257937
Computing instanton...
Computing instanton...
Computing instanton...
90000      111.151363
90000      111.657797
Computing instanton...
Computing instanton...
90000      112.928959
90000      112.807646
90000      113.306684
90000      112.883505
90000      113.377007
90000       114.08279
Computing instanton...
100000        114.32468
100000        115.18944
90000       115.58794
90000      115.246801
90000      115.877111
100000       115.987036
100000       116.179709
90000      116.421443
100000       117.330518
90000      117.517218
100000        118.46655
90000      118.875114
100000       119.055786
100000       119.606241
100000       120.001315
100000       121.870335
100000       121.938115
100000       122.946095
100000       124.114662
100000       124.842601
Computing instanton...
100000       124.973859
100000       124.884804
110000       125.417478
110000       125.698911
110000       126.186029
110000       126.171341
100000       126.897102
100000       126.886838
Computing instanton...
100000       127.502004
100000       128.069951
100000       128.222763
110000       128.666813
110000       128.849382
110000       129.177409
100000       129.142371
100000       130.215241
110000       130.376269
110000       130.391365
100000       130.710681
110000       132.287453
110000       133.778046
Computing instanton...
Computing instanton...
Computing instanton...
110000       134.851362
Computing instanton...
110000       135.347204
110000       135.809547
120000       136.216092
110000       136.619154
110000       136.723274
Computing instanton...
120000       137.240404
Computing instanton...
120000       137.952189
110000       138.312055
120000       138.374944
110000       139.174946
120000       139.251841
Computing instanton...
120000       140.058512
110000       140.050326
120000        140.12497
110000       140.640531
110000       140.604836
120000       140.744517
110000       140.585979
Computing instanton...
Computing instanton...
Computing instanton...
120000       142.769267
110000        143.15163
120000       143.567091
120000       145.050476
110000       145.216216
Computing instanton...
130000       146.841413
Computing instanton...
120000       147.436783
120000       147.771998
120000       147.318801
130000       148.934973
130000       149.095959
120000       149.569372
130000       149.511691
130000       149.833906
120000       149.987942
120000       150.377134
120000       150.561693
130000       151.384255
130000       151.427491
130000       151.310905
120000        152.29684
120000       152.574486
130000       152.910752
120000       152.967783
120000        152.92537
Computing instanton...
Computing instanton...
Computing instanton...
120000       156.207014
130000       156.349948
Computing instanton...
130000       157.284962
120000       157.624348
130000       157.748991
140000       158.170393
130000       158.543952
Computing instanton...
130000       158.845609
140000       160.670279
140000       160.589298
130000       160.923788
140000       161.228265
130000       161.715429
140000       161.924356
130000       161.954406
Computing instanton...
140000       163.199029
130000       163.159112
130000       163.238251
130000       163.535397
140000       163.727371
130000       163.961296
130000        164.02985
140000        164.32998
140000       165.234069
Computing instanton...
130000       168.036334
140000       168.271136
150000       168.945283
140000        168.80554
Computing instanton...
140000       169.096923
130000       169.436328
140000       169.877346
150000       171.675694
150000        172.00626
140000       173.287836
140000       173.357562
150000       173.267109
140000       174.093684
Computing instanton...
150000       174.172322
140000       174.306134
Computing instanton...
150000       175.334787
Computing instanton...
140000       175.759889
150000       176.302324
Computing instanton...
140000       177.130773
140000       177.075007
150000       177.073726
140000       177.014629
150000        177.59651
140000       179.162262
150000       179.762635
150000       180.169626
160000       180.857947
140000       181.240886
Computing instanton...
150000        181.99377
150000       181.598577
160000        182.61738
160000       182.684662
140000       182.847012
Computing instanton...
150000       184.781509
160000       184.790119
150000       185.491043
150000       185.711688
160000       185.596113
Computing instanton...
160000       186.079851
150000       186.550124
160000       187.188795
160000       187.555373
150000       187.606518
150000       188.193846
Computing instanton...
160000       189.188033
150000       189.291741
160000       189.837732
160000       190.669109
150000       191.262016
150000       191.449098
170000       191.577515
150000        191.85692
160000        192.61547
160000       193.844187
170000       194.029618
170000       194.084175
Computing instanton...
Computing instanton...
Computing instanton...
150000       196.357249
170000       196.657617
170000        196.62212
160000       197.133206
160000       197.254768
170000       197.446973
160000       197.608307
170000       197.534752
170000       197.928409
160000       197.936075
Computing instanton...
170000        199.98949
160000       199.935627
Computing instanton...
160000       200.612224
160000       200.785854
170000       201.794719
Computing instanton...
180000       201.973302
170000       201.863152
Computing instanton...
180000       203.420046
160000       203.995563
160000       204.157899
180000        204.31477
160000       204.303816
170000       205.292068
170000       204.925173
180000       205.781517
180000       207.116534
180000       207.566374
Computing instanton...
180000       208.080724
Computing instanton...
170000       208.476837
170000       208.643496
Computing instanton...
170000       209.233854
160000        209.29212
180000        209.25245
180000       211.181343
170000       211.102253
170000       211.405631
170000       212.100316
180000        212.33666
190000       212.622102
170000        212.87802
180000       213.793443
Computing instanton...
190000       214.083211
Computing instanton...
170000       215.453357
180000       215.609078
190000       215.769202
190000       215.705327
180000       216.118703
170000       216.658112
Computing instanton...
190000        217.81966
170000       217.580132
190000       218.353665
190000       218.252319
180000        219.40525
Computing instanton...
180000       220.209796
190000        220.18693
190000       221.898529
Computing instanton...
180000       221.997573
170000       222.607775
180000       222.663359
200000       223.329152
180000       223.935777
190000       223.962535
180000       224.250537
180000       224.609614
190000       225.338197
200000       225.273957
200000       226.681688
200000       226.952277
190000        227.00942
Computing instanton...
200000        227.89802
180000       228.119921
190000       227.846682
180000       228.725644
180000       228.509274
200000       229.359851
200000       229.774783
Computing instanton...
190000       230.695199
190000       231.267006
200000       231.961116
200000       233.046394
Computing instanton...
190000       233.399756
210000        233.90102
190000       234.826929
200000       234.899499
190000       235.287988
210000       235.192425
190000       235.297896
200000       236.128306
180000       236.352112
210000       236.343443
190000        237.11736
210000        237.61044
Computing instanton...
210000       238.375141
200000       238.897167
200000       238.882168
190000       240.031104
210000       240.091347
190000         240.3521
190000       240.354249
210000       241.439764
200000       242.216924
Computing instanton...
210000        242.27488
200000       242.839572
210000       243.814271
Computing instanton...
220000       244.362809
Computing instanton...
210000       245.720606
200000       245.957082
200000       246.146307
200000       246.997452
200000       247.084646
220000       247.510971
210000       247.866869
220000         247.6081
Computing instanton...
220000       247.959279
220000       248.607267
190000       248.954039
200000       248.991469
Computing instanton...
220000       250.082348
210000       250.382323
210000        250.76798
220000       251.683673
Computing instanton...
200000       252.258009
200000        252.37741
220000       252.684365
200000       253.142042
210000       254.409042
220000        254.71595
210000        254.93016
230000       255.448854
220000       256.848837
Computing instanton...
210000        257.34554
210000       257.405843
210000        257.94916
220000         258.1854
230000       258.146289
210000       259.167707
230000       259.398076
230000       259.528153
200000        259.60486
230000       259.652361
230000        261.35089
230000         261.7785
210000       261.956363
220000       262.271883
220000       262.711559
210000       262.972905
Computing instanton...
210000       263.653007
230000       264.190343
220000       264.904698
Computing instanton...
210000       265.225111
230000       266.400365
220000        266.20956
240000       266.909117
230000       268.119347
230000       267.877209
220000       268.390414
240000       268.374165
220000       270.080895
220000       270.168742
240000       270.232227
240000       270.557268
220000       270.695398
240000       270.763156
Computing instanton...
210000       272.390943
240000        273.36318
240000       273.650432
230000       273.579678
220000        273.69382
220000       274.525825
220000       275.038718
240000       275.342637
230000       275.204927
230000       275.895256
240000       276.055289
230000       277.253237
220000       277.811656
250000       278.057305
240000       278.671865
250000       279.073521
240000        279.81234
230000       279.818072
250000       280.669196
250000        280.70773
230000       281.409111
250000       281.452817
230000       281.518525
230000       282.281651
Computing instanton...
250000       282.764616
220000       283.438843
250000       283.926282
250000       284.485524
230000       284.520001
250000       285.844461
230000       285.972612
240000       286.295602
240000       286.931663
230000       287.182312
240000       288.745845
Computing instanton...
Computing instanton...
240000       288.882483
230000       289.664701
250000       289.687249
260000       290.253409
250000       290.165403
260000       290.527896
260000       290.336959
260000       291.490428
260000       291.812744
240000        292.05867
Computing instanton...
240000       292.354083
Computing instanton...
240000       293.982053
240000       294.611176
Computing instanton...
260000       294.911877
260000       295.203268
Computing instanton...
260000       295.277254
260000       295.899638
230000        295.90262
240000       296.955354
250000        297.25125
240000       297.851204
250000        298.88318
240000       299.131662
Computing instanton...
240000       300.122406
260000       300.429369
250000        300.75669
270000       301.169898
270000       301.327121
250000        301.34661
260000       301.291814
270000       301.998685
270000       302.573075
250000       303.116431
250000       303.615346
Computing instanton...
270000       303.944397
270000       304.853773
Computing instanton...
250000       305.670673
270000       306.007912
270000       306.055009
270000       305.939234
250000       306.665234
240000       307.281329
250000       308.004852
Computing instanton...
Computing instanton...
Computing instanton...
270000       309.633984
260000       309.326302
250000       309.609863
260000        310.03577
250000       309.932209
280000       310.874754
250000       311.191448
Computing instanton...
280000       312.081618
270000       312.016081
280000       312.361548
Computing instanton...
Computing instanton...
280000       312.816333
260000       313.412645
260000       313.308118
Computing instanton...
260000       314.618546
280000       314.711556
260000       315.008443
280000       315.153855
280000       316.899306
260000       317.645062
280000       317.909488
280000        318.32993
270000       318.426149
260000       319.164148
280000       319.213382
250000       319.141284
260000       320.129727
260000       320.641062
290000       321.063731
270000       321.554014
260000       321.794413
260000       321.952365
290000       322.739718
Computing instanton...
290000       323.562125
280000       323.843574
290000       324.253293
290000       325.499485
270000       325.375829
270000       325.583068
290000        325.33244
270000       326.713119
270000       327.191871
270000       328.286922
290000       328.494227
290000       328.742633
290000       328.789455
Computing instanton...
280000       329.323725
Computing instanton...
260000       330.745573
290000       331.291709
270000       331.400138
270000       331.842601
300000       332.635465
270000       332.785486
300000       333.506455
270000       333.832836
280000       334.054085
270000       333.757553
300000       334.292594
300000       334.626602
Computing instanton...
300000       335.354265
290000       335.450114
Computing instanton...
300000       336.235121
280000       336.380988
280000       336.614837
Computing instanton...
280000       337.238373
Computing instanton...
300000       338.403085
300000       338.521231
Computing instanton...
300000       339.294873
280000       340.794159
280000       341.213431
Computing instanton...
280000       342.216316
280000       342.270494
290000       342.045252
270000       343.187386
310000       343.723359
280000       343.719778
300000        344.44672
310000       344.637048
290000       344.985809
310000         344.9993
310000       344.937872
310000       345.150241
280000       345.357348
310000        346.22345
Computing instanton...
280000       346.782631
300000       347.186034
290000       347.623504
290000       348.339475
310000        348.67343
310000       349.040967
290000       349.298119
Computing instanton...
310000        351.23682
Computing instanton...
290000       352.609281
290000        352.96913
290000       353.247066
290000       354.614685
280000       355.004216
320000       354.998602
300000       354.705896
320000       354.969917
310000         355.5935
Computing instanton...
290000       355.926993
320000       356.253563
Computing instanton...
320000       356.619783
320000       356.940682
290000       357.242761
320000       357.263587
290000       356.978025
300000       357.407612
310000       357.559614
320000       358.057114
300000       359.609263
Computing instanton...
300000       360.051306
Computing instanton...
320000       360.325593
300000       360.126784
320000       361.312023
Computing instanton...
300000       364.342913
300000       364.979812
300000       364.977883
330000       364.905974
330000       365.502315
330000       365.690822
330000       366.164899
320000       366.539605
330000       366.404366
300000       366.889632
330000       367.038541
Computing instanton...
310000       366.779383
290000       367.458062
Computing instanton...
300000       367.936896
320000       368.054216
300000       368.438176
300000       368.921284
330000       369.210314
Computing instanton...
310000       369.393252
310000       370.354697
310000       371.531901
310000       371.816166
330000       371.981675
330000       372.474047
Computing instanton...
Computing instanton...
340000       375.636797
330000       376.253753
310000       376.239218
340000       376.233896
Computing instanton...
340000       377.214133
340000       377.067724
310000       377.329676
310000       377.428862
310000       377.487782
340000       377.551429
340000       378.196827
320000       377.923086
300000       378.632533
340000       378.852533
330000       379.071289
310000       379.429275
310000       379.883127
310000       380.400669
320000       381.482863
320000       381.940596
Computing instanton...
340000       383.042643
320000        383.36148
320000       383.545461
340000       383.694472
340000       386.165554
350000       385.972747
350000       386.430646
320000       387.294854
350000       387.530204
Computing instanton...
350000       387.631342
350000       387.510323
350000       387.540338
350000       389.053729
320000       389.671157
310000       389.916185
340000       390.001027
320000       390.326359
320000       390.174693
330000       390.213526
320000       390.782864
320000       391.527136
320000       391.670024
Computing instanton...
330000       394.382992
330000       394.369079
350000       394.874157
350000       395.046886
330000       396.008704
330000       396.273517
360000       396.511586
360000       397.003691
350000       397.422938
360000       397.793451
360000       397.920826
360000       397.988353
Computing instanton...
360000       398.695787
330000       399.047424
Computing instanton...
320000       399.842882
360000       400.249007
350000       400.592533
Computing instanton...
330000       401.821365
Computing instanton...
340000       402.153654
330000       402.436642
330000       403.079399
330000       403.152687
330000       403.307283
330000       404.112071
Computing instanton...
Computing instanton...
360000        405.84649
360000       406.143791
370000       406.663478
Computing instanton...
Computing instanton...
340000       407.893567
340000       408.239662
340000       408.110308
370000       408.399445
360000       408.390303
370000       408.471505
Computing instanton...
370000        408.80782
370000       408.597058
340000       408.921101
370000        410.40669
340000       410.475157
370000         411.3345
330000       411.652785
360000       411.777588
Computing instanton...
Computing instanton...
Computing instanton...
340000       414.055532
340000       413.716926
340000       414.396994
340000       414.427315
340000       414.349964
350000       414.485597
340000       415.999982
370000       416.456669
370000       417.344087
380000       418.374274
380000       418.114392
380000       418.636476
350000       419.097473
350000       419.065769
380000       419.337756
370000       419.543516
380000       419.576165
350000       420.303828
350000       420.894027
380000       421.309466
350000       421.760754
380000       422.057933
Computing instanton...
340000        422.70588
Computing instanton...
370000       423.712812
360000       424.939664
350000       425.271781
350000       425.132133
350000       426.047958
350000       426.330563
350000       426.648285
350000       426.827721
380000       426.873877
Computing instanton...
390000       428.755487
390000       428.749658
390000       428.992717
360000       429.165206
390000       429.430435
380000       430.038182
390000       429.856476
380000       430.253782
360000        430.73945
390000       432.056642
390000       431.938632
360000       432.551279
360000       433.607651
Computing instanton...
360000        434.68101
Computing instanton...
350000       434.815673
370000        434.99092
380000       435.469657
Computing instanton...
360000       436.586629
360000       437.199789
Computing instanton...
390000       437.883608
360000       438.328817
360000       438.871866
360000       439.324074
360000        439.49554
400000       440.041693
400000       440.471538
400000       440.504869
390000        440.90215
400000       440.740339
390000       441.441048
370000       441.492823
400000       441.402084
370000       442.042119
Computing instanton...
400000       442.097167
Computing instanton...
400000       443.248112
Computing instanton...
Computing instanton...
370000       444.982625
370000       445.947943
370000        446.04421
Computing instanton...
360000       446.601257
390000       446.723116
400000       447.616138
Computing instanton...
Computing instanton...
380000       447.724903
Computing instanton...
370000       448.740919
370000       448.685791
410000       449.914973
370000       450.010309
370000       450.213023
370000       450.363111
410000       451.082654
410000       451.300767
Computing instanton...
400000       452.142751
400000       452.205046
410000       452.217156
370000        451.80415
380000       452.477805
410000       452.464349
410000       453.059992
Computing instanton...
410000       454.979105
380000       455.388483
380000       455.763974
380000       456.403115
400000       457.646011
380000       458.391265
410000       458.511172
380000       458.954092
Computing instanton...
390000       459.451588
380000       459.949166
Computing instanton...
420000       460.657731
Computing instanton...
380000        461.57646
380000       461.502915
370000       461.784365
420000          461.677
410000       462.273068
380000       462.253769
Computing instanton...
420000       462.674683
410000       462.962603
420000       462.908288
420000       463.290775
420000       463.441895
380000       463.930774
390000       464.887592
420000       465.660257
Computing instanton...
390000       467.633142
390000       467.769067
410000       468.060872
390000       468.312939
420000       469.370636
Computing instanton...
390000       470.118436
Computing instanton...
390000       470.422205
400000       470.493181
430000       471.411324
390000       472.557365
390000       472.544362
420000       472.930532
430000       472.938766
430000          473.128
420000       473.572255
390000       473.692089
380000       473.606789
430000         473.7886
430000         474.0023
390000        474.38544
430000       474.329547
Computing instanton...
390000       475.686069
430000       476.598692
400000       477.333257
Computing instanton...
Computing instanton...
400000       478.680362
Computing instanton...
420000       478.833561
Computing instanton...
Computing instanton...
400000       479.639626
Computing instanton...
400000       480.848464
400000       481.300148
430000       481.226635
Computing instanton...
400000       481.800711
440000       482.646853
430000       482.872938
440000       482.839996
Computing instanton...
400000       483.293523
400000       483.171663
410000       483.351694
440000       483.754019
390000       484.652824
430000       485.207279
400000       485.268642
440000       485.291428
400000       485.633149
440000       485.666137
440000        486.20848
Computing instanton...
Computing instanton...
440000       487.695115
410000        488.35955
400000       488.313469
430000        488.75174
410000       490.751621
410000       491.030502
Computing instanton...
410000       492.112364
410000       492.022877
450000       492.832429
440000       492.953533
440000       493.618692
Computing instanton...
410000       493.902115
Computing instanton...
420000       493.791638
450000       494.180502
450000       494.199204
410000       494.386212
Computing instanton...
Computing instanton...
410000       495.239074
400000       495.284924
450000       495.501419
Computing instanton...
440000       496.076207
450000       497.315114
450000       497.794169
410000       498.081715
440000        498.48498
420000       498.874225
450000       498.855791
410000       498.983476
Computing instanton...
410000       500.034106
420000        502.10632
420000       502.319114
460000       503.201807
420000       503.162644
Computing instanton...
460000        503.78456
450000       504.090364
Computing instanton...
420000       504.295111
450000       505.197711
460000       505.330964
420000       506.006356
420000       505.977555
430000       505.838652
410000       506.259253
420000       506.341673
450000       506.556674
460000       507.177995
460000       507.680562
460000        507.88005
460000       508.699012
450000         510.0319
420000       510.678213
420000       511.178086
Computing instanton...
420000       511.709469
Computing instanton...
430000       513.252911
430000       513.537751
430000       513.517953
Computing instanton...
470000       514.307343
470000       514.270152
430000       514.796347
430000       514.735385
460000       515.518021
470000       515.612805
460000       517.104844
Computing instanton...
430000       517.560303
460000       517.764082
430000       517.788716
420000       518.258709
470000       518.475715
430000       518.442278
470000       518.628591
470000       518.810723
440000       518.479261
Computing instanton...
470000       519.892868
Computing instanton...
Computing instanton...
460000       521.809039
430000       522.361023
430000       522.781694
430000       522.865548
Computing instanton...
440000       524.491101
480000       524.544948
440000       524.657873
480000       525.435048
Computing instanton...
440000       525.449846
440000       525.983823
440000       526.558766
Computing instanton...
470000        527.23184
Computing instanton...
470000        527.32914
480000       527.468869
480000       528.347076
Computing instanton...
480000       528.815458
430000       528.960727
470000       529.107692
440000       529.131171
480000       529.706213
450000       529.537543
480000       530.398744
440000       530.572103
440000       531.197066
Computing instanton...
Computing instanton...
470000       532.461634
Computing instanton...
Computing instanton...
440000       534.482017
Computing instanton...
490000       535.594396
490000       535.479619
450000       535.637801
440000       535.604475
440000       535.985862
450000       537.055547
450000       537.244104
450000       537.787878
450000       538.008502
490000       537.763379
480000       538.080782
Computing instanton...
490000       538.378088
480000       538.960317
480000        539.87391
490000       539.989643
490000       540.926552
460000       540.977331
440000       541.440883
450000       541.452462
Computing instanton...
490000       541.887726
450000       542.453323
450000       543.190417
Computing instanton...
480000       543.901086
450000        544.46898
Computing instanton...
460000       546.420297
Computing instanton...
500000       546.713453
500000       547.055426
450000       547.764852
460000       547.809548
Computing instanton...
500000       547.904845
450000       548.337259
490000       548.387969
460000       548.368111
Computing instanton...
460000       548.659647
460000       549.194196
500000       549.341084
500000       550.232822
490000       551.591591
500000       551.883661
500000       551.970775
470000       551.885369
460000       552.380019
450000        553.36637
460000       553.592564
Computing instanton...
Computing instanton...
Computing instanton...
Computing instanton...
460000       554.563226
460000       554.837884
490000        554.94369
Computing instanton...
Computing instanton...
510000       557.070667
510000       557.183067
470000       557.716125
510000       557.846041
470000       558.350995
470000       558.884114
500000       559.107697
510000       558.897631
460000       559.511743
460000        559.87153
470000       560.765878
510000       560.905076
470000       560.910361
510000        561.75677
510000       562.173722
500000       563.079366
470000       562.991422
480000       562.764971
460000       563.543971
Computing instanton...
Computing instanton...
Computing instanton...
Computing instanton...
470000       565.536622
500000       565.423523
470000       565.867993
470000       566.092891
520000       567.015221
Computing instanton...
520000       567.012923
Computing instanton...
520000        568.14774
480000       568.282543
480000       569.133429
Computing instanton...
520000       569.525651
510000       569.949579
Computing instanton...
470000       570.648081
470000        570.71166
Computing instanton...
Computing instanton...
480000       571.373502
520000       571.325157
520000       572.086823
480000       572.048894
Computing instanton...
510000       572.904069
Computing instanton...
520000       573.253113
480000       573.352909
480000       573.979137
490000        574.79745
Computing instanton...
530000        575.57624
510000        575.83806
470000       576.492574
480000       577.014611
480000       577.412715
530000       577.584753
480000       577.888437
530000       578.141632
Computing instanton...
530000        578.72387
490000        579.51292
520000       579.852294
Computing instanton...
530000       581.415145
490000       581.578267
490000       581.491113
480000       581.767691
480000       582.346584
520000       582.902789
530000        583.13679
530000       583.189983
490000       583.541956
Computing instanton...
Computing instanton...
490000       584.558344
Computing instanton...
490000       585.338195
520000       585.902217
540000       586.756993
540000       586.983673
500000       586.748794
480000       587.868703
540000       588.448374
540000       588.210604
490000       588.756134
530000        589.87074
490000       589.753588
490000       590.186374
500000       591.194834
Computing instanton...
490000       591.961296
540000       592.268538
Computing instanton...
530000       592.803116
500000       592.812944
540000       592.816193
500000       592.811026
490000       593.476111
540000        593.55763
Computing instanton...
Computing instanton...
500000       595.071821
500000       595.397757
500000       595.491639
Computing instanton...
530000       596.060575
550000        596.38481
Computing instanton...
550000       598.421799
510000       598.211971
550000       598.707684
490000       598.878436
550000       599.152452
500000       599.730552
500000       599.698963
500000       600.245882
540000       600.476963
510000       601.106985
500000        601.78585
Computing instanton...
550000       603.039955
550000       603.505562
550000       603.668676
540000       604.035839
510000       604.375923
Computing instanton...
510000        604.76275
500000       605.276393
510000       605.445672
Computing instanton...
510000       606.160973
560000       606.758046
510000       607.065843
540000       607.124485
560000       608.164234
Computing instanton...
Computing instanton...
500000       608.866284
560000       609.586011
520000       609.394331
560000       609.860933
Computing instanton...
Computing instanton...
550000       610.776576
510000       610.829883
Computing instanton...
510000       611.760492
Computing instanton...
510000       612.281018
510000        612.41027
520000       612.609158
560000       612.791054
560000       613.196797
Computing instanton...
Computing instanton...
560000        614.48629
550000       614.549818
520000       615.049404
520000       616.651791
520000       616.956073
550000       617.093571
510000       617.394769
Computing instanton...
570000       617.428766
520000       618.305061
570000        618.49412
520000        618.54005
560000       619.257643
Computing instanton...
570000       619.490949
510000       619.857497
570000       620.381376
Computing instanton...
530000       620.655921
520000       621.856357
570000       622.489372
530000       622.412367
520000       623.261608
520000       623.443318
570000       623.504216
520000        623.71207
570000       623.865674
560000       624.289344
Computing instanton...
530000       625.974239
530000       626.060683
Computing instanton...
580000        626.76358
Computing instanton...
560000       627.402252
530000       627.664614
520000       628.110905
580000       628.336787
Computing instanton...
530000       629.731075
580000       630.408228
570000       630.768621
580000       630.978286
520000       631.036888
530000       632.591649
580000        633.14018
530000       633.890494
580000        634.19635
580000       634.607062
530000       634.391336
540000        634.13671
530000        634.75184
540000       634.777936
570000       635.137806
530000       636.027004
540000       636.151022
Computing instanton...
590000       636.325943
590000       637.159361
Computing instanton...
540000       637.523437
570000       637.902459
540000       639.166277
580000       640.015824
530000       640.424736
540000       640.563459
Computing instanton...
590000       640.569414
530000       641.879177
590000       642.046102
Computing instanton...
540000       642.878436
590000        643.83081
Computing instanton...
550000       643.488213
Computing instanton...
590000       644.589213
540000       644.886654
590000       644.975905
580000       645.539477
550000       645.497657
540000       645.480625
540000       646.013334
540000       646.233417
Computing instanton...
600000         646.4523
550000       647.321948
550000       647.259378
600000       647.893253
580000       647.742613
600000       649.629479
590000       650.044581
550000       650.410664
Computing instanton...
540000         651.2263
540000       651.795273
Computing instanton...
600000       651.842106
550000       652.188863
Computing instanton...
slurmstepd: error: Step 187014.0 exceeded memory limit (43979904 > 36864000), being killed
srun: Job step aborted: Waiting up to 32 seconds for job step to finish.
slurmstepd: error: *** STEP 187014.0 ON hbcomp-006 CANCELLED AT 2018-02-14T17:49:50 ***
slurmstepd: error: Exceeded job memory limit
srun: error: hbcomp-006: task 0: Killed
