24000000 0.0083 0.2 30 0.0 B 3 1 0.004667 0 55.0 -1 4
Unrecognized MATLAB option "wait".
Unrecognized MATLAB option "minimize".

                            < M A T L A B (R) >
                  Copyright 1984-2017 The MathWorks, Inc.
                   R2017b (9.3.0.713579) 64-bit (glnxa64)
                             September 14, 2017

Unrecognized MATLAB option "wait".
Unrecognized MATLAB option "minimize".

                            < M A T L A B (R) >
                  Copyright 1984-2017 The MathWorks, Inc.
                   R2017b (9.3.0.713579) 64-bit (glnxa64)
                             September 14, 2017

Unrecognized MATLAB option "wait".
Unrecognized MATLAB option "minimize".

                            < M A T L A B (R) >
                  Copyright 1984-2017 The MathWorks, Inc.
                   R2017b (9.3.0.713579) 64-bit (glnxa64)
                             September 14, 2017

Unrecognized MATLAB option "wait".
Unrecognized MATLAB option "minimize".

                            < M A T L A B (R) >
                  Copyright 1984-2017 The MathWorks, Inc.
                   R2017b (9.3.0.713579) 64-bit (glnxa64)
                             September 14, 2017

Unrecognized MATLAB option "wait".
Unrecognized MATLAB option "minimize".

                            < M A T L A B (R) >
                  Copyright 1984-2017 The MathWorks, Inc.
                   R2017b (9.3.0.713579) 64-bit (glnxa64)
                             September 14, 2017

Unrecognized MATLAB option "wait".
Unrecognized MATLAB option "minimize".

                            < M A T L A B (R) >
                  Copyright 1984-2017 The MathWorks, Inc.
                   R2017b (9.3.0.713579) 64-bit (glnxa64)
                             September 14, 2017

Unrecognized MATLAB option "wait".
Unrecognized MATLAB option "minimize".

                            < M A T L A B (R) >
                  Copyright 1984-2017 The MathWorks, Inc.
                   R2017b (9.3.0.713579) 64-bit (glnxa64)
                             September 14, 2017

Unrecognized MATLAB option "wait".
Unrecognized MATLAB option "minimize".

                            < M A T L A B (R) >
                  Copyright 1984-2017 The MathWorks, Inc.
                   R2017b (9.3.0.713579) 64-bit (glnxa64)
                             September 14, 2017

Unrecognized MATLAB option "wait".
Unrecognized MATLAB option "minimize".

                            < M A T L A B (R) >
                  Copyright 1984-2017 The MathWorks, Inc.
                   R2017b (9.3.0.713579) 64-bit (glnxa64)
                             September 14, 2017

Unrecognized MATLAB option "wait".
Unrecognized MATLAB option "minimize".

                            < M A T L A B (R) >
                  Copyright 1984-2017 The MathWorks, Inc.
                   R2017b (9.3.0.713579) 64-bit (glnxa64)
                             September 14, 2017

Unrecognized MATLAB option "wait".
Unrecognized MATLAB option "minimize".

                            < M A T L A B (R) >
                  Copyright 1984-2017 The MathWorks, Inc.
                   R2017b (9.3.0.713579) 64-bit (glnxa64)
                             September 14, 2017

Unrecognized MATLAB option "wait".
Unrecognized MATLAB option "minimize".

                            < M A T L A B (R) >
                  Copyright 1984-2017 The MathWorks, Inc.
                   R2017b (9.3.0.713579) 64-bit (glnxa64)
                             September 14, 2017

Unrecognized MATLAB option "wait".
Unrecognized MATLAB option "minimize".

                            < M A T L A B (R) >
                  Copyright 1984-2017 The MathWorks, Inc.
                   R2017b (9.3.0.713579) 64-bit (glnxa64)
                             September 14, 2017

Unrecognized MATLAB option "wait".
Unrecognized MATLAB option "minimize".

                            < M A T L A B (R) >
                  Copyright 1984-2017 The MathWorks, Inc.
                   R2017b (9.3.0.713579) 64-bit (glnxa64)
                             September 14, 2017

Unrecognized MATLAB option "wait".
Unrecognized MATLAB option "minimize".

                            < M A T L A B (R) >
                  Copyright 1984-2017 The MathWorks, Inc.
                   R2017b (9.3.0.713579) 64-bit (glnxa64)
                             September 14, 2017

Unrecognized MATLAB option "wait".
Unrecognized MATLAB option "minimize".

                            < M A T L A B (R) >
                  Copyright 1984-2017 The MathWorks, Inc.
                   R2017b (9.3.0.713579) 64-bit (glnxa64)
                             September 14, 2017

Unrecognized MATLAB option "wait".
Unrecognized MATLAB option "minimize".

                            < M A T L A B (R) >
                  Copyright 1984-2017 The MathWorks, Inc.
                   R2017b (9.3.0.713579) 64-bit (glnxa64)
                             September 14, 2017

 
Unrecognized MATLAB option "wait".
Unrecognized MATLAB option "minimize".

                            < M A T L A B (R) >
                  Copyright 1984-2017 The MathWorks, Inc.
                   R2017b (9.3.0.713579) 64-bit (glnxa64)
                             September 14, 2017

For online documentation, see http://www.mathworks.com/support
For product information, visit www.mathworks.com.
 
Unrecognized MATLAB option "wait".
Unrecognized MATLAB option "minimize".

                            < M A T L A B (R) >
                  Copyright 1984-2017 The MathWorks, Inc.
                   R2017b (9.3.0.713579) 64-bit (glnxa64)
                             September 14, 2017

Unrecognized MATLAB option "wait".
Unrecognized MATLAB option "minimize".

                            < M A T L A B (R) >
                  Copyright 1984-2017 The MathWorks, Inc.
                   R2017b (9.3.0.713579) 64-bit (glnxa64)
                             September 14, 2017

Unrecognized MATLAB option "wait".
Unrecognized MATLAB option "minimize".

                            < M A T L A B (R) >
                  Copyright 1984-2017 The MathWorks, Inc.
                   R2017b (9.3.0.713579) 64-bit (glnxa64)
                             September 14, 2017

Unrecognized MATLAB option "wait".
Unrecognized MATLAB option "minimize".

                            < M A T L A B (R) >
                  Copyright 1984-2017 The MathWorks, Inc.
                   R2017b (9.3.0.713579) 64-bit (glnxa64)
                             September 14, 2017

Unrecognized MATLAB option "wait".
Unrecognized MATLAB option "minimize".

                            < M A T L A B (R) >
                  Copyright 1984-2017 The MathWorks, Inc.
                   R2017b (9.3.0.713579) 64-bit (glnxa64)
                             September 14, 2017

Unrecognized MATLAB option "wait".
Unrecognized MATLAB option "minimize".

                            < M A T L A B (R) >
                  Copyright 1984-2017 The MathWorks, Inc.
                   R2017b (9.3.0.713579) 64-bit (glnxa64)
                             September 14, 2017

 
For online documentation, see http://www.mathworks.com/support
For product information, visit www.mathworks.com.
 
 
For online documentation, see http://www.mathworks.com/support
For product information, visit www.mathworks.com.
 
 
For online documentation, see http://www.mathworks.com/support
For product information, visit www.mathworks.com.
 
 
For online documentation, see http://www.mathworks.com/support
For product information, visit www.mathworks.com.
 
 
For online documentation, see http://www.mathworks.com/support
For product information, visit www.mathworks.com.
 
 
For online documentation, see http://www.mathworks.com/support
For product information, visit www.mathworks.com.
 
 
For online documentation, see http://www.mathworks.com/support
For product information, visit www.mathworks.com.
 
 
 
For online documentation, see http://www.mathworks.com/support
For product information, visit www.mathworks.com.
 
 
For online documentation, see http://www.mathworks.com/support
For product information, visit www.mathworks.com.
 
For online documentation, see http://www.mathworks.com/support
For product information, visit www.mathworks.com.
 
 
For online documentation, see http://www.mathworks.com/support
For product information, visit www.mathworks.com.
 
 
For online documentation, see http://www.mathworks.com/support
For product information, visit www.mathworks.com.
 
 
For online documentation, see http://www.mathworks.com/support
For product information, visit www.mathworks.com.
 
 
 
For online documentation, see http://www.mathworks.com/support
For product information, visit www.mathworks.com.
 
 
 
For online documentation, see http://www.mathworks.com/support
For product information, visit www.mathworks.com.
 
 
For online documentation, see http://www.mathworks.com/support
For online documentation, see http://www.mathworks.com/support
For product information, visit www.mathworks.com.
For product information, visit www.mathworks.com.
 
 
For online documentation, see http://www.mathworks.com/support
For product information, visit www.mathworks.com.
 
 
For online documentation, see http://www.mathworks.com/support
For product information, visit www.mathworks.com.
 
 
For online documentation, see http://www.mathworks.com/support
For product information, visit www.mathworks.com.
 
 
For online documentation, see http://www.mathworks.com/support
For product information, visit www.mathworks.com.
 
outfile: ../data/out_0008/.worker_7.txt
outfile: ../data/out_0008/.worker_0.txt
 
For online documentation, see http://www.mathworks.com/support
For product information, visit www.mathworks.com.
 
 
For online documentation, see http://www.mathworks.com/support
For product information, visit www.mathworks.com.
 
outfile: ../data/out_0008/.worker_4.txt
outfile: ../data/out_0008/.worker_19.txt
outfile: ../data/out_0008/.worker_2.txt
outfile: ../data/out_0008/.worker_9.txt
outfile: ../data/out_0008/.worker_23.txt
outfile: ../data/out_0008/.worker_14.txt
outfile: ../data/out_0008/.worker_12.txt
outfile: ../data/out_0008/.worker_8.txt
outfile: ../data/out_0008/.worker_13.txt
outfile: ../data/out_0008/.worker_5.txt
outfile: ../data/out_0008/.worker_15.txt
outfile: ../data/out_0008/.worker_1.txt
outfile: ../data/out_0008/.worker_20.txt
outfile: ../data/out_0008/.worker_22.txt
outfile: ../data/out_0008/.worker_21.txt
outfile: ../data/out_0008/.worker_11.txt
outfile: ../data/out_0008/.worker_16.txt
outfile: ../data/out_0008/.worker_6.txt
outfile: ../data/out_0008/.worker_10.txt
outfile: ../data/out_0008/.worker_17.txt
outfile: ../data/out_0008/.worker_18.txt
outfile: ../data/out_0008/.worker_3.txt
Computing instanton...
Computing instanton...
Computing instanton...
10000       12.394965
10000       12.545575
10000       13.016037
10000       13.234159
10000       13.128642
10000       13.722739
10000       13.751278
10000       13.748118
10000       13.844218
10000       13.536054
10000       14.078042
10000       14.024868
10000       14.171389
10000       14.392913
10000       14.753116
10000       14.281801
10000       14.812109
Computing instanton...
10000       14.597508
10000       15.043529
10000       14.726104
10000       14.632205
10000       14.884592
10000       15.242718
10000       16.199139
Computing instanton...
Computing instanton...
Computing instanton...
20000       23.823072
20000        24.57091
20000       24.767925
20000       25.098492
20000       25.502018
20000       25.478382
20000       25.435164
20000        25.70121
20000       25.884202
20000       25.542343
20000       26.112353
Computing instanton...
20000       26.716822
20000       26.096967
20000        26.55372
Computing instanton...
20000       26.747813
20000        27.06638
20000       27.445739
20000        26.80064
20000       26.786228
20000       27.354305
20000       27.709694
20000       27.717327
20000       28.113429
20000       28.590937
Computing instanton...
Computing instanton...
Computing instanton...
Computing instanton...
30000       35.976585
30000       35.984857
30000       36.184165
Computing instanton...
30000       36.486564
30000       36.889233
30000       37.040285
30000       37.020776
Computing instanton...
30000        37.32544
30000       37.619365
Computing instanton...
30000       37.861159
30000       37.878637
30000       38.058317
30000       38.112407
30000       37.939521
30000       38.274018
30000       39.663409
30000       39.289209
30000        39.19024
30000       39.637879
Computing instanton...
30000       39.695117
30000       39.929192
30000       40.932322
30000       40.947185
Computing instanton...
Computing instanton...
Computing instanton...
Computing instanton...
Computing instanton...
30000       43.370491
40000       46.950821
40000       47.031124
40000       47.467707
40000        48.07825
40000       49.131861
40000       49.357395
40000        48.87979
Computing instanton...
40000       49.716332
40000       49.974532
40000       49.869716
40000       49.807069
40000       50.058952
40000       50.483715
40000       50.493464
40000       50.655657
40000       51.352009
40000       52.081171
40000       51.792162
40000       52.264663
40000       52.171909
40000       51.974567
40000       52.955488
40000       53.106769
40000       57.457268
50000       58.772802
Computing instanton...
50000       60.440646
50000       61.031245
Computing instanton...
50000       61.235969
50000       60.891696
50000       62.779078
50000       63.051633
50000        63.37235
50000       63.263356
50000        63.34739
50000       63.791212
Computing instanton...
50000       64.147916
Computing instanton...
50000       64.086683
50000        64.25039
50000       64.254982
50000       64.799506
50000       65.218141
50000       65.136252
50000         65.1586
50000        65.46417
Computing instanton...
Computing instanton...
50000       66.239356
Computing instanton...
50000        66.43513
50000       67.537681
{In an assignment  A(:) = B, the number of elements in A and B must be the same.

Error in EternalInflationSimulator/main (line 409)
                    data_out(15) = observables.lgOk;

Error in eis_wrapper (line 67)
    eis.main()
} 
>> Computing instanton...
60000       70.568993
50000        70.92442
Computing instanton...
60000       73.047995
60000       73.050455
60000       72.776768
60000       73.444081
60000       73.621612
60000       73.812686
60000       75.106037
60000       75.148661
60000       75.176998
Computing instanton...
60000       75.702112
60000        76.03116
60000       76.317878
60000       76.304383
60000       77.093348
60000       76.527068
60000       76.706007
60000       76.828521
60000       77.527259
60000       77.627929
Computing instanton...
60000       77.972519
70000       80.174368
60000       80.632161
Computing instanton...
60000       81.991259
70000       82.086243
70000       82.751423
70000       83.117535
70000       82.792643
Computing instanton...
70000       83.483906
70000       83.669825
Computing instanton...
70000        84.95812
70000       85.618032
Computing instanton...
70000        86.42619
70000       86.905218
70000       86.744078
Computing instanton...
70000       87.096019
70000       87.596874
70000       88.220479
70000       88.103961
Computing instanton...
70000       88.273965
70000         88.5731
80000       88.923558
70000       89.637409
70000       88.990749
Computing instanton...
70000       89.750167
Computing instanton...
70000       91.519034
80000       91.759534
Computing instanton...
80000       92.256664
80000       92.404987
80000       93.270948
80000       93.451796
80000       93.578917
70000       93.896362
80000       94.527308
80000       94.927066
Computing instanton...
80000       97.039444
80000       97.469728
80000       97.764537
80000       98.287033
80000       98.741083
90000       98.926971
Computing instanton...
80000       99.213512
80000      100.111994
80000       99.948308
80000      100.391642
80000      100.439041
90000       101.10608
80000      101.107853
90000      102.045054
80000      101.966172
80000      102.569998
90000      101.787616
90000      102.425357
90000       102.60338
90000      103.880485
90000      103.789457
80000      104.361469
90000      106.582217
Computing instanton...
90000      107.846471
100000       108.329095
90000      108.609146
90000      109.253636
90000      109.367019
90000        110.1936
90000      110.837493
90000      110.667399
Computing instanton...
90000      110.944466
100000       111.570173
100000       111.788358
100000       112.132133
Computing instanton...
90000      112.442276
Computing instanton...
100000       112.869345
100000       112.076577
90000      112.622732
100000       112.832237
100000       113.004577
90000      113.183474
90000      113.394781
90000       114.44181
Computing instanton...
Computing instanton...
90000      115.474737
Computing instanton...
100000       118.282285
100000          118.507
110000       118.821947
100000       119.740761
100000        120.48278
100000       120.521078
100000       120.620961
110000         121.0839
110000       120.966225
100000       121.724661
100000       121.675155
110000       121.785845
100000       122.073175
110000       122.730701
110000       122.494217
110000       122.528711
110000       122.566836
100000       123.191637
100000       124.458707
100000       125.587786
100000       125.169924
100000       126.140493
100000       126.754717
110000       128.494047
Computing instanton...
120000       129.073833
110000       129.281747
Computing instanton...
120000       129.960869
120000       130.180803
110000       130.724801
110000       131.234062
Computing instanton...
120000       132.003878
120000       132.172181
110000       132.156655
110000       132.322922
120000       133.387088
110000       132.873181
110000       133.362593
120000       133.450706
120000       133.791192
110000       134.206182
110000       134.648822
Computing instanton...
110000       135.608638
Computing instanton...
110000       136.809728
110000       137.213648
120000       138.199546
110000       138.184865
110000       138.523085
130000       139.018698
130000       140.210776
130000       139.784679
120000       140.762397
Computing instanton...
130000       141.711357
120000       141.924812
130000       142.118797
Computing instanton...
120000       142.825097
130000       143.593027
Computing instanton...
Computing instanton...
130000       143.741741
130000       143.974546
120000       144.634726
120000       144.583758
120000       144.873108
120000       144.957729
120000       145.712448
Computing instanton...
Computing instanton...
120000       147.888823
120000       148.336272
120000       147.767234
120000       147.507185
Computing instanton...
140000       148.612568
130000       148.732557
140000       149.226845
140000       148.948552
120000       149.813641
120000       150.560709
140000       151.627284
140000       151.979659
140000       153.070467
140000       153.161357
Computing instanton...
130000       153.372587
140000       153.790682
130000       153.681445
130000       154.481503
130000       155.371143
Computing instanton...
130000       155.791441
130000       157.044044
150000       157.513871
130000       157.408523
130000       157.455013
150000       157.443783
150000       158.039264
140000       158.199292
130000       158.681724
130000       159.117741
130000       158.426706
Computing instanton...
130000       160.068184
130000       161.141605
130000       161.510794
150000       163.020718
150000       162.848571
150000       163.079949
150000        163.34586
140000       164.165327
150000       164.621864
140000       164.798529
Computing instanton...
140000       165.366126
160000       166.275379
140000        166.37869
160000       166.110018
Computing instanton...
140000       167.751869
150000       167.797804
160000       167.840967
140000       169.304579
Computing instanton...
140000       169.526459
140000       170.158075
Computing instanton...
140000       170.187686
140000       169.999897
Computing instanton...
140000       171.265519
140000       171.537326
160000       172.408848
Computing instanton...
160000       172.958103
140000       173.395607
160000       173.317642
160000       173.629072
Computing instanton...
160000       174.407569
140000       174.474923
170000       174.930926
150000        175.58597
150000       175.886937
170000       176.152796
150000       176.605437
160000       176.977529
150000       177.011439
Computing instanton...
170000       178.646989
150000       179.923503
Computing instanton...
150000       180.512275
150000         180.3238
150000       180.967584
150000       181.062973
170000       181.811181
150000       181.771184
150000       182.446152
150000       182.123195
170000       182.469625
Computing instanton...
170000       183.190121
170000         183.5427
170000       184.269517
180000       184.776914
180000        185.21764
150000       185.409323
150000       186.130143
Computing instanton...
160000       186.380681
160000       186.603901
170000       187.055642
160000       187.336401
160000        187.93054
Computing instanton...
180000       189.172638
Computing instanton...
180000       190.596483
160000       190.287772
160000       191.097939
180000       191.427031
Computing instanton...
160000       191.927337
160000       191.870554
180000       192.735359
Computing instanton...
160000       192.943894
180000       193.340362
160000       193.359038
160000       194.145218
190000       193.373445
190000       194.007049
160000       193.771361
180000       194.134209
Computing instanton...
180000       195.881787
Computing instanton...
170000       196.956687
160000       197.469117
160000       197.438139
170000       197.559144
170000       197.584136
Computing instanton...
190000       199.206951
Computing instanton...
Computing instanton...
190000       200.634645
170000       200.565475
170000       201.326599
190000       201.777235
170000       202.086668
170000       202.432678
190000       202.570466
Computing instanton...
190000       202.632917
Computing instanton...
170000       203.007157
200000       202.788663
190000       203.431785
170000        203.46928
200000       204.292608
190000       204.677258
Computing instanton...
170000        205.84028
170000       206.001314
170000       205.974533
180000        207.08132
200000       207.636252
170000       207.984838
170000       208.524178
180000       208.506636
200000       209.437136
180000       209.015324
200000       210.437665
180000       211.247627
180000       211.375373
180000       212.455907
200000       212.387116
200000       212.568965
200000       212.669762
210000       212.403203
200000       212.958893
180000       213.205732
180000       213.356329
210000       213.591467
180000       215.083662
Computing instanton...
Computing instanton...
180000       217.276338
190000       217.447641
210000       217.779741
180000       217.547622
180000       217.830643
210000       218.685122
180000       218.921713
190000       219.161377
Computing instanton...
Computing instanton...
180000       220.124951
190000       220.134264
190000       221.218422
210000       221.387281
210000       221.521758
210000       221.593463
190000       221.669076
220000        221.77788
Computing instanton...
210000       222.540004
210000       222.896854
190000       223.406818
220000       224.152745
190000       224.271739
190000       224.710833
190000       226.953457
190000       226.285286
220000       227.142637
220000       227.765337
200000       228.032927
190000       228.833947
190000       228.735695
190000       228.751084
200000       229.715296
Computing instanton...
230000       230.075351
220000       230.641186
220000       230.713431
Computing instanton...
220000       230.876876
Computing instanton...
Computing instanton...
190000       231.353516
200000       231.572933
200000       231.788049
220000       232.106426
200000       232.193942
220000       232.959846
Computing instanton...
Computing instanton...
230000       233.870567
Computing instanton...
Computing instanton...
200000       235.221585
Computing instanton...
230000       235.679336
200000         235.4873
200000       235.802645
Computing instanton...
Computing instanton...
230000       237.572738
Computing instanton...
210000       238.434329
200000       239.094276
200000       238.441005
200000       239.277131
Computing instanton...
200000       239.581534
Computing instanton...
230000       239.875314
240000       239.669456
230000       240.385159
Computing instanton...
Computing instanton...
200000       240.249181
230000       240.624061
210000        240.50378
Computing instanton...
230000       241.849016
230000       242.105377
210000       242.132978
200000       242.389623
240000       242.328674
Computing instanton...
210000        242.83945
Computing instanton...
Computing instanton...
Computing instanton...
210000       244.652009
240000       245.564337
210000       245.762833
210000       245.652014
240000        246.99348
210000       247.368459
240000       248.338396
220000       249.105053
250000       249.121965
210000       249.321448
240000       250.298149
210000       250.695436
240000       250.390581
210000       250.291083
240000       250.487961
210000       250.552361
250000       250.987635
220000       251.027443
240000       252.066819
210000        252.51334
220000       254.068819
Computing instanton...
250000       254.347783
220000       254.649345
210000       255.248844
250000       255.696138
220000       256.140026
250000       256.269512
Computing instanton...
220000       256.288326
Computing instanton...
220000       257.247735
Computing instanton...
Computing instanton...
250000       258.439435
260000       258.327972
Computing instanton...
Computing instanton...
230000        260.24348
250000       260.600863
250000        260.57882
260000       260.708547
220000       260.624981
230000       261.424218
220000       261.271275
220000       262.232945
220000       261.903669
250000       262.812703
220000       262.918461
Computing instanton...
Computing instanton...
Computing instanton...
260000        264.40438
230000       264.638751
220000       264.632373
Computing instanton...
230000       265.713269
260000       266.423923
260000       266.446234
230000        266.76536
Computing instanton...
Computing instanton...
220000       267.948258
260000       268.059824
230000       268.583191
230000       268.419197
270000       268.201977
260000       269.822752
260000       270.393667
270000       270.603681
240000       271.447596
230000       271.626046
240000       271.647998
260000       272.577294
230000        272.49391
230000       273.219603
270000       273.341068
Computing instanton...
230000       272.553832
Computing instanton...
230000       274.398951
270000          275.305
240000       275.714985
230000       275.845755
240000       276.113483
Computing instanton...
270000        276.76947
270000       277.293061
240000       278.328445
240000       278.419109
270000        278.48725
240000       278.924707
280000       279.247597
230000       279.497143
280000        279.46947
270000       280.179737
Computing instanton...
270000        281.53876
Computing instanton...
280000        282.69897
250000       282.801737
240000       282.847987
250000       283.423525
240000       284.275824
280000       284.763751
240000       284.626142
240000       285.071617
240000       285.095092
280000       286.331476
250000       286.282258
Computing instanton...
280000       286.960427
250000       286.943578
Computing instanton...
240000       287.368303
280000       287.923696
Computing instanton...
250000       288.496601
290000       288.524589
250000       289.279664
280000       289.178212
290000       289.412277
250000       289.415171
280000       290.727877
290000       292.852168
290000       293.688882
260000       293.706575
260000       293.773127
250000       294.134894
290000        294.34601
250000       295.144609
Computing instanton...
250000       295.297303
290000       296.085983
250000       295.906249
250000       296.199802
290000        296.94463
300000        296.59003
260000       297.235481
290000       297.448654
Computing instanton...
300000       298.259035
260000       298.266197
250000       298.519584
290000       299.330618
260000       299.457125
260000       300.100399
Computing instanton...
260000       300.731845
300000       302.077856
300000       302.591665
Computing instanton...
270000       303.518112
300000        303.73691
270000       303.913085
300000       304.185274
260000       304.071203
260000       304.741203
310000       304.179888
Computing instanton...
Computing instanton...
300000       305.985561
270000       306.309437
260000       306.500061
310000       307.541412
300000       307.567532
260000       307.395599
260000       307.347179
300000       307.945459
Computing instanton...
270000       308.921972
270000       309.859158
260000       309.864565
Computing instanton...
270000       310.581695
310000       311.269203
270000       311.066675
310000       312.654876
310000       312.837074
320000       312.402022
310000       313.327644
Computing instanton...
270000       314.405664
Computing instanton...
320000       315.133253
280000       315.174208
310000       315.528476
280000       315.866691
280000       316.280336
270000       316.879116
310000       316.806245
310000       316.981708
Computing instanton...
Computing instanton...
270000       318.583244
270000       318.477711
Computing instanton...
270000        318.99163
280000       319.495674
Computing instanton...
320000       320.762699
280000       320.575463
320000       320.485808
280000       321.100356
330000       320.980905
320000       321.589584
270000       321.606982
320000       322.305043
280000        322.84379
Computing instanton...
320000       324.515033
330000       324.613233
280000       325.071675
320000       325.368013
320000       325.703659
290000       325.732525
Computing instanton...
290000        326.53949
Computing instanton...
280000       328.597447
Computing instanton...
290000       328.615386
Computing instanton...
280000        329.66191
280000       329.383324
330000       330.195722
340000       329.768467
290000       330.306052
330000       330.771088
280000       330.861951
330000        331.66818
330000       331.853932
290000         332.6185
330000       333.064075
340000       333.497659
280000       333.256038
Computing instanton...
290000       333.479432
330000       334.652152
290000       334.829968
330000       335.491642
290000       336.492966
300000       336.503138
300000       338.001498
300000       338.162347
Computing instanton...
290000       339.577679
350000       338.880969
300000       339.334726
340000       339.470482
290000       339.013295
340000       339.489289
Computing instanton...
Computing instanton...
290000       340.333614
Computing instanton...
340000       340.866003
340000        341.71409
Computing instanton...
340000       341.742603
290000       341.967618
340000       342.935574
300000       343.000305
290000       343.274386
350000       343.875864
340000        344.33757
300000       344.497436
Computing instanton...
300000       345.256643
Computing instanton...
310000       346.977264
300000       347.324979
Computing instanton...
360000       347.489677
350000        348.40642
310000       349.521177
310000       349.575985
350000       349.852132
350000       349.863767
350000       350.348102
Computing instanton...
310000       350.103475
350000        350.10495
300000       349.797342
300000       350.717461
Computing instanton...
300000       351.343918
350000       351.674219
Computing instanton...
Computing instanton...
360000       352.674276
Computing instanton...
350000       353.265885
310000       353.756827
300000       353.664257
300000       354.096737
310000       355.352302
370000       355.519038
Computing instanton...
Computing instanton...
310000       356.361775
360000       357.013409
320000       357.737241
Computing instanton...
310000        358.48013
Computing instanton...
360000       358.870596
360000       358.850988
360000       359.422269
360000       359.147855
320000       359.743602
320000       360.044981
Computing instanton...
310000       360.329499
360000        361.01568
310000       362.001864
320000        362.23544
310000       362.334151
370000       362.477068
360000       363.282265
380000       363.778632
320000       364.263247
310000       364.568822
320000        366.01567
310000       366.212243
370000       366.829224
Computing instanton...
Computing instanton...
370000       367.977111
370000       367.957344
Computing instanton...
370000       368.221644
370000       368.398262
320000       368.407101
320000       369.372599
330000       369.741448
330000       369.683802
370000       370.324088
320000       371.318638
330000       370.949273
320000       370.720945
380000       371.464155
370000       372.228312
330000       372.306732
320000       372.670272
390000       373.334283
Computing instanton...
330000         375.5701
320000       375.249213
380000       375.540449
380000       375.946532
380000       376.757695
320000          376.546
330000       377.689212
380000         378.2863
380000       378.408224
380000       378.509793
Computing instanton...
Computing instanton...
330000        380.01062
340000       380.493069
Computing instanton...
330000       380.547314
340000       380.763023
390000       380.808298
330000       380.627277
400000       381.844912
380000       382.444274
330000       382.855312
340000        382.90795
340000       383.296999
330000       383.706901
390000       384.275336
390000       384.993523
340000       385.362085
390000       385.989057
330000       386.128184
390000       387.001882
330000       386.813213
390000       387.528775
390000       387.510437
340000       388.168349
Computing instanton...
Computing instanton...
400000       389.586726
350000        390.18027
340000       390.498333
340000       391.119869
350000       391.268989
410000       391.287621
390000       392.044468
400000       392.446419
340000       392.242497
350000       393.331479
350000       393.727687
400000       394.258895
400000       394.841471
340000       395.178868
340000       394.871357
400000       395.256899
Computing instanton...
350000       395.713591
400000       396.868937
400000       397.012167
Computing instanton...
340000       397.132238
Computing instanton...
410000       399.009552
340000       398.846729
350000       399.540614
Computing instanton...
360000       400.807257
420000       400.933385
410000       401.459306
350000       401.496459
Computing instanton...
400000       402.121626
360000       402.087397
350000       402.136306
Computing instanton...
410000       403.385578
410000       403.337301
350000       403.124643
410000         404.1646
350000       404.872574
350000       405.533316
360000       405.481746
360000       405.827888
410000        406.05509
410000        406.11593
Computing instanton...
360000       407.216684
Computing instanton...
350000       407.487699
420000       407.807485
Computing instanton...
Computing instanton...
Computing instanton...
420000       410.799726
430000       410.533301
Computing instanton...
350000       411.214927
370000       411.699336
360000        411.91925
420000       413.042942
370000       412.612793
410000        413.15654
360000       413.338079
420000       413.730179
Computing instanton...
Computing instanton...
360000       414.734875
420000       415.152549
420000       415.552227
360000       415.450709
420000       415.851138
360000       416.536513
Computing instanton...
370000       416.486092
370000       417.072251
430000       417.108541
370000       417.091572
360000       417.132865
Computing instanton...
360000       417.926606
Computing instanton...
440000        418.75697
Computing instanton...
430000       420.109868
Computing instanton...
Computing instanton...
380000       421.543136
Computing instanton...
Computing instanton...
430000       422.183946
430000        422.58496
Computing instanton...
Computing instanton...
420000       423.147024
380000       423.311466
370000       423.464397
430000       424.078682
430000       424.228103
370000       424.739392
430000       425.145112
370000       425.324679
370000       425.216959
360000       425.597311
440000       426.168035
Computing instanton...
380000       426.687606
380000       427.158778
370000       427.593639
450000       426.870399
370000       427.410483
Computing instanton...
380000       429.142666
370000       429.139966
440000       429.439614
440000       430.602851
Computing instanton...
440000       431.634311
430000       431.639746
390000       431.800026
Computing instanton...
390000       433.438482
380000       433.850404
440000       434.094919
440000       434.421416
380000       434.491809
440000       434.741846
370000       435.245067
380000       435.069402
450000       435.662431
460000       435.712853
390000       436.173622
Computing instanton...
380000       436.830942
Computing instanton...
380000       437.455623
390000       437.762594
450000       438.038149
450000       438.740724
380000       439.587429
380000       439.406307
Computing instanton...
390000       440.531068
440000       440.882001
450000       441.430044
Computing instanton...
Computing instanton...
Computing instanton...
450000       442.259237
400000       442.368113
Computing instanton...
Computing instanton...
450000         442.9514
slurmstepd: error: Step 187482.0 exceeded memory limit (55407208 > 49152000), being killed
srun: Job step aborted: Waiting up to 32 seconds for job step to finish.
slurmstepd: error: Exceeded job memory limit
slurmstepd: error: *** STEP 187482.0 ON hbcomp-006 CANCELLED AT 2018-02-25T17:19:57 ***
srun: error: hbcomp-006: task 0: Killed
