24000000 0.007 0.5 30 0.0 B 3 1 0.003936 0 55.0 -1 4
Unrecognized MATLAB option "wait".
Unrecognized MATLAB option "minimize".

                            < M A T L A B (R) >
                  Copyright 1984-2017 The MathWorks, Inc.
                   R2017b (9.3.0.713579) 64-bit (glnxa64)
                             September 14, 2017

Unrecognized MATLAB option "wait".
Unrecognized MATLAB option "minimize".

                            < M A T L A B (R) >
                  Copyright 1984-2017 The MathWorks, Inc.
                   R2017b (9.3.0.713579) 64-bit (glnxa64)
                             September 14, 2017

Unrecognized MATLAB option "wait".
Unrecognized MATLAB option "minimize".

                            < M A T L A B (R) >
                  Copyright 1984-2017 The MathWorks, Inc.
                   R2017b (9.3.0.713579) 64-bit (glnxa64)
                             September 14, 2017

Unrecognized MATLAB option "wait".
Unrecognized MATLAB option "minimize".

                            < M A T L A B (R) >
                  Copyright 1984-2017 The MathWorks, Inc.
                   R2017b (9.3.0.713579) 64-bit (glnxa64)
                             September 14, 2017

Unrecognized MATLAB option "wait".
Unrecognized MATLAB option "minimize".

                            < M A T L A B (R) >
                  Copyright 1984-2017 The MathWorks, Inc.
                   R2017b (9.3.0.713579) 64-bit (glnxa64)
                             September 14, 2017

Unrecognized MATLAB option "wait".
Unrecognized MATLAB option "minimize".

                            < M A T L A B (R) >
                  Copyright 1984-2017 The MathWorks, Inc.
                   R2017b (9.3.0.713579) 64-bit (glnxa64)
                             September 14, 2017

Unrecognized MATLAB option "wait".
Unrecognized MATLAB option "minimize".

                            < M A T L A B (R) >
                  Copyright 1984-2017 The MathWorks, Inc.
                   R2017b (9.3.0.713579) 64-bit (glnxa64)
                             September 14, 2017

Unrecognized MATLAB option "wait".
Unrecognized MATLAB option "minimize".

                            < M A T L A B (R) >
                  Copyright 1984-2017 The MathWorks, Inc.
                   R2017b (9.3.0.713579) 64-bit (glnxa64)
                             September 14, 2017

Unrecognized MATLAB option "wait".
Unrecognized MATLAB option "minimize".

                            < M A T L A B (R) >
                  Copyright 1984-2017 The MathWorks, Inc.
                   R2017b (9.3.0.713579) 64-bit (glnxa64)
                             September 14, 2017

Unrecognized MATLAB option "wait".
Unrecognized MATLAB option "minimize".

                            < M A T L A B (R) >
                  Copyright 1984-2017 The MathWorks, Inc.
                   R2017b (9.3.0.713579) 64-bit (glnxa64)
                             September 14, 2017

Unrecognized MATLAB option "wait".
Unrecognized MATLAB option "minimize".

                            < M A T L A B (R) >
                  Copyright 1984-2017 The MathWorks, Inc.
                   R2017b (9.3.0.713579) 64-bit (glnxa64)
                             September 14, 2017

Unrecognized MATLAB option "wait".
Unrecognized MATLAB option "minimize".

                            < M A T L A B (R) >
                  Copyright 1984-2017 The MathWorks, Inc.
                   R2017b (9.3.0.713579) 64-bit (glnxa64)
                             September 14, 2017

Unrecognized MATLAB option "wait".
Unrecognized MATLAB option "minimize".

                            < M A T L A B (R) >
                  Copyright 1984-2017 The MathWorks, Inc.
                   R2017b (9.3.0.713579) 64-bit (glnxa64)
                             September 14, 2017

Unrecognized MATLAB option "wait".
Unrecognized MATLAB option "minimize".

                            < M A T L A B (R) >
                  Copyright 1984-2017 The MathWorks, Inc.
                   R2017b (9.3.0.713579) 64-bit (glnxa64)
                             September 14, 2017

Unrecognized MATLAB option "wait".
Unrecognized MATLAB option "minimize".

                            < M A T L A B (R) >
                  Copyright 1984-2017 The MathWorks, Inc.
                   R2017b (9.3.0.713579) 64-bit (glnxa64)
                             September 14, 2017

Unrecognized MATLAB option "wait".
Unrecognized MATLAB option "minimize".

                            < M A T L A B (R) >
                  Copyright 1984-2017 The MathWorks, Inc.
                   R2017b (9.3.0.713579) 64-bit (glnxa64)
                             September 14, 2017

Unrecognized MATLAB option "wait".
Unrecognized MATLAB option "minimize".

                            < M A T L A B (R) >
                  Copyright 1984-2017 The MathWorks, Inc.
                   R2017b (9.3.0.713579) 64-bit (glnxa64)
                             September 14, 2017

Unrecognized MATLAB option "wait".
Unrecognized MATLAB option "minimize".

                            < M A T L A B (R) >
                  Copyright 1984-2017 The MathWorks, Inc.
                   R2017b (9.3.0.713579) 64-bit (glnxa64)
                             September 14, 2017

Unrecognized MATLAB option "wait".
Unrecognized MATLAB option "minimize".

                            < M A T L A B (R) >
                  Copyright 1984-2017 The MathWorks, Inc.
                   R2017b (9.3.0.713579) 64-bit (glnxa64)
                             September 14, 2017

Unrecognized MATLAB option "wait".
Unrecognized MATLAB option "minimize".

                            < M A T L A B (R) >
                  Copyright 1984-2017 The MathWorks, Inc.
                   R2017b (9.3.0.713579) 64-bit (glnxa64)
                             September 14, 2017

Unrecognized MATLAB option "wait".
Unrecognized MATLAB option "minimize".

                            < M A T L A B (R) >
                  Copyright 1984-2017 The MathWorks, Inc.
                   R2017b (9.3.0.713579) 64-bit (glnxa64)
                             September 14, 2017

Unrecognized MATLAB option "wait".
Unrecognized MATLAB option "minimize".

                            < M A T L A B (R) >
                  Copyright 1984-2017 The MathWorks, Inc.
                   R2017b (9.3.0.713579) 64-bit (glnxa64)
                             September 14, 2017

Unrecognized MATLAB option "wait".
Unrecognized MATLAB option "minimize".

                            < M A T L A B (R) >
                  Copyright 1984-2017 The MathWorks, Inc.
                   R2017b (9.3.0.713579) 64-bit (glnxa64)
                             September 14, 2017

Unrecognized MATLAB option "wait".
Unrecognized MATLAB option "minimize".

                            < M A T L A B (R) >
                  Copyright 1984-2017 The MathWorks, Inc.
                   R2017b (9.3.0.713579) 64-bit (glnxa64)
                             September 14, 2017

 
 
 
For online documentation, see http://www.mathworks.com/support
For product information, visit www.mathworks.com.
 
For online documentation, see http://www.mathworks.com/support
For product information, visit www.mathworks.com.
 
For online documentation, see http://www.mathworks.com/support
For product information, visit www.mathworks.com.
 
 
For online documentation, see http://www.mathworks.com/support
For product information, visit www.mathworks.com.
 
 
 
For online documentation, see http://www.mathworks.com/support
For product information, visit www.mathworks.com.
 
For online documentation, see http://www.mathworks.com/support
For product information, visit www.mathworks.com.
 
 
 
 
For online documentation, see http://www.mathworks.com/support
For online documentation, see http://www.mathworks.com/support
For product information, visit www.mathworks.com.
 
For product information, visit www.mathworks.com.
 
For online documentation, see http://www.mathworks.com/support
For product information, visit www.mathworks.com.
 
 
 
For online documentation, see http://www.mathworks.com/support
For product information, visit www.mathworks.com.
 
For online documentation, see http://www.mathworks.com/support
For product information, visit www.mathworks.com.
 
 
 
 
For online documentation, see http://www.mathworks.com/support
For product information, visit www.mathworks.com.
 
For online documentation, see http://www.mathworks.com/support
For product information, visit www.mathworks.com.
 
 
For online documentation, see http://www.mathworks.com/support
For product information, visit www.mathworks.com.
 
For online documentation, see http://www.mathworks.com/support
For product information, visit www.mathworks.com.
 
 
 
For online documentation, see http://www.mathworks.com/support
For product information, visit www.mathworks.com.
 
For online documentation, see http://www.mathworks.com/support
For product information, visit www.mathworks.com.
 
 
 
 
 
For online documentation, see http://www.mathworks.com/support
For product information, visit www.mathworks.com.
 
 
For online documentation, see http://www.mathworks.com/support
For product information, visit www.mathworks.com.
 
For online documentation, see http://www.mathworks.com/support
For product information, visit www.mathworks.com.
 
For online documentation, see http://www.mathworks.com/support
For product information, visit www.mathworks.com.
 
 
For online documentation, see http://www.mathworks.com/support
For product information, visit www.mathworks.com.
 
For online documentation, see http://www.mathworks.com/support
For product information, visit www.mathworks.com.
 
 
For online documentation, see http://www.mathworks.com/support
For product information, visit www.mathworks.com.
 
outfile: ../data/out_0002/.worker_7.txt
outfile: ../data/out_0002/.worker_13.txt
outfile: ../data/out_0002/.worker_4.txt
outfile: ../data/out_0002/.worker_14.txt
outfile: ../data/out_0002/.worker_11.txt
outfile: ../data/out_0002/.worker_18.txt
outfile: ../data/out_0002/.worker_1.txt
outfile: ../data/out_0002/.worker_21.txt
outfile: ../data/out_0002/.worker_3.txt
outfile: ../data/out_0002/.worker_2.txt
outfile: ../data/out_0002/.worker_17.txt
outfile: ../data/out_0002/.worker_12.txt
outfile: ../data/out_0002/.worker_15.txt
outfile: ../data/out_0002/.worker_19.txt
outfile: ../data/out_0002/.worker_5.txt
outfile: ../data/out_0002/.worker_10.txt
outfile: ../data/out_0002/.worker_0.txt
outfile: ../data/out_0002/.worker_22.txt
outfile: ../data/out_0002/.worker_6.txt
outfile: ../data/out_0002/.worker_23.txt
outfile: ../data/out_0002/.worker_9.txt
outfile: ../data/out_0002/.worker_16.txt
outfile: ../data/out_0002/.worker_8.txt
outfile: ../data/out_0002/.worker_20.txt
Computing instanton...
Computing instanton...
Computing instanton...
Computing instanton...
Computing instanton...
Computing instanton...
Computing instanton...
Computing instanton...
10000        49.44483
10000       49.706219
10000       50.573456
10000       51.283173
10000       51.611579
10000       51.994882
Computing instanton...
10000       52.925659
10000       53.073585
10000       53.507524
10000        53.51959
10000       53.383715
10000        53.96716
10000       54.063669
10000       54.078439
10000       54.044864
10000       54.160458
10000       54.594921
10000       54.588518
10000        54.49251
10000       55.973744
Computing instanton...
10000       57.166665
10000       57.680126
10000       57.874373
10000        59.46287
Computing instanton...
Computing instanton...
Computing instanton...
Computing instanton...
Computing instanton...
Computing instanton...
Computing instanton...
Computing instanton...
Computing instanton...
20000       98.854672
20000      100.936876
20000      101.289917
20000      101.591013
20000      102.874466
20000        103.3463
20000       104.00327
20000      104.504578
20000      105.429403
20000      105.528545
20000        105.5493
20000       105.84721
20000      106.540549
20000      106.680753
20000       106.77591
20000      106.931202
20000      107.425995
20000      107.451965
20000      107.401539
20000       107.98038
20000      108.914532
20000      110.035737
20000      111.110432
Computing instanton...
Computing instanton...
20000      112.443803
Computing instanton...
Computing instanton...
Computing instanton...
Computing instanton...
Computing instanton...
Computing instanton...
Computing instanton...
Computing instanton...
Computing instanton...
Computing instanton...
30000      145.408998
30000      147.511167
30000      148.308609
30000      149.822018
30000      150.519134
30000      152.007999
30000      152.347207
30000      152.992631
Computing instanton...
30000      154.182779
30000      154.374314
30000      154.442652
30000      154.848053
30000      155.481951
30000       155.50395
30000      155.772084
30000      156.372966
Computing instanton...
30000      157.055078
30000      157.820779
30000      158.184128
30000      158.448098
30000      158.767772
30000      159.696913
30000      159.677723
30000      161.290827
Computing instanton...
Computing instanton...
Computing instanton...
Computing instanton...
Computing instanton...
Computing instanton...
Computing instanton...
Computing instanton...
Computing instanton...
Computing instanton...
Computing instanton...
40000      192.456797
Computing instanton...
40000      194.850981
40000      198.013589
40000      198.359039
40000      198.748948
40000      199.322485
40000      200.811692
40000      201.765455
40000      202.023769
40000       202.14249
40000      202.140449
Computing instanton...
40000      203.212776
Computing instanton...
Computing instanton...
40000      204.174698
Computing instanton...
40000      204.528569
40000      205.158213
40000       205.04002
40000      206.488234
Computing instanton...
40000      206.956751
Computing instanton...
40000      207.386321
Computing instanton...
40000      208.558248
40000      208.983183
40000      211.058954
40000      211.158882
40000      211.629982
Computing instanton...
Computing instanton...
Computing instanton...
50000      243.397899
50000      243.883283
Computing instanton...
50000      246.225198
50000       248.34468
50000      248.849115
50000      249.366229
50000      250.365941
50000      250.577998
50000      250.956116
50000      251.194649
50000      251.188925
50000      252.761199
50000      253.762516
50000      253.872561
Computing instanton...
50000       254.31816
Computing instanton...
50000      254.738302
50000      255.392134
Computing instanton...
50000      256.411789
50000       257.06004
50000      258.190087
50000      258.945236
50000      260.068659
50000      261.068095
Computing instanton...
Computing instanton...
50000      265.086417
Computing instanton...
Computing instanton...
Computing instanton...
Computing instanton...
Computing instanton...
60000      291.656715
Computing instanton...
60000      294.739607
60000      295.806225
Computing instanton...
60000      297.260206
60000      297.566834
60000      298.440414
60000      298.845197
60000      299.209526
60000      299.644782
60000      300.862714
60000       301.29152
60000      302.729807
60000      302.678029
60000      303.729368
60000      303.850442
60000      304.212993
Computing instanton...
60000      305.160051
60000      306.082775
60000      307.596125
60000      307.467761
60000      308.877287
Computing instanton...
Computing instanton...
60000      312.982009
60000      313.765844
Computing instanton...
60000      313.989512
Computing instanton...
Computing instanton...
Computing instanton...
Computing instanton...
Computing instanton...
Computing instanton...
70000      342.467934
70000      344.142963
70000      344.573686
70000      344.856556
70000       346.34626
Computing instanton...
70000      346.810295
70000      347.034824
Computing instanton...
70000      350.617621
70000      350.596225
70000      351.080035
70000      351.400772
70000      351.435017
70000      351.767514
70000      351.933767
70000      352.170431
70000      353.316502
70000      353.807031
70000      354.079213
Computing instanton...
70000      356.375127
70000      357.339324
70000      358.944955
70000      362.004231
70000      362.488529
Computing instanton...
70000      364.860624
Computing instanton...
Computing instanton...
Computing instanton...
Computing instanton...
Computing instanton...
Computing instanton...
Computing instanton...
Computing instanton...
Computing instanton...
Computing instanton...
Computing instanton...
under
under
under
under
under
80000      391.549412
80000       392.23962
Computing instanton...
80000      394.716267
80000      394.583343
Computing instanton...
80000      394.824097
80000      397.374045
80000      397.608568
80000      397.319571
80000      398.162719
Computing instanton...
Computing instanton...
80000       399.05151
80000      399.377586
80000      399.709882
80000      400.398512
80000      400.413556
80000      401.183071
80000      401.329937
80000      402.350345
80000      404.212626
80000      405.248467
80000      405.201664
Computing instanton...
Computing instanton...
Computing instanton...
80000      407.594778
80000      409.395342
Computing instanton...
80000      410.757098
80000      415.754886
Computing instanton...
Computing instanton...
Computing instanton...
Computing instanton...
Computing instanton...
Computing instanton...
90000      441.434974
Computing instanton...
90000      443.584841
Computing instanton...
90000      443.688777
90000      443.821126
90000      444.220823
90000      444.648465
90000      445.340709
90000      445.917498
90000      446.643164
90000      447.077791
90000      448.482838
90000      448.988455
90000      449.913398
90000      450.668338
Computing instanton...
90000      452.360111
90000      452.292233
90000      452.511749
90000      452.580571
Computing instanton...
90000      454.058865
90000       455.45637
90000      457.058908
Computing instanton...
Computing instanton...
90000        460.0902
Computing instanton...
90000      463.556509
Computing instanton...
90000      465.937151
Computing instanton...
Computing instanton...
Computing instanton...
Computing instanton...
100000       488.206826
100000       489.935415
100000       491.185913
100000       491.842346
Computing instanton...
100000       492.342687
Computing instanton...
100000       493.585932
Computing instanton...
100000        493.72881
100000       494.481569
100000       495.520313
100000       495.775733
Computing instanton...
100000       497.248933
100000        497.79855
100000       498.927521
100000       501.752944
100000       502.201686
100000       502.553181
100000       504.166657
100000       504.113076
100000        504.51964
Computing instanton...
100000       504.802701
Computing instanton...
100000       509.846453
100000       509.860132
100000       514.922747
100000       515.808314
Computing instanton...
Computing instanton...
Computing instanton...
Computing instanton...
Computing instanton...
Computing instanton...
110000       537.756393
110000       539.491501
110000       540.599662
110000       540.884882
110000        540.95964
110000       541.534152
110000       542.714739
110000       542.676665
110000       543.148705
110000       543.923317
110000       545.194631
110000       546.297169
110000       546.356387
110000       549.336572
Computing instanton...
Computing instanton...
Computing instanton...
110000       552.276597
110000       552.195192
110000        552.42151
110000       552.627591
110000       555.414124
110000         557.7802
110000       558.592719
110000       558.854645
Computing instanton...
Computing instanton...
Computing instanton...
110000       563.811516
Computing instanton...
110000       568.713783
Computing instanton...
120000       585.926616
120000       586.040923
120000       587.941632
120000        588.18891
120000       591.298292
120000       591.946741
120000       592.387191
120000       592.298676
120000       592.724265
Computing instanton...
120000       593.718616
120000       594.283548
120000       595.678477
120000       595.929809
120000       598.027349
120000       598.551727
Computing instanton...
120000       601.588367
120000       602.125815
Computing instanton...
120000       604.041273
120000       604.060592
120000        604.77696
120000       605.504911
120000       606.920014
Computing instanton...
120000       613.602077
Computing instanton...
120000       618.585069
Computing instanton...
130000       631.088969
Computing instanton...
130000        633.67418
Computing instanton...
Computing instanton...
130000       637.123621
Computing instanton...
130000       638.997901
Computing instanton...
130000       639.791456
Computing instanton...
130000       640.184164
130000       640.824997
130000       641.021039
130000       641.984163
130000        641.93142
130000       642.160603
Computing instanton...
130000       644.106049
130000       645.065883
130000       646.757133
Computing instanton...
130000       646.799569
Computing instanton...
130000       648.237288
130000       648.774179
Computing instanton...
130000       651.214889
Computing instanton...
Computing instanton...
130000        654.44704
130000       654.998557
130000       655.782313
130000       655.793942
Computing instanton...
Computing instanton...
Computing instanton...
130000       659.360754
Computing instanton...
130000       664.859972
Computing instanton...
140000       678.181574
140000       684.057464
140000       686.084861
140000       687.898243
140000       687.940088
140000        689.48853
Computing instanton...
Computing instanton...
Computing instanton...
140000       690.692996
140000       691.012038
140000       691.216439
140000        691.68687
140000       692.080823
140000       692.109649
140000       692.387372
140000       694.619823
Computing instanton...
Computing instanton...
Computing instanton...
Computing instanton...
140000        698.23735
140000       698.686917
140000       699.227439
Computing instanton...
140000         702.3432
140000         703.3879
140000       703.590629
140000       704.351989
Computing instanton...
140000       706.992199
140000       709.146952
Computing instanton...
140000       714.193132
Computing instanton...
Computing instanton...
Computing instanton...
Computing instanton...
Computing instanton...
150000       728.223512
Computing instanton...
150000         732.7832
150000       734.099485
150000       735.611734
150000       736.314117
150000       737.556638
150000        737.97866
150000       738.595075
Computing instanton...
Computing instanton...
150000       740.178275
150000       740.954529
150000       741.104685
150000       741.200528
150000       741.294577
Computing instanton...
Computing instanton...
Computing instanton...
150000       742.700789
Computing instanton...
150000       747.448496
150000       748.270586
150000       748.221744
150000       750.332913
150000       751.192265
150000       753.118217
150000       753.562264
150000       755.724142
150000       756.164229
Computing instanton...
Computing instanton...
Computing instanton...
150000       765.033687
Computing instanton...
Computing instanton...
Computing instanton...
160000       775.450597
160000       781.517943
160000       782.212925
160000       782.747333
Computing instanton...
160000       784.017899
160000       784.528507
Computing instanton...
160000       785.859418
Computing instanton...
160000       786.240736
Computing instanton...
160000       788.651231
Computing instanton...
160000       789.289557
160000       790.871259
160000        791.81567
160000        794.31826
Computing instanton...
160000       796.075266
Computing instanton...
160000       797.918306
160000       798.033478
160000       798.053359
160000       799.818907
160000        800.62708
160000       800.544963
160000       804.972119
160000       805.230963
Computing instanton...
Computing instanton...
160000       809.035236
160000       812.770637
Computing instanton...
Computing instanton...
170000        826.12402
170000        829.36423
Computing instanton...
170000       830.970566
170000       830.780955
170000       831.608047
170000       834.463729
170000         834.5976
170000       836.268115
Computing instanton...
Computing instanton...
170000       837.919654
170000       838.170631
170000       839.015415
Computing instanton...
170000       841.549261
170000       841.579839
170000       841.806333
170000       847.491815
170000       847.940578
170000       848.710753
170000       849.209809
170000       849.725442
170000       850.035676
170000       853.119329
170000       854.278054
Computing instanton...
170000       859.378661
170000       862.484236
Computing instanton...
Computing instanton...
180000       874.690089
180000       877.424124
180000       880.728102
180000       880.595887
180000        881.00427
180000       880.735972
180000        882.43799
180000       882.714032
180000       883.266804
Computing instanton...
Computing instanton...
Computing instanton...
180000       886.023698
180000       886.429821
180000       891.594801
180000       892.981527
180000       892.977108
180000       896.227841
180000       897.124558
Computing instanton...
180000        897.28385
180000       898.603372
180000       899.093139
180000       901.350045
180000       901.473491
180000       902.913634
180000       906.878448
180000       907.914875
Computing instanton...
Computing instanton...
190000       922.701448
190000       926.219284
190000       927.303464
190000       927.657842
Computing instanton...
190000       927.889702
190000       928.647156
Computing instanton...
190000       931.500527
190000        931.77127
Computing instanton...
190000       932.995771
190000       932.902138
190000       933.995578
190000       937.889723
Computing instanton...
Computing instanton...
190000       942.652436
190000       942.781052
Computing instanton...
190000       945.510847
Computing instanton...
Computing instanton...
190000       946.418818
190000        946.75977
Computing instanton...
Computing instanton...
190000        947.56381
190000       949.197195
190000       950.439938
190000       951.322096
190000       951.832978
Computing instanton...
Computing instanton...
Computing instanton...
190000       956.892408
190000       958.087669
Computing instanton...
Computing instanton...
200000       971.243016
200000        976.73294
200000        976.92541
200000       976.791213
200000       977.128649
200000       977.891911
Computing instanton...
200000       977.962836
200000       978.243806
Computing instanton...
200000       979.708429
200000       981.465745
200000       981.998139
Computing instanton...
200000       987.130096
200000       989.060822
200000       989.278466
200000       991.769505
Computing instanton...
200000       992.599068
200000        993.63006
Computing instanton...
200000       996.681646
200000       996.926488
Computing instanton...
Computing instanton...
200000       998.260851
Computing instanton...
200000       999.043125
200000      1001.998475
200000      1003.995056
Computing instanton...
Computing instanton...
Computing instanton...
Computing instanton...
200000      1007.791363
Computing instanton...
Computing instanton...
Computing instanton...
210000      1020.664246
Computing instanton...
210000      1023.269427
Computing instanton...
210000      1025.655645
Computing instanton...
210000      1026.173245
Computing instanton...
210000      1027.102222
210000       1027.69284
210000      1028.711932
210000      1028.533419
210000      1028.829656
210000      1030.247681
210000      1031.239731
210000      1031.768789
Computing instanton...
210000      1037.063895
210000      1037.750788
Computing instanton...
210000      1038.738508
210000      1040.814449
Computing instanton...
Computing instanton...
210000      1045.217062
Computing instanton...
Computing instanton...
210000      1045.231871
210000       1046.22903
210000      1045.994255
Computing instanton...
210000      1047.973494
Computing instanton...
Computing instanton...
210000       1050.32914
210000      1053.953589
Computing instanton...
Computing instanton...
210000      1057.969286
220000      1068.111075
220000       1071.45729
Computing instanton...
220000      1073.058295
220000      1073.704595
220000      1075.876146
220000      1075.966271
Computing instanton...
220000      1076.718412
220000      1076.993769
Computing instanton...
Computing instanton...
220000      1078.051787
220000      1078.834957
Computing instanton...
Computing instanton...
220000      1080.534283
220000      1080.946718
220000      1084.462867
220000      1086.463292
220000      1087.069601
Computing instanton...
220000      1089.702025
220000      1092.134821
Computing instanton...
Computing instanton...
220000      1093.393906
220000      1096.164139
220000      1096.318172
Computing instanton...
Computing instanton...
220000       1097.83779
220000      1098.300286
Computing instanton...
220000      1102.095453
220000      1105.237665
Computing instanton...
230000      1115.533481
Computing instanton...
Computing instanton...
230000      1119.501221
230000      1119.456869
230000      1122.038287
Computing instanton...
Computing instanton...
230000      1124.801033
230000      1125.656215
230000      1125.822316
230000      1126.195895
230000      1128.175426
Computing instanton...
230000      1128.829842
230000       1129.29189
Computing instanton...
Computing instanton...
Computing instanton...
230000      1131.316812
230000      1131.666786
Computing instanton...
Computing instanton...
230000      1136.031444
Computing instanton...
230000        1136.2044
Computing instanton...
230000      1139.990566
230000      1142.160841
230000      1142.502714
230000      1144.045679
230000      1146.402103
230000      1147.638191
230000      1148.431908
Computing instanton...
230000      1153.161399
Computing instanton...
230000      1153.566256
Computing instanton...
Computing instanton...
Computing instanton...
240000      1163.411366
Computing instanton...
Computing instanton...
240000      1165.907113
Computing instanton...
240000      1169.474412
240000       1169.87826
Computing instanton...
Computing instanton...
240000      1174.362542
240000      1175.138763
Computing instanton...
240000      1175.548212
240000      1175.917771
Computing instanton...
Computing instanton...
240000      1177.430649
240000      1177.638305
240000       1177.97879
240000        1178.0207
Computing instanton...
240000      1182.453953
Computing instanton...
240000      1184.081833
240000      1184.865107
Computing instanton...
240000      1189.080227
240000      1191.660005
240000      1193.358498
240000      1193.746669
240000      1194.755876
Computing instanton...
240000      1199.050831
240000       1199.17127
240000      1200.597873
240000      1202.212117
250000      1209.120174
Computing instanton...
250000      1211.279257
Computing instanton...
250000      1218.096596
250000      1218.600627
Computing instanton...
250000      1223.140322
250000      1224.891211
250000      1224.926203
250000      1224.978138
250000      1225.522796
250000        1227.6745
250000      1228.876598
Computing instanton...
250000      1230.102033
250000      1230.782473
250000      1231.183181
250000      1231.947903
250000       1234.60422
250000      1238.154632
250000      1239.315014
Computing instanton...
Computing instanton...
250000      1244.078253
250000      1244.786395
250000      1245.098389
Computing instanton...
250000      1248.854768
250000      1250.446471
250000      1250.878682
Computing instanton...
Computing instanton...
Computing instanton...
260000      1257.364722
Computing instanton...
260000      1259.526949
260000      1264.434861
260000      1269.229248
Computing instanton...
260000      1271.919796
260000      1271.877708
260000      1272.937232
Computing instanton...
260000      1275.345428
260000      1276.473047
260000      1276.506822
260000      1276.940577
260000      1277.259929
260000      1277.139565
260000      1278.777888
Computing instanton...
260000       1280.27772
Computing instanton...
260000      1284.158714
Computing instanton...
260000      1286.806049
260000      1287.505942
260000      1290.292918
260000      1293.473813
260000      1294.459939
260000      1295.480168
Computing instanton...
260000      1296.295975
Computing instanton...
Computing instanton...
Computing instanton...
Computing instanton...
260000      1302.971061
270000      1303.831183
Computing instanton...
Computing instanton...
Computing instanton...
270000      1308.253846
Computing instanton...
Computing instanton...
Computing instanton...
Computing instanton...
270000      1313.914244
Computing instanton...
Computing instanton...
270000      1318.539508
Computing instanton...
270000      1321.944452
270000      1322.438261
270000      1322.547995
270000      1323.084903
270000      1324.182669
270000      1324.886695
270000      1325.166522
270000      1325.328273
270000      1326.761134
Computing instanton...
270000      1327.342359
Computing instanton...
270000      1329.746406
270000       1330.22063
Computing instanton...
270000      1335.213877
Computing instanton...
270000      1337.619812
270000       1338.32179
270000      1340.667716
270000      1340.894027
Computing instanton...
270000      1344.250213
270000      1344.596063
280000      1353.024111
270000      1353.510121
Computing instanton...
Computing instanton...
Computing instanton...
280000       1358.57681
Computing instanton...
280000       1362.69779
280000      1367.968185
Computing instanton...
280000      1369.764304
Computing instanton...
280000      1371.897989
280000      1372.036488
Computing instanton...
280000      1373.052949
280000      1373.281763
280000      1374.143314
280000      1374.352706
280000      1374.513208
280000      1375.224535
280000       1376.48295
280000      1377.404097
280000      1380.452903
Computing instanton...
280000      1387.319573
280000      1387.993499
280000      1387.960007
Computing instanton...
280000      1388.544288
280000      1389.035209
Computing instanton...
280000      1393.158899
Computing instanton...
Computing instanton...
280000      1394.252782
Computing instanton...
290000      1400.774254
280000      1401.470659
290000       1405.72023
Computing instanton...
290000       1412.01979
Computing instanton...
Computing instanton...
290000      1415.760521
290000      1416.206308
290000      1419.211609
290000       1419.52897
290000      1420.014885
Computing instanton...
290000      1421.361501
290000       1421.92669
290000      1421.960793
290000      1422.350056
290000      1422.280479
290000      1423.429981
Computing instanton...
290000      1425.920886
290000      1428.523606
290000      1436.180886
290000      1436.078397
290000      1436.194712
Computing instanton...
Computing instanton...
290000      1438.106296
290000        1440.3855
290000      1440.889816
Computing instanton...
Computing instanton...
290000      1444.651173
Computing instanton...
300000      1446.570106
290000      1450.519318
300000      1454.011656
300000      1458.976313
300000      1461.620889
Computing instanton...
Computing instanton...
Computing instanton...
300000      1464.724204
300000      1464.541746
Computing instanton...
Computing instanton...
300000      1467.051859
300000       1467.20178
300000      1468.094883
Computing instanton...
300000      1471.503851
300000      1471.235029
300000      1471.556921
Computing instanton...
Computing instanton...
300000      1472.082302
300000      1472.962611
300000      1475.454425
Computing instanton...
300000      1476.543666
Computing instanton...
300000      1483.782772
300000      1485.105185
300000      1485.130748
300000      1485.208412
Computing instanton...
300000      1490.874664
300000      1491.157702
300000      1491.527162
310000      1494.684875
300000       1500.83768
310000      1501.940345
Computing instanton...
310000      1505.566316
Computing instanton...
Computing instanton...
310000      1511.980814
Computing instanton...
310000      1513.325929
310000      1513.713489
310000      1513.723653
310000      1513.891902
Computing instanton...
310000      1516.648165
Computing instanton...
Computing instanton...
310000      1519.591882
310000      1519.323459
310000      1519.696101
310000      1520.179118
310000      1520.169666
Computing instanton...
310000      1524.180014
Computing instanton...
310000      1525.061466
310000      1531.461055
310000      1531.667466
310000      1531.731292
310000      1532.014004
Computing instanton...
Computing instanton...
310000      1540.348436
Computing instanton...
310000      1540.220775
310000      1540.805643
320000      1542.414023
Computing instanton...
310000      1546.954367
320000      1548.259025
320000      1553.700944
Computing instanton...
320000      1561.242371
320000      1561.422806
320000      1562.179022
320000      1562.443609
320000      1562.918974
Computing instanton...
Computing instanton...
320000      1565.531748
Computing instanton...
320000       1566.13758
320000      1566.273653
320000      1566.388525
320000      1567.489567
Computing instanton...
320000      1569.086891
320000      1570.789262
320000      1575.039811
320000      1575.082233
Computing instanton...
Computing instanton...
320000      1579.133757
320000      1580.928896
Computing instanton...
320000       1582.96673
Computing instanton...
Computing instanton...
320000      1590.015193
320000      1590.502365
330000      1592.766714
Computing instanton...
320000      1593.778637
Computing instanton...
330000      1594.380437
320000      1596.634112
Computing instanton...
Computing instanton...
Computing instanton...
330000      1603.733175
330000      1610.100968
330000      1610.178887
330000      1611.082123
330000      1611.277129
330000      1612.093913
330000      1612.521292
Computing instanton...
330000      1613.562269
330000      1615.008337
330000      1615.857774
330000      1616.133987
330000      1619.543766
330000      1622.502777
Computing instanton...
330000      1622.886539
330000       1623.40103
330000      1627.888037
330000      1630.210962
330000      1633.591151
Computing instanton...
Computing instanton...
330000       1637.63622
340000      1638.050935
Computing instanton...
330000      1641.195386
Computing instanton...
330000       1642.49325
340000      1644.349011
Computing instanton...
330000      1647.628275
Computing instanton...
340000      1652.802564
Computing instanton...
340000      1657.018827
Computing instanton...
340000      1658.514292
340000      1658.664831
340000      1658.959449
340000      1659.940998
340000      1661.330839
340000       1661.91867
340000      1661.680351
Computing instanton...
340000      1666.575586
340000        1667.2245
340000      1669.136796
340000      1671.256184
340000      1672.191442
340000      1673.111813
Computing instanton...
Computing instanton...
340000      1676.464558
Computing instanton...
Computing instanton...
340000      1678.564508
Computing instanton...
340000      1685.360201
340000      1685.214192
350000      1685.717126
Computing instanton...
Computing instanton...
Computing instanton...
350000      1691.249429
Computing instanton...
340000       1691.68947
340000      1694.101528
340000      1693.990799
350000      1704.236242
350000       1706.24655
350000      1706.823233
Computing instanton...
350000      1708.375419
350000      1709.033005
350000      1709.329573
350000      1709.317342
350000       1709.84824
Computing instanton...
350000      1711.000783
Computing instanton...
Computing instanton...
350000      1716.939887
Computing instanton...
350000      1718.056484
350000      1719.323839
350000      1720.167055
350000      1720.395045
350000      1721.946867
Computing instanton...
350000      1726.279444
Computing instanton...
350000       1728.05724
350000      1731.470427
Computing instanton...
350000      1733.192837
Computing instanton...
360000      1736.825961
Computing instanton...
360000      1738.925657
350000      1739.200194
350000      1740.782387
350000      1743.068099
Computing instanton...
Computing instanton...
Computing instanton...
360000      1749.984764
360000      1754.722069
360000      1754.960953
360000      1755.817109
360000      1756.660984
360000      1757.727819
360000      1757.596512
360000      1759.298741
360000      1759.890603
Computing instanton...
360000      1765.155728
360000      1765.137094
360000      1765.956833
Computing instanton...
360000      1766.357943
Computing instanton...
360000      1769.710454
360000      1772.064265
Computing instanton...
360000      1776.801498
360000      1777.213728
360000      1777.248798
360000      1780.389977
Computing instanton...
Computing instanton...
370000      1784.478189
360000      1787.045557
370000      1787.401783
360000      1788.007848
360000      1792.531818
370000      1797.754225
370000      1800.624274
370000      1802.759615
370000      1802.798122
370000      1803.914098
370000      1804.690795
370000      1806.997226
370000      1807.328839
Computing instanton...
370000       1808.55417
370000      1812.253071
370000      1812.622925
370000      1813.538323
370000      1816.775674
370000       1819.40693
370000      1822.106589
Computing instanton...
Computing instanton...
370000      1824.195154
370000      1824.141978
370000      1826.027467
370000      1827.656729
Computing instanton...
380000      1831.837231
Computing instanton...
Computing instanton...
Computing instanton...
380000      1836.740335
370000      1837.265606
Computing instanton...
370000      1838.965506
370000      1839.078599
380000      1842.089368
Computing instanton...
Computing instanton...
380000      1849.450527
380000       1849.97214
380000      1850.655134
380000      1852.048569
Computing instanton...
380000      1853.827622
Computing instanton...
380000      1854.644786
Computing instanton...
380000      1855.109853
Computing instanton...
Computing instanton...
Computing instanton...
380000      1856.319981
380000      1860.526361
380000      1860.888206
380000      1861.708344
Computing instanton...
380000      1865.812701
380000      1867.450222
Computing instanton...
Computing instanton...
Computing instanton...
Computing instanton...
Computing instanton...
Computing instanton...
380000      1872.997321
380000      1874.207375
Computing instanton...
380000      1874.866877
380000      1874.907659
Computing instanton...
380000      1878.264766
Computing instanton...
390000      1879.303074
390000      1882.643805
380000      1886.990104
380000      1888.125504
380000      1889.467265
Computing instanton...
390000      1892.464061
Computing instanton...
390000      1897.060152
390000      1899.703704
390000      1900.330463
Computing instanton...
390000      1901.178144
390000      1902.205859
390000      1902.137606
Computing instanton...
390000      1903.494274
390000      1905.188674
390000      1908.751034
390000      1908.992861
390000        1909.1162
390000      1914.548815
390000      1916.469879
390000      1919.206149
Computing instanton...
390000      1923.822528
Computing instanton...
390000      1926.349961
390000      1927.257507
390000      1927.989951
Computing instanton...
Computing instanton...
400000      1929.866553
400000      1933.630128
390000      1934.755132
Computing instanton...
390000       1935.30725
390000      1936.303343
400000      1942.213549
Computing instanton...
400000      1945.702656
400000      1946.848509
Computing instanton...
400000      1947.575333
Computing instanton...
400000      1949.916485
400000       1950.24835
400000      1951.242211
Computing instanton...
Computing instanton...
400000       1952.68908
400000      1953.783738
Computing instanton...
400000      1957.597502
400000      1958.100885
400000      1958.484508
Computing instanton...
400000      1961.407643
Computing instanton...
400000      1964.736711
Computing instanton...
Computing instanton...
Computing instanton...
Computing instanton...
400000      1968.043961
Computing instanton...
Computing instanton...
400000      1972.341254
Computing instanton...
400000      1973.667207
400000       1975.75178
410000      1977.534879
400000      1978.741033
400000      1981.148543
410000      1982.738329
400000      1983.299009
400000      1983.612142
Computing instanton...
Computing instanton...
410000       1992.64767
410000       1993.83079
410000      1995.285499
410000      1995.400242
Computing instanton...
410000      1997.699366
410000      1998.491501
410000       1998.70476
410000       1999.84364
410000      2001.163201
410000      2002.106937
Computing instanton...
410000      2004.690035
410000      2005.948205
Computing instanton...
410000      2007.952055
Computing instanton...
Computing instanton...
410000      2011.233057
Computing instanton...
410000      2013.244114
Computing instanton...
Computing instanton...
Computing instanton...
Computing instanton...
410000      2022.690443
410000      2023.537446
420000      2024.155996
Computing instanton...
410000      2024.640008
410000      2026.784928
Computing instanton...
420000      2029.677449
410000      2030.047854
410000      2030.516294
410000      2031.085286
Computing instanton...
420000      2040.512356
420000       2040.83053
Computing instanton...
420000      2045.362937
420000      2046.533192
420000      2047.103361
420000      2046.811891
420000       2048.09509
420000      2048.878495
420000      2048.827411
420000      2050.468601
420000      2053.771976
420000      2055.095417
420000      2055.569725
420000      2058.789502
Computing instanton...
420000      2064.335421
Computing instanton...
Computing instanton...
430000      2070.058512
Computing instanton...
420000       2071.19146
420000      2072.426868
Computing instanton...
420000      2073.735528
420000      2074.262658
430000      2078.728139
420000      2078.932426
420000      2078.933542
420000      2078.835167
Computing instanton...
430000       2086.39405
Computing instanton...
430000      2087.529782
Computing instanton...
430000      2090.893994
Computing instanton...
430000       2095.53169
430000      2095.585139
430000      2095.909781
430000      2096.799315
430000      2097.650951
430000      2097.847893
430000      2098.008889
Computing instanton...
430000      2101.510085
Computing instanton...
430000      2102.666727
430000      2105.006478
430000      2106.354405
Computing instanton...
Computing instanton...
430000      2112.024373
Computing instanton...
430000      2118.638589
440000      2121.463127
430000      2121.384249
430000      2122.451971
430000      2123.919836
Computing instanton...
430000      2127.441064
430000      2127.961981
Computing instanton...
430000      2127.743183
Computing instanton...
Computing instanton...
440000      2129.381039
Computing instanton...
Computing instanton...
440000      2134.963051
440000      2138.815343
440000      2140.655663
Computing instanton...
440000      2140.926901
440000      2140.866938
440000      2143.506131
440000      2145.802268
440000      2145.595529
440000      2146.239444
440000      2146.747364
440000      2147.747673
440000      2149.871501
Computing instanton...
440000      2152.261655
Computing instanton...
440000      2153.690522
Computing instanton...
Computing instanton...
Computing instanton...
440000      2160.277334
Computing instanton...
Computing instanton...
Computing instanton...
450000      2169.462074
Computing instanton...
440000      2169.904249
440000      2171.698987
440000      2172.114752
440000      2172.478459
Computing instanton...
440000      2174.639713
Computing instanton...
440000      2175.503584
440000       2177.03125
Computing instanton...
450000      2179.627422
Computing instanton...
Computing instanton...
450000      2187.606718
450000      2187.460154
450000      2187.950571
450000      2188.312076
Computing instanton...
450000       2190.25229
450000      2190.691495
450000      2194.089558
450000      2194.616198
450000      2195.439508
450000      2197.035266
450000      2196.985563
450000      2197.662858
Computing instanton...
450000      2199.251475
450000       2202.62096
Computing instanton...
Computing instanton...
450000      2210.869036
Computing instanton...
Computing instanton...
460000      2214.875703
450000       2215.33889
Computing instanton...
450000      2216.386222
Computing instanton...
Computing instanton...
Computing instanton...
450000      2221.212168
Computing instanton...
450000      2223.372584
450000      2224.143793
Computing instanton...
450000       2226.38674
450000       2227.81563
Computing instanton...
460000      2228.487416
Computing instanton...
Computing instanton...
460000      2235.453643
460000      2235.415344
460000      2235.770777
460000      2236.640598
460000      2237.378553
460000       2238.67394
460000      2239.152807
460000      2242.543522
Computing instanton...
460000      2243.972942
460000      2244.833942
460000      2245.046021
460000      2245.285772
460000      2247.914725
Computing instanton...
Computing instanton...
460000      2251.521653
Computing instanton...
460000      2258.115827
Computing instanton...
460000      2262.363372
470000      2262.890395
460000      2262.852221
460000      2271.044881
460000      2271.893447
460000      2272.516782
460000      2272.398203
Computing instanton...
460000      2273.760969
Computing instanton...
Computing instanton...
470000      2279.071491
Computing instanton...
Computing instanton...
Computing instanton...
470000      2282.153469
470000      2282.506316
Computing instanton...
470000      2285.494796
470000      2285.925891
470000      2286.646915
470000      2287.697834
470000      2287.560461
Computing instanton...
470000      2290.007135
470000      2290.157172
470000      2292.393437
470000      2292.521171
470000      2292.730737
Computing instanton...
Computing instanton...
470000      2295.244405
Computing instanton...
470000      2303.944613
470000        2304.4551
480000      2310.143436
Computing instanton...
470000      2310.449858
Computing instanton...
470000      2314.032427
470000      2319.393243
470000      2319.658335
470000      2320.289342
470000      2320.326417
470000       2323.17282
480000      2325.326883
Computing instanton...
Computing instanton...
Computing instanton...
480000      2328.909058
480000      2329.389381
480000      2332.121331
480000      2333.277655
480000      2333.412566
480000      2333.570473
480000      2336.515426
Computing instanton...
480000      2338.139222
480000      2338.932521
480000      2339.652349
480000      2341.195058
480000      2341.659799
480000      2342.506585
Computing instanton...
480000      2353.844849
480000      2353.888789
Computing instanton...
490000      2356.090949
480000      2356.872145
Computing instanton...
Computing instanton...
480000      2365.131527
480000      2366.205684
480000      2367.348594
480000      2367.627774
480000      2369.318979
Computing instanton...
Computing instanton...
480000      2372.825913
490000      2373.467124
490000      2373.420322
Computing instanton...
490000       2376.36549
Computing instanton...
490000      2377.858362
490000      2381.316337
490000      2381.436735
490000      2381.704573
Computing instanton...
490000      2383.969346
490000      2383.830399
490000      2384.309298
490000      2384.257669
Computing instanton...
490000      2389.848139
Computing instanton...
490000      2391.768212
490000      2392.593073
Computing instanton...
500000      2401.358018
490000      2401.795779
Computing instanton...
Computing instanton...
490000       2404.29902
490000       2404.40635
Computing instanton...
Computing instanton...
490000      2412.689681
Computing instanton...
490000      2415.015074
490000      2417.383959
Computing instanton...
490000      2418.486678
490000       2419.77462
Computing instanton...
500000      2421.813878
490000      2422.331648
Computing instanton...
Computing instanton...
500000      2423.976212
500000      2424.623983
Computing instanton...
500000      2427.637909
500000      2427.812936
500000      2427.936276
Computing instanton...
500000      2428.718984
500000      2429.130542
500000      2430.216955
500000      2433.498399
500000      2434.268066
Computing instanton...
Computing instanton...
500000      2437.097878
500000      2437.289397
500000      2440.150129
Computing instanton...
Computing instanton...
Computing instanton...
Computing instanton...
510000      2448.221488
500000      2450.683289
500000      2451.307307
Computing instanton...
500000      2454.544627
Computing instanton...
500000      2461.808417
Computing instanton...
Computing instanton...
500000      2464.342765
500000        2465.2731
500000      2469.357169
510000      2470.015786
500000      2470.417717
510000      2470.828283
510000      2472.630658
510000      2473.177562
Computing instanton...
500000      2474.205233
510000      2476.170655
510000       2476.53125
510000      2476.676954
510000        2477.6621
510000      2479.075484
Computing instanton...
Computing instanton...
510000      2481.560185
Computing instanton...
510000      2482.443403
510000      2483.156933
Computing instanton...
510000       2485.57363
Computing instanton...
510000      2486.790494
510000       2494.47244
520000      2496.954159
510000      2500.133443
510000      2500.822508
Computing instanton...
Computing instanton...
Computing instanton...
Computing instanton...
Computing instanton...
510000      2509.557017
510000      2512.636364
510000      2514.149397
520000      2516.387287
510000      2516.510081
520000      2519.256737
520000      2519.540841
510000      2520.006174
520000      2520.671031
510000      2522.577898
520000       2522.75113
520000      2523.283406
520000      2524.696251
Computing instanton...
Computing instanton...
520000      2527.586933
520000      2529.382396
Computing instanton...
520000      2530.284038
520000      2530.338339
520000      2532.047162
520000      2534.787266
520000      2535.520053
520000      2540.625802
Computing instanton...
Computing instanton...
530000      2543.879375
520000      2543.955794
Computing instanton...
520000      2547.608961
Computing instanton...
Computing instanton...
Computing instanton...
520000        2559.6758
520000      2562.267601
Computing instanton...
520000       2562.90789
520000      2564.200157
Computing instanton...
Computing instanton...
Computing instanton...
Computing instanton...
520000      2567.299638
530000        2567.8995
530000      2568.898861
530000      2569.498238
530000      2569.886365
Computing instanton...
530000      2571.993137
530000      2573.171838
530000      2573.749627
520000      2573.990121
530000      2574.260939
Computing instanton...
Computing instanton...
Computing instanton...
530000      2578.178903
530000      2579.166778
530000      2579.148654
530000      2580.138377
530000      2580.601175
530000      2581.880815
530000      2587.051766
540000      2589.580617
530000      2590.147603
530000      2596.009756
Computing instanton...
Computing instanton...
530000      2607.076916
530000      2610.293869
530000      2611.064358
530000      2611.319369
Computing instanton...
Computing instanton...
530000      2616.903077
Computing instanton...
540000      2617.526059
540000      2617.741535
540000      2618.087668
540000      2618.287443
540000      2618.628784
540000       2619.01035
540000       2620.28667
530000      2620.702835
540000      2624.094537
Computing instanton...
Computing instanton...
540000      2625.651029
540000      2625.622666
540000      2626.520258
540000      2626.450436
540000      2628.261291
540000      2629.409392
Computing instanton...
Computing instanton...
Computing instanton...
550000      2636.788523
Computing instanton...
540000      2637.161507
540000      2638.657474
Computing instanton...
Computing instanton...
540000      2643.908463
Computing instanton...
Computing instanton...
540000      2654.553864
Computing instanton...
540000      2657.847677
540000      2659.612447
Computing instanton...
540000      2661.600252
550000      2662.175293
540000      2663.588174
550000      2665.825101
550000      2665.705407
550000      2666.267764
550000      2666.723651
550000       2667.66326
550000       2668.80616
540000      2670.643794
Computing instanton...
550000       2673.93383
550000      2674.343758
550000      2674.414216
Computing instanton...
Computing instanton...
550000      2675.556963
550000      2675.873891
550000      2675.566771
Computing instanton...
550000      2679.799769
560000      2681.525037
Computing instanton...
550000      2683.909029
550000      2689.161229
Computing instanton...
Computing instanton...
Computing instanton...
Computing instanton...
550000        2697.2116
Computing instanton...
Computing instanton...
550000      2703.600189
Computing instanton...
550000      2705.646453
Computing instanton...
550000      2707.313266
Computing instanton...
550000      2707.636704
550000      2709.167169
560000      2711.017645
560000      2713.709897
560000      2713.999029
560000      2714.259599
560000      2716.102975
560000      2716.489158
560000      2717.173096
Computing instanton...
550000      2718.936514
560000      2719.352232
560000      2720.159259
560000      2722.097824
560000      2723.071078
560000      2723.337031
560000      2723.887443
560000      2727.316576
Computing instanton...
Computing instanton...
570000      2731.115933
Computing instanton...
560000          2736.92
Computing instanton...
Computing instanton...
560000      2738.561885
560000      2743.006517
Computing instanton...
Computing instanton...
Computing instanton...
560000      2751.050575
560000      2753.425699
Computing instanton...
560000      2756.663772
560000      2757.124041
560000      2757.408124
570000      2757.971852
Computing instanton...
570000      2760.783313
570000      2762.233902
Computing instanton...
560000      2763.549841
570000      2764.018751
570000      2764.205191
570000      2764.428054
570000      2765.116063
Computing instanton...
570000      2767.597821
570000        2767.7061
570000      2769.027384
570000      2769.626205
570000      2772.653625
570000      2773.122192
570000      2774.193844
Computing instanton...
Computing instanton...
580000      2778.524897
Computing instanton...
570000       2784.49742
570000      2787.583587
Computing instanton...
570000      2789.853423
Computing instanton...
Computing instanton...
570000      2798.979786
Computing instanton...
570000      2802.196304
570000      2802.497914
570000      2805.485065
570000      2806.353237
580000      2808.074471
580000      2808.157316
Computing instanton...
580000      2810.267255
Computing instanton...
580000      2811.159265
580000       2813.24967
580000      2813.533489
570000      2813.394383
580000      2814.256974
580000      2814.656439
580000      2816.254039
Computing instanton...
580000       2817.40344
Computing instanton...
580000      2819.929007
580000       2820.18215
580000      2820.955608
Computing instanton...
590000      2827.464358
580000      2827.190099
Computing instanton...
Computing instanton...
580000      2836.101047
580000      2836.001704
580000      2836.782072
Computing instanton...
580000      2846.095447
Computing instanton...
580000      2851.911075
580000      2852.774023
Computing instanton...
580000      2854.501811
590000      2855.767823
580000      2856.095672
590000      2857.214279
Computing instanton...
590000      2857.408357
590000      2857.521992
590000       2858.69562
Computing instanton...
580000      2861.940388
590000      2862.889614
590000      2863.285867
Computing instanton...
590000      2863.818831
590000      2865.145785
590000      2866.815411
590000       2868.32225
590000      2868.512166
Computing instanton...
590000      2872.410377
600000      2874.819961
590000       2877.76957
Computing instanton...
Computing instanton...
Computing instanton...
590000      2882.553124
Computing instanton...
590000       2884.39407
Computing instanton...
590000      2884.806816
Computing instanton...
Computing instanton...
Computing instanton...
590000      2892.026008
Computing instanton...
590000      2896.673693
Computing instanton...
600000      2900.800548
600000      2901.515217
590000      2902.134399
600000      2902.991438
590000      2904.517422
600000      2905.534612
590000      2906.094701
600000       2908.48454
600000      2910.780724
Computing instanton...
600000       2912.29082
Computing instanton...
600000      2912.656771
600000      2912.975069
590000      2913.225589
600000      2915.461112
Computing instanton...
600000      2916.996822
600000      2917.416739
Computing instanton...
600000      2920.721074
Computing instanton...
610000      2924.732098
600000      2925.888701
Computing instanton...
Computing instanton...
600000      2930.691557
Computing instanton...
600000      2934.341774
600000      2935.334811
600000      2940.893663
600000      2943.359004
Computing instanton...
610000      2946.607532
600000      2947.422334
610000      2947.763472
Computing instanton...
600000      2950.340843
Computing instanton...
610000       2951.60521
Computing instanton...
Computing instanton...
Computing instanton...
610000      2955.756083
600000      2957.120311
610000      2959.311592
610000      2960.091537
600000      2960.765102
610000      2962.351116
610000      2962.251407
610000      2962.693155
Computing instanton...
610000      2963.350525
610000      2963.736814
610000      2967.054915
610000      2967.632476
Computing instanton...
Computing instanton...
610000      2970.983491
620000      2972.564268
610000      2977.639798
610000      2982.096691
610000      2985.672093
610000      2989.614505
610000      2992.514039
620000      2995.551957
620000      2996.058159
610000      2996.821461
Computing instanton...
Computing instanton...
620000      2997.852939
610000      2998.671366
620000      3000.538711
610000      3004.126578
620000      3007.852398
620000      3008.063689
620000      3009.486434
620000      3009.672726
Computing instanton...
610000       3010.88753
620000      3011.269523
Computing instanton...
Computing instanton...
620000      3012.599857
620000      3012.927224
620000      3013.565088
620000      3015.696034
Computing instanton...
620000      3018.911241
630000      3020.011621
Computing instanton...
620000      3026.058279
620000      3030.332227
Computing instanton...
Computing instanton...
Computing instanton...
620000      3037.505041
Computing instanton...
620000      3038.447591
630000      3041.097784
630000      3041.500931
620000      3043.162826
Computing instanton...
Computing instanton...
620000      3045.217244
630000      3046.415486
620000      3046.646274
630000      3047.669678
620000      3052.881343
630000      3054.739232
630000      3055.732534
630000       3055.94719
630000      3057.663484
630000      3058.121956
630000      3059.731518
630000      3061.224788
630000      3061.068037
620000      3061.646078
Computing instanton...
Computing instanton...
Computing instanton...
630000      3066.050898
630000      3067.137607
640000      3067.554773
Computing instanton...
Computing instanton...
Computing instanton...
Computing instanton...
630000       3077.08986
630000      3077.603212
Computing instanton...
Computing instanton...
Computing instanton...
630000      3084.711073
Computing instanton...
Computing instanton...
630000      3088.053117
640000      3090.339561
640000      3090.440075
630000      3093.244379
630000      3095.203018
Computing instanton...
640000      3097.142174
630000       3098.31718
640000      3098.675761
630000      3100.096977
640000      3102.555337
640000      3103.440105
640000      3103.945008
640000      3105.570858
640000      3105.807749
640000      3107.311119
Computing instanton...
640000      3108.731551
640000      3108.829684
Computing instanton...
640000      3111.803217
Computing instanton...
650000      3113.145115
640000       3113.53523
630000      3114.708631
Computing instanton...
Computing instanton...
640000      3125.752227
640000      3126.664463
Computing instanton...
640000      3133.814033
650000      3134.108776
Computing instanton...
640000      3136.999658
Computing instanton...
640000      3140.264704
650000      3141.188358
640000       3143.25569
650000      3144.402903
650000      3144.402546
640000      3146.882479
650000      3148.868431
640000      3148.518673
650000      3150.659943
Computing instanton...
Computing instanton...
650000      3154.293706
650000      3154.563041
650000      3155.051717
650000      3155.499669
Computing instanton...
650000       3156.45054
650000      3158.730003
Computing instanton...
660000      3159.424995
650000      3159.415273
650000      3159.982632
Computing instanton...
640000      3164.337083
Computing instanton...
Computing instanton...
650000      3175.225704
650000       3177.69462
Computing instanton...
Computing instanton...
660000      3182.870846
650000      3183.252109
650000       3185.85929
650000      3186.552015
660000      3189.203922
660000      3189.398879
Computing instanton...
650000      3191.755196
650000      3192.036541
Computing instanton...
660000      3192.270844
Computing instanton...
Computing instanton...
Computing instanton...
660000      3197.782356
650000      3199.095773
660000      3199.905055
660000      3200.515574
Computing instanton...
660000      3203.118836
660000      3203.454773
660000      3204.478965
660000      3205.252726
660000      3206.005316
660000       3206.25916
660000      3208.185853
Computing instanton...
670000      3210.409353
Computing instanton...
Computing instanton...
Computing instanton...
650000       3215.91716
Computing instanton...
Computing instanton...
Computing instanton...
660000      3224.278486
660000      3226.656084
Computing instanton...
Computing instanton...
670000      3229.599987
Computing instanton...
Computing instanton...
660000      3232.330548
660000      3232.955507
Computing instanton...
670000      3235.284737
Computing instanton...
670000      3237.906595
660000      3238.291345
Computing instanton...
660000      3239.041195
Computing instanton...
Computing instanton...
670000      3240.969256
660000      3244.650706
670000      3245.202819
660000        3246.0247
670000      3247.287721
Computing instanton...
670000      3247.655103
670000      3250.190834
670000      3251.127809
670000      3251.925367
670000      3252.576869
Computing instanton...
670000      3254.415248
670000      3254.851633
Computing instanton...
680000      3256.380056
670000      3256.286733
Computing instanton...
Computing instanton...
660000      3266.716767
670000      3274.950196
680000      3275.004686
Computing instanton...
Computing instanton...
Computing instanton...
670000      3277.881805
670000      3278.654251
670000      3280.023999
680000      3279.961786
680000       3282.70621
Computing instanton...
Computing instanton...
670000      3285.679914
Computing instanton...
670000      3287.329433
680000      3287.904338
680000      3292.316857
680000      3293.980729
Computing instanton...
670000      3294.107924
670000      3296.896072
680000      3296.829562
680000      3297.636033
680000      3298.689094
680000      3302.305487
680000      3303.005373
680000      3303.404864
690000        3304.1146
680000      3304.508549
680000      3304.501698
Computing instanton...
Computing instanton...
670000      3316.220032
690000      3319.191739
680000      3321.640523
680000      3324.856448
Computing instanton...
690000      3325.626101
680000       3327.89997
680000      3328.888617
690000      3332.194941
680000      3333.197751
680000      3333.490395
690000      3334.339917
680000      3339.152308
690000      3342.934075
690000      3343.974317
690000       3345.48931
690000      3345.854989
690000      3345.944741
Computing instanton...
680000      3346.899373
Computing instanton...
700000      3351.043021
690000      3351.458458
690000      3351.270581
690000      3351.522824
690000      3353.090195
690000      3354.457139
Computing instanton...
Computing instanton...
Computing instanton...
680000      3363.109209
700000      3365.544511
Computing instanton...
690000      3367.869096
Computing instanton...
Computing instanton...
690000      3371.647137
700000      3372.566516
690000      3375.062028
690000      3376.115088
Computing instanton...
700000      3377.557544
Computing instanton...
690000      3380.609418
690000      3382.190644
700000      3384.340013
Computing instanton...
690000      3386.531503
700000      3388.094633
Computing instanton...
700000      3391.503222
700000      3392.314306
700000      3395.120667
710000      3395.859637
700000      3395.591144
690000      3396.131558
Computing instanton...
700000      3398.239869
700000      3399.044964
Computing instanton...
Computing instanton...
700000      3401.457878
700000      3402.150352
700000      3404.858966
Computing instanton...
690000      3412.507328
710000      3413.512216
700000      3414.019216
Computing instanton...
700000      3416.895968
710000      3418.364629
700000      3423.882068
Computing instanton...
700000       3425.56158
710000      3425.549119
Computing instanton...
700000      3428.497208
Computing instanton...
700000      3430.448328
Computing instanton...
710000      3433.996221
700000      3434.516577
710000      3437.234942
710000      3438.441437
Computing instanton...
Computing instanton...
710000      3442.450638
720000      3443.064381
700000      3444.598862
710000      3444.945085
710000      3445.951963
710000      3446.479629
710000       3449.05572
710000      3449.308276
Computing instanton...
710000      3449.820023
710000      3451.417878
Computing instanton...
Computing instanton...
700000      3459.124277
720000      3459.547809
710000      3460.058259
720000      3464.022128
710000      3464.166968
Computing instanton...
Computing instanton...
710000      3470.965695
Computing instanton...
Computing instanton...
Computing instanton...
720000      3474.543562
Computing instanton...
710000      3476.419372
710000      3476.283628
710000      3477.688322
710000      3479.719236
Computing instanton...
720000      3483.820424
720000      3484.731731
720000      3484.831265
730000      3488.303022
720000      3488.784152
Computing instanton...
720000      3491.997903
720000      3495.228528
720000      3495.428464
720000      3496.253742
720000       3496.48103
710000      3497.300048
720000      3499.635714
720000      3499.719445
Computing instanton...
720000      3506.383943
710000      3507.773036
730000      3510.666078
730000      3511.363072
Computing instanton...
720000      3515.987956
720000       3519.89453
730000      3521.451217
720000      3524.133936
720000      3524.672804
720000      3526.385691
720000      3528.952942
Computing instanton...
730000      3531.936801
730000      3532.887594
Computing instanton...
740000      3533.935542
730000      3534.251373
730000      3536.736432
Computing instanton...
730000       3538.97099
730000      3541.580472
730000      3542.628603
730000      3542.843792
730000      3542.884086
730000      3544.234107
720000      3547.268087
Computing instanton...
730000      3549.655578
Computing instanton...
720000      3555.772524
730000      3556.826782
740000      3560.054292
740000      3560.203717
730000      3564.122341
Computing instanton...
740000       3567.08769
730000      3568.780795
Computing instanton...
Computing instanton...
Computing instanton...
730000       3573.74631
730000      3574.943934
730000       3576.16259
730000      3576.936177
740000      3579.952159
Computing instanton...
750000      3581.640927
740000      3581.643572
740000      3583.703835
740000       3584.15612
Computing instanton...
Computing instanton...
740000      3585.825679
740000      3586.476485
Computing instanton...
740000      3589.618038
740000      3592.116362
730000      3592.957294
740000       3593.69463
Computing instanton...
740000      3594.661916
Computing instanton...
Computing instanton...
740000      3600.435653
Computing instanton...
740000      3601.310279
Computing instanton...
Computing instanton...
Computing instanton...
730000      3602.561511
Computing instanton...
750000      3606.165671
750000      3607.709754
Computing instanton...
Computing instanton...
740000      3612.856162
Computing instanton...
Computing instanton...
Computing instanton...
750000      3616.458854
740000      3617.434621
Computing instanton...
740000      3618.715372
Computing instanton...
740000      3622.004184
Computing instanton...
740000      3625.388254
740000      3626.740997
750000      3628.406083
750000      3629.457239
760000      3630.895408
750000      3631.117351
750000      3632.190694
Computing instanton...
750000      3634.524164
Computing instanton...
750000      3635.234308
Computing instanton...
Computing instanton...
750000       3638.91194
750000      3640.003408
750000      3640.920563
Computing instanton...
750000      3641.103993
740000      3641.300478
Computing instanton...
750000      3648.443728
750000      3649.036497
740000      3648.779745
Computing instanton...
760000      3653.003991
760000      3654.464709
Computing instanton...
Computing instanton...
750000      3661.475286
760000      3663.108549
Computing instanton...
Computing instanton...
750000      3666.196842
750000       3669.25626
750000      3670.157772
750000      3671.153183
Computing instanton...
760000      3674.006019
750000      3674.827867
760000       3675.96678
770000       3677.52421
Computing instanton...
760000      3677.866887
760000      3682.773536
760000      3683.643267
760000      3683.692767
760000      3683.809794
Computing instanton...
760000      3686.492995
Computing instanton...
760000      3689.992791
750000      3690.270202
760000      3690.465288
Computing instanton...
760000      3696.749175
760000      3696.652536
Computing instanton...
750000       3698.82913
Computing instanton...
770000      3700.511439
770000      3704.676249
770000       3707.27974
760000      3708.751328
Computing instanton...
760000      3713.030753
760000      3715.803819
760000      3716.376281
760000      3717.063799
760000      3721.204196
770000       3722.85117
780000      3723.546747
770000      3723.665194
770000      3725.306175
770000      3729.459867
770000      3729.771428
Computing instanton...
Computing instanton...
770000       3731.20841
770000      3732.373494
770000        3734.1678
Computing instanton...
770000      3738.942155
770000      3739.248984
760000       3739.45487
770000      3745.957249
780000      3746.168028
760000      3746.215158
770000       3748.17459
Computing instanton...
780000      3750.927609
780000      3756.056605
770000      3756.200904
770000      3757.644984
Computing instanton...
Computing instanton...
770000      3761.650982
Computing instanton...
770000      3764.687484
770000      3767.377996
770000      3768.078029
790000      3770.039299
780000      3770.115662
Computing instanton...
780000      3771.521591
Computing instanton...
780000      3773.133191
780000      3774.649438
Computing instanton...
Computing instanton...
780000      3779.511545
Computing instanton...
780000      3780.133122
Computing instanton...
780000      3780.977165
780000       3782.11108
Computing instanton...
770000      3787.364466
780000      3787.638347
Computing instanton...
Computing instanton...
780000      3790.100091
Computing instanton...
780000      3792.706143
770000      3794.946884
790000      3795.272135
780000      3798.256917
790000      3798.493204
780000      3802.849929
790000       3803.89825
780000      3808.569576
780000      3810.520528
780000      3811.648301
790000      3812.137269
Computing instanton...
800000      3815.752235
780000      3816.846319
780000      3817.356208
Computing instanton...
790000      3819.284804
790000      3820.396346
790000      3823.584664
790000      3826.578174
790000      3827.990595
Computing instanton...
790000      3829.511578
790000        3830.5633
Computing instanton...
Computing instanton...
790000      3833.921961
Computing instanton...
790000      3838.366109
780000      3838.850861
790000      3841.697986
Computing instanton...
Computing instanton...
Computing instanton...
790000      3845.389495
800000      3845.601831
780000      3845.622578
Computing instanton...
800000      3847.184662
790000      3848.683287
Computing instanton...
800000      3851.347753
Computing instanton...
790000      3854.105048
Computing instanton...
800000      3857.624857
790000      3858.869784
790000      3859.201046
810000      3860.999775
Computing instanton...
790000      3864.716504
Computing instanton...
Computing instanton...
790000      3868.401099
800000      3870.137627
800000      3871.449158
800000      3871.749043
800000       3873.80153
800000      3875.395152
800000       3876.39081
800000      3877.294791
Computing instanton...
800000      3882.957758
Computing instanton...
790000      3887.903241
800000       3889.02926
810000      3891.113653
Computing instanton...
800000      3891.534024
800000      3892.704398
790000      3893.200666
800000      3897.115643
Computing instanton...
810000       3897.97607
810000      3899.379309
800000      3899.829879
800000      3903.189981
800000      3905.250096
810000      3905.946416
800000      3908.227535
820000      3909.564276
800000      3911.462542
Computing instanton...
810000      3915.742797
Computing instanton...
810000      3917.299661
Computing instanton...
810000      3918.821034
810000      3919.009707
810000      3923.753251
810000      3926.738736
810000      3928.635855
800000      3933.167486
810000       3936.93193
Computing instanton...
810000      3938.080574
810000      3939.320817
Computing instanton...
810000      3941.679584
820000      3942.903305
820000      3942.874185
800000      3945.131826
820000      3946.151411
Computing instanton...
810000      3947.409236
810000       3949.61161
810000      3951.204277
820000      3954.546725
810000      3954.753037
Computing instanton...
810000       3955.72969
830000      3957.425206
810000      3957.851422
Computing instanton...
Computing instanton...
820000      3962.728116
820000      3965.721094
Computing instanton...
820000      3967.912447
820000      3968.260615
Computing instanton...
Computing instanton...
Computing instanton...
820000      3974.009792
820000      3977.923068
820000      3978.315922
810000      3978.439735
Computing instanton...
Computing instanton...
Computing instanton...
820000      3986.585103
820000      3987.024379
820000      3987.477317
820000       3988.61907
830000      3990.399403
Computing instanton...
Computing instanton...
Computing instanton...
Computing instanton...
830000        3993.8263
830000      3994.113671
810000      3996.320714
820000      3997.153702
820000      3997.549105
Computing instanton...
820000      3998.893735
820000      3999.616558
Computing instanton...
Computing instanton...
820000      4001.185938
830000      4004.033627
840000      4006.442569
820000      4009.141786
830000      4010.205152
Computing instanton...
830000      4013.633237
830000      4013.973681
830000      4016.449398
830000      4022.725458
Computing instanton...
820000      4025.578146
830000      4026.259938
830000      4026.991885
Computing instanton...
830000      4033.988785
840000       4034.12914
Computing instanton...
Computing instanton...
830000      4035.327237
830000      4035.877343
830000      4037.014227
840000      4041.027997
840000      4041.679655
830000      4041.723512
820000      4042.222273
830000      4043.039102
Computing instanton...
830000      4045.619243
Computing instanton...
Computing instanton...
830000      4049.293309
840000      4049.150438
830000      4049.214075
850000      4052.550439
Computing instanton...
830000      4053.659491
840000      4057.278149
840000       4062.04876
840000      4063.002673
Computing instanton...
840000      4065.359806
840000      4067.507132
Computing instanton...
Computing instanton...
Computing instanton...
840000      4073.957393
830000      4074.356457
840000      4076.354383
850000      4079.597085
Computing instanton...
840000      4082.137161
Computing instanton...
840000      4083.197006
840000       4083.53398
840000      4083.802306
Computing instanton...
850000      4087.691658
850000      4087.740977
840000      4088.729874
Computing instanton...
840000       4090.48816
Computing instanton...
830000      4092.344182
Computing instanton...
840000      4095.608466
840000      4098.647442
860000      4099.090136
Computing instanton...
840000      4099.449779
840000      4100.451155
850000      4100.310204
850000      4104.786172
850000      4112.383581
850000      4112.426894
850000      4113.535744
850000      4116.010761
Computing instanton...
850000      4121.245413
850000      4121.173952
Computing instanton...
Computing instanton...
840000      4124.789853
860000      4127.259915
Computing instanton...
850000      4127.807374
850000      4130.345612
850000      4131.623433
860000      4132.901715
850000      4134.625095
Computing instanton...
860000      4135.264693
850000      4136.280347
850000      4138.899891
840000       4139.11548
850000      4143.086065
870000      4145.368832
850000      4146.011055
Computing instanton...
850000      4147.428015
850000      4147.931042
Computing instanton...
860000      4151.372956
860000      4154.244163
Computing instanton...
Computing instanton...
860000      4158.400367
Computing instanton...
860000      4160.345872
Computing instanton...
860000      4161.224698
860000      4163.769424
860000        4168.8485
Computing instanton...
860000      4171.412444
870000      4172.772037
850000       4175.64777
860000      4175.845013
860000      4176.280478
860000      4179.027625
870000      4180.653454
Computing instanton...
Computing instanton...
870000       4182.84524
Computing instanton...
860000      4184.550398
860000      4184.799188
860000       4188.06626
860000      4189.701198
Computing instanton...
850000      4191.256326
Computing instanton...
880000      4193.587477
860000      4194.316001
860000      4195.961191
860000        4197.2836
870000      4197.459716
Computing instanton...
Computing instanton...
870000      4198.462709
Computing instanton...
870000      4202.808223
Computing instanton...
Computing instanton...
Computing instanton...
Computing instanton...
870000      4210.265607
Computing instanton...
870000      4212.165941
870000      4212.139081
870000      4214.760254
870000      4219.574163
880000      4220.182123
870000      4222.297211
870000      4222.871589
Computing instanton...
860000        4226.6544
Computing instanton...
870000      4228.714401
880000      4228.898006
880000      4229.683084
Computing instanton...
870000      4233.091229
870000      4233.671563
Computing instanton...
870000      4234.694055
890000       4240.97247
860000       4240.95778
870000      4241.558989
870000      4241.696025
870000       4242.48491
Computing instanton...
880000      4244.166519
Computing instanton...
870000      4247.554135
880000      4247.769046
Computing instanton...
880000      4248.990977
Computing instanton...
Computing instanton...
Computing instanton...
Computing instanton...
880000      4257.224985
880000      4261.374866
880000      4261.956482
880000      4262.316248
880000       4268.73981
Computing instanton...
890000      4270.973124
880000      4271.596456
880000      4272.208901
890000      4273.640359
Computing instanton...
870000      4274.424631
890000      4278.208378
880000      4278.992575
880000      4281.723558
880000      4282.968643
880000       4283.57158
900000      4284.671591
Computing instanton...
890000      4288.607545
880000      4288.737483
Computing instanton...
880000      4289.869075
Computing instanton...
880000      4290.604308
870000      4290.746307
890000      4292.516813
Computing instanton...
Computing instanton...
880000      4297.392465
890000       4298.09622
890000      4305.702991
Computing instanton...
890000      4307.079293
Computing instanton...
Computing instanton...
890000      4310.129232
Computing instanton...
890000      4312.619477
Computing instanton...
890000      4314.350012
Computing instanton...
Computing instanton...
890000      4319.204237
900000      4319.388033
890000      4320.553207
900000      4320.921445
880000      4323.983074
900000      4326.570299
890000      4328.033259
890000      4328.724954
Computing instanton...
Computing instanton...
910000       4331.09091
Computing instanton...
890000      4332.283117
890000      4335.396129
Computing instanton...
Computing instanton...
Computing instanton...
890000      4337.500124
900000      4338.186466
890000      4338.491659
880000      4338.983408
890000      4339.526137
900000      4340.405773
890000      4345.270555
900000      4346.901308
Computing instanton...
Computing instanton...
900000      4354.447867
Computing instanton...
900000      4356.789649
900000      4359.181619
Computing instanton...
Computing instanton...
900000      4361.392931
Computing instanton...
900000       4362.93532
900000      4366.908846
910000      4366.881379
910000      4367.000317
900000       4367.45585
910000      4375.386574
890000        4375.4866
900000       4377.63124
920000      4378.336617
900000      4378.105595
900000      4379.123726
Computing instanton...
Computing instanton...
900000      4381.039482
Computing instanton...
910000      4384.984175
Computing instanton...
900000      4386.484323
900000      4387.748245
900000      4387.749915
Computing instanton...
890000      4389.113477
910000       4389.47781
Computing instanton...
910000      4394.792396
Computing instanton...
Computing instanton...
900000      4396.502984
910000      4401.934255
910000      4404.402396
910000      4405.249937
910000      4410.948339
Computing instanton...
910000       4412.66888
910000      4415.022332
910000      4415.870619
920000      4416.077584
920000      4416.286578
Computing instanton...
Computing instanton...
Computing instanton...
Computing instanton...
Computing instanton...
900000      4419.245837
920000      4424.119366
910000      4424.140443
910000      4425.513535
910000      4426.460931
930000      4428.194775
910000      4428.565932
920000      4433.768654
910000      4434.012751
910000      4434.104967
920000      4434.579355
910000      4435.410268
Computing instanton...
Computing instanton...
920000       4440.80526
900000      4441.261699
Computing instanton...
Computing instanton...
Computing instanton...
910000      4446.021683
Computing instanton...
920000      4450.682369
Computing instanton...
920000      4453.567424
920000      4453.341998
Computing instanton...
920000      4457.710242
Computing instanton...
920000      4462.236909
920000      4462.919652
930000      4463.043355
930000      4463.663725
920000      4464.787219
910000      4467.358932
Computing instanton...
Computing instanton...
Computing instanton...
920000      4471.193948
920000      4471.489536
Computing instanton...
Computing instanton...
Computing instanton...
920000      4474.232007
930000      4474.800384
940000      4476.113995
920000      4477.237892
Computing instanton...
920000      4480.873142
Computing instanton...
930000      4481.608738
Computing instanton...
920000      4482.497788
930000      4483.902195
Computing instanton...
920000      4485.378834
Computing instanton...
910000      4490.205354
930000      4490.961476
Computing instanton...
Computing instanton...
930000      4496.627037
920000      4498.135343
Computing instanton...
Computing instanton...
930000      4498.627217
930000      4499.774982
930000      4508.583737
930000      4509.322085
930000      4509.602121
940000      4510.384231
940000      4510.975508
Computing instanton...
930000      4512.718456
Computing instanton...
Computing instanton...
Computing instanton...
930000      4518.780068
920000      4518.845765
Computing instanton...
Computing instanton...
930000      4521.828369
930000       4522.03357
940000      4523.332142
950000      4525.354592
930000      4525.686426
Computing instanton...
Computing instanton...
940000      4527.260623
Computing instanton...
930000       4529.53111
930000      4530.624686
940000      4531.867135
930000      4535.660966
Computing instanton...
920000       4539.90459
Computing instanton...
Computing instanton...
940000      4542.861445
940000      4543.841055
930000       4548.01366
940000      4548.073649
940000      4548.897393
Computing instanton...
950000      4553.430904
940000      4554.889488
Computing instanton...
Computing instanton...
940000      4557.432996
950000      4557.764386
Computing instanton...
940000      4559.721687
940000       4563.16876
940000      4564.717029
940000      4565.477112
Computing instanton...
930000      4568.686096
940000      4570.374543
950000       4570.66907
Computing instanton...
950000       4572.94753
960000      4574.604645
940000      4574.544987
940000      4576.216533
Computing instanton...
950000      4579.492678
940000      4579.875596
Computing instanton...
Computing instanton...
Computing instanton...
940000      4584.787327
Computing instanton...
Computing instanton...
950000      4590.904904
930000      4590.966424
950000      4592.041057
950000      4596.091305
Computing instanton...
950000      4597.245088
940000      4597.662661
960000      4598.470905
950000      4600.045594
Computing instanton...
Computing instanton...
Computing instanton...
Computing instanton...
950000      4605.812935
950000      4605.848521
Computing instanton...
960000       4605.77274
950000      4610.154331
950000      4613.982949
Computing instanton...
950000      4614.821432
950000      4616.127135
Computing instanton...
940000      4616.903409
950000      4618.930143
960000      4619.515042
960000      4620.514888
950000      4622.696619
970000      4623.571183
960000      4626.953633
950000      4628.437764
950000      4631.758105
940000      4635.830581
960000      4637.210306
960000      4637.665091
Computing instanton...
Computing instanton...
960000      4642.694835
960000      4644.827951
950000      4647.117881
Computing instanton...
970000      4647.931774
Computing instanton...
960000      4649.148117
970000      4652.478934
960000      4653.786399
960000       4653.97319
Computing instanton...
960000      4659.411763
960000      4661.389228
960000      4661.368532
960000      4663.424167
950000       4664.03962
970000      4664.748822
970000      4665.878407
Computing instanton...
Computing instanton...
960000         4668.658
980000      4670.364783
960000      4670.956914
970000      4673.485282
Computing instanton...
Computing instanton...
Computing instanton...
960000      4676.517472
960000      4677.798002
Computing instanton...
Computing instanton...
970000      4681.554671
Computing instanton...
Computing instanton...
950000       4685.57005
Computing instanton...
970000      4686.534081
970000      4691.237869
Computing instanton...
970000       4694.89338
980000      4695.079797
Computing instanton...
970000      4697.324347
960000      4698.459637
Computing instanton...
980000      4699.874587
Computing instanton...
Computing instanton...
970000      4701.276336
Computing instanton...
970000      4703.425831
970000      4705.525511
Computing instanton...
Computing instanton...
970000      4707.302001
Computing instanton...
970000      4709.060114
980000       4711.84661
960000      4711.893176
970000      4712.683046
Computing instanton...
980000      4715.319887
990000      4715.983173
970000      4717.446028
970000      4720.035917
980000      4720.785297
Computing instanton...
970000      4726.306177
970000      4728.027435
Computing instanton...
Computing instanton...
980000      4730.221953
980000      4732.984265
960000      4733.358771
Computing instanton...
Computing instanton...
Computing instanton...
980000      4739.119994
980000      4741.016337
990000      4741.110359
Computing instanton...
980000      4745.532088
Computing instanton...
970000      4747.683646
980000      4750.004343
990000      4750.116557
Computing instanton...
980000      4753.077504
980000      4753.174349
980000      4753.565726
Computing instanton...
980000      4756.123433
970000      4758.903635
990000      4760.431944
Computing instanton...
Computing instanton...
980000      4762.548019
1000000       4764.531297
990000      4764.976021
980000      4767.119818
980000      4767.724719
990000      4769.439907
980000      4772.831653
980000      4773.604708
Computing instanton...
990000      4775.656324
Computing instanton...
990000      4778.343476
Computing instanton...
Computing instanton...
970000       4783.40913
990000      4787.185909
Computing instanton...
1000000       4789.600775
Computing instanton...
990000      4791.150317
Computing instanton...
990000      4792.903825
1000000       4792.935429
990000      4794.067855
980000      4796.359452
990000      4796.701163
990000      4798.401162
990000      4799.167848
990000      4799.340672
980000       4801.53792
Computing instanton...
Computing instanton...
1000000       4805.560395
Computing instanton...
1000000       4808.092511
990000      4808.395087
990000      4809.590834
1000000       4810.445644
990000      4810.644006
Computing instanton...
Computing instanton...
990000      4815.690565
1000000       4815.641942
1000000       4815.769866
990000      4816.291755
1000000       4825.202314
980000      4825.483667
1000000       4826.248455
1000000       4826.863253
990000      4827.669861
1000000       4827.941064
Computing instanton...
1000000       4828.991027
Computing instanton...
1000000       4832.287775
1000000       4832.287765
1000000       4832.615833
1000000       4833.911818
990000       4834.18989
1000000       4836.146313
1000000        4836.23269
1000000       4837.484522
1000000       4838.270521
990000      4839.555524
1000000       4840.109525
1000000        4842.29148
1000000       4845.823437
Combining output...
