24000000 0.0083 0.5 30 0.0 B 3 1 0.004667 0 55.0 -1 4
Unrecognized MATLAB option "wait".
Unrecognized MATLAB option "minimize".

                            < M A T L A B (R) >
                  Copyright 1984-2017 The MathWorks, Inc.
                   R2017b (9.3.0.713579) 64-bit (glnxa64)
                             September 14, 2017

Unrecognized MATLAB option "wait".
Unrecognized MATLAB option "minimize".

                            < M A T L A B (R) >
                  Copyright 1984-2017 The MathWorks, Inc.
                   R2017b (9.3.0.713579) 64-bit (glnxa64)
                             September 14, 2017

Unrecognized MATLAB option "wait".
Unrecognized MATLAB option "minimize".

                            < M A T L A B (R) >
                  Copyright 1984-2017 The MathWorks, Inc.
                   R2017b (9.3.0.713579) 64-bit (glnxa64)
                             September 14, 2017

Unrecognized MATLAB option "wait".
Unrecognized MATLAB option "minimize".

                            < M A T L A B (R) >
                  Copyright 1984-2017 The MathWorks, Inc.
                   R2017b (9.3.0.713579) 64-bit (glnxa64)
                             September 14, 2017

Unrecognized MATLAB option "wait".
Unrecognized MATLAB option "minimize".

                            < M A T L A B (R) >
                  Copyright 1984-2017 The MathWorks, Inc.
                   R2017b (9.3.0.713579) 64-bit (glnxa64)
                             September 14, 2017

Unrecognized MATLAB option "wait".
Unrecognized MATLAB option "minimize".

                            < M A T L A B (R) >
                  Copyright 1984-2017 The MathWorks, Inc.
                   R2017b (9.3.0.713579) 64-bit (glnxa64)
                             September 14, 2017

Unrecognized MATLAB option "wait".
Unrecognized MATLAB option "minimize".

                            < M A T L A B (R) >
                  Copyright 1984-2017 The MathWorks, Inc.
                   R2017b (9.3.0.713579) 64-bit (glnxa64)
                             September 14, 2017

Unrecognized MATLAB option "wait".
Unrecognized MATLAB option "minimize".

                            < M A T L A B (R) >
                  Copyright 1984-2017 The MathWorks, Inc.
                   R2017b (9.3.0.713579) 64-bit (glnxa64)
                             September 14, 2017

Unrecognized MATLAB option "wait".
Unrecognized MATLAB option "minimize".

                            < M A T L A B (R) >
                  Copyright 1984-2017 The MathWorks, Inc.
                   R2017b (9.3.0.713579) 64-bit (glnxa64)
                             September 14, 2017

Unrecognized MATLAB option "wait".
Unrecognized MATLAB option "minimize".

                            < M A T L A B (R) >
                  Copyright 1984-2017 The MathWorks, Inc.
                   R2017b (9.3.0.713579) 64-bit (glnxa64)
                             September 14, 2017

Unrecognized MATLAB option "wait".
Unrecognized MATLAB option "minimize".

                            < M A T L A B (R) >
                  Copyright 1984-2017 The MathWorks, Inc.
                   R2017b (9.3.0.713579) 64-bit (glnxa64)
                             September 14, 2017

Unrecognized MATLAB option "wait".
Unrecognized MATLAB option "minimize".

                            < M A T L A B (R) >
                  Copyright 1984-2017 The MathWorks, Inc.
                   R2017b (9.3.0.713579) 64-bit (glnxa64)
                             September 14, 2017

Unrecognized MATLAB option "wait".
Unrecognized MATLAB option "minimize".

                            < M A T L A B (R) >
                  Copyright 1984-2017 The MathWorks, Inc.
                   R2017b (9.3.0.713579) 64-bit (glnxa64)
                             September 14, 2017

Unrecognized MATLAB option "wait".
Unrecognized MATLAB option "minimize".

                            < M A T L A B (R) >
                  Copyright 1984-2017 The MathWorks, Inc.
                   R2017b (9.3.0.713579) 64-bit (glnxa64)
                             September 14, 2017

Unrecognized MATLAB option "wait".
Unrecognized MATLAB option "minimize".

                            < M A T L A B (R) >
                  Copyright 1984-2017 The MathWorks, Inc.
                   R2017b (9.3.0.713579) 64-bit (glnxa64)
                             September 14, 2017

Unrecognized MATLAB option "wait".
Unrecognized MATLAB option "minimize".

                            < M A T L A B (R) >
                  Copyright 1984-2017 The MathWorks, Inc.
                   R2017b (9.3.0.713579) 64-bit (glnxa64)
                             September 14, 2017

Unrecognized MATLAB option "wait".
Unrecognized MATLAB option "minimize".

                            < M A T L A B (R) >
                  Copyright 1984-2017 The MathWorks, Inc.
                   R2017b (9.3.0.713579) 64-bit (glnxa64)
                             September 14, 2017

Unrecognized MATLAB option "wait".
Unrecognized MATLAB option "minimize".

                            < M A T L A B (R) >
                  Copyright 1984-2017 The MathWorks, Inc.
                   R2017b (9.3.0.713579) 64-bit (glnxa64)
                             September 14, 2017

Unrecognized MATLAB option "wait".
Unrecognized MATLAB option "minimize".

                            < M A T L A B (R) >
                  Copyright 1984-2017 The MathWorks, Inc.
                   R2017b (9.3.0.713579) 64-bit (glnxa64)
                             September 14, 2017

Unrecognized MATLAB option "wait".
Unrecognized MATLAB option "minimize".

                            < M A T L A B (R) >
                  Copyright 1984-2017 The MathWorks, Inc.
                   R2017b (9.3.0.713579) 64-bit (glnxa64)
                             September 14, 2017

Unrecognized MATLAB option "wait".
Unrecognized MATLAB option "minimize".

                            < M A T L A B (R) >
                  Copyright 1984-2017 The MathWorks, Inc.
                   R2017b (9.3.0.713579) 64-bit (glnxa64)
                             September 14, 2017

Unrecognized MATLAB option "wait".
Unrecognized MATLAB option "minimize".

                            < M A T L A B (R) >
                  Copyright 1984-2017 The MathWorks, Inc.
                   R2017b (9.3.0.713579) 64-bit (glnxa64)
                             September 14, 2017

Unrecognized MATLAB option "wait".
Unrecognized MATLAB option "minimize".

                            < M A T L A B (R) >
                  Copyright 1984-2017 The MathWorks, Inc.
                   R2017b (9.3.0.713579) 64-bit (glnxa64)
                             September 14, 2017

Unrecognized MATLAB option "wait".
Unrecognized MATLAB option "minimize".

                            < M A T L A B (R) >
                  Copyright 1984-2017 The MathWorks, Inc.
                   R2017b (9.3.0.713579) 64-bit (glnxa64)
                             September 14, 2017

 
 
 
For online documentation, see http://www.mathworks.com/support
For product information, visit www.mathworks.com.
 
For online documentation, see http://www.mathworks.com/support
For product information, visit www.mathworks.com.
 
For online documentation, see http://www.mathworks.com/support
For product information, visit www.mathworks.com.
 
 
For online documentation, see http://www.mathworks.com/support
For product information, visit www.mathworks.com.
 
 
For online documentation, see http://www.mathworks.com/support
For product information, visit www.mathworks.com.
 
 
For online documentation, see http://www.mathworks.com/support
For product information, visit www.mathworks.com.
 
 
For online documentation, see http://www.mathworks.com/support
For product information, visit www.mathworks.com.
 
 
For online documentation, see http://www.mathworks.com/support
For product information, visit www.mathworks.com.
 
 
For online documentation, see http://www.mathworks.com/support
For product information, visit www.mathworks.com.
 
 
For online documentation, see http://www.mathworks.com/support
For product information, visit www.mathworks.com.
 
 
For online documentation, see http://www.mathworks.com/support
For product information, visit www.mathworks.com.
 
 
For online documentation, see http://www.mathworks.com/support
 
For product information, visit www.mathworks.com.
 
For online documentation, see http://www.mathworks.com/support
For product information, visit www.mathworks.com.
 
 
For online documentation, see http://www.mathworks.com/support
 
For product information, visit www.mathworks.com.
 
 
For online documentation, see http://www.mathworks.com/support
For product information, visit www.mathworks.com.
 
 
For online documentation, see http://www.mathworks.com/support
For product information, visit www.mathworks.com.
 
 
For online documentation, see http://www.mathworks.com/support
For online documentation, see http://www.mathworks.com/support
For product information, visit www.mathworks.com.
 
For product information, visit www.mathworks.com.
 
 
 
For online documentation, see http://www.mathworks.com/support
For product information, visit www.mathworks.com.
 
For online documentation, see http://www.mathworks.com/support
For product information, visit www.mathworks.com.
 
 
 
For online documentation, see http://www.mathworks.com/support
For online documentation, see http://www.mathworks.com/support
For product information, visit www.mathworks.com.
For product information, visit www.mathworks.com.
 
 
 
For online documentation, see http://www.mathworks.com/support
For product information, visit www.mathworks.com.
 
 
For online documentation, see http://www.mathworks.com/support
For product information, visit www.mathworks.com.
 
outfile: ../data/out_0009/.worker_22.txt
outfile: ../data/out_0009/.worker_13.txt
outfile: ../data/out_0009/.worker_23.txt
outfile: ../data/out_0009/.worker_19.txt
outfile: ../data/out_0009/.worker_4.txt
outfile: ../data/out_0009/.worker_5.txt
outfile: ../data/out_0009/.worker_8.txt
outfile: ../data/out_0009/.worker_2.txt
outfile: ../data/out_0009/.worker_14.txt
outfile: ../data/out_0009/.worker_3.txt
outfile: ../data/out_0009/.worker_17.txt
outfile: ../data/out_0009/.worker_9.txt
outfile: ../data/out_0009/.worker_16.txt
outfile: ../data/out_0009/.worker_21.txt
outfile: ../data/out_0009/.worker_6.txt
outfile: ../data/out_0009/.worker_18.txt
outfile: ../data/out_0009/.worker_7.txt
outfile: ../data/out_0009/.worker_15.txt
outfile: ../data/out_0009/.worker_10.txt
outfile: ../data/out_0009/.worker_20.txt
outfile: ../data/out_0009/.worker_11.txt
outfile: ../data/out_0009/.worker_0.txt
outfile: ../data/out_0009/.worker_12.txt
outfile: ../data/out_0009/.worker_1.txt
Computing instanton...
Computing instanton...
Computing instanton...
Computing instanton...
Computing instanton...
Computing instanton...
Computing instanton...
Computing instanton...
Computing instanton...
Computing instanton...
10000       47.661139
10000       48.043271
10000        48.86755
10000       49.788971
10000       49.410211
10000       50.189414
10000       50.280876
10000       50.431673
10000       50.596032
10000       50.859512
10000       50.819322
10000        50.68103
10000       51.157139
10000       50.680025
10000       51.162369
10000       51.001799
10000       51.371938
10000       51.195169
10000        51.42009
10000       51.448189
10000        51.70765
10000       51.380856
10000       51.658156
10000        54.00871
Computing instanton...
Computing instanton...
Computing instanton...
Computing instanton...
Computing instanton...
Computing instanton...
Computing instanton...
20000       94.264312
20000       95.283971
20000       96.449102
Computing instanton...
20000       96.416878
Computing instanton...
20000       97.667226
20000       98.278635
20000       98.056757
20000       98.017847
20000       98.671431
20000       98.797353
20000       99.717881
20000       99.703713
20000      100.383711
20000      101.282958
20000      101.242615
20000      101.693826
20000      101.597665
20000      101.861015
20000       101.68918
20000      101.747042
20000      102.615117
20000      102.771366
20000      103.599919
20000      104.452816
Computing instanton...
Computing instanton...
Computing instanton...
Computing instanton...
Computing instanton...
Computing instanton...
Computing instanton...
Computing instanton...
Computing instanton...
Computing instanton...
Computing instanton...
Computing instanton...
Computing instanton...
Computing instanton...
30000      140.582127
30000      141.713203
30000      141.545772
Computing instanton...
30000      143.966494
30000      145.050756
30000      145.107815
30000      145.232163
30000      145.162209
30000      145.629304
30000      145.468542
30000      145.709483
30000      146.084518
30000      146.223697
30000      146.927073
30000      147.577361
30000      148.384627
30000      148.230659
30000      148.443311
30000      148.770875
30000      149.170731
30000      151.510664
30000      151.655824
30000      152.087056
30000      153.003732
Computing instanton...
Computing instanton...
Computing instanton...
Computing instanton...
Computing instanton...
Computing instanton...
Computing instanton...
40000      187.404341
40000      188.275513
40000      188.376413
40000      188.717005
40000      191.564556
40000      191.321582
40000      192.284757
40000      192.361226
Computing instanton...
40000      192.757796
40000      193.047383
40000      193.532358
40000      193.730295
40000      193.793854
40000      194.015137
40000      194.283143
40000      194.458972
40000      194.535939
40000      194.527152
40000      195.282928
Computing instanton...
Computing instanton...
40000      197.350231
40000      197.451699
40000      197.755186
40000      199.311366
40000      202.220907
Computing instanton...
Computing instanton...
Computing instanton...
Computing instanton...
Computing instanton...
Computing instanton...
Computing instanton...
50000      233.443664
Computing instanton...
50000      237.717426
50000      237.734411
50000      238.092705
Computing instanton...
50000       238.48179
50000      238.693343
50000       238.36814
50000      239.124528
50000      239.787636
50000       239.89218
50000      240.365687
50000      240.977441
50000      240.890044
50000      240.847665
50000      242.179754
50000      242.658815
50000      242.963503
50000      242.856626
50000      242.829176
Computing instanton...
50000      243.914111
50000      245.232452
50000      247.893888
50000      248.105714
50000      249.553836
Computing instanton...
Computing instanton...
Computing instanton...
Computing instanton...
Computing instanton...
Computing instanton...
Computing instanton...
Computing instanton...
Computing instanton...
60000      282.378578
60000      283.371625
60000      284.711158
60000      284.263983
60000      284.749725
60000      284.595613
60000      285.269315
60000      285.269267
60000      285.629744
60000      286.455984
60000      287.522536
60000       287.81601
60000      288.097779
60000      288.486057
60000      288.589512
60000      289.266403
60000      289.240883
60000      289.808971
60000      290.628528
60000      290.307309
60000      293.132906
60000      293.605101
Computing instanton...
60000      294.232915
60000      295.273055
Computing instanton...
Computing instanton...
Computing instanton...
Computing instanton...
Computing instanton...
Computing instanton...
Computing instanton...
Computing instanton...
Computing instanton...
70000      328.299091
70000      328.869977
70000      328.715067
70000      329.064671
Computing instanton...
Computing instanton...
70000      329.854386
70000      330.711505
70000      331.196869
70000      331.669221
70000      331.955725
70000      332.934108
70000      332.880831
70000       333.54169
70000      334.039902
70000      335.586195
70000      335.788296
70000      336.093729
70000      336.414013
70000      336.433348
70000      337.607712
70000       337.91809
70000      339.097452
70000      339.433417
70000      341.004497
70000      340.951282
Computing instanton...
Computing instanton...
Computing instanton...
Computing instanton...
Computing instanton...
Computing instanton...
Computing instanton...
Computing instanton...
Computing instanton...
Computing instanton...
Computing instanton...
80000      372.437459
Computing instanton...
80000      375.068282
80000       375.08415
80000      375.881384
80000      376.490447
80000      378.027168
80000      378.568355
80000      378.938983
80000      379.496591
80000      380.133398
Computing instanton...
80000       381.70671
80000      381.705497
80000      381.476773
80000      381.969878
80000      382.427629
80000      382.501596
80000      382.777364
80000      383.195546
80000      383.392593
80000        384.2278
Computing instanton...
Computing instanton...
80000      385.177955
Computing instanton...
80000      388.998846
80000      389.215312
80000      388.779496
Computing instanton...
Computing instanton...
Computing instanton...
Computing instanton...
Computing instanton...
Computing instanton...
Computing instanton...
Computing instanton...
Computing instanton...
Computing instanton...
Computing instanton...
Computing instanton...
Computing instanton...
Computing instanton...
90000      416.604176
90000       419.73917
Computing instanton...
90000      421.451653
Computing instanton...
90000      422.379308
90000      423.200693
90000      423.856209
90000      424.454435
Computing instanton...
90000      426.507893
90000       427.06997
90000      427.110689
90000      427.285783
90000      427.748361
90000      429.361894
90000      429.482075
90000      429.194158
90000      430.197666
90000      430.352264
90000      431.131485
90000      431.921537
90000        432.1435
Computing instanton...
90000      432.525482
90000      433.542985
90000      436.199172
90000      436.075166
Computing instanton...
Computing instanton...
Computing instanton...
Computing instanton...
Computing instanton...
Computing instanton...
Computing instanton...
100000       462.762457
Computing instanton...
100000        466.60438
100000       466.980184
100000       468.040818
100000       468.635765
Computing instanton...
100000       470.181635
100000       471.945172
100000         472.3198
100000       472.829366
100000       473.001121
100000       473.452083
100000       473.554165
100000        473.75092
100000       474.811591
100000       475.170509
100000       475.540633
Computing instanton...
100000       476.977074
100000        477.64683
100000       478.114803
100000       478.638447
100000       479.874154
100000       480.294851
Computing instanton...
100000       483.132882
100000       484.593846
Computing instanton...
Computing instanton...
Computing instanton...
Computing instanton...
110000       505.969355
Computing instanton...
Computing instanton...
110000       513.524465
110000       514.135587
110000       514.137171
Computing instanton...
110000       515.433761
Computing instanton...
110000       516.493632
110000       516.418202
Computing instanton...
110000       517.342991
Computing instanton...
110000       519.884693
110000       519.837623
Computing instanton...
110000       520.320213
110000       520.359265
110000         520.7233
110000       521.623018
110000       521.997135
110000       521.979202
110000       524.191716
110000       524.498885
110000       525.480743
110000       525.856258
Computing instanton...
110000       527.693458
110000       527.742632
110000       528.569922
Computing instanton...
Computing instanton...
110000       530.876516
Computing instanton...
Computing instanton...
120000       553.625874
Computing instanton...
Computing instanton...
120000       557.666228
Computing instanton...
Computing instanton...
120000       560.990683
120000       561.823304
120000       561.785443
120000       561.835241
120000        562.47519
120000       562.952249
120000       564.356756
120000       564.735074
120000       564.906289
120000       566.471956
120000       566.836049
Computing instanton...
120000        568.26118
Computing instanton...
120000       569.153438
120000       570.313615
120000       571.226363
120000       570.954836
120000       571.124976
120000       572.212461
120000       572.362244
120000        573.35234
120000       573.908709
120000       579.690047
Computing instanton...
Computing instanton...
Computing instanton...
Computing instanton...
Computing instanton...
130000       596.689205
Computing instanton...
Computing instanton...
Computing instanton...
Computing instanton...
Computing instanton...
Computing instanton...
130000       603.688694
130000       604.384259
Computing instanton...
130000       608.914426
130000       609.695236
130000        610.22723
130000       610.526907
Computing instanton...
Computing instanton...
130000       611.146992
130000       611.336316
130000       612.176277
130000       612.360992
Computing instanton...
130000       614.270925
130000       614.309475
130000       614.262579
130000       614.633696
130000       615.288868
130000       615.536079
130000       617.567523
130000        617.84813
130000       617.778227
130000       618.910927
130000       619.651938
130000       619.916521
Computing instanton...
Computing instanton...
130000       623.396453
Computing instanton...
Computing instanton...
Computing instanton...
Computing instanton...
140000       642.104372
Computing instanton...
Computing instanton...
140000       648.334931
140000        651.48043
Computing instanton...
Computing instanton...
140000       654.048777
140000       653.862002
140000       654.813812
140000       655.371785
Computing instanton...
140000       657.373015
140000       657.582618
140000        657.44529
140000       658.570812
140000       659.034146
Computing instanton...
Computing instanton...
140000       659.603215
140000       660.753518
140000       661.697263
140000       661.961244
140000       662.193925
140000       662.607982
140000       663.324768
140000       663.856671
140000       663.964276
140000       664.581924
140000       666.675937
140000       668.137112
Computing instanton...
Computing instanton...
Computing instanton...
150000       688.674047
Computing instanton...
150000       692.005159
Computing instanton...
Computing instanton...
Computing instanton...
150000       698.735336
150000       699.635524
150000       699.517269
150000       700.993121
150000        701.06043
150000       702.028097
Computing instanton...
Computing instanton...
150000       703.435045
150000        704.72506
150000       705.517076
Computing instanton...
150000       705.906849
150000       706.220508
150000       708.129782
150000       708.030119
150000       708.218327
150000       708.194934
150000        708.04802
150000       708.466023
Computing instanton...
150000       710.415743
150000       710.747112
150000       711.432066
Computing instanton...
150000       713.796392
150000       714.882496
Computing instanton...
160000       734.032516
Computing instanton...
Computing instanton...
160000       741.359949
160000       743.605995
160000       745.445468
160000       745.401071
Computing instanton...
160000       745.763877
Computing instanton...
Computing instanton...
160000       748.112184
160000        748.97231
160000       750.097307
160000        750.08355
160000       750.781118
160000       750.990602
160000       751.260948
160000       752.319936
160000       753.259253
160000       753.305411
160000       753.696878
160000       754.380159
160000        754.85796
160000       755.818063
160000       755.508088
160000       756.757903
160000       758.374091
160000       762.352224
Computing instanton...
Computing instanton...
170000       778.791558
Computing instanton...
Computing instanton...
170000       784.072301
170000       788.217198
170000        790.82202
170000       790.842016
170000       793.220315
Computing instanton...
Computing instanton...
170000       794.620259
170000       795.542263
170000       795.802566
170000       796.270466
170000       796.122029
170000       796.562246
Computing instanton...
170000       796.550644
170000       796.595061
170000        796.79094
170000       797.632298
170000       798.037581
Computing instanton...
170000       798.585412
Computing instanton...
170000        801.55919
Computing instanton...
170000        802.66388
170000       804.131189
170000        804.74353
170000       806.884876
170000       809.198261
Computing instanton...
Computing instanton...
Computing instanton...
Computing instanton...
180000       825.023987
Computing instanton...
180000       829.068736
Computing instanton...
Computing instanton...
180000       834.841621
180000       835.990806
180000       836.883747
180000       836.948951
Computing instanton...
180000        839.64683
180000       840.258496
180000       841.469425
180000       841.694791
180000       841.851244
180000       841.645644
180000       842.990336
180000       843.089446
180000       843.583788
Computing instanton...
180000       844.262777
180000       846.691997
180000       846.821346
Computing instanton...
180000       847.612795
180000       849.865413
180000       850.663717
180000       851.623676
180000       852.386786
180000       853.830455
Computing instanton...
Computing instanton...
Computing instanton...
190000        869.41344
Computing instanton...
Computing instanton...
Computing instanton...
190000        877.00126
Computing instanton...
190000       880.237191
190000       881.409257
Computing instanton...
190000       882.044094
190000       883.213259
190000       884.374024
Computing instanton...
190000       884.901262
190000       885.896994
190000        886.84801
190000        887.54575
190000       889.296352
Computing instanton...
190000       889.195534
Computing instanton...
Computing instanton...
190000       889.675298
190000       889.920648
190000       891.526131
Computing instanton...
190000       891.779505
190000       891.853754
190000        894.28694
190000       896.047813
190000       896.199835
190000       897.098504
Computing instanton...
190000       898.951314
190000       901.378008
Computing instanton...
Computing instanton...
200000       918.063734
Computing instanton...
Computing instanton...
200000       926.180489
200000       926.193422
200000       925.768473
200000       925.948433
200000       928.076881
Computing instanton...
200000       930.395487
Computing instanton...
200000       932.234182
200000       932.897936
200000       933.202916
200000       933.041307
Computing instanton...
200000       934.469712
200000         935.1134
200000       935.003427
200000       935.573753
200000       936.644769
200000       936.499796
200000       939.412855
200000       940.192919
200000       940.606228
200000       942.783339
200000        944.87535
200000       945.688565
Computing instanton...
200000       946.776259
Computing instanton...
Computing instanton...
Computing instanton...
Computing instanton...
Computing instanton...
Computing instanton...
210000       962.971473
Computing instanton...
Computing instanton...
210000       968.995698
Computing instanton...
210000       970.809349
210000       972.100827
210000       972.669218
Computing instanton...
Computing instanton...
Computing instanton...
210000       973.591443
210000       977.830539
210000       977.663285
210000       977.830399
210000       978.141758
210000       979.380324
210000       979.682223
210000       982.202809
210000       982.451014
210000        983.34328
210000       983.857259
210000       984.384019
210000       984.648165
210000       985.333054
210000       987.157246
210000       989.807069
210000        990.85215
210000       991.942287
Computing instanton...
210000       993.358192
Computing instanton...
Computing instanton...
Computing instanton...
Computing instanton...
Computing instanton...
Computing instanton...
220000      1009.395705
Computing instanton...
220000      1012.595076
220000      1018.013553
Computing instanton...
220000       1018.67463
220000       1019.99705
220000      1019.765354
Computing instanton...
220000      1022.152544
220000      1023.580522
220000      1023.379434
220000      1024.418257
220000      1025.942993
220000      1026.743663
Computing instanton...
220000      1027.792325
220000      1029.955965
220000      1030.087516
220000       1030.19989
Computing instanton...
220000      1030.837794
220000      1030.659541
220000      1031.251601
Computing instanton...
220000      1034.837219
220000      1035.774802
220000      1037.274784
220000      1038.675846
220000      1038.703487
Computing instanton...
Computing instanton...
Computing instanton...
Computing instanton...
230000      1054.598378
230000      1057.687552
230000      1063.696785
Computing instanton...
Computing instanton...
230000      1067.255841
230000      1067.227612
230000      1067.791152
Computing instanton...
230000      1068.853485
Computing instanton...
230000      1069.565863
Computing instanton...
230000      1070.872426
230000      1072.201827
230000      1072.443564
Computing instanton...
230000       1073.30342
230000      1073.764987
Computing instanton...
230000      1074.283045
230000      1075.135389
230000      1075.144282
230000      1076.592772
230000      1076.809114
Computing instanton...
230000      1079.019858
230000      1079.203299
Computing instanton...
230000      1080.712974
Computing instanton...
230000      1081.727773
230000      1083.814992
230000      1085.160569
Computing instanton...
Computing instanton...
Computing instanton...
Computing instanton...
Computing instanton...
240000      1098.712513
Computing instanton...
Computing instanton...
240000      1100.901279
Computing instanton...
Computing instanton...
Computing instanton...
240000      1108.690988
Computing instanton...
240000      1111.205783
240000       1112.36892
240000      1112.827625
240000      1115.769529
240000      1116.046215
240000      1117.584074
240000      1117.896186
240000      1118.255604
240000       1119.07944
Computing instanton...
Computing instanton...
240000      1119.530914
240000      1119.559773
240000      1120.897106
240000      1120.752522
240000      1121.114549
240000      1121.778549
240000      1122.480265
Computing instanton...
240000      1125.202003
Computing instanton...
240000      1125.641329
240000      1126.070876
Computing instanton...
240000      1128.919633
240000      1130.447984
Computing instanton...
Computing instanton...
Computing instanton...
Computing instanton...
250000      1145.527411
250000      1145.895954
Computing instanton...
Computing instanton...
Computing instanton...
250000        1151.9467
250000      1155.846163
250000      1155.978538
Computing instanton...
250000      1157.731081
Computing instanton...
Computing instanton...
250000      1160.047974
250000        1161.1577
250000      1162.891798
250000      1163.401837
250000      1164.340865
250000      1164.600293
250000       1164.90532
250000      1164.884924
250000      1165.158916
250000       1167.23006
250000      1167.510994
250000      1168.938454
250000      1169.198928
250000      1169.806069
Computing instanton...
250000      1170.542322
Computing instanton...
250000      1172.510598
Computing instanton...
250000      1173.436253
Computing instanton...
250000      1177.769757
Computing instanton...
Computing instanton...
Computing instanton...
Computing instanton...
Computing instanton...
Computing instanton...
260000      1190.252051
Computing instanton...
260000      1192.394418
Computing instanton...
260000      1197.169156
260000      1202.300133
260000      1203.713601
Computing instanton...
260000      1204.118663
260000      1205.847812
260000      1206.807728
260000      1208.662866
260000      1208.310745
Computing instanton...
Computing instanton...
260000      1211.748722
260000      1212.012501
260000       1212.13336
260000      1212.169871
260000        1212.6251
260000      1212.440751
260000      1213.053692
Computing instanton...
260000      1213.988121
260000      1215.616768
260000      1216.357501
260000      1216.730823
260000      1218.862732
260000      1219.905611
Computing instanton...
260000      1223.613902
Computing instanton...
Computing instanton...
270000      1237.781265
270000      1237.866452
Computing instanton...
Computing instanton...
Computing instanton...
Computing instanton...
270000      1245.743912
270000      1245.673383
270000      1249.015842
270000       1249.09595
270000      1251.247546
270000      1252.386241
270000      1254.106332
Computing instanton...
270000       1255.09943
270000      1255.971971
270000      1256.089388
270000      1256.464564
Computing instanton...
270000      1257.784737
270000      1258.083543
270000      1258.624179
270000      1258.814058
270000      1259.338489
270000      1260.596908
270000      1262.568327
Computing instanton...
Computing instanton...
270000      1263.756859
270000      1264.063062
270000       1265.03594
Computing instanton...
270000      1269.139053
Computing instanton...
280000       1283.72094
280000      1285.260119
Computing instanton...
280000      1289.338908
280000      1292.079715
280000      1293.849576
Computing instanton...
280000      1295.030463
280000      1295.279207
280000      1297.190036
280000      1300.593048
280000      1300.449685
280000      1300.900337
Computing instanton...
280000      1301.159206
280000      1302.254479
Computing instanton...
Computing instanton...
280000      1302.478595
280000      1302.598039
280000      1303.001361
Computing instanton...
280000      1304.347497
280000      1305.402279
280000      1306.494012
280000      1308.968775
280000      1309.438933
280000      1311.384122
280000      1311.968414
Computing instanton...
280000      1317.951559
290000      1327.023101
290000      1332.021755
Computing instanton...
Computing instanton...
290000      1334.424006
290000      1335.072281
290000       1338.75207
Computing instanton...
290000      1340.052479
Computing instanton...
290000      1340.734089
290000       1343.13286
290000      1344.688617
290000      1344.780698
290000      1346.442305
290000      1346.813847
290000       1347.76256
290000      1348.422752
290000      1348.697588
290000      1349.395688
290000      1349.274958
290000      1350.199703
290000      1351.990743
Computing instanton...
Computing instanton...
Computing instanton...
Computing instanton...
290000      1355.547094
290000      1355.582099
Computing instanton...
290000      1357.298352
290000      1357.879244
Computing instanton...
Computing instanton...
290000      1363.226596
Computing instanton...
300000      1372.840362
Computing instanton...
300000      1375.319295
Computing instanton...
300000      1377.747188
300000      1381.884399
300000      1382.103203
Computing instanton...
Computing instanton...
Computing instanton...
Computing instanton...
300000      1385.435074
300000      1385.958888
300000      1389.403805
300000      1390.270136
300000      1390.714189
300000      1390.314845
300000      1392.684837
300000      1393.093847
300000      1393.879554
300000      1394.329325
Computing instanton...
300000      1394.567715
300000      1395.254555
Computing instanton...
300000      1397.261681
Computing instanton...
300000      1399.833746
Computing instanton...
300000      1400.988915
300000      1402.609243
Computing instanton...
300000       1403.41617
Computing instanton...
300000      1404.808375
Computing instanton...
Computing instanton...
300000      1412.160518
Computing instanton...
310000      1417.434845
Computing instanton...
310000      1421.114327
Computing instanton...
Computing instanton...
310000      1423.999834
310000      1425.699181
310000      1427.878879
Computing instanton...
310000      1430.219035
Computing instanton...
310000      1433.505504
Computing instanton...
310000      1434.070988
310000      1434.587798
310000      1435.033366
310000      1435.674942
Computing instanton...
310000      1436.860638
310000      1438.663842
310000      1439.225201
310000      1439.831313
310000      1439.945183
Computing instanton...
310000      1442.034404
Computing instanton...
310000      1442.926534
310000      1446.044956
310000      1446.413857
310000      1448.893359
310000      1449.089382
310000      1452.134901
310000      1453.658795
Computing instanton...
Computing instanton...
Computing instanton...
Computing instanton...
320000      1463.306973
320000      1467.162878
320000       1470.26681
320000      1473.711616
320000      1474.324604
Computing instanton...
320000      1475.706451
320000       1478.49485
320000      1479.300966
320000      1480.520779
320000       1481.45551
320000      1482.382665
320000      1482.630028
320000      1482.941628
Computing instanton...
320000      1483.780432
320000      1484.194295
320000      1485.895462
320000      1486.571739
320000      1488.142538
320000      1489.696511
320000      1490.933204
Computing instanton...
320000      1493.036966
320000      1494.098586
Computing instanton...
Computing instanton...
320000      1497.144077
320000      1499.938071
330000      1505.511717
Computing instanton...
Computing instanton...
330000      1512.277597
330000      1515.120946
Computing instanton...
330000      1519.277514
330000      1521.151929
330000      1522.359229
330000      1523.943387
Computing instanton...
330000       1525.47483
330000      1526.069471
330000       1526.21555
330000      1528.823326
330000      1529.177424
330000      1529.100255
330000      1529.294623
Computing instanton...
330000      1532.146383
Computing instanton...
Computing instanton...
330000      1534.571038
330000      1535.175872
Computing instanton...
330000      1535.052745
Computing instanton...
330000      1535.741885
330000      1536.075376
330000      1536.002165
330000      1537.659342
Computing instanton...
330000      1543.986487
Computing instanton...
Computing instanton...
330000      1549.397033
Computing instanton...
Computing instanton...
340000      1551.726124
Computing instanton...
340000      1557.039563
Computing instanton...
Computing instanton...
340000      1560.450822
340000      1562.790254
340000      1564.092835
Computing instanton...
340000      1566.964684
Computing instanton...
Computing instanton...
340000      1569.291783
340000      1569.873889
340000        1571.7702
340000      1572.619051
340000      1572.474925
Computing instanton...
340000      1574.752007
340000      1574.977296
340000      1576.201758
340000      1576.740991
Computing instanton...
340000      1578.313345
340000      1579.369152
Computing instanton...
340000      1580.894638
340000      1581.603084
340000        1582.4744
340000      1583.492579
Computing instanton...
340000      1584.519351
Computing instanton...
Computing instanton...
340000      1590.507389
Computing instanton...
Computing instanton...
340000      1596.622764
Computing instanton...
350000      1598.132791
350000      1602.550067
350000      1607.362466
350000      1607.490679
350000      1607.796702
350000      1614.436105
350000      1615.075225
Computing instanton...
Computing instanton...
350000      1616.945939
350000      1618.111092
350000      1620.452017
Computing instanton...
350000      1621.665081
350000      1622.062594
350000      1622.165807
350000      1622.328982
350000      1622.873774
350000      1622.580086
350000      1625.484234
Computing instanton...
Computing instanton...
350000      1626.940011
350000      1627.132963
350000      1627.857057
350000      1627.508761
350000      1631.852018
Computing instanton...
350000      1637.545993
Computing instanton...
350000      1642.994766
Computing instanton...
360000      1644.530417
Computing instanton...
Computing instanton...
360000      1649.928104
Computing instanton...
360000      1651.967868
360000      1653.061962
360000      1654.143671
360000      1660.045847
Computing instanton...
Computing instanton...
360000      1661.594877
Computing instanton...
Computing instanton...
360000      1662.652875
360000      1664.346026
360000      1666.577118
360000      1666.756897
360000      1667.217635
360000      1667.557952
360000      1667.876369
Computing instanton...
360000      1668.817739
360000      1670.067015
Computing instanton...
360000      1671.104336
360000      1671.535311
360000      1672.462999
Computing instanton...
Computing instanton...
360000      1673.594265
360000      1676.305741
360000      1678.271883
Computing instanton...
360000      1684.657635
Computing instanton...
Computing instanton...
360000      1688.924512
370000      1689.787337
370000      1696.336511
370000      1696.851756
370000       1699.37781
370000      1699.939807
Computing instanton...
Computing instanton...
370000      1702.913955
370000      1706.555185
370000      1708.301173
Computing instanton...
370000      1711.340465
370000      1712.134571
370000      1712.154339
370000      1712.862266
370000      1713.934388
370000      1714.365783
370000      1714.621402
370000      1715.554415
370000       1716.96857
370000      1717.497514
370000      1717.938438
Computing instanton...
370000      1722.292046
370000       1724.09153
Computing instanton...
370000      1726.099941
Computing instanton...
Computing instanton...
Computing instanton...
Computing instanton...
370000      1730.469605
Computing instanton...
Computing instanton...
Computing instanton...
Computing instanton...
370000      1733.748921
Computing instanton...
Computing instanton...
Computing instanton...
Computing instanton...
Computing instanton...
380000      1738.566168
380000      1742.922973
Computing instanton...
380000      1744.058954
380000       1743.97147
380000      1746.593343
380000      1748.981962
380000      1749.708353
Computing instanton...
Computing instanton...
380000      1755.515936
380000      1755.513235
380000      1756.277447
Computing instanton...
380000      1758.862426
380000      1759.114173
Computing instanton...
380000       1759.64745
380000       1760.12067
380000      1760.790434
Computing instanton...
Computing instanton...
380000      1762.357995
380000      1763.181794
Computing instanton...
Computing instanton...
380000      1764.934837
Computing instanton...
380000      1766.216469
380000      1766.999974
Computing instanton...
Computing instanton...
380000      1773.318119
380000      1773.920301
380000       1776.68815
Computing instanton...
380000      1777.607599
Computing instanton...
Computing instanton...
Computing instanton...
390000      1781.956379
Computing instanton...
Computing instanton...
Computing instanton...
390000      1787.744571
Computing instanton...
Computing instanton...
Computing instanton...
390000      1789.976709
390000      1790.895673
390000      1793.638355
Computing instanton...
390000      1794.391785
390000       1796.00277
Computing instanton...
Computing instanton...
Computing instanton...
390000      1800.757626
390000      1800.935201
390000      1801.768289
390000      1803.908682
Computing instanton...
390000      1805.051896
390000      1805.521507
390000       1805.81684
390000      1805.761979
390000      1808.021882
Computing instanton...
390000      1810.977624
390000      1810.991989
Computing instanton...
390000       1812.00113
Computing instanton...
Computing instanton...
390000       1815.91241
390000      1819.321847
390000      1820.550387
Computing instanton...
Computing instanton...
390000      1823.175086
390000      1826.021114
400000      1826.977203
Computing instanton...
Computing instanton...
Computing instanton...
400000      1832.910852
400000      1833.032057
400000      1835.193415
Computing instanton...
400000      1836.661393
Computing instanton...
400000      1840.830163
400000      1841.777048
400000      1846.112642
400000      1846.897708
400000      1847.513062
400000      1847.863699
400000      1849.233779
400000      1850.526043
400000      1850.853173
400000      1851.022513
400000      1852.326957
Computing instanton...
Computing instanton...
Computing instanton...
400000      1856.268087
400000      1856.507141
400000       1860.16471
400000      1859.906912
Computing instanton...
Computing instanton...
Computing instanton...
400000      1864.092244
400000      1865.649874
Computing instanton...
Computing instanton...
Computing instanton...
400000      1871.608707
Computing instanton...
410000      1872.190076
400000      1873.475428
Computing instanton...
Computing instanton...
Computing instanton...
410000      1877.410829
410000      1877.662623
Computing instanton...
410000      1878.719292
410000          1879.43
Computing instanton...
410000      1886.567548
410000      1886.511932
Computing instanton...
Computing instanton...
Computing instanton...
Computing instanton...
Computing instanton...
410000      1891.828606
410000      1891.982152
Computing instanton...
410000      1894.064907
410000      1894.658578
Computing instanton...
410000       1896.34687
410000      1896.209011
410000      1897.665612
410000      1898.206555
410000       1898.93273
410000      1903.081092
410000      1903.632851
410000      1903.638877
410000      1908.212143
410000      1908.034134
Computing instanton...
Computing instanton...
410000      1911.067266
Computing instanton...
410000      1917.104651
Computing instanton...
420000      1917.593781
410000      1917.897335
Computing instanton...
420000      1921.803775
420000      1923.950279
Computing instanton...
420000      1924.494691
420000      1924.722263
Computing instanton...
Computing instanton...
Computing instanton...
Computing instanton...
420000      1931.033376
Computing instanton...
Computing instanton...
420000      1934.831829
Computing instanton...
420000      1936.913097
420000      1939.775861
420000      1939.904856
420000      1939.652922
420000      1940.181599
Computing instanton...
420000      1940.821992
420000      1944.463448
420000      1944.470132
Computing instanton...
420000      1946.756127
Computing instanton...
420000      1946.920306
420000      1950.222549
420000      1953.491966
420000      1954.263255
420000       1954.45332
420000      1954.490926
Computing instanton...
430000      1959.746696
420000      1963.038666
420000      1966.047444
430000      1966.131994
430000      1968.694069
Computing instanton...
Computing instanton...
430000      1970.464062
430000      1973.583914
430000      1975.105627
430000      1978.589059
430000      1981.155533
Computing instanton...
430000      1983.182968
430000      1984.140901
430000      1985.310394
430000      1985.514685
430000      1987.210842
430000      1990.271337
430000      1991.177464
430000      1991.551993
430000      1992.613073
Computing instanton...
Computing instanton...
Computing instanton...
430000      1997.197149
430000      1998.618668
Computing instanton...
430000      1999.866134
430000      2000.136014
430000       2002.13091
440000      2003.542505
430000      2007.748733
430000      2008.977225
Computing instanton...
Computing instanton...
Computing instanton...
440000      2012.411077
440000      2014.447827
440000      2014.715069
440000      2017.210022
Computing instanton...
440000      2019.926627
440000      2021.401118
440000      2023.586593
Computing instanton...
440000      2027.761868
440000      2030.833297
440000      2030.719961
440000      2030.924341
440000      2031.001315
Computing instanton...
Computing instanton...
Computing instanton...
Computing instanton...
440000      2035.021564
440000      2035.154862
440000      2035.979875
Computing instanton...
440000       2039.59859
Computing instanton...
Computing instanton...
Computing instanton...
440000      2040.849363
Computing instanton...
440000      2042.238276
Computing instanton...
440000       2044.56093
440000      2046.684306
Computing instanton...
Computing instanton...
440000       2049.81041
450000      2050.282999
Computing instanton...
440000      2051.529689
Computing instanton...
Computing instanton...
Computing instanton...
450000      2057.424929
450000      2057.562691
Computing instanton...
{Error using FalseVacuumInstanton (line 158)
Minimization is placing the top of the potential barrier outside of the
interval defined by phi_bar and phi_metaMin. Assume that the barrier does not
exist.no barrier

Error in EternalInflationSimulator/check_false_vacuum_eternal (line 796)
                fvi = FalseVacuumInstanton(...

Error in EternalInflationSimulator/main (line 273)
                            obj.check_false_vacuum_eternal(...

Error in eis_wrapper (line 67)
    eis.main()
} 
>> 450000       2058.77201
450000      2060.186574
Computing instanton...
Computing instanton...
Computing instanton...
Computing instanton...
450000      2066.185327
450000       2068.33407
450000      2068.961091
Computing instanton...
450000      2071.938839
450000      2074.872865
450000      2075.713408
450000      2077.055821
450000      2078.982229
450000      2079.333945
450000       2080.38168
450000      2081.525781
Computing instanton...
450000      2084.826391
450000      2085.670966
450000      2085.435399
450000      2089.099634
450000      2090.397168
450000      2092.377465
Computing instanton...
460000      2094.997781
450000      2096.115117
Computing instanton...
460000      2100.989009
Computing instanton...
460000      2101.479375
Computing instanton...
Computing instanton...
460000      2103.736044
Computing instanton...
460000      2107.327479
460000       2108.49076
460000      2110.163628
Computing instanton...
460000       2112.50729
460000      2113.118555
Computing instanton...
460000       2115.89236
460000      2117.385868
Computing instanton...
Computing instanton...
Computing instanton...
460000      2122.389783
460000      2122.840685
460000      2123.488719
460000      2124.107968
460000      2125.724929
460000      2127.016676
460000      2127.601113
Computing instanton...
460000       2129.41412
Computing instanton...
460000      2133.009021
460000      2133.542857
460000      2133.860602
Computing instanton...
Computing instanton...
470000      2138.576322
460000      2142.911192
470000      2143.551631
470000      2144.868139
Computing instanton...
470000      2147.109102
470000      2147.501222
Computing instanton...
470000      2153.591589
470000      2153.308473
470000      2153.829375
Computing instanton...
470000      2154.848376
Computing instanton...
Computing instanton...
Computing instanton...
470000       2161.23194
470000      2161.445402
Computing instanton...
470000       2163.19974
Computing instanton...
470000      2166.111821
Computing instanton...
470000      2167.639626
Computing instanton...
Computing instanton...
470000      2169.241797
470000       2169.84384
470000      2169.836312
470000      2169.839899
470000      2170.702349
Computing instanton...
470000      2174.207404
470000      2176.181097
Computing instanton...
470000      2178.833226
Computing instanton...
480000      2183.318154
Computing instanton...
480000      2187.854939
480000      2188.636191
470000      2188.360082
Computing instanton...
480000      2189.774961
Computing instanton...
480000      2192.129201
Computing instanton...
480000      2193.382357
Computing instanton...
480000      2195.717123
Computing instanton...
Computing instanton...
Computing instanton...
480000      2197.660203
480000      2199.223054
Computing instanton...
Computing instanton...
Computing instanton...
480000       2203.42321
480000      2204.703834
480000      2206.953699
Computing instanton...
480000      2209.634593
Computing instanton...
480000      2210.416925
480000      2210.541781
480000      2211.128358
480000      2211.663033
480000      2212.888992
480000       2215.59901
480000      2216.125871
Computing instanton...
480000      2219.513729
480000       2220.40436
Computing instanton...
490000      2228.954501
Computing instanton...
490000      2232.613578
490000      2232.635467
Computing instanton...
490000      2232.975117
480000      2232.942272
Computing instanton...
490000      2234.691913
490000      2236.735897
490000       2236.57157
490000      2242.590664
490000      2243.201502
490000      2244.639879
490000      2245.743704
Computing instanton...
Computing instanton...
490000      2248.470319
490000      2253.342262
490000      2253.516875
490000      2253.457702
490000      2253.829445
Computing instanton...
Computing instanton...
Computing instanton...
490000       2255.45002
490000      2256.922405
490000      2257.821626
490000      2259.107175
490000        2262.2554
490000      2263.576676
Computing instanton...
Computing instanton...
Computing instanton...
Computing instanton...
Computing instanton...
500000      2272.508666
500000      2274.865054
490000      2274.754799
500000      2275.075901
500000      2278.131358
500000      2278.600052
500000      2279.703773
500000      2280.159785
Computing instanton...
500000      2288.079631
500000      2288.271488
500000      2288.709634
Computing instanton...
500000      2290.975331
500000      2293.207337
500000      2293.816346
500000      2294.221684
Computing instanton...
500000      2295.622561
Computing instanton...
500000      2297.710833
Computing instanton...
500000      2297.817779
500000      2298.597775
500000       2301.03524
500000      2301.812123
500000       2305.57382
500000      2305.844131
Computing instanton...
Computing instanton...
510000      2314.868826
510000      2315.405744
510000      2316.022662
500000      2315.850536
Computing instanton...
Computing instanton...
510000      2319.705346
510000      2320.319095
510000       2321.92619
510000      2322.521253
510000      2327.646696
510000       2330.35929
510000      2331.204268
Computing instanton...
510000      2334.804718
510000       2334.58839
510000        2334.9382
Computing instanton...
510000      2336.835386
Computing instanton...
510000      2337.333264
Computing instanton...
510000      2338.957354
Computing instanton...
510000      2339.245788
510000      2341.849328
Computing instanton...
510000      2343.537565
Computing instanton...
510000       2345.51905
Computing instanton...
510000      2347.304938
510000      2348.338666
Computing instanton...
520000      2354.943133
Computing instanton...
520000      2357.642733
Computing instanton...
520000      2358.438267
Computing instanton...
510000      2360.197809
Computing instanton...
520000      2360.800731
Computing instanton...
520000      2363.127076
520000      2363.765799
Computing instanton...
520000      2367.676283
520000      2370.099242
520000      2371.678922
520000      2372.459281
520000      2375.189722
520000      2377.272956
Computing instanton...
520000      2378.932591
520000      2380.074815
520000       2381.15549
Computing instanton...
520000      2381.847304
520000      2384.080096
520000      2385.450988
520000      2387.154195
520000      2388.363723
520000      2389.854473
520000      2390.791039
Computing instanton...
530000       2399.26844
530000      2400.707844
530000      2400.249253
530000       2401.35619
Computing instanton...
Computing instanton...
520000      2402.999624
Computing instanton...
530000      2404.064317
530000      2404.880452
Computing instanton...
Computing instanton...
530000       2410.04305
530000      2410.656307
530000      2411.331485
530000      2416.336065
Computing instanton...
Computing instanton...
530000      2417.269584
530000      2419.311997
530000      2421.786586
530000      2423.408213
530000       2424.99444
530000      2425.391727
530000      2426.402274
530000      2427.742596
530000      2428.663983
Computing instanton...
Computing instanton...
530000       2431.51566
530000      2431.903107
530000      2434.695141
Computing instanton...
Computing instanton...
Computing instanton...
Computing instanton...
Computing instanton...
Computing instanton...
Computing instanton...
540000      2441.164447
Computing instanton...
540000      2441.902956
Computing instanton...
540000       2443.02343
Computing instanton...
540000      2444.606572
540000      2444.394169
540000      2444.659579
Computing instanton...
530000      2448.053847
Computing instanton...
Computing instanton...
540000      2451.393024
540000      2452.787323
Computing instanton...
Computing instanton...
540000      2455.900246
Computing instanton...
Computing instanton...
540000      2461.152412
540000      2461.440724
540000      2463.873605
540000      2465.563343
Computing instanton...
540000      2468.045745
Computing instanton...
Computing instanton...
540000      2468.588198
Computing instanton...
540000      2470.734937
540000      2471.592455
540000      2472.188731
540000      2473.591253
540000       2474.25334
540000      2475.040397
Computing instanton...
540000      2478.910875
Computing instanton...
550000       2481.06865
550000      2482.598259
550000      2485.724104
550000      2486.647186
Computing instanton...
550000      2490.826647
550000      2490.962513
550000      2491.845729
550000       2493.86845
540000        2493.8658
Computing instanton...
Computing instanton...
550000      2501.657795
Computing instanton...
550000      2502.495175
550000      2504.432398
550000      2506.167481
Computing instanton...
550000       2507.77808
550000      2508.587899
Computing instanton...
550000      2512.703922
550000      2512.934409
550000      2513.011428
550000      2514.967325
550000      2514.999386
550000      2516.331528
550000      2521.340822
560000      2522.433784
Computing instanton...
560000      2526.385548
Computing instanton...
560000      2527.764878
Computing instanton...
560000      2530.897464
Computing instanton...
Computing instanton...
560000      2532.012283
Computing instanton...
560000      2534.106271
Computing instanton...
Computing instanton...
560000      2535.144087
560000      2535.563022
550000      2536.905139
Computing instanton...
Computing instanton...
Computing instanton...
560000      2542.342933
560000      2543.914086
Computing instanton...
560000      2545.407455
Computing instanton...
Computing instanton...
560000      2548.638745
560000      2550.709599
Computing instanton...
560000      2551.984965
560000      2554.007093
560000      2556.781602
560000      2557.901935
560000      2558.254217
560000      2558.451542
Computing instanton...
Computing instanton...
560000      2559.427927
570000      2560.343391
Computing instanton...
560000      2565.289963
Computing instanton...
Computing instanton...
Computing instanton...
Computing instanton...
570000      2569.604024
Computing instanton...
570000      2570.652832
570000       2571.52262
570000      2573.137153
570000      2573.779794
570000      2574.359445
570000      2576.574519
Computing instanton...
560000      2580.596185
Computing instanton...
Computing instanton...
Computing instanton...
570000      2585.399856
570000      2586.476331
Computing instanton...
570000      2588.532306
570000      2589.762563
570000      2593.041262
570000      2593.889777
570000      2594.302063
580000      2598.548658
570000       2599.16887
570000      2599.947166
570000      2600.542102
570000      2601.618983
Computing instanton...
570000      2601.925209
Computing instanton...
Computing instanton...
Computing instanton...
570000      2609.774866
580000      2611.299313
580000      2612.298127
580000      2614.498271
580000      2614.458019
Computing instanton...
580000      2617.462909
580000      2617.677161
580000      2619.960571
570000        2623.5721
580000      2624.709542
580000      2627.473107
Computing instanton...
580000      2628.646694
580000       2631.31564
slurmstepd: error: Step 187483.0 exceeded memory limit (53516160 > 49152000), being killed
srun: Job step aborted: Waiting up to 32 seconds for job step to finish.
slurmstepd: error: Exceeded job memory limit
slurmstepd: error: *** STEP 187483.0 ON hbcomp-007 CANCELLED AT 2018-02-25T18:01:22 ***
srun: error: hbcomp-007: task 0: Killed
