24000000 0.007 2.0 30 0.0 B 3 1 0.003936 0 55.0 -1 4
Unrecognized MATLAB option "wait".
Unrecognized MATLAB option "minimize".

                            < M A T L A B (R) >
                  Copyright 1984-2017 The MathWorks, Inc.
                   R2017b (9.3.0.713579) 64-bit (glnxa64)
                             September 14, 2017

Unrecognized MATLAB option "wait".
Unrecognized MATLAB option "minimize".

                            < M A T L A B (R) >
                  Copyright 1984-2017 The MathWorks, Inc.
                   R2017b (9.3.0.713579) 64-bit (glnxa64)
                             September 14, 2017

Unrecognized MATLAB option "wait".
Unrecognized MATLAB option "minimize".

                            < M A T L A B (R) >
                  Copyright 1984-2017 The MathWorks, Inc.
                   R2017b (9.3.0.713579) 64-bit (glnxa64)
                             September 14, 2017

Unrecognized MATLAB option "wait".
Unrecognized MATLAB option "minimize".

                            < M A T L A B (R) >
                  Copyright 1984-2017 The MathWorks, Inc.
                   R2017b (9.3.0.713579) 64-bit (glnxa64)
                             September 14, 2017

Unrecognized MATLAB option "wait".
Unrecognized MATLAB option "minimize".

                            < M A T L A B (R) >
                  Copyright 1984-2017 The MathWorks, Inc.
                   R2017b (9.3.0.713579) 64-bit (glnxa64)
                             September 14, 2017

Unrecognized MATLAB option "wait".
Unrecognized MATLAB option "minimize".

                            < M A T L A B (R) >
                  Copyright 1984-2017 The MathWorks, Inc.
                   R2017b (9.3.0.713579) 64-bit (glnxa64)
                             September 14, 2017

Unrecognized MATLAB option "wait".
Unrecognized MATLAB option "minimize".

                            < M A T L A B (R) >
                  Copyright 1984-2017 The MathWorks, Inc.
                   R2017b (9.3.0.713579) 64-bit (glnxa64)
                             September 14, 2017

Unrecognized MATLAB option "wait".
Unrecognized MATLAB option "minimize".

                            < M A T L A B (R) >
                  Copyright 1984-2017 The MathWorks, Inc.
                   R2017b (9.3.0.713579) 64-bit (glnxa64)
                             September 14, 2017

Unrecognized MATLAB option "wait".
Unrecognized MATLAB option "minimize".

                            < M A T L A B (R) >
                  Copyright 1984-2017 The MathWorks, Inc.
                   R2017b (9.3.0.713579) 64-bit (glnxa64)
                             September 14, 2017

Unrecognized MATLAB option "wait".
Unrecognized MATLAB option "minimize".

                            < M A T L A B (R) >
                  Copyright 1984-2017 The MathWorks, Inc.
                   R2017b (9.3.0.713579) 64-bit (glnxa64)
                             September 14, 2017

Unrecognized MATLAB option "wait".
Unrecognized MATLAB option "minimize".

                            < M A T L A B (R) >
                  Copyright 1984-2017 The MathWorks, Inc.
                   R2017b (9.3.0.713579) 64-bit (glnxa64)
                             September 14, 2017

Unrecognized MATLAB option "wait".
Unrecognized MATLAB option "minimize".

                            < M A T L A B (R) >
                  Copyright 1984-2017 The MathWorks, Inc.
                   R2017b (9.3.0.713579) 64-bit (glnxa64)
                             September 14, 2017

Unrecognized MATLAB option "wait".
Unrecognized MATLAB option "minimize".

                            < M A T L A B (R) >
                  Copyright 1984-2017 The MathWorks, Inc.
                   R2017b (9.3.0.713579) 64-bit (glnxa64)
                             September 14, 2017

Unrecognized MATLAB option "wait".
Unrecognized MATLAB option "minimize".

                            < M A T L A B (R) >
                  Copyright 1984-2017 The MathWorks, Inc.
                   R2017b (9.3.0.713579) 64-bit (glnxa64)
                             September 14, 2017

Unrecognized MATLAB option "wait".
Unrecognized MATLAB option "minimize".

                            < M A T L A B (R) >
                  Copyright 1984-2017 The MathWorks, Inc.
                   R2017b (9.3.0.713579) 64-bit (glnxa64)
                             September 14, 2017

Unrecognized MATLAB option "wait".
Unrecognized MATLAB option "minimize".

                            < M A T L A B (R) >
                  Copyright 1984-2017 The MathWorks, Inc.
                   R2017b (9.3.0.713579) 64-bit (glnxa64)
                             September 14, 2017

Unrecognized MATLAB option "wait".
Unrecognized MATLAB option "minimize".

                            < M A T L A B (R) >
                  Copyright 1984-2017 The MathWorks, Inc.
                   R2017b (9.3.0.713579) 64-bit (glnxa64)
                             September 14, 2017

Unrecognized MATLAB option "wait".
Unrecognized MATLAB option "minimize".

                            < M A T L A B (R) >
                  Copyright 1984-2017 The MathWorks, Inc.
                   R2017b (9.3.0.713579) 64-bit (glnxa64)
                             September 14, 2017

Unrecognized MATLAB option "wait".
Unrecognized MATLAB option "minimize".

                            < M A T L A B (R) >
                  Copyright 1984-2017 The MathWorks, Inc.
                   R2017b (9.3.0.713579) 64-bit (glnxa64)
                             September 14, 2017

Unrecognized MATLAB option "wait".
Unrecognized MATLAB option "minimize".

                            < M A T L A B (R) >
                  Copyright 1984-2017 The MathWorks, Inc.
                   R2017b (9.3.0.713579) 64-bit (glnxa64)
                             September 14, 2017

Unrecognized MATLAB option "wait".
Unrecognized MATLAB option "minimize".

                            < M A T L A B (R) >
                  Copyright 1984-2017 The MathWorks, Inc.
                   R2017b (9.3.0.713579) 64-bit (glnxa64)
                             September 14, 2017

Unrecognized MATLAB option "wait".
Unrecognized MATLAB option "minimize".

                            < M A T L A B (R) >
                  Copyright 1984-2017 The MathWorks, Inc.
                   R2017b (9.3.0.713579) 64-bit (glnxa64)
                             September 14, 2017

Unrecognized MATLAB option "wait".
Unrecognized MATLAB option "minimize".

                            < M A T L A B (R) >
                  Copyright 1984-2017 The MathWorks, Inc.
                   R2017b (9.3.0.713579) 64-bit (glnxa64)
                             September 14, 2017

Unrecognized MATLAB option "wait".
Unrecognized MATLAB option "minimize".

                            < M A T L A B (R) >
                  Copyright 1984-2017 The MathWorks, Inc.
                   R2017b (9.3.0.713579) 64-bit (glnxa64)
                             September 14, 2017

 
 
 
For online documentation, see http://www.mathworks.com/support
For online documentation, see http://www.mathworks.com/support
For product information, visit www.mathworks.com.
 
For product information, visit www.mathworks.com.
 
 
For online documentation, see http://www.mathworks.com/support
For product information, visit www.mathworks.com.
 
For online documentation, see http://www.mathworks.com/support
For product information, visit www.mathworks.com.
 
 
For online documentation, see http://www.mathworks.com/support
For product information, visit www.mathworks.com.
 
 
 
 
For online documentation, see http://www.mathworks.com/support
For product information, visit www.mathworks.com.
 
 
For online documentation, see http://www.mathworks.com/support
For product information, visit www.mathworks.com.
 
For online documentation, see http://www.mathworks.com/support
For product information, visit www.mathworks.com.
 
For online documentation, see http://www.mathworks.com/support
For product information, visit www.mathworks.com.
 
 
For online documentation, see http://www.mathworks.com/support
For product information, visit www.mathworks.com.
 
 
For online documentation, see http://www.mathworks.com/support
For product information, visit www.mathworks.com.
 
 
For online documentation, see http://www.mathworks.com/support
For product information, visit www.mathworks.com.
 
 
 
 
For online documentation, see http://www.mathworks.com/support
For product information, visit www.mathworks.com.
 
For online documentation, see http://www.mathworks.com/support
For product information, visit www.mathworks.com.
 
For online documentation, see http://www.mathworks.com/support
For product information, visit www.mathworks.com.
 
 
For online documentation, see http://www.mathworks.com/support
 
For product information, visit www.mathworks.com.
 
For online documentation, see http://www.mathworks.com/support
For product information, visit www.mathworks.com.
 
 
For online documentation, see http://www.mathworks.com/support
For product information, visit www.mathworks.com.
 
 
For online documentation, see http://www.mathworks.com/support
For product information, visit www.mathworks.com.
 
 
 
For online documentation, see http://www.mathworks.com/support
For product information, visit www.mathworks.com.
 
For online documentation, see http://www.mathworks.com/support
For product information, visit www.mathworks.com.
 
 
For online documentation, see http://www.mathworks.com/support
For product information, visit www.mathworks.com.
 
 
 
For online documentation, see http://www.mathworks.com/support
For product information, visit www.mathworks.com.
 
For online documentation, see http://www.mathworks.com/support
For product information, visit www.mathworks.com.
 
outfile: ../data/out_0004/.worker_18.txt
outfile: ../data/out_0004/.worker_8.txt
outfile: ../data/out_0004/.worker_21.txt
outfile: ../data/out_0004/.worker_17.txt
outfile: ../data/out_0004/.worker_6.txt
outfile: ../data/out_0004/.worker_16.txt
outfile: ../data/out_0004/.worker_3.txt
outfile: ../data/out_0004/.worker_10.txt
outfile: ../data/out_0004/.worker_12.txt
outfile: ../data/out_0004/.worker_4.txt
outfile: ../data/out_0004/.worker_7.txt
outfile: ../data/out_0004/.worker_13.txt
outfile: ../data/out_0004/.worker_23.txt
outfile: ../data/out_0004/.worker_22.txt
outfile: ../data/out_0004/.worker_14.txt
outfile: ../data/out_0004/.worker_11.txt
outfile: ../data/out_0004/.worker_20.txt
outfile: ../data/out_0004/.worker_2.txt
outfile: ../data/out_0004/.worker_15.txt
outfile: ../data/out_0004/.worker_1.txt
outfile: ../data/out_0004/.worker_9.txt
outfile: ../data/out_0004/.worker_19.txt
outfile: ../data/out_0004/.worker_0.txt
outfile: ../data/out_0004/.worker_5.txt
Computing instanton...
Computing instanton...
Computing instanton...
Computing instanton...
Computing instanton...
Computing instanton...
Computing instanton...
Computing instanton...
Computing instanton...
Computing instanton...
Computing instanton...
Computing instanton...
Computing instanton...
10000       78.924206
10000       79.189667
10000       81.564375
10000       83.046703
10000       83.392022
10000       83.688908
10000       84.730279
10000       84.892834
10000       85.576378
10000       85.801047
10000       86.468506
10000       86.675316
10000       87.136526
10000       87.644295
10000       88.318718
10000       88.234143
10000       88.426195
10000       88.487242
10000       89.613708
10000       89.684033
10000       89.676845
10000       89.833079
10000       90.213117
10000       92.948603
Computing instanton...
Computing instanton...
Computing instanton...
Computing instanton...
Computing instanton...
20000      157.934804
20000      158.194635
Computing instanton...
Computing instanton...
20000      162.628112
20000      165.464538
20000      166.101962
20000        166.4341
20000       167.19869
20000      168.512262
20000      168.679475
20000      168.912792
20000      169.586587
20000      170.034954
20000      170.349097
20000      171.127812
20000       170.86952
20000       171.74558
20000      171.985332
20000      173.919132
20000      175.210386
20000      175.482077
20000      176.390999
20000      176.555585
20000      177.317097
20000      180.619029
Computing instanton...
Computing instanton...
Computing instanton...
Computing instanton...
Computing instanton...
Computing instanton...
Computing instanton...
Computing instanton...
Computing instanton...
Computing instanton...
Computing instanton...
30000      235.657014
Computing instanton...
30000      239.267939
Computing instanton...
30000      239.918285
30000      241.242203
30000       243.27755
Computing instanton...
30000      248.127099
30000      249.522581
30000      249.835207
30000      250.296908
30000      250.974699
30000      250.781741
30000      252.591676
30000      254.182325
Computing instanton...
30000       254.54183
30000      255.080988
30000      255.523973
30000      256.731693
30000      257.765301
30000      258.050545
30000        258.5891
30000      259.273183
30000      259.286413
30000      266.610406
Computing instanton...
30000       268.11169
Computing instanton...
Computing instanton...
Computing instanton...
Computing instanton...
Computing instanton...
Computing instanton...
Computing instanton...
Computing instanton...
Computing instanton...
Computing instanton...
Computing instanton...
40000      313.405826
40000      318.789897
40000      319.833905
40000      320.814242
Computing instanton...
40000      322.715109
Computing instanton...
Computing instanton...
40000       330.67063
40000      332.326122
40000      333.459461
40000      334.545384
40000      335.600695
Computing instanton...
40000      336.175612
40000       336.79792
40000      337.123441
40000      337.425899
40000      337.614044
40000      339.588269
40000      339.938648
40000      340.346231
40000      341.393575
Computing instanton...
40000      342.273033
Computing instanton...
40000      345.237105
40000      346.029178
Computing instanton...
40000      353.644331
40000      357.913616
Computing instanton...
Computing instanton...
Computing instanton...
Computing instanton...
Computing instanton...
50000      389.146284
Computing instanton...
50000      395.280769
Computing instanton...
Computing instanton...
50000      401.218382
50000      403.748716
50000      403.990908
50000      406.422936
50000      410.251951
Computing instanton...
Computing instanton...
50000      414.654514
50000      414.894729
50000      415.455547
50000      416.615732
50000      418.629469
50000      421.609716
50000      423.308295
50000      423.761889
50000      424.312499
50000      424.628247
50000      425.019105
Computing instanton...
50000      425.948414
50000      426.637145
Computing instanton...
50000      431.858735
50000      433.900896
50000      440.356536
Computing instanton...
Computing instanton...
50000      445.057906
Computing instanton...
Computing instanton...
Computing instanton...
Computing instanton...
60000      470.871714
60000      473.691163
Computing instanton...
60000      476.438113
60000      479.878172
60000      480.342909
Computing instanton...
60000      490.482997
60000      491.877171
60000      492.691507
60000      493.910017
60000      496.771278
Computing instanton...
60000      502.127207
60000      504.146849
60000      508.674639
60000      512.715046
60000      512.967202
60000      513.072077
60000      513.435538
60000      513.415624
60000      516.979747
60000      519.276604
60000      520.632061
60000      523.901015
60000      526.730075
60000      531.073505
Computing instanton...
Computing instanton...
70000      553.803103
Computing instanton...
70000       555.72413
70000      557.600671
Computing instanton...
70000       560.81285
70000      561.010985
70000      568.481039
Computing instanton...
70000      570.492656
70000      571.814245
Computing instanton...
70000      576.689603
70000      577.337295
Computing instanton...
Computing instanton...
Computing instanton...
70000      587.531621
70000      589.815664
70000      594.264597
70000      596.050139
70000      596.528697
70000      598.004228
70000      598.546831
70000      598.987743
70000      599.592027
70000      600.292135
70000      606.449526
70000      607.896336
Computing instanton...
Computing instanton...
Computing instanton...
70000      613.037749
Computing instanton...
70000      614.485532
Computing instanton...
80000      628.278409
80000      634.397538
80000      635.367749
80000      638.650369
80000      641.479315
Computing instanton...
80000       643.25398
Computing instanton...
80000      644.891354
Computing instanton...
80000      650.862708
80000      654.053016
Computing instanton...
80000      658.787046
80000       670.39643
80000      670.767136
80000      676.981518
80000       677.30877
80000      679.572585
80000      682.804014
80000      683.113636
80000      684.380392
80000      686.069391
80000      688.385205
Computing instanton...
80000      692.103108
80000      697.294044
80000      698.316231
80000      698.160562
Computing instanton...
90000      707.471049
Computing instanton...
Computing instanton...
Computing instanton...
Computing instanton...
90000      715.448222
Computing instanton...
90000      716.255424
Computing instanton...
90000      718.426754
Computing instanton...
90000      723.641279
90000      723.988007
90000      724.800303
Computing instanton...
Computing instanton...
90000      732.663354
90000      733.322724
Computing instanton...
Computing instanton...
90000      738.122585
Computing instanton...
90000      748.765825
Computing instanton...
Computing instanton...
90000      760.869429
90000      760.751325
90000      763.658618
90000      763.917303
90000      764.428288
90000      764.923291
90000      765.689716
90000      765.989315
Computing instanton...
Computing instanton...
Computing instanton...
90000      775.096486
90000      775.661446
Computing instanton...
Computing instanton...
90000      782.645714
90000      784.122892
90000      784.744682
100000       785.726248
Computing instanton...
100000       796.848774
100000       798.734967
100000       799.992052
100000       801.383574
100000       802.980408
100000       803.448352
Computing instanton...
100000       813.552067
100000       814.054074
100000        818.74666
Computing instanton...
Computing instanton...
100000       834.736506
Computing instanton...
Computing instanton...
Computing instanton...
100000        842.39418
100000       842.853578
100000       843.217428
100000       844.425804
100000       846.984921
100000       847.790061
100000       848.924751
100000       849.329958
Computing instanton...
Computing instanton...
100000       858.205142
100000       859.362048
Computing instanton...
Computing instanton...
100000       863.405571
100000       863.838901
110000       867.508782
100000       867.781524
110000       876.838957
110000       878.685209
110000       881.115807
110000       881.460182
110000       881.492221
110000       881.901517
Computing instanton...
110000       890.898052
Computing instanton...
110000       897.125104
110000       899.450693
Computing instanton...
Computing instanton...
Computing instanton...
Computing instanton...
110000       915.025452
Computing instanton...
Computing instanton...
110000       921.834232
110000       925.361326
110000       926.010899
110000       926.810156
Computing instanton...
110000       928.651752
110000       928.947264
110000       929.921369
Computing instanton...
110000       931.324024
Computing instanton...
110000       943.122242
120000       943.241842
110000       943.395727
Computing instanton...
110000       945.912724
110000       946.427594
Computing instanton...
110000       949.857326
120000       957.009031
120000       958.207506
Computing instanton...
120000       959.537306
Computing instanton...
120000       961.049032
120000       962.206189
Computing instanton...
120000       965.729252
120000       973.177564
120000       973.925335
120000       976.165499
Computing instanton...
Computing instanton...
Computing instanton...
Computing instanton...
Computing instanton...
Computing instanton...
120000       997.074076
120000      1000.652112
120000      1005.634287
120000      1007.373568
120000      1008.241077
Computing instanton...
120000      1008.501173
120000      1009.229729
Computing instanton...
120000      1010.712036
Computing instanton...
120000      1013.195905
Computing instanton...
130000      1022.625704
120000      1025.215813
120000      1026.026827
120000      1029.228377
Computing instanton...
120000      1030.884257
120000      1034.384592
130000      1035.865116
130000      1037.365021
130000      1038.133119
130000      1038.625765
130000       1044.48257
130000      1045.057896
130000      1047.994168
130000      1054.764685
130000      1055.149549
Computing instanton...
130000       1077.50798
Computing instanton...
Computing instanton...
130000      1081.185483
130000      1088.822445
130000      1090.483404
130000      1091.093321
130000       1093.06852
Computing instanton...
130000      1095.265798
130000      1095.265591
130000       1096.26744
140000      1100.263026
Computing instanton...
Computing instanton...
130000       1106.71875
130000      1107.998787
Computing instanton...
130000      1109.162202
130000        1110.1845
Computing instanton...
Computing instanton...
Computing instanton...
Computing instanton...
140000      1117.439753
Computing instanton...
140000      1119.083403
140000       1119.75664
140000      1120.059822
130000      1120.394369
Computing instanton...
140000      1122.508751
140000      1127.084068
140000      1129.016416
Computing instanton...
140000      1134.966699
140000      1136.132696
Computing instanton...
Computing instanton...
Computing instanton...
Computing instanton...
Computing instanton...
Computing instanton...
140000      1155.397982
Computing instanton...
Computing instanton...
Computing instanton...
140000      1165.803617
140000       1167.36281
140000      1170.085892
140000      1171.730359
Computing instanton...
Computing instanton...
140000      1175.833045
140000       1176.78672
140000      1177.167155
150000      1178.461297
140000      1179.095157
140000      1187.629421
140000      1189.832267
Computing instanton...
140000      1190.350024
140000      1191.489955
Computing instanton...
150000      1199.093782
150000      1199.768534
150000      1199.709586
150000      1202.036043
150000      1202.500303
150000      1206.980042
Computing instanton...
Computing instanton...
140000      1209.696358
150000      1211.894183
150000      1215.843649
150000      1218.467401
Computing instanton...
Computing instanton...
150000       1238.34578
150000      1245.371005
150000      1248.869296
150000      1251.487923
150000      1253.177007
150000      1257.426595
Computing instanton...
160000      1259.209198
150000      1259.597994
Computing instanton...
150000      1261.324595
Computing instanton...
150000      1265.985983
150000      1268.249294
Computing instanton...
150000      1268.956663
Computing instanton...
160000       1275.20656
Computing instanton...
150000      1276.373436
Computing instanton...
150000      1277.871941
160000      1280.708455
Computing instanton...
160000      1281.754636
160000      1284.999934
160000      1285.775481
160000      1292.900721
150000      1293.927039
Computing instanton...
160000      1296.605767
160000      1298.879224
160000      1301.205823
Computing instanton...
Computing instanton...
Computing instanton...
Computing instanton...
Computing instanton...
Computing instanton...
Computing instanton...
Computing instanton...
Computing instanton...
160000      1324.008934
160000      1324.759547
Computing instanton...
Computing instanton...
Computing instanton...
160000      1331.712962
160000      1332.865814
160000      1333.882527
160000       1336.42244
160000      1341.369257
160000       1342.18604
170000       1343.83806
160000      1345.841199
160000      1349.633913
160000      1354.155135
160000      1356.447839
Computing instanton...
160000      1358.506053
170000      1359.239066
170000      1360.109415
Computing instanton...
170000      1364.999608
170000      1368.200682
170000      1368.916013
Computing instanton...
160000      1371.177333
Computing instanton...
Computing instanton...
170000      1374.125701
170000      1377.611409
Computing instanton...
170000      1380.508416
170000      1384.011586
Computing instanton...
Computing instanton...
Computing instanton...
170000      1405.798025
170000      1407.446355
170000      1407.478156
170000      1411.100568
170000       1416.20345
170000       1416.89655
Computing instanton...
170000      1418.326628
Computing instanton...
170000      1422.216095
180000      1423.717509
Computing instanton...
Computing instanton...
170000      1425.270876
Computing instanton...
170000      1431.200821
170000      1433.390737
Computing instanton...
170000       1436.36679
Computing instanton...
180000      1438.833926
180000      1440.875392
Computing instanton...
180000       1442.63411
170000      1445.237871
Computing instanton...
180000      1449.551007
180000      1451.747203
170000      1454.202703
Computing instanton...
Computing instanton...
180000      1459.968929
180000      1461.367667
180000      1461.556458
Computing instanton...
180000      1464.688682
Computing instanton...
180000      1485.696483
180000      1487.134222
Computing instanton...
180000      1487.535236
Computing instanton...
180000       1493.61049
180000      1495.027647
180000      1497.036125
180000      1497.350569
180000      1500.908693
Computing instanton...
190000      1504.967779
Computing instanton...
180000      1505.564142
Computing instanton...
180000      1512.104144
Computing instanton...
180000      1517.696146
180000      1518.083929
190000      1521.085038
190000      1521.494644
Computing instanton...
190000      1522.776668
180000       1525.40723
Computing instanton...
180000       1531.79588
190000      1531.952081
Computing instanton...
190000      1536.191401
Computing instanton...
190000      1537.455927
190000      1540.796618
Computing instanton...
Computing instanton...
190000      1543.848506
190000        1545.3638
Computing instanton...
Computing instanton...
Computing instanton...
Computing instanton...
190000      1565.140307
190000       1566.39125
Computing instanton...
190000      1570.043312
190000      1574.129045
190000      1576.201983
190000      1577.077573
190000      1577.568373
190000      1580.340492
190000      1582.822882
Computing instanton...
200000      1584.671707
Computing instanton...
Computing instanton...
190000      1593.949992
190000      1594.038712
Computing instanton...
190000       1598.60971
200000       1599.29112
200000       1599.63477
Computing instanton...
200000      1602.072557
Computing instanton...
190000      1606.777754
Computing instanton...
190000      1614.822138
200000      1615.823538
200000      1617.685603
200000       1617.98466
200000      1619.919015
Computing instanton...
200000      1622.584178
200000      1624.203657
Computing instanton...
Computing instanton...
200000      1643.042446
200000      1648.287664
200000      1650.933761
Computing instanton...
200000      1655.114781
200000      1656.170261
Computing instanton...
200000       1657.13264
200000      1657.401004
Computing instanton...
200000      1662.421862
200000      1665.387187
Computing instanton...
210000      1670.049253
Computing instanton...
200000      1672.185853
Computing instanton...
200000      1674.413809
Computing instanton...
210000      1678.086493
210000      1679.053428
200000      1679.820596
Computing instanton...
210000      1686.111169
Computing instanton...
200000      1691.606053
200000      1693.766719
210000      1694.826283
Computing instanton...
210000      1697.426988
210000      1699.827017
210000      1701.101671
210000      1702.916329
Computing instanton...
Computing instanton...
Computing instanton...
Computing instanton...
210000      1710.430887
Computing instanton...
210000        1724.6391
210000      1729.834626
210000      1733.333853
Computing instanton...
210000      1734.583025
210000      1734.539161
210000      1735.543574
210000      1735.640675
Computing instanton...
Computing instanton...
210000      1741.383911
210000      1742.257238
Computing instanton...
Computing instanton...
Computing instanton...
220000      1748.149864
Computing instanton...
210000      1752.336433
210000      1753.914836
Computing instanton...
220000      1758.465197
Computing instanton...
220000      1761.077386
210000      1762.797947
Computing instanton...
220000       1768.20094
Computing instanton...
Computing instanton...
210000      1770.528187
220000      1773.222095
Computing instanton...
210000      1774.738966
220000      1776.967177
Computing instanton...
Computing instanton...
220000      1780.347314
220000      1783.181284
220000      1784.136675
220000      1791.236076
Computing instanton...
Computing instanton...
Computing instanton...
220000      1807.292439
Computing instanton...
Computing instanton...
Computing instanton...
220000      1814.392897
220000      1814.931092
220000      1816.138546
220000       1816.62331
220000      1816.801028
220000      1818.302846
220000      1822.728517
220000      1825.162235
230000      1829.344678
220000      1829.488111
220000      1831.532342
230000      1840.785218
220000      1845.267705
230000      1846.003278
230000      1847.906385
Computing instanton...
Computing instanton...
220000      1852.755568
Computing instanton...
230000      1852.904309
220000      1854.249536
Computing instanton...
230000      1860.290167
230000      1860.857109
230000        1862.2905
Computing instanton...
Computing instanton...
230000      1868.643056
230000      1871.890873
Computing instanton...
Computing instanton...
Computing instanton...
230000      1887.906352
Computing instanton...
230000       1895.59883
Computing instanton...
230000      1897.584774
230000      1898.686377
230000      1899.367917
230000      1900.109691
Computing instanton...
230000      1901.342659
230000      1902.528503
230000      1905.977284
240000      1907.189855
230000      1907.428475
230000      1907.564853
Computing instanton...
Computing instanton...
230000      1925.657668
240000      1926.861285
240000      1926.897435
240000       1927.66074
230000      1932.103385
Computing instanton...
240000      1932.731561
240000      1933.748891
Computing instanton...
230000       1935.38705
Computing instanton...
240000      1938.354765
Computing instanton...
240000      1945.236952
Computing instanton...
Computing instanton...
240000      1951.298139
240000      1953.136649
Computing instanton...
240000      1971.462679
240000      1972.399827
240000      1974.545942
Computing instanton...
240000      1977.866959
240000      1981.748864
240000      1981.740484
240000      1981.911896
240000        1983.0946
240000      1983.230863
240000      1984.819755
Computing instanton...
240000      1986.104304
Computing instanton...
250000      1988.817659
Computing instanton...
Computing instanton...
240000      2006.825546
250000      2007.225267
250000      2008.008202
250000      2009.537728
240000      2010.195988
250000       2011.58226
Computing instanton...
250000      2014.657485
240000      2020.479152
250000      2020.969258
250000      2024.552616
250000      2028.880415
250000       2038.14507
Computing instanton...
250000      2047.495359
250000      2051.083075
250000      2056.619906
Computing instanton...
250000      2060.665065
250000      2060.902448
250000      2063.271035
260000      2063.441667
250000      2065.448265
250000      2066.337037
Computing instanton...
250000      2067.078511
Computing instanton...
250000      2067.876099
250000      2068.870091
Computing instanton...
Computing instanton...
260000      2087.144935
260000      2088.290443
260000      2089.593573
260000      2090.379259
250000      2090.949889
260000      2091.859537
250000      2093.615568
250000      2098.333282
Computing instanton...
Computing instanton...
Computing instanton...
260000      2102.132877
260000      2105.168902
Computing instanton...
260000      2106.352619
Computing instanton...
260000      2120.211291
Computing instanton...
Computing instanton...
Computing instanton...
260000      2128.638427
Computing instanton...
260000      2134.142863
260000      2134.661005
260000      2138.736426
260000      2139.410533
260000      2139.883916
Computing instanton...
270000      2142.121371
260000      2144.859704
Computing instanton...
260000      2147.810577
260000      2148.496583
260000      2148.729597
260000      2149.150495
Computing instanton...
Computing instanton...
Computing instanton...
270000      2162.529693
270000      2164.590356
270000      2167.439426
Computing instanton...
260000      2170.258102
270000      2172.709973
Computing instanton...
260000      2174.347768
Computing instanton...
260000      2175.038294
Computing instanton...
270000      2176.312605
Computing instanton...
270000      2180.976966
Computing instanton...
270000      2186.643225
270000      2188.013843
Computing instanton...
Computing instanton...
Computing instanton...
270000      2203.855787
Computing instanton...
270000      2210.116874
Computing instanton...
270000       2213.19734
270000      2213.216472
Computing instanton...
Computing instanton...
270000      2217.484711
Computing instanton...
270000      2219.403917
270000      2220.498221
Computing instanton...
Computing instanton...
270000      2224.769123
280000      2227.266819
270000      2228.770774
270000      2230.002578
270000      2230.734141
270000      2233.248467
Computing instanton...
Computing instanton...
280000      2245.988776
280000       2246.24657
280000      2247.653613
Computing instanton...
270000        2252.9808
270000      2253.053621
280000       2253.60595
280000      2254.068427
270000      2254.998553
Computing instanton...
280000      2263.390006
280000      2266.605542
Computing instanton...
280000      2268.987489
Computing instanton...
Computing instanton...
280000      2283.235245
Computing instanton...
280000       2290.33914
280000      2290.990059
280000      2291.540102
280000      2295.084779
Computing instanton...
280000      2297.404645
280000      2301.924751
Computing instanton...
Computing instanton...
280000      2305.184835
280000      2307.392293
280000      2310.477726
280000      2311.928336
290000      2312.820426
280000      2315.250211
Computing instanton...
290000      2322.352845
Computing instanton...
290000      2327.407506
Computing instanton...
290000      2329.022292
290000      2331.461546
Computing instanton...
280000      2333.914756
280000      2336.688779
280000      2336.951366
290000      2336.994309
290000      2343.146004
Computing instanton...
290000      2347.387614
290000      2349.262381
Computing instanton...
290000      2362.550795
290000      2367.673141
290000       2368.59316
290000      2368.543208
290000      2375.457164
290000      2380.291781
Computing instanton...
290000      2381.048335
290000      2384.006512
290000      2383.947392
Computing instanton...
290000      2391.848161
290000      2392.469349
300000       2397.28945
290000      2400.738006
Computing instanton...
300000      2404.800704
300000       2408.35609
300000      2409.616702
300000      2411.292018
300000      2413.992875
290000      2414.841529
290000      2415.621154
290000      2417.511993
300000      2419.872898
Computing instanton...
Computing instanton...
300000      2426.889115
300000      2432.403651
300000       2444.21586
300000      2447.575969
300000      2451.913742
300000      2451.808303
300000      2459.300927
300000      2461.928597
300000      2464.614927
300000      2465.675643
Computing instanton...
300000      2468.293088
300000      2468.595312
300000      2472.418938
Computing instanton...
310000      2476.315887
Computing instanton...
Computing instanton...
300000      2482.913167
310000      2485.325132
310000      2486.637545
310000      2491.403007
Computing instanton...
310000      2494.026475
310000      2495.209298
310000      2495.844488
300000      2496.705611
300000      2497.325479
Computing instanton...
300000      2499.248505
Computing instanton...
Computing instanton...
Computing instanton...
310000      2513.475718
310000      2514.254721
Computing instanton...
Computing instanton...
310000      2529.456844
310000      2529.304064
310000      2530.694221
310000      2531.080573
Computing instanton...
310000      2539.412591
310000       2543.49768
Computing instanton...
310000      2545.402714
310000      2546.545228
310000      2548.782665
310000      2552.366724
310000      2554.013246
320000      2555.146043
Computing instanton...
Computing instanton...
320000      2561.389633
320000      2565.523194
310000      2565.371686
Computing instanton...
320000      2570.014588
Computing instanton...
320000      2572.724351
310000      2572.974232
Computing instanton...
Computing instanton...
320000      2575.863332
320000      2577.292472
310000      2579.426836
310000      2581.448953
Computing instanton...
Computing instanton...
Computing instanton...
320000      2596.080072
320000      2598.299135
Computing instanton...
Computing instanton...
320000      2610.976444
320000      2612.005131
320000      2612.653565
320000      2613.309863
320000      2620.859277
Computing instanton...
320000      2626.321067
320000      2626.481919
320000      2628.086881
320000      2630.518125
320000       2631.46595
Computing instanton...
320000      2633.982272
330000      2641.085146
330000      2641.555876
330000      2644.821653
320000      2647.067061
320000       2649.26419
330000      2653.374746
330000      2654.031919
320000      2657.970857
330000      2658.847886
Computing instanton...
330000      2661.701178
320000      2663.042652
Computing instanton...
Computing instanton...
Computing instanton...
330000      2675.661454
330000      2680.000392
Computing instanton...
Computing instanton...
330000      2690.163662
330000      2694.209601
330000      2695.138974
330000      2697.661594
330000      2700.685251
330000      2705.464147
330000      2706.598248
Computing instanton...
330000      2710.338689
330000      2711.362023
330000      2711.970856
Computing instanton...
330000      2716.779732
340000      2721.567092
340000      2722.322484
330000      2723.182836
340000      2725.995217
340000      2728.327325
330000      2729.684276
Computing instanton...
340000      2738.281408
330000      2738.506635
340000      2738.894018
Computing instanton...
Computing instanton...
340000      2741.725414
Computing instanton...
330000      2742.375542
340000      2759.107323
340000      2762.450843
Computing instanton...
Computing instanton...
Computing instanton...
340000      2772.531576
340000      2772.693149
340000       2772.80266
Computing instanton...
Computing instanton...
340000      2779.673268
340000      2781.731026
Computing instanton...
340000      2784.841874
340000      2788.958326
340000        2790.2723
340000      2792.772497
340000       2793.40283
340000      2798.001925
Computing instanton...
340000      2802.386441
350000      2803.121252
350000      2803.296814
Computing instanton...
Computing instanton...
350000      2805.285563
350000      2808.754753
Computing instanton...
340000      2812.932002
350000      2815.237621
Computing instanton...
Computing instanton...
340000      2818.209437
350000      2821.453701
340000      2821.565131
350000      2822.761105
Computing instanton...
350000       2844.90833
350000      2844.846115
350000      2852.924028
350000      2855.724696
350000      2856.198578
350000      2859.460862
Computing instanton...
350000      2863.181286
Computing instanton...
350000      2866.103694
Computing instanton...
Computing instanton...
350000      2868.116934
Computing instanton...
350000      2871.829798
350000      2873.979506
350000      2875.653037
360000      2878.942763
350000       2879.35771
360000      2881.858816
Computing instanton...
350000      2882.288655
360000      2885.768221
360000      2886.086701
350000      2888.739328
Computing instanton...
Computing instanton...
360000      2897.133791
350000      2898.027935
350000      2899.779428
Computing instanton...
360000      2903.537508
Computing instanton...
360000      2907.316518
Computing instanton...
Computing instanton...
Computing instanton...
360000      2921.899649
360000      2923.860216
Computing instanton...
360000      2929.450758
Computing instanton...
360000      2935.388653
360000      2938.556368
360000      2944.745091
360000      2945.366306
360000      2945.928795
360000      2947.001004
360000      2949.921051
360000      2955.641799
360000       2959.38391
370000      2960.141615
370000      2960.611571
360000      2961.295197
Computing instanton...
360000      2962.850868
370000      2965.756967
370000      2967.260334
360000      2971.567521
Computing instanton...
360000      2975.256561
360000      2978.849626
370000      2978.917311
370000      2986.028296
370000      2993.563337
Computing instanton...
Computing instanton...
Computing instanton...
Computing instanton...
Computing instanton...
370000      3007.031037
370000       3007.31377
Computing instanton...
370000      3010.245535
Computing instanton...
Computing instanton...
370000      3016.154341
370000      3017.019008
Computing instanton...
370000      3023.510354
370000      3023.887216
Computing instanton...
370000      3025.836568
370000      3027.274471
Computing instanton...
370000      3029.315679
370000      3033.548588
370000      3037.196179
370000       3041.19357
380000      3041.779491
370000      3042.972544
Computing instanton...
380000      3046.021294
380000      3045.919469
370000      3046.460212
Computing instanton...
380000      3047.575121
Computing instanton...
370000      3052.575923
380000      3059.897196
370000      3060.403753
380000      3068.031824
Computing instanton...
380000        3074.4627
Computing instanton...
Computing instanton...
Computing instanton...
380000      3086.191887
Computing instanton...
380000      3087.889658
Computing instanton...
Computing instanton...
Computing instanton...
Computing instanton...
380000      3092.622854
380000       3093.15139
380000      3096.776617
Computing instanton...
Computing instanton...
380000      3101.489115
380000      3104.731819
380000      3104.791127
380000      3109.767019
380000       3112.32267
380000       3115.26594
390000      3119.805878
390000      3119.638086
380000      3120.155259
380000      3120.249008
380000       3120.83997
Computing instanton...
Computing instanton...
390000      3124.346132
390000      3128.090745
380000      3128.534255
380000      3131.999174
Computing instanton...
Computing instanton...
390000      3138.367839
380000      3140.168088
Computing instanton...
Computing instanton...
390000      3150.351635
390000      3153.474985
Computing instanton...
Computing instanton...
390000       3164.66032
390000      3172.829506
390000      3173.000127
390000      3175.404223
Computing instanton...
Computing instanton...
390000      3180.232333
390000      3183.509967
Computing instanton...
390000      3187.096038
390000      3187.205339
390000      3187.445598
390000      3197.299434
390000      3198.723229
400000      3201.429763
390000      3201.360074
Computing instanton...
390000      3202.035715
390000      3202.593853
390000      3204.222907
400000      3205.342076
400000      3205.777464
Computing instanton...
400000       3210.43099
390000      3213.415366
Computing instanton...
400000      3219.743218
390000      3223.561654
400000      3232.109379
Computing instanton...
400000      3233.159426
Computing instanton...
400000       3246.89052
Computing instanton...
400000      3254.474441
400000      3254.995832
Computing instanton...
400000      3256.453513
400000      3262.131628
400000      3262.908799
Computing instanton...
400000      3265.737803
400000      3266.879675
Computing instanton...
400000      3270.847182
Computing instanton...
400000      3277.722583
400000      3278.736646
Computing instanton...
410000      3279.138917
400000      3279.740585
400000      3280.307535
Computing instanton...
400000      3282.994898
410000      3284.770521
400000      3286.944078
410000      3286.905722
410000      3289.671652
Computing instanton...
400000       3297.39716
410000      3301.376147
Computing instanton...
400000      3307.254683
Computing instanton...
410000      3312.079501
Computing instanton...
410000      3314.771243
Computing instanton...
Computing instanton...
Computing instanton...
410000      3331.745808
410000      3333.067824
410000      3334.135174
Computing instanton...
410000      3340.843704
410000      3341.243649
Computing instanton...
410000      3344.264611
410000      3344.942826
410000      3344.824839
410000      3351.205432
410000      3356.261148
410000      3358.582243
410000      3359.340697
420000      3359.992321
410000      3361.416091
Computing instanton...
410000      3362.053938
Computing instanton...
420000      3366.673995
Computing instanton...
420000      3367.912442
420000      3368.471076
410000      3368.560723
Computing instanton...
410000      3377.567794
Computing instanton...
420000      3382.971986
410000      3386.505773
420000      3391.129355
420000       3392.95521
Computing instanton...
Computing instanton...
Computing instanton...
Computing instanton...
420000      3411.434739
420000      3412.781183
420000      3417.549922
420000      3418.218741
420000      3420.465397
420000      3422.697806
420000      3423.823748
420000      3427.007702
Computing instanton...
Computing instanton...
420000      3430.777595
Computing instanton...
420000      3437.491429
420000      3437.830893
420000      3440.311302
420000      3441.739274
420000      3442.121181
430000      3442.812683
430000      3446.448955
430000      3449.720171
430000      3451.499442
420000      3452.778053
430000      3459.036151
420000      3461.080107
Computing instanton...
Computing instanton...
430000         3467.832
Computing instanton...
420000      3469.546475
430000      3474.710841
Computing instanton...
Computing instanton...
Computing instanton...
430000      3489.964331
430000      3493.606473
430000       3494.35644
430000      3494.713061
430000      3500.877455
430000      3503.503325
430000      3505.562839
430000      3509.590956
Computing instanton...
430000      3513.137903
430000        3515.8672
440000      3519.782855
430000      3520.119476
430000      3521.402108
430000        3522.1736
Computing instanton...
Computing instanton...
430000      3526.436108
440000      3528.271625
440000      3528.397826
430000       3530.43044
440000      3532.394637
440000      3537.461539
430000      3538.100318
Computing instanton...
Computing instanton...
430000      3548.760225
440000      3549.991382
Computing instanton...
440000      3557.216876
Computing instanton...
Computing instanton...
440000      3569.194434
Computing instanton...
440000       3573.53957
440000      3574.003907
440000      3577.816252
Computing instanton...
440000      3581.281192
Computing instanton...
440000      3583.807553
440000      3586.379222
Computing instanton...
Computing instanton...
440000      3587.646851
Computing instanton...
Computing instanton...
440000      3594.312353
440000      3596.870544
Computing instanton...
440000      3600.469207
450000      3601.110327
440000      3601.245206
440000      3602.671511
440000      3603.013928
450000      3609.146832
440000      3609.156987
450000      3609.213864
450000      3611.902771
440000      3616.509331
Computing instanton...
450000      3620.901288
Computing instanton...
440000      3626.882242
450000      3630.528027
450000      3631.540367
Computing instanton...
Computing instanton...
Computing instanton...
450000      3651.136974
450000      3656.213145
450000      3656.353817
450000      3656.643219
450000      3660.106214
450000      3666.215387
450000      3668.091218
Computing instanton...
450000      3670.974546
450000      3672.350719
Computing instanton...
450000      3677.679818
450000      3678.091048
450000      3678.146271
450000      3681.208267
460000      3682.851407
450000       3683.85952
Computing instanton...
Computing instanton...
450000      3686.528242
460000      3692.613685
460000      3692.550501
450000      3692.879953
460000      3695.262556
Computing instanton...
460000      3699.629694
Computing instanton...
460000      3708.835365
450000      3709.119056
Computing instanton...
460000      3716.464972
Computing instanton...
Computing instanton...
Computing instanton...
Computing instanton...
Computing instanton...
460000      3732.179082
460000      3733.677174
Computing instanton...
460000      3736.738939
460000      3739.405545
460000      3740.201516
Computing instanton...
460000      3746.945345
460000      3748.427161
Computing instanton...
Computing instanton...
Computing instanton...
460000      3750.069235
460000      3751.215642
460000      3755.860292
460000      3756.391961
460000      3756.584292
Computing instanton...
460000       3760.33928
470000      3764.485588
460000      3765.583257
460000      3767.995804
470000      3769.253401
Computing instanton...
Computing instanton...
470000      3771.877713
460000      3773.568371
470000      3776.450324
Computing instanton...
470000      3777.553503
Computing instanton...
460000      3785.518515
Computing instanton...
Computing instanton...
470000      3794.656494
Computing instanton...
470000      3800.626919
Computing instanton...
Computing instanton...
470000      3810.059601
Computing instanton...
470000      3814.909612
470000      3820.218099
470000      3820.494708
470000       3821.20752
470000      3826.826787
Computing instanton...
470000      3828.921852
470000      3829.591862
470000      3830.014841
Computing instanton...
470000      3835.219377
470000      3835.193271
Computing instanton...
470000       3839.28937
470000      3839.475965
470000      3840.130173
Computing instanton...
Computing instanton...
470000      3843.153131
480000      3845.011291
470000      3853.011946
480000      3853.587118
Computing instanton...
480000       3854.89886
480000      3855.712711
480000      3856.856911
Computing instanton...
Computing instanton...
480000      3869.203764
470000      3870.415476
Computing instanton...
480000      3882.888301
Computing instanton...
Computing instanton...
Computing instanton...
480000      3896.636025
480000      3900.259372
480000       3901.03414
480000      3901.893552
480000      3901.759424
480000      3907.038948
480000      3908.319279
480000      3909.638989
Computing instanton...
480000      3911.571036
Computing instanton...
Computing instanton...
480000      3915.191995
480000      3916.009102
480000      3918.474885
480000      3922.216167
480000      3922.762465
480000      3924.617167
480000      3926.490558
490000      3926.527012
Computing instanton...
490000      3929.516299
Computing instanton...
Computing instanton...
490000      3934.787918
490000      3936.754707
490000      3937.993963
490000      3943.225874
Computing instanton...
Computing instanton...
480000      3955.279692
Computing instanton...
490000      3960.320451
Computing instanton...
Computing instanton...
Computing instanton...
490000      3972.786464
Computing instanton...
490000      3974.819692
490000      3981.295319
490000      3983.242484
Computing instanton...
490000      3985.452918
490000      3989.358853
490000      3990.012783
490000      3990.478947
490000       3994.68403
Computing instanton...
490000      3997.519617
490000      3999.630396
490000      3999.688741
490000      4002.823431
490000      4003.149761
490000      4003.567644
500000      4004.975561
490000      4007.512513
500000       4009.46755
Computing instanton...
500000      4014.317016
Computing instanton...
500000      4019.481452
Computing instanton...
500000      4020.551732
Computing instanton...
Computing instanton...
500000      4024.919104
Computing instanton...
Computing instanton...
490000      4034.775211
500000      4039.637442
Computing instanton...
Computing instanton...
500000      4053.603663
500000      4054.105685
500000      4063.803612
500000      4065.243835
500000      4067.522593
500000      4067.738517
500000      4069.752827
Computing instanton...
500000      4073.574331
500000       4074.44672
500000      4075.560354
500000       4076.89003
500000       4079.58785
500000      4080.116755
500000      4080.070573
500000      4084.362853
510000      4089.458598
500000      4090.243671
510000      4092.207279
510000      4097.512828
510000      4099.476164
510000       4100.90447
510000      4102.341028
Computing instanton...
Computing instanton...
Computing instanton...
Computing instanton...
Computing instanton...
510000      4117.720952
Computing instanton...
Computing instanton...
500000      4121.530591
Computing instanton...
Computing instanton...
510000      4133.745229
Computing instanton...
Computing instanton...
510000      4137.869423
Computing instanton...
Computing instanton...
510000      4142.994051
510000      4145.286801
Computing instanton...
510000      4147.733105
510000      4149.328194
510000      4150.395014
510000      4150.498475
510000      4155.514864
510000      4156.580832
510000      4158.801038
Computing instanton...
510000      4160.856038
510000      4161.497991
510000      4163.487085
Computing instanton...
510000      4165.261319
510000      4167.018434
Computing instanton...
Computing instanton...
520000       4171.50262
520000      4178.952235
520000      4179.124567
520000      4179.845005
520000      4180.242619
520000       4181.62281
Computing instanton...
Computing instanton...
Computing instanton...
Computing instanton...
Computing instanton...
520000      4199.010713
510000      4200.032676
Computing instanton...
Computing instanton...
Computing instanton...
520000      4214.747983
520000      4219.698806
520000      4222.881066
520000      4225.293551
Computing instanton...
520000      4228.944799
520000      4228.939004
520000      4231.305868
520000      4233.172297
520000      4233.761918
Computing instanton...
520000      4238.606251
520000       4239.75799
520000      4241.950279
520000      4242.239109
520000      4244.292393
520000       4245.84105
520000      4247.570657
Computing instanton...
Computing instanton...
Computing instanton...
530000      4255.963698
530000      4256.234351
530000        4257.5459
530000      4258.625026
530000      4259.736732
530000      4260.780437
Computing instanton...
530000      4280.576029
520000      4281.784464
530000      4293.267217
Computing instanton...
Computing instanton...
530000      4302.159798
530000      4302.695797
Computing instanton...
530000      4306.825204
530000      4308.175565
530000      4308.288041
Computing instanton...
530000      4309.959002
530000      4310.310181
Computing instanton...
Computing instanton...
Computing instanton...
530000      4316.171068
Computing instanton...
530000      4318.268184
Computing instanton...
530000      4322.642628
530000      4323.053598
530000      4323.936739
Computing instanton...
Computing instanton...
530000      4327.447253
530000      4327.484309
Computing instanton...
Computing instanton...
530000      4329.432321
Computing instanton...
540000      4335.311717
540000      4336.228261
Computing instanton...
540000      4339.753333
540000      4340.701404
Computing instanton...
Computing instanton...
540000      4341.923151
Computing instanton...
540000      4345.617189
Computing instanton...
Computing instanton...
Computing instanton...
Computing instanton...
Computing instanton...
Computing instanton...
540000      4360.824756
530000      4367.269277
Computing instanton...
Computing instanton...
540000       4369.97151
Computing instanton...
Computing instanton...
540000      4381.240606
Computing instanton...
540000      4382.523629
540000      4386.171659
540000      4386.869912
540000      4389.199637
540000      4391.527523
540000      4393.893954
Computing instanton...
540000      4396.695313
540000      4399.296686
Computing instanton...
Computing instanton...
Computing instanton...
540000      4403.529119
540000       4403.81372
540000      4405.739313
540000      4406.123929
540000       4406.82377
Computing instanton...
Computing instanton...
540000      4408.907345
Computing instanton...
550000      4417.083049
550000      4417.274605
Computing instanton...
550000      4418.834152
550000      4420.907878
Computing instanton...
Computing instanton...
550000      4423.320578
550000      4426.184162
Computing instanton...
550000      4438.284313
Computing instanton...
Computing instanton...
Computing instanton...
Computing instanton...
Computing instanton...
540000      4450.055077
550000      4449.960627
550000      4458.977518
Computing instanton...
550000       4461.35268
550000      4463.817919
550000      4465.420176
550000       4468.48428
550000      4469.951111
Computing instanton...
Computing instanton...
550000      4475.465263
550000       4476.90643
Computing instanton...
550000      4480.949876
Computing instanton...
Computing instanton...
550000      4484.560809
Computing instanton...
550000      4485.573159
550000      4486.344815
550000      4487.681605
550000      4489.898569
550000      4491.573836
Computing instanton...
560000      4495.745574
Computing instanton...
Computing instanton...
560000      4501.301078
560000      4502.699113
560000      4504.739485
560000      4505.499266
Computing instanton...
560000      4510.102036
Computing instanton...
Computing instanton...
560000      4517.142146
Computing instanton...
Computing instanton...
550000       4526.30028
Computing instanton...
Computing instanton...
Computing instanton...
560000      4532.454829
560000      4538.574687
Computing instanton...
560000      4542.048387
Computing instanton...
560000      4544.121781
560000      4547.262024
560000      4548.195199
560000      4550.953031
Computing instanton...
Computing instanton...
560000      4553.130846
560000      4556.766674
Computing instanton...
560000      4562.218633
560000      4563.218996
560000         4563.607
Computing instanton...
560000      4569.267916
560000      4569.728306
560000      4570.122294
560000      4571.039466
570000      4573.781083
570000      4579.570543
570000      4584.671419
570000      4587.833208
570000      4587.995446
570000      4589.858669
Computing instanton...
Computing instanton...
570000      4594.770415
Computing instanton...
560000       4605.53491
Computing instanton...
Computing instanton...
570000      4616.964182
570000      4619.480291
Computing instanton...
570000      4624.063519
570000      4626.219937
Computing instanton...
570000      4628.947906
570000      4629.527226
570000      4631.817152
570000      4632.755249
Computing instanton...
Computing instanton...
570000      4642.112684
570000      4643.045613
570000      4643.421826
570000      4646.793865
570000      4649.209114
Computing instanton...
570000      4652.804343
570000      4652.645217
570000      4653.175071
580000       4653.97425
Computing instanton...
Computing instanton...
580000      4661.517477
580000      4663.581094
580000      4664.567693
580000      4668.199358
580000      4668.330625
580000      4678.372521
Computing instanton...
Computing instanton...
Computing instanton...
Computing instanton...
Computing instanton...
Computing instanton...
570000      4691.357436
580000      4692.807906
580000      4696.774062
580000      4705.515983
Computing instanton...
580000       4706.65906
580000      4709.432978
580000       4710.84248
580000      4711.873924
Computing instanton...
580000      4714.318377
Computing instanton...
580000      4725.104867
580000      4724.991405
580000      4726.451881
580000      4726.782905
580000      4731.165628
580000      4733.790223
580000      4734.692362
580000      4737.269938
590000      4740.498179
590000      4742.679195
590000      4743.272119
590000      4746.898141
590000        4747.5594
Computing instanton...
590000      4750.216682
Computing instanton...
Computing instanton...
590000       4763.97117
Computing instanton...
Computing instanton...
580000      4773.946829
590000      4774.972343
590000      4777.142889
Computing instanton...
590000      4783.028731
Computing instanton...
590000      4788.075529
590000      4792.134807
590000      4793.666785
Computing instanton...
590000       4795.36707
Computing instanton...
590000      4797.087806
Computing instanton...
Computing instanton...
Computing instanton...
590000      4804.776593
590000      4804.734155
590000      4806.680388
590000      4807.824602
590000      4812.651952
590000      4813.433922
590000      4814.360608
590000      4816.197783
Computing instanton...
Computing instanton...
600000      4820.384091
Computing instanton...
600000      4821.625057
600000      4822.333153
600000      4826.982115
600000      4828.185331
600000       4832.21854
Computing instanton...
Computing instanton...
Computing instanton...
600000      4847.820718
Computing instanton...
Computing instanton...
Computing instanton...
600000      4854.286418
590000      4855.804319
600000      4856.629641
600000      4863.594248
600000      4866.042685
Computing instanton...
600000      4871.281734
600000      4873.125234
600000      4875.640058
600000      4879.325432
Computing instanton...
600000      4881.607376
600000      4883.677815
600000      4883.689303
600000      4886.735959
Computing instanton...
600000      4893.282915
600000      4894.176177
600000      4897.329982
610000      4898.417291
600000      4899.025615
610000      4899.963122
610000      4905.025987
610000      4910.193371
610000      4910.837259
610000      4913.601886
Computing instanton...
Computing instanton...
Computing instanton...
610000      4926.902345
Computing instanton...
Computing instanton...
610000      4930.800271
600000      4932.768149
610000      4936.790892
Computing instanton...
Computing instanton...
610000      4943.636865
610000      4943.566663
610000      4950.852688
Computing instanton...
610000      4953.153508
610000      4953.697181
Computing instanton...
Computing instanton...
Computing instanton...
610000      4959.711038
610000      4962.497858
610000      4963.485007
610000      4964.510962
Computing instanton...
Computing instanton...
610000      4969.693937
610000      4975.919923
620000      4976.059244
610000      4976.383992
610000      4976.719205
610000      4979.279466
620000      4979.149825
620000      4988.077359
620000      4989.930829
620000      4994.487551
620000      4995.497694
Computing instanton...
Computing instanton...
Computing instanton...
620000      5010.623018
Computing instanton...
610000       5015.71783
620000      5015.922337
620000      5017.008196
620000      5021.170068
620000      5022.042606
Computing instanton...
620000      5033.823837
Computing instanton...
Computing instanton...
Computing instanton...
620000       5038.58165
620000      5040.245914
620000      5040.178277
620000      5043.334498
620000      5043.921629
620000      5044.384758
620000      5047.585206
Computing instanton...
Computing instanton...
620000      5053.559079
630000      5055.791767
620000      5058.602234
620000      5059.653665
620000      5060.860233
630000      5061.308628
630000      5068.204481
630000      5069.985869
Computing instanton...
630000      5078.101246
630000      5080.500639
630000      5089.117759
Computing instanton...
620000      5096.950411
Computing instanton...
630000      5099.062921
630000      5101.040453
630000      5101.397716
630000      5102.552121
Computing instanton...
Computing instanton...
630000      5115.439464
630000      5119.336413
630000      5121.340417
630000      5121.911123
630000      5123.760969
Computing instanton...
630000      5124.338628
630000      5125.092565
630000      5125.332369
Computing instanton...
630000       5132.91766
640000       5134.34015
630000      5135.090549
Computing instanton...
630000      5138.067578
Computing instanton...
630000       5143.07698
Computing instanton...
640000      5148.875519
640000      5151.359659
640000      5151.402033
640000      5159.065026
Computing instanton...
640000       5162.63125
Computing instanton...
640000      5171.673236
640000       5174.64464
Computing instanton...
Computing instanton...
Computing instanton...
640000       5180.97404
630000      5182.045703
640000       5184.00041
640000      5192.574574
Computing instanton...
640000      5195.203897
640000      5197.116796
640000      5200.085263
640000      5200.968943
640000      5203.104994
640000      5203.398683
640000      5205.844463
Computing instanton...
640000      5208.117366
Computing instanton...
Computing instanton...
640000      5217.368557
Computing instanton...
650000      5218.477321
640000      5218.532535
640000      5220.699221
Computing instanton...
650000      5224.772769
640000      5226.209217
Computing instanton...
650000      5228.154156
Computing instanton...
650000      5236.081579
Computing instanton...
650000      5240.632542
650000      5241.637478
Computing instanton...
Computing instanton...
Computing instanton...
650000      5254.407883
Computing instanton...
640000      5258.165866
650000      5258.081162
650000      5259.614686
650000      5264.853726
Computing instanton...
650000      5275.720106
Computing instanton...
650000      5277.480539
650000      5278.068904
Computing instanton...
650000      5278.193451
650000      5283.262156
650000      5285.641903
650000      5287.122515
650000      5287.533011
Computing instanton...
Computing instanton...
650000       5294.66793
650000      5298.168612
660000       5299.59428
Computing instanton...
650000      5302.305941
650000      5306.303191
650000      5309.178099
660000      5309.092928
660000      5310.265562
660000      5312.837827
660000      5318.405933
660000      5320.419024
660000      5333.927811
660000      5340.154362
660000      5340.229949
650000      5342.248163
Computing instanton...
660000      5345.913262
Computing instanton...
Computing instanton...
Computing instanton...
Computing instanton...
660000      5356.262067
660000      5356.337328
660000      5357.545535
Computing instanton...
660000      5360.744807
660000      5361.134798
Computing instanton...
660000      5364.600794
660000      5368.478284
660000      5369.055236
660000      5374.827839
670000      5376.298678
660000      5380.659041
660000      5381.720453
660000      5381.690012
670000      5386.544911
660000      5388.103904
670000      5391.340348
Computing instanton...
670000      5391.997041
Computing instanton...
Computing instanton...
670000      5396.795694
670000      5400.011075
Computing instanton...
Computing instanton...
670000      5414.582284
670000      5417.361443
670000       5417.75567
Computing instanton...
660000      5424.387808
670000       5424.99307
Computing instanton...
Computing instanton...
670000      5434.627639
670000      5435.038779
670000      5435.420515
Computing instanton...
670000      5440.399578
670000      5442.702546
670000      5446.641767
670000      5447.483524
670000      5452.209295
Computing instanton...
670000       5454.39754
670000      5458.980669
680000       5460.12057
680000        5461.5884
670000       5463.20195
670000      5463.780197
670000      5466.664404
680000      5472.974066
680000      5473.745073
Computing instanton...
680000       5478.66188
Computing instanton...
Computing instanton...
680000      5482.594294
Computing instanton...
680000      5495.799512
Computing instanton...
680000      5495.925445
680000       5497.65697
670000      5501.074538
680000       5503.50745
680000      5514.111042
680000      5518.011662
Computing instanton...
680000      5522.562605
680000      5522.874646
680000      5524.032148
680000      5526.513565
680000      5526.769354
680000      5532.020584
Computing instanton...
680000       5539.19014
680000      5539.424198
690000      5541.005599
680000      5540.923148
690000      5542.432534
680000      5545.837247
Computing instanton...
680000      5548.571139
Computing instanton...
690000      5550.479105
Computing instanton...
690000      5554.826659
690000      5560.306761
690000      5565.792189
Computing instanton...
Computing instanton...
Computing instanton...
690000      5575.960781
680000      5579.024891
690000      5579.822207
690000      5584.152889
690000      5584.871107
690000      5593.018925
690000      5594.835698
690000      5599.952624
690000      5604.574354
690000      5607.860945
Computing instanton...
690000      5608.040089
Computing instanton...
690000      5609.419194
Computing instanton...
690000      5609.967464
Computing instanton...
Computing instanton...
Computing instanton...
690000      5619.299892
690000      5620.434154
690000      5620.669811
700000      5623.249481
690000      5624.673024
700000      5625.268813
690000      5630.044866
700000      5631.889697
700000      5637.797106
Computing instanton...
700000      5638.613985
Computing instanton...
700000         5645.097
Computing instanton...
Computing instanton...
Computing instanton...
Computing instanton...
700000      5653.694217
Computing instanton...
700000      5657.534525
690000      5660.208237
700000      5663.418989
700000       5664.80865
700000      5666.923822
700000      5670.778178
Computing instanton...
700000      5676.875802
Computing instanton...
Computing instanton...
Computing instanton...
700000      5685.731738
700000      5685.870127
700000      5686.183806
700000      5686.446665
Computing instanton...
Computing instanton...
700000      5692.270365
Computing instanton...
Computing instanton...
Computing instanton...
700000      5701.986952
700000      5702.602928
Computing instanton...
700000       5703.86313
700000      5704.990238
710000      5704.870442
710000      5707.408587
Computing instanton...
710000      5707.819134
700000      5712.170456
710000      5717.252375
710000      5717.618397
710000      5725.734033
710000      5735.143176
710000      5737.487145
Computing instanton...
700000      5742.228892
710000      5742.249625
710000      5744.527625
Computing instanton...
Computing instanton...
710000       5751.56979
710000       5752.77231
Computing instanton...
Computing instanton...
710000      5758.210397
Computing instanton...
Computing instanton...
710000      5766.529245
710000      5769.095497
710000      5769.648297
710000      5770.360443
Computing instanton...
Computing instanton...
710000      5774.231601
710000      5777.418456
710000      5780.434922
710000      5783.280322
720000      5785.882767
Computing instanton...
710000      5786.609086
720000      5788.628078
720000      5796.326515
710000      5796.805358
720000      5800.038524
720000      5800.362168
720000      5802.213946
Computing instanton...
Computing instanton...
720000      5817.890805
Computing instanton...
720000      5818.724273
720000      5820.518504
710000      5823.127243
720000       5826.19317
Computing instanton...
Computing instanton...
Computing instanton...
Computing instanton...
Computing instanton...
720000      5835.527239
720000      5836.663873
720000      5836.855292
720000      5844.768186
720000      5848.393391
720000      5848.645544
720000      5853.064041
Computing instanton...
720000        5856.1163
720000      5857.982448
Computing instanton...
Computing instanton...
Computing instanton...
720000      5861.565652
730000      5862.579344
Computing instanton...
Computing instanton...
720000      5865.388056
730000      5867.281396
720000        5869.1342
Computing instanton...
720000      5873.435426
730000      5876.038439
730000      5878.538612
Computing instanton...
730000      5883.147704
730000      5884.461372
Computing instanton...
Computing instanton...
Computing instanton...
730000      5899.580202
730000      5901.230021
720000      5901.514644
730000      5902.036957
730000      5903.444491
Computing instanton...
730000      5911.515008
730000      5915.422858
730000      5917.889329
Computing instanton...
730000      5922.530767
730000      5927.365481
Computing instanton...
Computing instanton...
730000      5931.270205
730000      5932.542319
730000      5936.365574
Computing instanton...
Computing instanton...
Computing instanton...
730000      5938.928166
740000      5942.159057
740000       5943.44962
730000      5945.346996
730000      5948.471771
730000      5950.643124
740000      5954.141048
Computing instanton...
730000       5956.51677
Computing instanton...
Computing instanton...
740000      5961.088557
740000      5962.419982
Computing instanton...
740000      5965.095696
Computing instanton...
730000      5981.007918
740000      5981.595128
740000      5981.908496
740000      5982.075484
740000      5983.379333
Computing instanton...
Computing instanton...
740000      5993.799075
740000      5995.855332
740000      5998.896246
740000      5999.483839
740000      6006.759553
Computing instanton...
740000      6012.919915
740000      6015.723822
740000      6017.362851
Computing instanton...
750000      6019.415636
750000      6021.882742
740000      6021.893021
740000      6024.413576
Computing instanton...
750000      6028.881102
740000       6031.62437
Computing instanton...
740000       6032.86125
Computing instanton...
740000      6036.391635
Computing instanton...
750000      6039.377716
750000      6043.260432
Computing instanton...
750000      6044.252083
Computing instanton...
Computing instanton...
750000      6059.628473
740000       6060.50636
Computing instanton...
750000      6063.209017
750000      6063.445982
750000      6067.015681
Computing instanton...
750000      6071.287862
Computing instanton...
750000       6075.45132
750000      6079.761808
750000      6081.128352
750000      6086.074223
750000      6091.489854
750000       6096.23076
750000      6096.189425
760000       6101.42207
760000      6102.712663
Computing instanton...
750000      6105.601721
750000      6107.120477
750000      6113.903563
760000      6114.127321
750000      6114.157743
Computing instanton...
Computing instanton...
760000      6119.017307
Computing instanton...
750000      6119.433508
760000      6125.131822
Computing instanton...
760000      6125.828076
Computing instanton...
Computing instanton...
Computing instanton...
760000      6140.019455
760000      6144.581211
750000      6144.757174
760000      6147.542147
Computing instanton...
760000      6148.567889
760000       6148.96252
Computing instanton...
760000      6158.183174
760000      6159.509246
760000       6164.03454
760000       6168.34189
Computing instanton...
760000       6171.47131
Computing instanton...
Computing instanton...
760000      6178.598761
770000      6181.165386
760000      6181.408294
760000      6185.535044
760000      6185.639586
770000      6186.145462
Computing instanton...
Computing instanton...
Computing instanton...
770000      6192.432133
770000      6193.447811
760000      6194.819785
Computing instanton...
760000      6195.911985
770000      6199.616014
760000      6206.834817
770000      6208.053885
Computing instanton...
770000      6217.489669
770000      6224.233884
770000      6225.109102
Computing instanton...
770000      6228.592425
760000      6228.828802
770000      6230.414065
Computing instanton...
770000      6235.755732
770000      6243.720007
770000      6246.815282
770000      6247.219436
Computing instanton...
770000      6250.949559
770000      6253.613109
Computing instanton...
780000      6260.525745
770000      6261.031301
780000      6264.711269
Computing instanton...
770000      6266.659987
Computing instanton...
770000      6273.129744
780000      6273.372614
780000      6273.593412
770000       6274.15837
770000      6276.418602
780000      6283.320407
770000      6284.522011
Computing instanton...
780000      6292.420744
Computing instanton...
Computing instanton...
Computing instanton...
780000      6299.104749
780000      6303.417642
770000      6308.043406
780000      6308.485608
780000      6309.740855
780000      6310.863435
Computing instanton...
780000      6316.774692
780000      6320.442219
780000      6327.900881
Computing instanton...
780000      6329.318826
780000      6329.153578
Computing instanton...
Computing instanton...
780000      6336.344996
790000      6336.737726
Computing instanton...
790000      6342.955138
Computing instanton...
780000      6343.562199
780000      6348.957928
Computing instanton...
790000      6355.114596
780000      6355.122404
780000        6355.7273
790000      6355.741639
780000      6359.136922
Computing instanton...
790000      6365.964859
Computing instanton...
780000      6369.537872
790000      6370.128716
Computing instanton...
Computing instanton...
790000      6379.512358
790000      6380.484229
Computing instanton...
Computing instanton...
780000      6387.862796
790000      6388.130452
790000      6387.861902
790000      6391.535208
790000      6394.465653
Computing instanton...
Computing instanton...
790000      6404.821987
790000      6408.446697
790000      6409.006488
790000      6409.812273
790000      6416.691596
800000      6417.275803
790000      6423.905684
800000      6425.109594
790000      6425.138715
Computing instanton...
Computing instanton...
Computing instanton...
Computing instanton...
800000      6435.595349
800000      6437.017098
790000      6437.302073
790000      6437.712619
790000       6441.90148
Computing instanton...
800000      6446.897033
Computing instanton...
800000      6450.176036
790000      6452.929269
Computing instanton...
800000      6461.749962
800000      6463.980652
800000      6464.868316
790000      6466.516532
Computing instanton...
Computing instanton...
Computing instanton...
800000      6468.118169
Computing instanton...
Computing instanton...
800000      6471.504733
800000      6476.516694
800000      6484.206777
800000      6485.550068
800000      6488.095828
800000      6488.338144
Computing instanton...
Computing instanton...
810000      6500.518297
800000      6501.097384
800000      6500.826179
800000      6506.219103
810000      6508.620409
Computing instanton...
810000      6513.734666
800000      6515.386787
810000      6515.908935
800000      6519.416714
800000      6521.224228
Computing instanton...
Computing instanton...
810000      6527.581371
810000      6531.002856
Computing instanton...
800000      6533.827655
810000       6542.82311
Computing instanton...
810000      6545.439295
800000      6546.520807
810000      6546.993901
810000      6547.517319
810000      6552.713148
Computing instanton...
810000      6554.057324
Computing instanton...
810000       6557.59974
Computing instanton...
810000      6564.195116
Computing instanton...
Computing instanton...
Computing instanton...
810000        6567.4986
810000      6569.883886
Computing instanton...
810000      6575.237696
Computing instanton...
820000      6581.326828
Computing instanton...
810000      6582.454845
820000      6585.749606
Computing instanton...
Computing instanton...
Computing instanton...
810000      6590.899929
820000      6591.383799
810000      6596.459094
810000      6597.032205
820000      6596.894928
Computing instanton...
820000      6602.936765
Computing instanton...
810000      6604.052651
820000      6608.730807
810000      6608.770828
820000      6624.008978
820000      6624.169836
820000      6627.449434
810000      6628.707152
820000      6628.967326
820000      6632.956078
820000      6635.752303
Computing instanton...
820000      6640.170949
820000      6645.368596
Computing instanton...
820000      6647.534302
820000      6650.009196
Computing instanton...
820000      6653.939684
Computing instanton...
Computing instanton...
820000      6660.047599
830000      6663.046728
830000      6667.035101
Computing instanton...
830000      6671.631803
Computing instanton...
830000      6674.462946
Computing instanton...
820000      6676.231937
Computing instanton...
820000      6681.551338
820000      6682.038449
830000      6684.629741
820000      6684.606661
830000      6685.708502
Computing instanton...
Computing instanton...
820000      6689.811539
830000      6701.041801
820000      6706.043561
830000      6707.021016
830000      6709.150357
Computing instanton...
830000      6714.009701
830000      6714.128563
Computing instanton...
Computing instanton...
830000      6718.940294
Computing instanton...
830000      6722.989733
830000      6723.819163
830000      6724.179128
Computing instanton...
830000      6732.391306
830000      6737.604051
Computing instanton...
830000      6742.833064
840000      6744.455518
840000      6747.957066
840000      6753.394101
840000      6755.186519
Computing instanton...
830000      6757.423715
830000      6759.236335
830000      6762.672444
830000      6762.939373
840000      6763.833592
840000      6767.673337
830000      6768.723622
840000      6779.549656
840000      6787.246531
830000      6788.190384
840000      6790.843186
840000      6792.590717
840000       6795.18504
Computing instanton...
840000       6798.67827
840000      6803.411427
Computing instanton...
840000      6806.092652
840000      6806.984352
Computing instanton...
840000      6812.497607
Computing instanton...
Computing instanton...
840000      6818.690737
840000      6822.034692
850000      6825.170997
850000      6827.635096
850000      6834.548695
840000      6834.832126
850000      6835.097655
Computing instanton...
840000      6836.831116
Computing instanton...
840000      6841.293292
840000      6841.083325
850000      6844.574821
Computing instanton...
850000      6848.656652
840000      6850.286752
Computing instanton...
Computing instanton...
Computing instanton...
Computing instanton...
850000      6862.528067
Computing instanton...
Computing instanton...
840000      6869.603003
850000      6869.847143
850000      6870.654693
Computing instanton...
850000      6873.012444
850000      6877.000252
850000      6877.638702
850000      6882.102121
Computing instanton...
Computing instanton...
Computing instanton...
850000      6890.330893
850000      6890.541988
850000      6890.711095
Computing instanton...
850000       6892.91647
Computing instanton...
Computing instanton...
860000      6900.887295
Computing instanton...
850000      6902.476768
Computing instanton...
Computing instanton...
Computing instanton...
860000      6905.610384
Computing instanton...
Computing instanton...
Computing instanton...
Computing instanton...
Computing instanton...
860000      6916.088937
850000      6916.424542
Computing instanton...
Computing instanton...
850000      6917.822229
860000      6919.269131
850000      6919.320625
860000      6920.513758
850000      6921.791617
850000      6929.035587
Computing instanton...
860000      6929.578171
860000      6939.680901
Computing instanton...
850000      6953.388623
860000      6954.648175
860000      6955.016393
860000       6955.19436
860000      6955.403742
860000      6958.744568
Computing instanton...
860000      6965.940164
Computing instanton...
860000      6968.726303
860000      6971.988686
Computing instanton...
860000      6972.830612
860000      6975.013855
Computing instanton...
Computing instanton...
870000      6982.776422
860000      6984.558395
870000      6987.888976
Computing instanton...
870000      6994.748081
860000      6996.915692
Computing instanton...
860000      6998.562786
860000      6998.955176
860000      7000.495095
870000      7002.335697
870000      7003.024222
860000      7007.657453
870000      7012.547103
Computing instanton...
Computing instanton...
870000      7016.988365
Computing instanton...
Computing instanton...
Computing instanton...
Computing instanton...
870000      7029.422596
860000      7030.026983
870000      7033.712276
870000      7033.736948
870000      7035.665062
870000       7037.67743
870000      7044.563095
870000      7048.378299
870000      7049.163303
Computing instanton...
870000      7053.446336
Computing instanton...
Computing instanton...
870000      7058.938366
880000      7061.112441
880000       7065.79537
870000      7065.781263
Computing instanton...
880000       7074.02921
Computing instanton...
870000      7075.931741
870000      7078.342957
870000      7078.629124
870000      7080.283188
880000      7082.535337
880000      7087.124664
870000      7088.692407
Computing instanton...
Computing instanton...
880000      7092.108763
Computing instanton...
Computing instanton...
880000      7099.573176
880000      7109.062877
880000      7109.648508
870000      7110.547909
Computing instanton...
880000      7113.035089
Computing instanton...
880000      7116.232242
Computing instanton...
Computing instanton...
880000      7122.563993
880000      7123.761089
880000      7125.027649
Computing instanton...
880000      7128.183728
Computing instanton...
880000       7131.82206
Computing instanton...
Computing instanton...
880000      7137.980522
890000      7138.176897
880000        7145.8785
890000      7147.557101
Computing instanton...
Computing instanton...
Computing instanton...
890000       7154.98248
880000      7156.896277
Computing instanton...
880000      7160.452268
880000      7161.303228
880000      7162.784975
Computing instanton...
890000      7166.560456
890000      7169.634433
Computing instanton...
880000      7172.442253
890000      7174.407064
890000      7179.349938
Computing instanton...
Computing instanton...
890000      7187.297584
890000      7188.136258
Computing instanton...
880000      7192.087756
890000      7195.495099
890000      7197.076092
890000      7201.316869
890000      7203.659236
890000       7209.10944
890000      7210.146583
890000      7212.165886
900000      7215.571387
Computing instanton...
Computing instanton...
890000      7221.497923
890000      7224.897416
900000      7229.183622
Computing instanton...
Computing instanton...
900000      7235.837106
890000      7236.481764
890000      7239.022514
890000      7241.174712
Computing instanton...
Computing instanton...
890000       7244.29419
900000      7248.062671
Computing instanton...
900000      7251.256838
900000      7252.127802
890000      7253.488897
900000      7258.563546
Computing instanton...
Computing instanton...
Computing instanton...
Computing instanton...
Computing instanton...
900000      7267.262466
900000      7268.539625
900000      7272.115151
890000      7273.492173
Computing instanton...
Computing instanton...
Computing instanton...
900000      7280.515588
900000      7281.592915
900000      7282.977333
Computing instanton...
900000      7286.703109
Computing instanton...
900000      7288.249698
900000      7292.335967
910000      7292.787265
Computing instanton...
900000      7299.003332
Computing instanton...
900000       7305.12946
910000      7309.826314
Computing instanton...
900000       7316.80195
Computing instanton...
Computing instanton...
900000      7318.277611
910000      7318.888171
Computing instanton...
900000      7323.311427
900000      7324.146522
910000      7328.553044
910000      7331.035012
Computing instanton...
900000      7335.126223
910000      7335.671007
910000      7336.291556
Computing instanton...
910000      7345.798972
910000      7348.307141
Computing instanton...
910000      7353.982231
900000      7355.736746
Computing instanton...
Computing instanton...
910000      7359.348687
910000      7361.434864
Computing instanton...
910000      7362.809011
910000      7365.194501
910000      7368.117624
920000      7369.936552
910000      7375.293451
Computing instanton...
Computing instanton...
Computing instanton...
Computing instanton...
910000      7382.922476
Computing instanton...
Computing instanton...
910000      7386.823453
920000      7387.905882
Computing instanton...
Computing instanton...
910000      7397.037173
Computing instanton...
910000      7400.018804
910000      7400.565939
Computing instanton...
920000      7401.131616
Computing instanton...
Computing instanton...
910000      7404.897174
920000       7406.81501
920000      7408.183903
Computing instanton...
910000      7412.522036
Computing instanton...
Computing instanton...
920000      7417.462026
920000      7419.176487
Computing instanton...
920000      7424.094373
Computing instanton...
920000      7428.465318
Computing instanton...
920000      7433.782159
Computing instanton...
920000      7438.058968
920000      7438.835944
910000      7441.664166
920000       7444.25681
920000      7446.928119
930000      7447.740385
920000      7447.944941
Computing instanton...
Computing instanton...
920000      7455.948358
Computing instanton...
920000      7464.473299
Computing instanton...
Computing instanton...
930000      7466.470332
920000      7470.111741
920000       7477.70351
920000      7478.501064
930000      7481.220419
920000      7483.344649
930000      7484.903494
930000      7486.724074
920000      7490.724028
920000      7493.608195
Computing instanton...
930000      7495.041797
930000      7498.644671
Computing instanton...
930000      7501.777765
930000       7507.81798
930000      7514.889623
930000      7515.224554
930000      7519.011411
920000      7523.305565
Computing instanton...
930000      7525.838061
930000      7525.798884
930000       7526.58023
940000      7533.022477
930000       7535.79412
930000      7543.722364
Computing instanton...
940000      7545.844104
930000       7552.43698
930000      7552.645929
Computing instanton...
930000      7558.202519
940000      7561.412787
930000      7565.918509
940000      7565.801676
940000      7567.601622
930000      7568.712555
Computing instanton...
Computing instanton...
940000      7575.074135
930000      7575.198902
940000      7577.858226
Computing instanton...
940000      7580.041945
Computing instanton...
940000      7587.134313
Computing instanton...
Computing instanton...
940000      7593.939118
940000      7595.423837
Computing instanton...
940000      7597.152731
940000      7601.852405
930000      7606.511985
940000      7610.863819
940000      7611.361473
950000      7616.900356
940000       7617.70938
940000      7620.953365
950000       7623.79715
Computing instanton...
Computing instanton...
940000      7631.855053
940000      7636.031321
940000      7642.649056
950000      7644.031863
940000      7646.802016
950000      7647.409328
940000      7648.974968
950000      7649.309595
940000       7653.63831
Computing instanton...
Computing instanton...
950000      7656.159108
950000      7659.480978
950000      7660.531691
Computing instanton...
950000      7667.434554
950000      7674.337261
950000       7675.18827
950000      7680.210776
950000      7682.858036
Computing instanton...
940000      7687.611017
950000      7687.551459
950000      7692.671695
Computing instanton...
950000      7697.621916
950000      7698.066226
960000      7702.819658
960000      7703.527951
Computing instanton...
Computing instanton...
950000      7709.355158
Computing instanton...
Computing instanton...
950000       7716.71435
Computing instanton...
960000      7721.495893
Computing instanton...
Computing instanton...
Computing instanton...
960000      7726.047632
960000       7727.25743
950000      7727.191546
950000      7728.146101
950000      7731.687245
950000      7734.905697
960000       7735.54822
960000      7736.138372
960000      7742.032985
Computing instanton...
960000      7745.333735
Computing instanton...
Computing instanton...
Computing instanton...
Computing instanton...
Computing instanton...
960000      7754.559592
960000      7755.579295
960000      7757.453424
Computing instanton...
960000      7764.443823
950000      7768.665061
Computing instanton...
960000      7770.835538
960000      7771.957982
960000      7777.252116
960000      7779.104512
970000      7782.547292
970000      7784.628693
960000      7788.344701
Computing instanton...
Computing instanton...
Computing instanton...
960000       7797.82555
Computing instanton...
970000      7806.080005
970000      7808.568027
960000      7809.326712
960000      7809.058389
960000      7810.632199
970000       7811.22848
970000      7811.565445
960000      7814.071261
970000      7818.645661
970000      7819.456481
Computing instanton...
Computing instanton...
970000      7828.450347
970000      7829.285104
Computing instanton...
970000       7833.96074
Computing instanton...
Computing instanton...
970000      7839.963123
Computing instanton...
Computing instanton...
970000      7845.701816
Computing instanton...
960000      7850.905816
970000      7852.037816
Computing instanton...
970000      7853.249431
970000      7853.812786
970000      7858.929195
980000      7862.044099
980000      7864.696053
970000      7870.975924
Computing instanton...
970000      7881.949113
980000       7884.28382
980000      7884.584303
980000      7887.259579
970000      7887.575401
Computing instanton...
970000      7890.783166
970000      7892.353544
980000      7893.555851
Computing instanton...
970000      7894.585426
980000      7897.312287
980000      7898.720922
Computing instanton...
Computing instanton...
Computing instanton...
980000      7910.626741
Computing instanton...
980000      7911.890093
980000      7917.860223
Computing instanton...
980000      7924.678591
980000      7927.458209
970000      7929.163408
980000      7930.861754
980000      7933.110806
980000      7934.119059
980000       7937.42823
Computing instanton...
Computing instanton...
990000      7945.513653
990000      7946.403796
980000      7948.080526
Computing instanton...
980000      7963.877829
Computing instanton...
990000      7964.403518
990000      7965.742974
990000      7968.878885
980000      7969.793798
980000      7971.388918
980000       7975.09867
990000      7975.920293
980000      7976.276734
990000      7978.562689
990000      7980.131062
Computing instanton...
Computing instanton...
Computing instanton...
990000      7990.112027
990000      7990.983592
Computing instanton...
990000      7996.542518
Computing instanton...
Computing instanton...
Computing instanton...
990000      8005.664696
990000      8006.793601
980000      8011.338527
990000      8014.941052
990000      8014.853033
990000      8015.569553
Computing instanton...
990000       8021.71958
1000000       8027.203629
1000000       8030.480885
990000      8032.585662
Computing instanton...
Computing instanton...
Computing instanton...
Computing instanton...
Computing instanton...
990000      8044.407745
1000000       8045.288362
Computing instanton...
1000000       8046.719037
1000000       8047.162718
990000      8050.756465
990000      8051.572538
Computing instanton...
1000000       8052.954132
990000      8053.645236
1000000       8054.168101
990000      8054.136579
1000000       8058.065926
Computing instanton...
1000000       8063.196164
1000000       8063.629122
1000000       8065.981708
Computing instanton...
1000000       8069.964466
1000000       8071.528894
990000      8072.521905
1000000       8073.667309
1000000       8075.173743
1000000       8076.140329
1000000        8076.41074
Computing instanton...
1000000       8080.749592
1000000       8083.965244
1000000       8085.835348
1000000        8085.91088
1000000       8085.796241
1000000       8086.260628
1000000       8088.927383
Combining output...
