24000000 0.007 10.0 30 0.0 B 3 1 0.003936 0 55.0 -1 4
Unrecognized MATLAB option "wait".
Unrecognized MATLAB option "minimize".

                            < M A T L A B (R) >
                  Copyright 1984-2017 The MathWorks, Inc.
                   R2017b (9.3.0.713579) 64-bit (glnxa64)
                             September 14, 2017

Unrecognized MATLAB option "wait".
Unrecognized MATLAB option "minimize".

                            < M A T L A B (R) >
                  Copyright 1984-2017 The MathWorks, Inc.
                   R2017b (9.3.0.713579) 64-bit (glnxa64)
                             September 14, 2017

Unrecognized MATLAB option "wait".
Unrecognized MATLAB option "minimize".

                            < M A T L A B (R) >
                  Copyright 1984-2017 The MathWorks, Inc.
                   R2017b (9.3.0.713579) 64-bit (glnxa64)
                             September 14, 2017

Unrecognized MATLAB option "wait".
Unrecognized MATLAB option "minimize".

                            < M A T L A B (R) >
                  Copyright 1984-2017 The MathWorks, Inc.
                   R2017b (9.3.0.713579) 64-bit (glnxa64)
                             September 14, 2017

Unrecognized MATLAB option "wait".
Unrecognized MATLAB option "minimize".

                            < M A T L A B (R) >
                  Copyright 1984-2017 The MathWorks, Inc.
                   R2017b (9.3.0.713579) 64-bit (glnxa64)
                             September 14, 2017

Unrecognized MATLAB option "wait".
Unrecognized MATLAB option "minimize".

                            < M A T L A B (R) >
                  Copyright 1984-2017 The MathWorks, Inc.
                   R2017b (9.3.0.713579) 64-bit (glnxa64)
                             September 14, 2017

Unrecognized MATLAB option "wait".
Unrecognized MATLAB option "minimize".

                            < M A T L A B (R) >
                  Copyright 1984-2017 The MathWorks, Inc.
                   R2017b (9.3.0.713579) 64-bit (glnxa64)
                             September 14, 2017

Unrecognized MATLAB option "wait".
Unrecognized MATLAB option "minimize".

                            < M A T L A B (R) >
                  Copyright 1984-2017 The MathWorks, Inc.
                   R2017b (9.3.0.713579) 64-bit (glnxa64)
                             September 14, 2017

Unrecognized MATLAB option "wait".
Unrecognized MATLAB option "minimize".

                            < M A T L A B (R) >
                  Copyright 1984-2017 The MathWorks, Inc.
                   R2017b (9.3.0.713579) 64-bit (glnxa64)
                             September 14, 2017

Unrecognized MATLAB option "wait".
Unrecognized MATLAB option "minimize".

                            < M A T L A B (R) >
                  Copyright 1984-2017 The MathWorks, Inc.
                   R2017b (9.3.0.713579) 64-bit (glnxa64)
                             September 14, 2017

Unrecognized MATLAB option "wait".
Unrecognized MATLAB option "minimize".

                            < M A T L A B (R) >
                  Copyright 1984-2017 The MathWorks, Inc.
                   R2017b (9.3.0.713579) 64-bit (glnxa64)
                             September 14, 2017

Unrecognized MATLAB option "wait".
Unrecognized MATLAB option "minimize".

                            < M A T L A B (R) >
                  Copyright 1984-2017 The MathWorks, Inc.
                   R2017b (9.3.0.713579) 64-bit (glnxa64)
                             September 14, 2017

Unrecognized MATLAB option "wait".
Unrecognized MATLAB option "minimize".

                            < M A T L A B (R) >
                  Copyright 1984-2017 The MathWorks, Inc.
                   R2017b (9.3.0.713579) 64-bit (glnxa64)
                             September 14, 2017

Unrecognized MATLAB option "wait".
Unrecognized MATLAB option "minimize".

                            < M A T L A B (R) >
                  Copyright 1984-2017 The MathWorks, Inc.
                   R2017b (9.3.0.713579) 64-bit (glnxa64)
                             September 14, 2017

Unrecognized MATLAB option "wait".
Unrecognized MATLAB option "minimize".

                            < M A T L A B (R) >
                  Copyright 1984-2017 The MathWorks, Inc.
                   R2017b (9.3.0.713579) 64-bit (glnxa64)
                             September 14, 2017

Unrecognized MATLAB option "wait".
Unrecognized MATLAB option "minimize".

                            < M A T L A B (R) >
                  Copyright 1984-2017 The MathWorks, Inc.
                   R2017b (9.3.0.713579) 64-bit (glnxa64)
                             September 14, 2017

Unrecognized MATLAB option "wait".
Unrecognized MATLAB option "minimize".

                            < M A T L A B (R) >
                  Copyright 1984-2017 The MathWorks, Inc.
                   R2017b (9.3.0.713579) 64-bit (glnxa64)
                             September 14, 2017

Unrecognized MATLAB option "wait".
Unrecognized MATLAB option "minimize".

                            < M A T L A B (R) >
                  Copyright 1984-2017 The MathWorks, Inc.
                   R2017b (9.3.0.713579) 64-bit (glnxa64)
                             September 14, 2017

Unrecognized MATLAB option "wait".
Unrecognized MATLAB option "minimize".

                            < M A T L A B (R) >
                  Copyright 1984-2017 The MathWorks, Inc.
                   R2017b (9.3.0.713579) 64-bit (glnxa64)
                             September 14, 2017

Unrecognized MATLAB option "wait".
Unrecognized MATLAB option "minimize".

                            < M A T L A B (R) >
                  Copyright 1984-2017 The MathWorks, Inc.
                   R2017b (9.3.0.713579) 64-bit (glnxa64)
                             September 14, 2017

Unrecognized MATLAB option "wait".
Unrecognized MATLAB option "minimize".

                            < M A T L A B (R) >
                  Copyright 1984-2017 The MathWorks, Inc.
                   R2017b (9.3.0.713579) 64-bit (glnxa64)
                             September 14, 2017

Unrecognized MATLAB option "wait".
Unrecognized MATLAB option "minimize".

                            < M A T L A B (R) >
                  Copyright 1984-2017 The MathWorks, Inc.
                   R2017b (9.3.0.713579) 64-bit (glnxa64)
                             September 14, 2017

Unrecognized MATLAB option "wait".
Unrecognized MATLAB option "minimize".

                            < M A T L A B (R) >
                  Copyright 1984-2017 The MathWorks, Inc.
                   R2017b (9.3.0.713579) 64-bit (glnxa64)
                             September 14, 2017

Unrecognized MATLAB option "wait".
Unrecognized MATLAB option "minimize".

                            < M A T L A B (R) >
                  Copyright 1984-2017 The MathWorks, Inc.
                   R2017b (9.3.0.713579) 64-bit (glnxa64)
                             September 14, 2017

 
 
For online documentation, see http://www.mathworks.com/support
For product information, visit www.mathworks.com.
 
For online documentation, see http://www.mathworks.com/support
For product information, visit www.mathworks.com.
 
 
For online documentation, see http://www.mathworks.com/support
For product information, visit www.mathworks.com.
 
 
For online documentation, see http://www.mathworks.com/support
For product information, visit www.mathworks.com.
 
 
For online documentation, see http://www.mathworks.com/support
 
For product information, visit www.mathworks.com.
 
For online documentation, see http://www.mathworks.com/support
For product information, visit www.mathworks.com.
 
 
For online documentation, see http://www.mathworks.com/support
For product information, visit www.mathworks.com.
 
 
 
 
 
 
For online documentation, see http://www.mathworks.com/support
For product information, visit www.mathworks.com.
 
 
For online documentation, see http://www.mathworks.com/support
For online documentation, see http://www.mathworks.com/support
For product information, visit www.mathworks.com.
 
For product information, visit www.mathworks.com.
 
 
For online documentation, see http://www.mathworks.com/support
For product information, visit www.mathworks.com.
 
For online documentation, see http://www.mathworks.com/support
For product information, visit www.mathworks.com.
 
For online documentation, see http://www.mathworks.com/support
For product information, visit www.mathworks.com.
 
For online documentation, see http://www.mathworks.com/support
For product information, visit www.mathworks.com.
 
 
 
For online documentation, see http://www.mathworks.com/support
For product information, visit www.mathworks.com.
 
For online documentation, see http://www.mathworks.com/support
 
For product information, visit www.mathworks.com.
 
 
 
For online documentation, see http://www.mathworks.com/support
For product information, visit www.mathworks.com.
 
For online documentation, see http://www.mathworks.com/support
For product information, visit www.mathworks.com.
 
For online documentation, see http://www.mathworks.com/support
For product information, visit www.mathworks.com.
 
 
 
For online documentation, see http://www.mathworks.com/support
For product information, visit www.mathworks.com.
 
For online documentation, see http://www.mathworks.com/support
For product information, visit www.mathworks.com.
 
 
For online documentation, see http://www.mathworks.com/support
For product information, visit www.mathworks.com.
 
 
For online documentation, see http://www.mathworks.com/support
For product information, visit www.mathworks.com.
 
 
For online documentation, see http://www.mathworks.com/support
For product information, visit www.mathworks.com.
 
outfile: ../data/out_0006/.worker_12.txt
outfile: ../data/out_0006/.worker_7.txt
outfile: ../data/out_0006/.worker_19.txt
outfile: ../data/out_0006/.worker_18.txt
outfile: ../data/out_0006/.worker_11.txt
outfile: ../data/out_0006/.worker_0.txt
outfile: ../data/out_0006/.worker_16.txt
outfile: ../data/out_0006/.worker_20.txt
outfile: ../data/out_0006/.worker_14.txt
outfile: ../data/out_0006/.worker_21.txt
outfile: ../data/out_0006/.worker_3.txt
outfile: ../data/out_0006/.worker_2.txt
outfile: ../data/out_0006/.worker_5.txt
outfile: ../data/out_0006/.worker_1.txt
outfile: ../data/out_0006/.worker_10.txt
outfile: ../data/out_0006/.worker_8.txt
outfile: ../data/out_0006/.worker_6.txt
outfile: ../data/out_0006/.worker_23.txt
outfile: ../data/out_0006/.worker_15.txt
outfile: ../data/out_0006/.worker_9.txt
outfile: ../data/out_0006/.worker_13.txt
outfile: ../data/out_0006/.worker_22.txt
outfile: ../data/out_0006/.worker_4.txt
outfile: ../data/out_0006/.worker_17.txt
Computing instanton...
Computing instanton...
Computing instanton...
Computing instanton...
Computing instanton...
Computing instanton...
Computing instanton...
Computing instanton...
Computing instanton...
10000       57.291646
Computing instanton...
Computing instanton...
10000       58.791009
10000       59.601736
10000       59.947948
10000       60.888341
10000       61.224748
10000       61.656704
10000       61.766003
10000       61.719782
10000        62.75852
10000        62.69457
10000       62.681638
10000       63.665051
10000       63.887717
10000       64.260438
10000       64.428322
10000       64.749398
10000       65.151935
10000       65.756934
10000       67.093129
10000       66.915812
10000       67.182332
Computing instanton...
Computing instanton...
10000       69.197514
Computing instanton...
Computing instanton...
10000       70.641511
Computing instanton...
Computing instanton...
Computing instanton...
Computing instanton...
Computing instanton...
Computing instanton...
Computing instanton...
20000      114.932942
20000      115.073789
20000      116.628769
20000      117.374071
20000      117.543618
20000      119.567957
20000      119.755976
20000      119.856065
20000      120.238811
20000      120.530963
20000      121.384226
20000      121.932632
20000       122.24258
20000      122.076518
20000      122.803096
20000      123.468762
20000       124.11111
20000      123.959904
20000      125.077253
20000      125.897578
20000      126.005299
20000      126.870216
Computing instanton...
20000      130.201575
Computing instanton...
20000      132.938037
Computing instanton...
Computing instanton...
Computing instanton...
Computing instanton...
Computing instanton...
Computing instanton...
Computing instanton...
Computing instanton...
Computing instanton...
30000      173.385529
30000      173.886367
30000      175.874777
30000      176.262812
30000      176.807658
30000      177.009864
30000      177.519498
30000      177.925982
30000      178.780846
30000      180.376306
30000      180.753437
30000      180.831947
30000      181.054456
30000      181.871471
30000      181.827702
30000      182.355196
30000      182.897272
30000      183.223386
30000      184.182182
30000      184.261242
30000      186.006689
30000      186.004824
30000      186.753831
30000      190.934756
Computing instanton...
Computing instanton...
Computing instanton...
Computing instanton...
Computing instanton...
Computing instanton...
Computing instanton...
40000      229.203393
40000      232.149196
40000      234.767346
40000      234.994679
40000      235.432908
40000      235.603012
40000      236.785847
40000      238.028883
40000      237.849592
Computing instanton...
Computing instanton...
40000      238.949393
40000      239.023181
40000      239.452332
Computing instanton...
40000      240.114057
Computing instanton...
40000      240.305805
40000       240.53186
40000      240.818283
40000      241.229049
40000       242.32804
Computing instanton...
Computing instanton...
40000      243.257444
40000      244.655235
Computing instanton...
40000      245.863723
40000       246.81729
Computing instanton...
40000      249.885062
Computing instanton...
40000      250.439214
Computing instanton...
Computing instanton...
Computing instanton...
Computing instanton...
Computing instanton...
50000      282.723675
Computing instanton...
50000      287.156823
Computing instanton...
50000       289.24374
Computing instanton...
50000      290.570906
50000      291.169639
Computing instanton...
50000      294.508007
50000      294.227479
50000      294.690539
50000       295.12104
50000      295.232472
50000      296.396616
50000      296.372459
50000      296.625836
50000      296.879725
50000      297.704795
50000      298.460236
50000      298.875675
Computing instanton...
50000      301.759524
Computing instanton...
50000      304.632241
50000      305.169957
50000      306.054876
Computing instanton...
50000      307.100865
50000      309.193914
50000      314.126614
Computing instanton...
Computing instanton...
Computing instanton...
Computing instanton...
Computing instanton...
Computing instanton...
Computing instanton...
Computing instanton...
Computing instanton...
60000      341.687709
60000      349.441103
60000      350.716903
60000      352.119786
Computing instanton...
60000       354.11109
60000      354.454203
60000      354.687355
60000      355.053053
60000      355.304688
60000      355.497105
60000      355.684144
Computing instanton...
60000      358.862057
60000      359.822711
60000      359.775557
60000      360.456226
60000      360.238386
60000      364.278555
60000      364.682334
60000      364.846107
Computing instanton...
60000      366.603084
60000      368.224738
60000      370.061719
60000      369.849774
60000      373.131822
Computing instanton...
Computing instanton...
Computing instanton...
Computing instanton...
70000      398.550791
Computing instanton...
70000      406.706434
70000      406.598392
70000      410.143913
70000      410.310695
70000      410.814905
70000      410.629999
70000      411.781426
Computing instanton...
70000      412.183527
Computing instanton...
70000      412.754829
70000      413.223589
70000      414.592653
70000      416.484048
70000      417.228793
70000      417.779496
70000      418.913028
Computing instanton...
70000      422.548694
70000      423.163232
70000      423.642391
70000      423.771405
70000      425.870552
Computing instanton...
70000      426.149152
70000      426.672741
Computing instanton...
Computing instanton...
70000      431.052917
Computing instanton...
Computing instanton...
Computing instanton...
Computing instanton...
Computing instanton...
Computing instanton...
Computing instanton...
Computing instanton...
Computing instanton...
Computing instanton...
Computing instanton...
Computing instanton...
80000      457.418487
Computing instanton...
80000      462.674648
80000      464.921058
Computing instanton...
80000      466.593988
80000      466.617004
80000      467.657667
Computing instanton...
80000      471.122458
80000       471.44236
80000      471.971744
80000      471.619911
80000      472.638711
80000      474.348991
80000      474.636281
80000      476.187408
80000      476.770448
80000      477.279644
80000      479.674181
80000      480.310158
80000      481.268726
80000      482.255948
Computing instanton...
80000      482.820475
80000      485.446087
80000      486.845031
80000      486.955337
Computing instanton...
Computing instanton...
Computing instanton...
Computing instanton...
90000      518.759038
90000      522.715778
90000      522.495109
90000      524.111521
90000      524.269947
90000      525.309361
90000      527.365234
90000       527.30409
90000      527.738774
90000      529.321418
90000      530.177167
Computing instanton...
Computing instanton...
90000      531.672275
90000       531.53587
90000      532.105451
90000      532.825117
90000      535.959974
90000      538.366712
90000      538.544349
90000      539.569447
90000      539.797304
90000      540.569178
90000      541.004534
Computing instanton...
90000      541.898718
90000      545.722144
Computing instanton...
Computing instanton...
Computing instanton...
Computing instanton...
100000       576.741673
Computing instanton...
100000        577.15351
100000       578.401905
100000       579.398417
100000       582.526475
100000       583.151462
100000        585.04306
100000       585.478833
100000       586.383958
100000       586.445084
100000       588.502959
100000       590.792156
Computing instanton...
100000       591.622786
Computing instanton...
100000       593.259153
100000        594.11477
100000       594.185577
100000       594.972459
100000       596.323235
Computing instanton...
100000       596.524881
100000       597.833669
100000       598.712971
100000       600.381904
100000       600.778435
Computing instanton...
100000       604.379944
Computing instanton...
Computing instanton...
Computing instanton...
Computing instanton...
Computing instanton...
Computing instanton...
110000       632.735913
110000       635.614315
110000       638.117304
110000       638.598704
110000       639.424507
110000        640.29557
110000       640.786889
110000       643.628318
110000       644.350785
110000       645.869326
110000       646.476215
110000       647.088276
110000       648.479583
110000       652.305868
110000       652.990813
110000       653.062546
110000       654.114674
110000       654.276237
110000         654.5365
110000       655.453692
110000       655.878617
Computing instanton...
110000       656.071271
110000       656.354393
110000       663.245586
Computing instanton...
Computing instanton...
Computing instanton...
Computing instanton...
Computing instanton...
120000       686.637619
120000       689.557091
120000       690.903998
Computing instanton...
Computing instanton...
120000       693.502788
120000       697.252049
120000       699.766741
120000        700.02737
120000       701.682151
120000       701.185762
120000       701.713038
Computing instanton...
120000       702.698546
120000        703.11528
120000       706.489121
120000       706.319376
120000       709.182074
120000       709.850513
120000       709.749096
120000       709.926779
120000       710.537122
120000       711.996571
Computing instanton...
120000       715.871531
120000       716.918271
Computing instanton...
Computing instanton...
Computing instanton...
120000       717.871986
120000       718.776881
Computing instanton...
Computing instanton...
Computing instanton...
130000       744.605179
130000       746.593978
130000       747.320181
130000       750.831467
130000       751.287679
Computing instanton...
130000       756.540484
130000       756.779294
130000       756.606418
130000       757.023046
130000       757.666144
130000       760.464142
130000        760.41612
130000       761.828911
130000       764.151641
130000        765.51742
130000       766.229474
130000        766.54298
Computing instanton...
130000       767.770629
130000       770.096578
130000       771.713025
130000       772.206276
130000       774.465075
130000       779.672711
130000        779.93232
Computing instanton...
Computing instanton...
Computing instanton...
Computing instanton...
Computing instanton...
140000        794.53526
Computing instanton...
Computing instanton...
Computing instanton...
Computing instanton...
140000       804.585843
140000       804.925339
140000       806.542563
140000       811.803872
140000       813.080971
140000       813.665789
140000       814.704555
140000       814.341622
140000       816.010525
140000       817.046809
140000        818.55109
140000       819.220014
140000       820.260549
140000       821.401259
140000       821.800942
Computing instanton...
140000       824.727726
Computing instanton...
140000       825.340915
140000       827.340153
140000       830.621337
140000       831.068643
140000       832.550787
Computing instanton...
140000       834.381693
140000       838.131839
Computing instanton...
Computing instanton...
150000       854.127181
Computing instanton...
150000       860.110963
150000       864.362083
150000       865.887625
150000       866.724085
150000       866.737775
150000       868.691797
150000       869.588168
150000       872.594949
150000         873.3708
150000        873.29262
Computing instanton...
150000       873.936636
150000        874.03881
150000       877.589609
150000       878.389078
Computing instanton...
150000       880.238512
150000       881.676181
150000       882.715225
150000       883.883044
150000       883.662603
Computing instanton...
150000       888.762987
150000       888.923482
150000       893.606107
150000        897.33443
Computing instanton...
Computing instanton...
Computing instanton...
Computing instanton...
160000       907.353419
Computing instanton...
Computing instanton...
Computing instanton...
160000       917.598782
160000       920.035379
160000       921.446837
160000       922.629165
Computing instanton...
160000         923.3341
160000       924.414706
Computing instanton...
Computing instanton...
160000       927.279602
160000       927.254524
160000       928.648506
Computing instanton...
160000       931.927763
160000        933.75414
160000       933.527978
160000       934.962994
160000       935.369744
160000       935.922246
160000       936.704642
160000       940.828637
160000       941.859337
160000        942.93525
160000       944.333006
160000       944.421328
160000       952.581061
160000       953.262675
Computing instanton...
Computing instanton...
Computing instanton...
170000       966.879948
Computing instanton...
170000       968.992047
Computing instanton...
Computing instanton...
170000       978.374404
Computing instanton...
170000        980.30113
170000       981.023873
Computing instanton...
170000        982.20223
170000       983.795725
170000       984.356628
Computing instanton...
170000       985.787188
170000       986.652976
170000       987.886298
170000       988.682576
170000       989.860679
170000       989.973254
Computing instanton...
170000       992.249912
Computing instanton...
170000       994.358829
170000       996.851876
170000       998.669174
170000       998.385228
170000        998.65357
170000      1002.115689
170000      1002.315623
Computing instanton...
Computing instanton...
Computing instanton...
170000      1008.680397
Computing instanton...
Computing instanton...
170000      1013.528025
Computing instanton...
Computing instanton...
Computing instanton...
Computing instanton...
180000      1023.469233
Computing instanton...
180000      1025.650632
Computing instanton...
Computing instanton...
180000      1033.601987
180000      1033.848478
180000      1034.870279
180000      1038.864047
180000       1039.11475
Computing instanton...
180000      1042.449038
180000      1043.998617
180000      1047.533452
180000      1048.140129
180000      1048.517838
180000      1048.626695
180000      1048.936817
180000      1049.299327
180000      1050.866263
180000      1053.442206
180000      1054.281628
Computing instanton...
180000      1055.262937
180000      1058.181422
Computing instanton...
180000      1063.526244
180000      1064.638076
180000      1066.176515
Computing instanton...
180000      1073.428815
190000      1081.797944
190000      1081.830394
Computing instanton...
190000      1090.978841
Computing instanton...
Computing instanton...
190000      1092.706516
190000      1092.455004
190000      1093.206583
Computing instanton...
Computing instanton...
Computing instanton...
190000      1097.113325
190000      1099.879235
190000      1100.176254
190000      1101.980644
190000      1104.006765
190000      1104.840177
190000      1106.300314
Computing instanton...
190000      1109.041485
190000      1109.125283
190000      1110.786455
190000      1111.165075
Computing instanton...
190000      1112.214408
190000      1116.482241
190000      1117.730863
190000      1118.625603
190000      1119.364303
190000      1123.168213
Computing instanton...
190000      1131.097996
Computing instanton...
200000      1134.814111
Computing instanton...
Computing instanton...
200000      1140.262261
Computing instanton...
Computing instanton...
200000       1148.13795
200000      1148.222184
Computing instanton...
Computing instanton...
200000      1151.555797
200000      1151.377936
200000      1153.195168
Computing instanton...
200000      1157.860023
Computing instanton...
200000      1160.480464
200000      1161.419359
200000      1161.380562
200000      1161.780482
200000      1161.686614
200000      1164.247201
200000      1165.836438
200000      1166.098062
Computing instanton...
200000      1169.549075
200000      1170.094501
200000      1171.029936
Computing instanton...
200000      1173.378962
Computing instanton...
200000      1175.840701
200000      1176.526404
200000      1176.510496
Computing instanton...
Computing instanton...
210000      1187.951145
200000      1189.512752
Computing instanton...
Computing instanton...
210000      1194.872067
Computing instanton...
Computing instanton...
210000      1200.527613
210000      1205.090164
Computing instanton...
210000      1205.677406
Computing instanton...
Computing instanton...
210000      1208.940403
Computing instanton...
Computing instanton...
210000      1215.841747
210000      1217.410509
210000      1218.061873
210000      1218.318477
210000      1219.057658
210000      1218.618335
210000      1219.033769
Computing instanton...
210000      1223.083661
210000       1224.30728
210000      1224.515479
Computing instanton...
210000       1227.49448
Computing instanton...
210000      1228.927261
210000      1230.474744
210000      1231.706441
Computing instanton...
210000      1234.201091
210000      1235.450009
210000      1236.363754
Computing instanton...
Computing instanton...
Computing instanton...
210000      1245.150303
220000      1245.722985
Computing instanton...
Computing instanton...
220000      1255.150531
220000      1255.832071
220000      1259.895706
Computing instanton...
220000      1262.874099
220000      1266.511938
220000      1273.158083
220000      1273.992097
220000      1274.022563
220000      1274.870863
220000      1275.119283
220000      1275.778996
220000      1277.418741
220000      1279.307213
220000      1279.974756
220000      1280.044818
Computing instanton...
220000      1282.796759
Computing instanton...
Computing instanton...
220000      1287.154263
220000      1289.297333
220000      1291.648798
220000      1292.593575
Computing instanton...
220000      1293.147592
220000      1293.854391
Computing instanton...
230000      1299.893073
220000      1301.919214
Computing instanton...
Computing instanton...
230000      1313.055834
230000      1314.854035
230000      1318.067646
Computing instanton...
Computing instanton...
230000      1323.546308
Computing instanton...
230000      1325.063185
Computing instanton...
Computing instanton...
230000      1328.371541
230000      1329.961119
230000      1330.930274
230000      1332.076143
230000      1331.945795
230000       1332.48323
230000      1333.958229
230000      1334.215339
230000      1336.689689
Computing instanton...
230000       1337.88229
Computing instanton...
Computing instanton...
230000      1341.756035
230000      1341.830384
Computing instanton...
Computing instanton...
230000      1345.469867
Computing instanton...
230000      1347.369786
Computing instanton...
230000      1350.829826
230000      1351.022061
Computing instanton...
Computing instanton...
230000      1352.505045
Computing instanton...
240000      1357.890471
230000      1362.047757
Computing instanton...
240000      1368.886667
240000      1369.524897
Computing instanton...
Computing instanton...
240000      1373.232189
240000      1381.285915
240000      1382.317032
240000      1382.559315
240000       1384.38462
240000      1385.944451
240000      1386.794537
240000      1386.998218
240000      1388.128751
240000       1389.59961
240000      1392.913281
240000      1393.053013
Computing instanton...
240000      1394.368966
240000      1395.422667
240000      1400.479509
Computing instanton...
240000      1401.255387
Computing instanton...
Computing instanton...
240000      1407.605546
240000       1408.14029
240000      1408.689188
240000      1409.856106
Computing instanton...
Computing instanton...
250000      1417.416709
Computing instanton...
Computing instanton...
240000      1419.547465
250000      1424.399077
Computing instanton...
250000      1425.681978
250000      1430.497182
Computing instanton...
250000      1438.269279
250000      1438.568285
250000      1439.060676
250000      1439.978659
250000      1440.139119
250000      1442.343022
250000      1442.678605
250000      1447.128386
250000      1450.199805
250000      1451.272365
250000      1451.329467
250000        1451.6412
250000      1457.579838
250000      1457.702953
250000      1458.113886
Computing instanton...
250000      1461.688659
250000      1462.800671
250000      1463.465287
Computing instanton...
250000      1469.147654
260000      1472.283582
250000      1474.561998
Computing instanton...
Computing instanton...
Computing instanton...
Computing instanton...
Computing instanton...
Computing instanton...
260000      1484.101264
260000      1485.106757
260000      1487.987659
Computing instanton...
260000      1493.305579
260000      1497.117663
Computing instanton...
260000      1497.438253
260000      1497.521412
260000      1497.704449
260000      1499.750971
260000      1499.676854
Computing instanton...
Computing instanton...
260000      1505.703284
260000      1505.697414
260000      1505.602136
Computing instanton...
260000      1508.765286
260000      1510.737344
260000       1512.21971
260000      1513.028615
260000        1515.2759
Computing instanton...
Computing instanton...
260000      1517.330176
Computing instanton...
260000      1521.547762
260000      1521.682257
260000      1525.441925
Computing instanton...
270000      1527.997033
Computing instanton...
260000      1532.460337
Computing instanton...
Computing instanton...
270000       1540.45748
270000      1542.062861
270000      1543.481161
270000       1545.67568
Computing instanton...
Computing instanton...
Computing instanton...
270000      1552.487536
270000       1553.66993
270000      1554.075372
Computing instanton...
270000      1554.943081
270000      1557.162227
270000      1557.837209
270000      1559.701083
Computing instanton...
270000      1561.896418
Computing instanton...
270000      1563.372541
270000      1564.650813
270000      1568.278038
270000      1569.458403
270000       1572.59976
Computing instanton...
270000      1572.571384
270000       1573.93272
Computing instanton...
270000      1578.647052
270000      1578.771792
Computing instanton...
Computing instanton...
270000      1580.877764
Computing instanton...
270000      1589.285331
280000      1589.875132
Computing instanton...
Computing instanton...
280000      1598.609059
Computing instanton...
280000      1598.714287
Computing instanton...
Computing instanton...
280000      1601.752813
Computing instanton...
280000      1602.037434
280000       1604.87402
280000      1605.026484
280000      1608.496442
280000       1611.13014
Computing instanton...
280000      1615.420069
280000      1616.382627
280000      1616.218323
280000      1620.019214
280000      1620.182945
280000      1620.029636
280000       1620.42721
280000      1627.743161
Computing instanton...
Computing instanton...
280000      1630.166964
280000      1632.938174
Computing instanton...
280000      1634.981074
280000       1635.65241
280000      1636.264467
280000      1637.253257
Computing instanton...
290000      1644.167595
Computing instanton...
280000      1650.601636
290000      1653.254661
Computing instanton...
290000       1657.22364
290000      1657.239197
290000      1658.183808
Computing instanton...
Computing instanton...
Computing instanton...
290000      1662.840719
Computing instanton...
290000      1666.915991
Computing instanton...
290000      1669.011735
290000      1669.647692
290000       1671.63743
290000      1671.994503
290000      1673.024324
Computing instanton...
290000      1674.418633
290000      1677.745663
290000      1678.006214
290000      1679.373304
Computing instanton...
290000      1680.772929
Computing instanton...
290000      1686.092088
290000      1690.284136
290000      1690.891202
290000      1691.061535
Computing instanton...
Computing instanton...
290000      1695.401538
290000      1695.480337
300000      1698.795211
Computing instanton...
Computing instanton...
Computing instanton...
290000      1707.442549
300000      1711.437736
Computing instanton...
Computing instanton...
300000      1713.015463
Computing instanton...
300000      1716.460575
300000      1717.050672
300000      1717.962986
Computing instanton...
300000      1721.969887
300000       1721.68209
Computing instanton...
300000       1726.45623
300000      1729.225548
300000      1729.571926
300000      1730.177975
300000      1730.319027
Computing instanton...
300000       1734.02983
Computing instanton...
300000       1734.58058
300000      1737.179794
Computing instanton...
300000      1738.545859
Computing instanton...
300000      1740.781095
Computing instanton...
300000      1745.449151
300000      1746.030955
Computing instanton...
Computing instanton...
300000      1751.932045
300000      1753.397507
300000      1754.058193
310000      1756.626058
Computing instanton...
Computing instanton...
Computing instanton...
310000      1766.553568
310000      1767.563028
300000      1768.595289
Computing instanton...
310000      1772.692376
310000      1773.329903
310000      1775.214071
Computing instanton...
310000      1777.519879
310000      1781.217251
310000      1781.269056
310000      1781.946303
310000      1782.273765
310000      1785.043914
310000       1785.87476
Computing instanton...
310000      1789.430858
310000      1791.176472
310000      1791.746328
310000      1796.751663
Computing instanton...
310000      1800.438273
310000       1802.81889
310000      1804.008759
Computing instanton...
310000      1806.439479
310000      1808.967079
320000      1810.917094
310000      1812.415025
Computing instanton...
320000      1820.364553
Computing instanton...
Computing instanton...
320000      1823.990889
310000       1825.10756
320000      1825.888051
Computing instanton...
320000      1827.877178
320000      1829.342748
Computing instanton...
320000      1834.821555
Computing instanton...
320000      1836.317186
Computing instanton...
320000       1838.57598
320000      1839.127807
320000      1840.112976
320000      1840.641021
Computing instanton...
320000      1844.623014
320000      1845.595026
320000      1847.963554
320000      1849.811432
Computing instanton...
320000      1854.369194
320000      1858.338184
320000      1859.749909
Computing instanton...
320000      1861.518558
320000      1861.757273
Computing instanton...
Computing instanton...
330000      1867.553618
320000      1868.263891
320000      1873.164953
330000      1881.206966
330000       1881.36301
Computing instanton...
320000      1882.677222
330000      1884.045318
Computing instanton...
330000      1884.765886
Computing instanton...
330000      1887.470081
Computing instanton...
330000      1892.959684
330000      1895.568774
330000      1896.121526
330000      1895.946032
330000      1897.647335
Computing instanton...
330000      1898.955887
Computing instanton...
330000      1900.385216
330000      1901.240397
Computing instanton...
330000      1905.665725
Computing instanton...
Computing instanton...
330000      1907.305863
Computing instanton...
330000      1914.078585
Computing instanton...
330000       1916.02269
330000      1917.986626
Computing instanton...
330000      1920.403151
330000      1922.205107
330000      1925.194925
340000      1926.132207
Computing instanton...
330000      1929.812998
Computing instanton...
Computing instanton...
330000      1937.276913
Computing instanton...
340000      1937.437807
340000       1938.91956
340000      1939.228649
340000      1940.638143
Computing instanton...
340000      1941.617297
Computing instanton...
Computing instanton...
340000      1948.212514
340000       1952.06455
340000       1952.43528
340000      1953.212728
340000      1955.907175
340000       1957.45424
340000      1958.360158
340000      1959.510212
Computing instanton...
Computing instanton...
Computing instanton...
340000      1961.857299
340000      1965.817466
Computing instanton...
Computing instanton...
Computing instanton...
340000      1974.064373
340000      1974.567609
Computing instanton...
340000      1976.224982
340000      1976.482553
340000      1977.289381
340000      1977.624349
350000      1978.146547
Computing instanton...
340000      1984.623546
340000      1991.346006
350000      1993.663032
350000      1996.956344
350000      1997.552091
350000      1997.657753
350000      1998.168769
350000      2007.825342
350000      2008.222806
350000      2008.636214
350000      2008.817132
350000      2009.950283
350000      2010.344207
350000       2014.19738
Computing instanton...
350000      2016.075165
350000      2017.476163
350000      2024.487577
350000      2028.149089
Computing instanton...
350000      2032.633406
350000      2033.198661
360000      2033.708068
350000      2033.472479
350000       2037.08477
350000       2037.87376
Computing instanton...
Computing instanton...
Computing instanton...
Computing instanton...
350000      2044.371536
Computing instanton...
Computing instanton...
350000      2049.955742
360000      2052.556637
360000      2052.683243
Computing instanton...
360000      2053.932824
Computing instanton...
360000      2055.009305
Computing instanton...
360000      2055.117731
Computing instanton...
360000      2065.035141
360000      2065.522043
360000      2066.252982
360000      2066.960351
360000      2067.718616
360000       2068.84789
Computing instanton...
Computing instanton...
360000      2071.012742
360000      2071.502112
360000      2073.729578
Computing instanton...
360000      2080.496147
360000      2084.187353
Computing instanton...
360000      2088.087104
Computing instanton...
360000      2088.962581
Computing instanton...
Computing instanton...
370000      2090.935892
360000      2092.781168
Computing instanton...
360000      2094.414312
Computing instanton...
360000      2096.025871
Computing instanton...
360000      2103.873976
360000      2104.635616
370000      2107.389506
370000      2108.617176
370000      2109.910735
370000       2109.92588
370000      2113.766727
Computing instanton...
Computing instanton...
370000      2120.324966
370000      2121.315814
370000      2123.100965
370000      2123.373023
370000      2123.160367
370000      2125.216929
370000      2124.991543
370000      2126.218909
370000      2130.329282
Computing instanton...
Computing instanton...
370000      2138.039353
370000       2140.92546
Computing instanton...
370000       2145.80752
380000      2146.549133
370000      2146.711958
370000      2149.684574
370000      2150.757223
Computing instanton...
Computing instanton...
370000      2155.047571
Computing instanton...
370000      2159.657231
370000      2161.527217
380000      2163.598764
380000      2164.652292
380000      2164.913074
380000      2166.458644
Computing instanton...
380000      2168.418271
380000      2175.629819
380000      2176.648879
380000      2178.427464
380000      2178.041313
380000      2179.337449
380000      2179.450853
380000      2184.145376
380000      2184.099346
Computing instanton...
Computing instanton...
380000      2188.812938
Computing instanton...
380000      2195.673404
380000      2202.341923
390000      2203.033783
Computing instanton...
380000      2203.360075
380000      2203.961445
380000      2206.845718
Computing instanton...
380000      2208.659353
380000      2211.407835
Computing instanton...
380000      2214.124567
380000      2216.168092
390000      2218.985408
390000       2219.52509
390000      2221.964558
Computing instanton...
390000      2222.694973
390000      2224.335644
Computing instanton...
390000      2231.066166
Computing instanton...
Computing instanton...
390000      2236.786236
390000      2236.828753
390000      2237.624493
390000      2237.458777
390000      2239.300758
390000      2242.194527
Computing instanton...
390000      2242.892708
390000      2243.486191
Computing instanton...
390000      2252.422604
Computing instanton...
400000      2257.510019
390000      2257.772217
390000      2259.720542
390000      2260.269605
Computing instanton...
Computing instanton...
390000      2263.281499
390000      2263.445235
390000      2267.440895
390000      2271.441167
Computing instanton...
390000      2274.802369
Computing instanton...
Computing instanton...
Computing instanton...
400000      2276.405645
400000      2280.155079
400000      2280.006868
400000      2280.448334
400000      2280.600348
400000      2287.068337
Computing instanton...
400000      2293.641521
400000      2294.045877
Computing instanton...
400000       2297.02433
400000      2296.859855
Computing instanton...
400000      2296.982537
400000       2298.96329
400000      2299.367678
Computing instanton...
Computing instanton...
400000      2303.538112
Computing instanton...
410000      2310.282036
400000       2311.90297
400000      2315.645838
Computing instanton...
400000      2318.602473
400000      2321.811924
400000       2322.46251
400000      2323.061351
400000      2326.256335
Computing instanton...
400000      2328.202627
Computing instanton...
Computing instanton...
400000      2331.220053
410000      2333.923431
410000      2334.806975
410000      2336.117605
410000      2336.510522
410000      2337.953282
410000      2342.195854
Computing instanton...
Computing instanton...
410000      2348.485689
410000       2350.56705
410000      2353.599677
410000      2354.173432
Computing instanton...
410000      2355.284122
410000      2356.073759
410000      2358.990784
410000      2360.806989
Computing instanton...
Computing instanton...
420000      2362.810092
410000      2367.455703
410000      2373.420869
410000      2375.115944
Computing instanton...
410000      2377.697224
410000      2379.532581
Computing instanton...
410000       2380.46442
410000      2382.243402
420000      2386.783309
420000       2387.44633
Computing instanton...
410000      2388.950344
420000      2389.484691
420000      2390.042669
410000      2390.292924
Computing instanton...
Computing instanton...
420000      2392.919724
420000      2398.061898
420000      2402.128433
420000      2406.815656
Computing instanton...
420000      2408.648417
420000       2413.18317
420000      2413.373635
420000      2414.167889
Computing instanton...
420000      2416.691394
430000      2417.868505
420000      2418.685482
Computing instanton...
Computing instanton...
420000      2421.831811
Computing instanton...
420000      2427.342414
Computing instanton...
420000      2429.579236
Computing instanton...
420000      2434.255103
420000      2435.083522
420000       2437.14509
Computing instanton...
420000      2437.721925
430000      2439.804987
430000      2440.397662
Computing instanton...
Computing instanton...
Computing instanton...
420000      2447.190492
430000      2448.504624
430000      2448.566376
430000      2449.909996
420000      2449.712694
430000      2454.376358
430000       2460.54167
430000      2461.703654
Computing instanton...
Computing instanton...
430000      2464.028698
Computing instanton...
440000      2467.260225
430000      2468.838791
430000      2469.598368
430000      2470.589731
430000      2470.484271
Computing instanton...
430000      2477.017571
430000      2477.862703
Computing instanton...
Computing instanton...
430000      2484.649433
430000      2486.809774
430000      2490.706693
430000      2492.725681
440000      2493.264969
430000      2493.598166
Computing instanton...
430000      2495.283325
440000      2496.263534
Computing instanton...
Computing instanton...
Computing instanton...
430000      2502.466995
440000      2503.194655
430000      2503.984296
440000      2505.059337
440000      2506.786974
Computing instanton...
Computing instanton...
440000      2512.593148
440000      2512.803087
Computing instanton...
440000      2519.308429
440000      2519.822309
450000       2522.35752
440000      2523.644709
Computing instanton...
440000      2526.089669
440000      2526.739701
440000      2530.802172
Computing instanton...
Computing instanton...
440000      2539.305013
440000      2540.207507
Computing instanton...
Computing instanton...
440000      2544.187331
440000      2544.784321
Computing instanton...
Computing instanton...
440000      2547.106505
Computing instanton...
450000      2549.650318
450000      2550.475106
440000      2550.652389
Computing instanton...
440000      2553.144803
440000      2553.245407
450000      2557.801479
440000      2557.944738
450000      2558.322547
440000      2564.006739
Computing instanton...
Computing instanton...
450000      2565.448758
450000      2571.023802
Computing instanton...
450000      2574.859822
Computing instanton...
450000      2575.889428
460000      2577.701257
Computing instanton...
450000      2577.902915
450000      2580.685318
450000      2581.527817
450000       2583.95653
Computing instanton...
Computing instanton...
Computing instanton...
450000      2589.502589
Computing instanton...
450000      2596.717971
450000      2596.954802
Computing instanton...
450000      2599.436698
Computing instanton...
450000      2601.456265
Computing instanton...
450000      2604.952929
460000      2605.996946
450000      2606.718433
Computing instanton...
460000      2608.094425
450000      2608.321929
460000      2609.919969
450000      2612.889303
450000      2613.949584
460000       2614.29648
450000      2619.727992
460000      2619.849604
Computing instanton...
460000      2627.942202
Computing instanton...
460000      2628.752449
460000       2630.54351
470000       2631.58046
460000      2634.362184
Computing instanton...
460000      2638.099396
Computing instanton...
460000      2640.394703
Computing instanton...
460000      2642.132827
460000      2644.738468
Computing instanton...
460000      2651.275016
Computing instanton...
460000      2655.895275
460000      2659.267349
460000      2659.712873
470000      2661.825653
460000      2662.239687
460000      2663.102335
460000      2667.370105
470000      2667.984617
470000      2670.664992
470000      2671.709487
460000      2674.013494
460000       2674.03174
460000      2674.885658
470000      2680.685251
470000      2683.730628
470000      2687.608043
480000      2687.790491
470000      2688.092724
470000      2688.551691
Computing instanton...
470000       2694.83093
470000      2697.808304
470000      2699.152085
Computing instanton...
470000      2701.754111
Computing instanton...
470000      2709.773047
470000      2714.000754
480000      2716.450407
Computing instanton...
470000      2717.855382
470000       2718.58463
470000      2719.910886
480000      2719.757912
Computing instanton...
470000      2722.162753
470000      2724.253385
480000      2724.883054
Computing instanton...
Computing instanton...
480000      2728.595773
Computing instanton...
Computing instanton...
470000      2733.144581
470000      2733.327587
470000      2733.651008
480000      2738.574205
480000      2742.594811
480000      2744.198151
480000      2745.238534
Computing instanton...
480000      2746.670134
480000      2748.057762
490000      2748.627282
480000      2751.418009
Computing instanton...
Computing instanton...
480000      2756.415148
Computing instanton...
480000      2757.354429
Computing instanton...
480000      2766.059865
Computing instanton...
490000      2770.327114
480000      2771.107353
Computing instanton...
480000      2774.912077
480000      2775.615854
490000      2776.525924
490000      2777.028526
480000       2778.33455
480000      2778.585197
480000      2779.309879
480000      2787.691489
480000      2788.233042
490000       2788.32244
480000      2790.596975
Computing instanton...
490000      2793.698409
Computing instanton...
Computing instanton...
490000      2798.260378
490000      2798.698459
490000      2801.234584
490000      2803.201459
Computing instanton...
490000      2804.104012
490000      2806.517457
500000      2809.699772
Computing instanton...
490000       2811.40285
Computing instanton...
Computing instanton...
Computing instanton...
490000       2816.50298
Computing instanton...
490000      2823.563764
Computing instanton...
500000      2826.389347
Computing instanton...
490000      2828.998984
Computing instanton...
Computing instanton...
490000      2831.194596
490000      2831.653072
490000      2832.764651
490000      2835.124323
500000      2835.909643
490000      2837.626469
500000      2838.071267
Computing instanton...
490000       2843.34757
500000      2844.244771
Computing instanton...
490000      2846.286045
490000      2846.191594
Computing instanton...
Computing instanton...
Computing instanton...
500000      2852.552394
Computing instanton...
500000      2856.659067
Computing instanton...
Computing instanton...
500000      2859.565447
500000      2860.577713
500000      2861.305835
510000      2862.725216
Computing instanton...
500000      2863.592994
500000      2863.826998
500000      2867.363347
Computing instanton...
Computing instanton...
500000      2878.073942
500000       2878.79866
Computing instanton...
500000       2883.11487
Computing instanton...
510000      2884.453181
500000      2887.622432
500000      2889.545536
Computing instanton...
510000      2890.587933
500000      2890.960485
500000        2891.5933
510000      2891.903884
500000       2892.32501
Computing instanton...
510000      2898.023905
500000        2901.2383
500000      2903.745985
500000      2907.266861
510000      2912.495307
510000      2912.738772
510000      2912.647195
510000        2915.8701
510000       2916.16644
Computing instanton...
520000      2919.097969
510000      2919.364757
Computing instanton...
Computing instanton...
510000      2926.499371
Computing instanton...
510000       2927.18381
Computing instanton...
Computing instanton...
Computing instanton...
510000      2933.173249
510000      2934.770992
Computing instanton...
Computing instanton...
520000      2937.949363
Computing instanton...
520000      2941.377726
510000      2943.409166
510000      2944.219301
510000      2945.369942
Computing instanton...
510000      2946.500522
510000      2947.238236
520000      2948.315549
Computing instanton...
Computing instanton...
520000      2952.701208
510000      2953.285765
Computing instanton...
Computing instanton...
510000      2957.485174
510000      2961.181445
Computing instanton...
510000      2963.790976
Computing instanton...
Computing instanton...
Computing instanton...
520000      2968.730137
520000      2969.592629
520000      2969.875923
520000      2970.299558
520000      2971.018408
530000        2972.5205
520000      2975.795365
Computing instanton...
Computing instanton...
520000      2980.913034
520000      2981.078328
Computing instanton...
530000      2987.722088
520000      2988.519072
Computing instanton...
520000      2993.822233
Computing instanton...
530000      2995.769221
Computing instanton...
Computing instanton...
530000      3001.887743
520000      3001.788067
520000      3002.427267
520000       3002.38714
520000      3002.417526
520000      3003.624821
Computing instanton...
Computing instanton...
530000      3008.333001
520000      3009.712911
Computing instanton...
Computing instanton...
520000      3016.193378
Computing instanton...
520000      3020.363531
530000      3021.728977
530000      3024.061677
520000      3024.126439
530000      3024.717194
530000      3026.117102
540000      3029.562185
Computing instanton...
530000      3031.232302
530000      3031.483463
530000      3033.215865
530000      3037.798537
540000      3043.137403
Computing instanton...
530000      3044.943491
Computing instanton...
Computing instanton...
540000      3051.947829
Computing instanton...
530000      3054.069901
540000      3055.754503
Computing instanton...
530000      3057.937245
530000      3058.580436
530000      3060.426602
530000      3060.532642
530000      3063.359147
Computing instanton...
540000      3067.778303
Computing instanton...
530000      3070.793831
530000      3072.449663
Computing instanton...
Computing instanton...
Computing instanton...
530000      3076.235562
Computing instanton...
540000      3078.323478
540000      3078.595695
530000      3079.430228
540000      3080.264836
540000      3082.014496
540000      3086.774633
Computing instanton...
550000      3087.316826
540000       3092.96979
Computing instanton...
540000      3095.626898
540000      3095.927598
Computing instanton...
Computing instanton...
550000      3101.516823
540000      3101.901113
Computing instanton...
Computing instanton...
Computing instanton...
550000      3107.574964
540000       3112.71102
Computing instanton...
540000      3113.603998
540000      3114.830567
Computing instanton...
Computing instanton...
540000      3115.182865
550000      3116.107322
540000      3117.410106
540000      3120.644947
550000      3120.760975
Computing instanton...
540000      3124.103848
Computing instanton...
Computing instanton...
540000      3129.111053
Computing instanton...
540000      3134.204521
540000      3135.396047
550000      3135.430728
550000      3137.190281
550000      3137.467815
550000      3137.792752
Computing instanton...
Computing instanton...
Computing instanton...
550000      3143.623517
Computing instanton...
550000      3147.604785
560000      3148.538088
550000      3150.339774
550000      3151.615124
560000      3154.524135
Computing instanton...
Computing instanton...
Computing instanton...
560000      3160.120537
550000      3163.383265
Computing instanton...
Computing instanton...
550000       3168.32869
Computing instanton...
550000      3168.774507
550000       3169.24165
560000      3169.988286
Computing instanton...
Computing instanton...
Computing instanton...
550000       3174.50278
550000      3174.900305
550000      3175.567826
560000      3177.128315
Computing instanton...
550000      3183.918896
550000      3184.175193
Computing instanton...
550000      3188.373473
Computing instanton...
550000      3190.812918
560000      3192.828438
560000      3192.982935
560000      3193.352293
560000       3195.22487
Computing instanton...
560000      3203.025279
560000      3203.493293
570000      3204.344552
560000      3209.915175
570000      3210.886744
Computing instanton...
570000      3213.350927
560000      3213.290205
Computing instanton...
Computing instanton...
560000      3223.616684
560000       3226.24716
560000      3226.259016
560000      3226.265289
570000       3227.53299
570000      3229.877781
560000      3231.273351
560000       3233.06386
560000      3237.851493
Computing instanton...
560000       3241.39732
Computing instanton...
560000       3242.85579
570000      3246.169149
560000      3246.508819
Computing instanton...
570000      3248.410835
560000      3251.221746
Computing instanton...
Computing instanton...
Computing instanton...
570000      3252.765813
570000      3255.183699
Computing instanton...
570000      3259.829259
570000      3262.405564
580000       3262.88807
570000      3263.899644
570000      3266.546977
Computing instanton...
Computing instanton...
580000      3268.642054
580000        3270.5853
Computing instanton...
580000      3277.497413
570000      3279.177895
570000      3282.636477
570000      3283.379525
570000      3287.152833
570000      3287.973077
580000       3287.92276
Computing instanton...
Computing instanton...
570000      3292.917216
570000      3292.762481
570000       3294.08861
Computing instanton...
570000      3302.294283
Computing instanton...
580000      3305.087203
Computing instanton...
570000      3306.244879
580000      3306.490206
570000      3306.420497
580000      3309.459245
Computing instanton...
580000      3315.562741
Computing instanton...
590000      3318.064243
580000      3318.985772
Computing instanton...
580000      3320.736724
580000      3322.694925
Computing instanton...
590000      3324.926844
580000      3324.979276
590000      3325.137076
580000      3333.728126
590000      3335.526585
580000      3341.191877
Computing instanton...
580000       3341.59619
580000      3341.908714
590000      3344.146891
580000      3346.792569
580000      3347.625182
Computing instanton...
580000      3351.860789
580000      3354.075414
580000      3356.964088
Computing instanton...
Computing instanton...
580000      3361.549378
Computing instanton...
590000      3362.660575
580000      3364.905896
590000      3365.520988
590000      3366.465876
Computing instanton...
Computing instanton...
590000      3370.163448
Computing instanton...
600000      3376.306001
590000      3377.441241
590000       3377.63952
590000      3377.907744
Computing instanton...
Computing instanton...
600000       3379.97527
600000      3380.710421
590000      3382.267085
590000      3385.835765
Computing instanton...
600000      3392.550718
590000      3397.822761
590000      3398.895681
590000       3401.54539
600000      3401.990776
590000      3402.554464
Computing instanton...
590000      3407.366153
Computing instanton...
590000       3408.61806
Computing instanton...
590000      3411.819583
590000      3413.210638
Computing instanton...
590000      3416.573753
600000      3418.485509
600000      3421.451611
600000      3422.822849
Computing instanton...
590000      3425.871446
600000      3427.186549
Computing instanton...
Computing instanton...
600000      3431.475916
600000      3431.915923
Computing instanton...
610000       3435.45398
600000      3435.692243
610000      3436.502637
Computing instanton...
600000      3439.092949
610000      3439.883332
600000       3441.87866
Computing instanton...
Computing instanton...
610000      3448.080177
600000      3452.930535
600000      3452.725811
600000      3457.168912
610000      3458.493661
600000      3458.983628
600000      3462.131177
600000       3462.83778
600000      3465.145815
600000      3468.514451
Computing instanton...
Computing instanton...
610000      3473.437508
Computing instanton...
Computing instanton...
610000      3476.565606
600000      3476.528878
610000      3478.223044
Computing instanton...
600000      3483.916669
610000       3485.86559
610000       3487.33896
620000      3488.096758
Computing instanton...
610000      3490.786971
610000      3491.279938
Computing instanton...
620000      3493.406156
Computing instanton...
620000      3497.307945
610000       3498.32337
Computing instanton...
610000      3502.392552
Computing instanton...
620000      3505.843175
610000      3508.243337
610000      3511.929736
610000      3516.096538
610000      3516.303671
620000      3516.979264
610000       3517.96179
610000      3520.684034
610000      3523.555268
610000      3527.216222
Computing instanton...
620000       3528.93642
620000      3532.804631
610000      3533.343093
Computing instanton...
620000      3536.878513
Computing instanton...
610000      3539.103706
Computing instanton...
630000      3540.736179
620000      3542.744117
620000      3544.291599
620000       3546.40359
620000      3548.639942
Computing instanton...
Computing instanton...
630000      3551.467903
630000      3553.392514
Computing instanton...
620000      3556.615728
620000       3557.11338
630000      3560.217737
620000      3561.312848
Computing instanton...
620000      3564.673637
Computing instanton...
630000       3571.54557
620000      3572.138431
Computing instanton...
620000      3573.288739
620000       3576.44576
620000      3577.299972
620000       3582.00977
620000      3582.476597
630000       3587.89537
620000       3589.16645
630000      3590.744576
630000      3591.040386
Computing instanton...
Computing instanton...
Computing instanton...
640000      3596.069004
620000      3596.623216
630000      3601.200047
630000      3604.125613
630000      3605.040641
Computing instanton...
640000      3605.332437
630000      3606.396925
630000      3611.152545
640000      3611.970949
630000       3612.41615
640000      3612.781574
Computing instanton...
Computing instanton...
630000      3617.245046
630000      3622.738186
630000      3627.216654
630000      3628.435886
Computing instanton...
640000      3629.657901
630000      3630.108119
630000      3632.140339
Computing instanton...
630000      3636.442885
Computing instanton...
630000      3639.496428
640000      3644.549859
640000        3644.7886
630000      3644.925632
640000      3646.887329
650000      3647.307968
630000      3651.689925
640000      3656.772971
Computing instanton...
640000      3660.337682
640000      3661.707231
Computing instanton...
Computing instanton...
640000      3662.718611
Computing instanton...
650000      3663.442979
Computing instanton...
650000      3665.510952
640000      3669.802653
650000      3670.800026
640000      3670.899421
Computing instanton...
Computing instanton...
Computing instanton...
640000      3678.178047
640000      3679.314462
Computing instanton...
Computing instanton...
650000      3683.153335
640000      3686.343844
640000      3687.154174
640000      3687.231494
640000      3687.641137
Computing instanton...
640000      3692.974671
640000      3694.047541
Computing instanton...
Computing instanton...
660000      3700.560938
650000      3701.929736
640000      3701.934493
650000      3702.318267
650000      3705.688109
Computing instanton...
Computing instanton...
640000      3709.403244
Computing instanton...
650000      3711.979111
Computing instanton...
650000      3717.744771
650000      3718.131836
650000      3717.910105
660000      3719.570149
660000      3721.960727
Computing instanton...
660000      3726.976909
650000      3728.166204
650000      3729.009794
650000      3731.578368
Computing instanton...
650000      3739.836952
650000      3741.560237
Computing instanton...
660000      3741.975535
650000      3743.089371
650000      3744.019086
Computing instanton...
650000      3745.503553
Computing instanton...
Computing instanton...
650000      3749.178926
650000      3748.965911
670000      3753.483466
660000      3756.624863
Computing instanton...
660000      3759.462441
Computing instanton...
660000      3761.251642
650000      3763.619836
Computing instanton...
650000      3767.946495
660000      3768.018147
Computing instanton...
Computing instanton...
660000      3773.877785
660000      3773.568685
Computing instanton...
670000      3775.322666
660000      3775.938936
670000      3776.303503
Computing instanton...
670000      3783.464767
Computing instanton...
660000      3785.168032
660000      3787.003957
Computing instanton...
660000      3791.390176
660000      3792.680497
Computing instanton...
660000      3795.996849
Computing instanton...
660000      3798.949155
670000      3799.206696
660000      3800.483583
660000      3801.179418
660000      3801.164622
Computing instanton...
660000      3812.177113
680000      3813.099344
670000      3813.191549
Computing instanton...
670000       3813.96868
Computing instanton...
670000      3817.693701
660000      3821.216588
Computing instanton...
670000      3821.998723
660000      3823.778304
Computing instanton...
670000      3829.216374
680000       3830.26758
680000      3830.635173
Computing instanton...
670000      3834.851118
670000      3834.876539
670000      3837.048687
Computing instanton...
680000      3840.199939
670000      3848.152026
670000      3848.340949
670000      3849.533953
670000      3850.397049
670000      3850.882333
680000      3853.791015
Computing instanton...
670000      3854.662056
Computing instanton...
670000      3860.266328
670000      3860.334801
680000      3864.022472
Computing instanton...
Computing instanton...
690000      3869.061663
680000       3870.00595
670000      3871.943346
Computing instanton...
Computing instanton...
680000      3875.429959
670000      3876.368616
670000       3877.37444
Computing instanton...
680000      3879.948829
690000      3885.541475
Computing instanton...
Computing instanton...
Computing instanton...
Computing instanton...
680000      3888.388089
680000       3890.34131
680000      3890.776027
690000      3890.724032
680000      3892.739206
690000       3893.89625
Computing instanton...
680000      3905.782506
680000      3906.262479
680000       3906.79973
680000      3907.215342
680000      3908.097964
680000      3908.579808
690000      3908.726161
Computing instanton...
Computing instanton...
680000       3916.79637
Computing instanton...
690000      3917.420074
Computing instanton...
680000      3918.967712
Computing instanton...
700000      3922.607651
Computing instanton...
Computing instanton...
680000      3926.970957
690000       3929.06733
690000      3929.156876
Computing instanton...
Computing instanton...
680000      3936.762334
690000      3938.290572
680000      3942.587248
700000       3942.99452
690000      3945.521611
700000      3946.519999
700000      3949.078057
690000      3949.674327
690000      3950.473331
Computing instanton...
690000      3950.766745
Computing instanton...
690000      3959.940852
690000      3961.497153
Computing instanton...
690000      3962.307546
690000      3962.699371
700000      3962.646185
690000      3963.194765
Computing instanton...
Computing instanton...
690000      3966.465034
Computing instanton...
Computing instanton...
690000      3971.740095
690000      3973.025513
Computing instanton...
Computing instanton...
700000      3976.246691
710000       3976.74414
700000      3982.009708
690000      3984.515864
700000      3985.908291
Computing instanton...
690000      3992.002363
700000      3996.070118
Computing instanton...
710000      3997.516472
690000      4001.520755
710000      4001.654634
700000      4004.139357
Computing instanton...
700000      4005.436766
700000      4006.611307
710000      4008.205388
700000       4009.17778
Computing instanton...
700000      4012.342778
700000      4015.882395
710000      4018.176962
700000       4018.62743
700000      4018.631218
700000      4020.504842
Computing instanton...
Computing instanton...
700000      4025.995514
Computing instanton...
700000      4026.975292
700000      4029.496306
Computing instanton...
Computing instanton...
720000      4035.956221
710000      4037.688794
710000      4038.433443
700000      4038.748871
Computing instanton...
Computing instanton...
Computing instanton...
Computing instanton...
710000      4046.661939
700000      4048.833292
Computing instanton...
Computing instanton...
Computing instanton...
Computing instanton...
720000      4054.931814
710000      4055.959273
710000      4056.708562
720000      4058.919315
710000      4062.880937
710000      4063.910438
Computing instanton...
700000      4065.370194
720000      4065.535978
710000      4066.947294
710000      4068.332379
Computing instanton...
710000      4071.510863
710000      4071.698468
710000      4073.133751
Computing instanton...
710000      4077.259606
720000      4077.211524
710000      4080.745978
Computing instanton...
710000      4083.756048
710000      4085.468584
Computing instanton...
720000      4090.203797
730000      4093.728101
Computing instanton...
720000      4095.542246
710000      4096.370567
720000      4105.459795
710000      4107.208045
Computing instanton...
730000      4110.192624
720000      4111.903432
Computing instanton...
720000      4116.391152
730000      4117.037005
720000       4117.65836
Computing instanton...
720000      4119.812852
720000      4120.172851
Computing instanton...
720000      4122.256269
730000      4125.300342
720000      4125.260251
710000      4126.491811
720000      4130.478119
720000      4130.991043
720000      4131.664578
720000      4132.924176
730000      4134.432545
720000      4136.862431
Computing instanton...
720000      4140.531032
730000      4148.836755
740000      4148.921697
720000      4153.250959
Computing instanton...
730000      4154.969681
Computing instanton...
Computing instanton...
730000       4161.81412
Computing instanton...
740000      4163.511808
Computing instanton...
730000      4167.887147
720000      4169.661237
740000      4173.718658
730000      4174.358619
730000      4174.391901
730000      4174.938361
Computing instanton...
730000      4177.849808
730000       4178.78803
Computing instanton...
Computing instanton...
730000      4183.061151
730000      4184.112313
Computing instanton...
720000      4185.618789
740000      4186.441014
730000      4187.409316
730000      4189.119316
730000      4189.841176
740000       4189.76016
Computing instanton...
Computing instanton...
730000      4194.062817
730000      4195.715396
Computing instanton...
Computing instanton...
750000      4203.140337
730000      4207.184268
740000      4207.435449
Computing instanton...
740000      4213.263891
740000      4217.004456
Computing instanton...
750000       4220.45403
Computing instanton...
740000      4225.607689
Computing instanton...
730000       4226.67515
740000      4228.325042
750000      4229.546831
740000      4230.271517
740000      4231.240455
740000        4232.3669
Computing instanton...
740000      4238.184471
740000      4238.437568
Computing instanton...
740000       4239.61495
730000      4241.891969
Computing instanton...
750000      4242.541376
740000      4244.367327
740000      4245.309299
750000      4245.877709
740000      4247.536232
Computing instanton...
740000      4249.451044
740000      4251.617806
760000      4256.807211
Computing instanton...
Computing instanton...
740000      4263.108697
Computing instanton...
750000      4264.510201
750000      4267.986934
Computing instanton...
750000      4269.660256
Computing instanton...
760000      4276.544527
Computing instanton...
750000      4279.228339
Computing instanton...
Computing instanton...
760000      4282.211453
750000       4285.02831
750000      4285.566873
740000      4285.849349
750000      4288.044931
750000      4291.527604
750000      4295.539979
750000      4296.116354
740000       4297.71348
760000      4298.739771
750000      4298.771435
760000      4299.578595
750000      4299.375704
750000      4303.069511
Computing instanton...
750000      4305.611128
Computing instanton...
750000      4306.217721
750000      4308.407522
Computing instanton...
770000      4315.327339
760000      4318.923411
760000      4319.002972
750000      4321.814638
770000      4329.152066
760000      4329.276611
Computing instanton...
Computing instanton...
770000        4335.9001
760000      4336.331357
760000      4340.816272
Computing instanton...
760000      4341.294261
760000      4342.206314
Computing instanton...
Computing instanton...
750000      4344.899951
760000      4346.775255
Computing instanton...
Computing instanton...
760000      4351.340888
760000      4351.825703
750000      4353.738663
Computing instanton...
770000      4354.754303
770000      4355.270906
Computing instanton...
Computing instanton...
760000      4358.745746
760000       4359.24297
760000      4362.295281
Computing instanton...
Computing instanton...
760000       4365.33822
760000      4365.503689
760000      4366.797614
Computing instanton...
Computing instanton...
770000      4371.145054
780000      4372.583289
Computing instanton...
Computing instanton...
770000      4379.192985
760000      4381.262186
780000      4382.685086
770000       4385.87094
780000      4391.295824
Computing instanton...
770000      4393.229082
770000      4394.003838
Computing instanton...
770000      4398.640317
770000      4400.886241
770000       4402.43471
760000      4403.524146
Computing instanton...
770000      4408.352369
770000      4410.192187
780000      4412.619434
780000      4412.403161
760000      4412.861591
770000      4415.291811
Computing instanton...
770000      4415.764418
770000      4419.434797
Computing instanton...
770000      4422.211077
770000      4421.886112
Computing instanton...
790000      4424.982734
780000      4425.663653
Computing instanton...
Computing instanton...
770000       4432.76715
Computing instanton...
790000      4436.254865
Computing instanton...
780000      4438.195395
Computing instanton...
770000      4440.357513
780000      4443.726748
790000      4446.463665
Computing instanton...
Computing instanton...
780000      4451.383299
780000      4455.399024
780000      4458.335776
780000      4458.342196
780000      4459.026083
770000      4461.289871
780000      4462.132448
790000      4464.404787
780000      4464.936559
Computing instanton...
770000      4468.435647
Computing instanton...
790000      4469.100076
780000      4473.322209
Computing instanton...
Computing instanton...
780000      4475.913292
Computing instanton...
780000      4477.758974
780000      4478.556435
790000      4480.169319
780000        4480.5619
800000      4481.176641
Computing instanton...
Computing instanton...
780000      4490.543461
Computing instanton...
800000       4494.03894
790000      4496.263907
Computing instanton...
780000      4499.679541
Computing instanton...
800000      4502.492732
790000      4503.160998
Computing instanton...
790000      4507.065139
790000      4511.343361
790000       4511.69781
790000      4514.743508
790000      4516.602743
780000      4516.833653
790000      4517.802951
Computing instanton...
790000      4518.727953
800000      4520.061145
Computing instanton...
780000      4522.994999
800000      4524.179513
790000      4529.146579
790000      4531.007692
790000      4532.304285
800000      4534.910696
810000      4535.066998
790000      4536.529384
Computing instanton...
790000      4540.310998
Computing instanton...
Computing instanton...
Computing instanton...
Computing instanton...
800000      4552.083486
810000      4552.042741
790000      4552.475265
Computing instanton...
790000      4554.162228
Computing instanton...
800000      4558.280911
810000      4559.931276
800000      4562.119912
Computing instanton...
800000      4567.061782
800000      4568.817027
810000      4570.954759
800000       4571.75105
800000      4572.246828
800000      4573.995139
790000      4575.341803
800000      4575.446914
Computing instanton...
790000      4578.957852
810000      4584.136822
800000      4585.326538
800000      4587.097354
810000      4588.585576
820000      4589.387322
Computing instanton...
800000      4592.794265
800000      4593.514291
Computing instanton...
800000      4599.074801
Computing instanton...
Computing instanton...
Computing instanton...
810000      4607.309503
820000       4608.45943
800000      4610.194095
810000      4611.210121
820000       4614.84298
810000      4616.448733
800000      4617.324518
810000      4618.222433
Computing instanton...
Computing instanton...
810000      4623.666938
Computing instanton...
820000      4627.716548
800000      4627.528139
Computing instanton...
810000      4630.197498
810000      4630.691808
Computing instanton...
810000      4632.712685
800000      4632.935789
Computing instanton...
Computing instanton...
810000      4635.269772
Computing instanton...
820000      4638.183232
Computing instanton...
810000      4640.192642
810000      4641.373701
Computing instanton...
Computing instanton...
Computing instanton...
Computing instanton...
Computing instanton...
810000      4647.763848
830000      4648.377025
820000      4648.902381
810000      4650.040768
Computing instanton...
810000      4655.762195
Computing instanton...
810000      4661.967042
830000      4664.663137
Computing instanton...
Computing instanton...
820000       4665.71518
820000      4667.032588
Computing instanton...
830000      4669.422035
Computing instanton...
820000      4672.702996
820000      4674.130841
Computing instanton...
810000      4677.102173
820000      4679.350993
Computing instanton...
Computing instanton...
830000      4683.257417
Computing instanton...
820000      4688.515341
810000       4688.56468
820000      4689.259044
820000      4689.915729
820000      4691.775724
820000       4691.65461
810000      4695.524621
820000      4699.461099
830000      4699.996736
Computing instanton...
820000      4705.334427
830000       4707.91607
840000      4708.007548
Computing instanton...
Computing instanton...
Computing instanton...
820000      4711.413589
Computing instanton...
820000      4713.461851
820000      4718.349809
840000      4720.684003
830000      4723.086607
830000      4728.554589
830000      4728.721163
830000      4730.503847
840000      4730.894093
830000       4731.79149
820000      4731.886882
840000      4740.576608
Computing instanton...
Computing instanton...
830000      4746.169846
820000      4746.356056
830000      4746.771997
830000      4747.898263
820000      4748.702415
830000      4748.929857
830000       4748.99643
Computing instanton...
840000      4755.784848
830000      4756.107484
850000      4760.779874
830000      4764.219845
830000      4767.607546
840000      4768.633673
830000       4769.34112
830000      4773.438353
Computing instanton...
850000      4777.494429
Computing instanton...
Computing instanton...
840000      4780.412994
840000       4781.88851
840000      4785.406042
830000       4787.22218
840000      4787.682602
840000      4788.486747
850000      4788.507834
Computing instanton...
850000       4794.49308
Computing instanton...
840000      4800.713189
Computing instanton...
830000      4803.489424
830000      4803.469766
840000      4803.923835
840000      4804.329172
840000      4805.075607
Computing instanton...
840000      4807.412563
850000      4807.130122
840000      4809.455639
Computing instanton...
860000      4816.099921
850000      4825.363981
840000      4825.351921
Computing instanton...
840000      4827.150642
840000      4827.566377
840000      4829.984149
860000      4830.018145
Computing instanton...
850000      4837.559516
850000      4838.476283
840000      4838.452537
850000      4839.269373
850000      4840.738534
850000      4840.614903
860000      4844.716406
Computing instanton...
850000      4854.115663
860000      4854.077286
840000      4858.020752
Computing instanton...
840000      4858.504675
Computing instanton...
850000      4860.443749
850000      4861.564941
850000      4863.197346
850000      4863.858574
860000      4865.744809
850000      4866.759313
Computing instanton...
870000       4872.90918
850000      4880.070576
Computing instanton...
860000      4882.634556
850000      4883.178461
870000      4884.208643
Computing instanton...
850000      4885.477067
850000      4886.798704
Computing instanton...
850000      4892.769309
Computing instanton...
Computing instanton...
860000       4896.53489
860000      4896.473081
860000      4897.229246
Computing instanton...
Computing instanton...
860000      4898.071026
860000      4898.601667
Computing instanton...
870000      4900.132552
860000      4908.884792
850000      4910.711091
870000      4912.174248
850000      4912.016733
860000      4916.669044
860000      4918.030664
Computing instanton...
Computing instanton...
870000      4919.104914
860000      4920.959985
860000      4921.365579
860000      4922.812953
Computing instanton...
Computing instanton...
880000      4928.904755
Computing instanton...
Computing instanton...
Computing instanton...
860000      4936.483907
Computing instanton...
870000      4937.335409
860000      4937.881439
860000      4938.141601
880000      4943.281571
860000      4943.912982
Computing instanton...
Computing instanton...
860000      4948.545988
Computing instanton...
870000       4951.17661
870000      4952.272137
880000      4954.164785
870000      4954.879763
Computing instanton...
870000      4958.248993
870000      4959.270045
Computing instanton...
Computing instanton...
870000      4965.224001
860000      4964.872994
880000      4967.416496
860000      4968.583784
Computing instanton...
870000      4973.937718
Computing instanton...
870000      4974.839802
870000      4977.179362
870000      4977.727645
880000      4978.132084
Computing instanton...
870000      4979.602533
890000      4981.606005
Computing instanton...
Computing instanton...
870000      4991.128378
880000      4992.543957
870000      4994.169455
870000      4994.058719
Computing instanton...
870000      4999.304468
890000      5002.656575
Computing instanton...
870000      5006.006561
880000      5007.847485
Computing instanton...
Computing instanton...
880000      5010.111418
880000      5010.372063
890000      5012.853599
880000       5014.23095
Computing instanton...
Computing instanton...
Computing instanton...
880000      5016.830922
Computing instanton...
890000      5021.466328
870000      5021.544544
870000      5022.433032
880000      5025.464672
Computing instanton...
880000      5029.596708
Computing instanton...
880000       5030.76746
880000      5031.251674
Computing instanton...
Computing instanton...
880000      5035.304396
900000      5037.544002
880000      5037.926891
890000      5038.296812
Computing instanton...
Computing instanton...
890000      5044.656934
880000      5048.259516
880000      5050.614222
Computing instanton...
880000      5054.018702
880000      5056.151729
Computing instanton...
Computing instanton...
900000      5061.284055
Computing instanton...
Computing instanton...
880000      5062.568118
Computing instanton...
890000      5063.759262
890000      5064.072226
890000      5064.287032
Computing instanton...
Computing instanton...
890000      5070.501357
900000      5072.126373
890000      5072.200297
Computing instanton...
900000      5075.534822
880000      5076.802149
890000      5077.769154
880000      5078.525927
Computing instanton...
890000      5083.934904
890000      5085.712674
890000      5086.183068
Computing instanton...
890000       5092.57165
Computing instanton...
910000      5095.394538
Computing instanton...
900000      5096.048467
890000      5096.301823
900000      5100.243369
Computing instanton...
Computing instanton...
Computing instanton...
890000      5104.176325
Computing instanton...
890000      5107.959459
Computing instanton...
Computing instanton...
Computing instanton...
Computing instanton...
Computing instanton...
890000      5112.862158
890000      5113.978243
Computing instanton...
Computing instanton...
910000      5118.827791
Computing instanton...
890000      5119.451254
Computing instanton...
Computing instanton...
900000       5121.81325
900000      5123.074818
900000      5123.735124
900000      5123.833779
900000      5125.730858
Computing instanton...
910000      5127.599262
910000      5129.839809
Computing instanton...
890000        5131.8874
Computing instanton...
890000      5135.389762
900000       5136.69229
900000      5137.899698
900000      5140.795801
Computing instanton...
900000      5143.288518
920000      5147.502827
Computing instanton...
900000      5150.908185
900000      5153.349684
910000      5154.012148
910000      5154.504886
Computing instanton...
900000      5161.763277
900000       5162.99381
Computing instanton...
900000      5169.274589
900000      5170.960523
900000      5172.682794
Computing instanton...
Computing instanton...
Computing instanton...
910000      5177.669019
910000      5179.392648
Computing instanton...
920000      5179.414569
920000      5181.432232
910000      5181.814076
Computing instanton...
910000      5182.883619
910000      5185.929611
920000      5186.405638
900000      5188.273851
Computing instanton...
Computing instanton...
900000      5193.209843
910000      5194.180508
910000      5194.205605
910000      5197.991614
910000      5201.726258
930000      5202.931078
910000      5204.063614
Computing instanton...
920000      5212.158323
920000      5212.021214
Computing instanton...
910000      5214.579974
910000      5215.328758
910000       5217.78264
Computing instanton...
Computing instanton...
Computing instanton...
910000       5228.91654
910000      5229.633284
930000      5232.730405
Computing instanton...
Computing instanton...
920000      5233.980512
910000      5236.582462
930000      5237.029302
920000      5238.190848
920000      5238.527529
920000       5240.13467
930000      5242.360973
910000      5242.776792
920000      5243.134696
Computing instanton...
920000      5251.239323
910000       5251.88299
920000      5253.176607
920000      5253.942528
Computing instanton...
920000      5256.563973
Computing instanton...
940000      5257.689179
920000      5258.976326
Computing instanton...
930000      5268.121963
Computing instanton...
930000      5269.371019
Computing instanton...
Computing instanton...
920000      5271.343685
920000      5273.218981
Computing instanton...
Computing instanton...
920000      5281.031035
920000      5282.797966
Computing instanton...
930000      5287.102629
920000      5287.215805
940000      5288.164895
Computing instanton...
Computing instanton...
940000      5291.395252
Computing instanton...
920000      5295.939997
930000        5296.6229
930000      5296.875859
920000      5297.456997
940000      5298.225174
930000      5298.294926
Computing instanton...
930000      5300.819561
930000      5305.968466
930000      5307.042046
930000      5307.295376
950000      5308.762996
Computing instanton...
920000      5310.308992
930000      5313.637983
930000      5313.883139
Computing instanton...
940000      5322.530445
Computing instanton...
940000      5326.018646
930000      5328.177429
930000      5328.302681
930000      5336.518999
Computing instanton...
Computing instanton...
Computing instanton...
930000      5339.928446
Computing instanton...
940000      5344.304722
950000      5345.344032
930000      5346.075673
950000      5346.751141
Computing instanton...
930000      5351.833408
950000      5351.909397
940000      5351.848384
940000      5352.007653
930000      5352.378059
940000      5353.526154
Computing instanton...
Computing instanton...
940000      5360.499927
Computing instanton...
960000      5360.724716
940000      5363.847792
940000      5365.300508
940000      5365.860111
940000      5366.164664
930000      5367.390205
Computing instanton...
940000      5372.548723
Computing instanton...
950000       5375.94216
Computing instanton...
950000      5379.299284
Computing instanton...
Computing instanton...
940000      5384.203539
Computing instanton...
940000      5385.081219
Computing instanton...
Computing instanton...
940000      5394.501061
950000      5397.296307
Computing instanton...
Computing instanton...
940000      5397.642712
Computing instanton...
960000       5399.24838
Computing instanton...
940000      5400.647121
Computing instanton...
960000      5406.403625
950000      5406.830097
940000      5407.256355
Computing instanton...
960000      5408.186831
940000      5409.887495
950000      5411.034034
950000      5412.637517
Computing instanton...
Computing instanton...
970000      5415.510194
950000      5418.847771
950000      5420.634355
950000      5424.435311
940000      5426.033352
950000      5427.222714
Computing instanton...
950000      5427.265477
950000      5427.930687
Computing instanton...
Computing instanton...
Computing instanton...
960000      5434.000939
960000      5434.335392
Computing instanton...
Computing instanton...
950000      5440.279931
950000      5445.221084
960000      5452.146193
950000      5453.490306
950000      5456.002512
950000      5456.405731
970000      5456.795245
Computing instanton...
970000      5461.833917
Computing instanton...
960000      5464.010991
950000       5465.98332
970000      5467.028251
950000      5467.271547
980000      5469.906764
960000      5471.647119
960000      5472.424071
960000      5472.836768
Computing instanton...
960000      5476.400994
960000      5478.851167
960000      5479.552337
950000      5480.742327
960000      5482.494791
Computing instanton...
Computing instanton...
960000      5482.932295
Computing instanton...
Computing instanton...
970000      5491.228247
970000      5494.466992
Computing instanton...
Computing instanton...
960000      5500.609474
960000      5505.072236
960000      5510.884696
970000      5511.480682
960000      5513.332945
960000      5513.934109
980000      5514.011559
970000      5518.738065
Computing instanton...
Computing instanton...
980000      5521.671327
Computing instanton...
Computing instanton...
980000      5523.684386
960000       5524.40163
960000      5526.496802
990000       5527.82613
970000      5529.484818
970000      5530.236764
970000      5530.673975
Computing instanton...
970000      5534.669351
Computing instanton...
970000      5535.475223
970000      5536.594686
970000      5537.386051
960000      5538.220398
970000       5538.72524
Computing instanton...
980000      5546.372934
Computing instanton...
Computing instanton...
980000      5549.938659
Computing instanton...
Computing instanton...
970000      5559.003004
Computing instanton...
970000      5565.142513
970000      5565.927354
990000      5566.310036
Computing instanton...
Computing instanton...
Computing instanton...
980000      5568.567202
970000      5571.351484
970000      5570.989096
Computing instanton...
990000      5573.846545
980000      5574.107686
970000      5575.261737
Computing instanton...
990000      5580.685728
980000      5582.334756
Computing instanton...
1000000       5586.008017
970000      5586.261328
980000      5586.226593
Computing instanton...
980000       5587.94793
Computing instanton...
980000      5591.790219
980000      5592.828359
980000      5594.476651
980000      5596.079334
970000      5597.787061
980000      5598.397644
Computing instanton...
Computing instanton...
990000      5601.357763
990000      5604.847636
Computing instanton...
Computing instanton...
980000      5612.707141
Computing instanton...
Computing instanton...
Computing instanton...
1000000       5619.562936
980000       5620.80524
980000       5620.81654
980000      5623.957988
980000      5624.684821
990000       5624.66459
Computing instanton...
980000      5626.193548
990000       5627.13617
1000000       5628.642844
Computing instanton...
Computing instanton...
1000000       5634.051106
980000       5637.35628
990000        5638.6821
Computing instanton...
990000      5640.519258
990000      5641.544202
990000       5642.53567
990000      5643.024592
990000      5645.693389
990000      5645.878378
990000      5647.465197
1000000       5648.192203
1000000       5647.967169
980000      5648.376636
Computing instanton...
Computing instanton...
Computing instanton...
Computing instanton...
Computing instanton...
990000      5661.457553
Computing instanton...
Computing instanton...
Computing instanton...
990000      5664.880318
990000      5665.377473
990000      5667.329354
990000      5667.520325
1000000       5667.794616
1000000       5668.934199
990000      5671.134178
Computing instanton...
1000000       5677.471671
1000000       5679.012524
990000      5679.964007
1000000       5680.336977
1000000       5680.711855
1000000        5680.51972
1000000       5680.480511
1000000       5682.978237
1000000       5683.671647
990000      5683.933585
Computing instanton...
1000000       5689.232873
1000000       5689.983248
1000000        5690.64345
1000000       5691.148661
1000000        5691.52802
1000000       5693.008612
1000000       5694.447972
1000000       5695.992784
Combining output...
