24000000 0.0083 0.2 30 0.0 B 3 1 0.004667 0 55.0 -1 4
Unrecognized MATLAB option "wait".
Unrecognized MATLAB option "minimize".

                            < M A T L A B (R) >
                  Copyright 1984-2017 The MathWorks, Inc.
                   R2017b (9.3.0.713579) 64-bit (glnxa64)
                             September 14, 2017

Unrecognized MATLAB option "wait".
Unrecognized MATLAB option "minimize".

                            < M A T L A B (R) >
                  Copyright 1984-2017 The MathWorks, Inc.
                   R2017b (9.3.0.713579) 64-bit (glnxa64)
                             September 14, 2017

Unrecognized MATLAB option "wait".
Unrecognized MATLAB option "minimize".

                            < M A T L A B (R) >
                  Copyright 1984-2017 The MathWorks, Inc.
                   R2017b (9.3.0.713579) 64-bit (glnxa64)
                             September 14, 2017

Unrecognized MATLAB option "wait".
Unrecognized MATLAB option "minimize".

                            < M A T L A B (R) >
                  Copyright 1984-2017 The MathWorks, Inc.
                   R2017b (9.3.0.713579) 64-bit (glnxa64)
                             September 14, 2017

Unrecognized MATLAB option "wait".
Unrecognized MATLAB option "minimize".

                            < M A T L A B (R) >
                  Copyright 1984-2017 The MathWorks, Inc.
                   R2017b (9.3.0.713579) 64-bit (glnxa64)
                             September 14, 2017

Unrecognized MATLAB option "wait".
Unrecognized MATLAB option "minimize".

                            < M A T L A B (R) >
                  Copyright 1984-2017 The MathWorks, Inc.
                   R2017b (9.3.0.713579) 64-bit (glnxa64)
                             September 14, 2017

Unrecognized MATLAB option "wait".
Unrecognized MATLAB option "minimize".

                            < M A T L A B (R) >
                  Copyright 1984-2017 The MathWorks, Inc.
                   R2017b (9.3.0.713579) 64-bit (glnxa64)
                             September 14, 2017

Unrecognized MATLAB option "wait".
Unrecognized MATLAB option "minimize".

                            < M A T L A B (R) >
                  Copyright 1984-2017 The MathWorks, Inc.
                   R2017b (9.3.0.713579) 64-bit (glnxa64)
                             September 14, 2017

Unrecognized MATLAB option "wait".
Unrecognized MATLAB option "minimize".

                            < M A T L A B (R) >
                  Copyright 1984-2017 The MathWorks, Inc.
                   R2017b (9.3.0.713579) 64-bit (glnxa64)
                             September 14, 2017

Unrecognized MATLAB option "wait".
Unrecognized MATLAB option "minimize".

                            < M A T L A B (R) >
                  Copyright 1984-2017 The MathWorks, Inc.
                   R2017b (9.3.0.713579) 64-bit (glnxa64)
                             September 14, 2017

Unrecognized MATLAB option "wait".
Unrecognized MATLAB option "minimize".

                            < M A T L A B (R) >
                  Copyright 1984-2017 The MathWorks, Inc.
                   R2017b (9.3.0.713579) 64-bit (glnxa64)
                             September 14, 2017

Unrecognized MATLAB option "wait".
Unrecognized MATLAB option "minimize".

                            < M A T L A B (R) >
                  Copyright 1984-2017 The MathWorks, Inc.
                   R2017b (9.3.0.713579) 64-bit (glnxa64)
                             September 14, 2017

Unrecognized MATLAB option "wait".
Unrecognized MATLAB option "minimize".

                            < M A T L A B (R) >
                  Copyright 1984-2017 The MathWorks, Inc.
                   R2017b (9.3.0.713579) 64-bit (glnxa64)
                             September 14, 2017

Unrecognized MATLAB option "wait".
Unrecognized MATLAB option "minimize".

                            < M A T L A B (R) >
                  Copyright 1984-2017 The MathWorks, Inc.
                   R2017b (9.3.0.713579) 64-bit (glnxa64)
                             September 14, 2017

Unrecognized MATLAB option "wait".
Unrecognized MATLAB option "minimize".

                            < M A T L A B (R) >
                  Copyright 1984-2017 The MathWorks, Inc.
                   R2017b (9.3.0.713579) 64-bit (glnxa64)
                             September 14, 2017

Unrecognized MATLAB option "wait".
Unrecognized MATLAB option "minimize".

                            < M A T L A B (R) >
                  Copyright 1984-2017 The MathWorks, Inc.
                   R2017b (9.3.0.713579) 64-bit (glnxa64)
                             September 14, 2017

Unrecognized MATLAB option "wait".
Unrecognized MATLAB option "minimize".

                            < M A T L A B (R) >
                  Copyright 1984-2017 The MathWorks, Inc.
                   R2017b (9.3.0.713579) 64-bit (glnxa64)
                             September 14, 2017

Unrecognized MATLAB option "wait".
Unrecognized MATLAB option "minimize".

                            < M A T L A B (R) >
                  Copyright 1984-2017 The MathWorks, Inc.
                   R2017b (9.3.0.713579) 64-bit (glnxa64)
                             September 14, 2017

Unrecognized MATLAB option "wait".
Unrecognized MATLAB option "minimize".

                            < M A T L A B (R) >
                  Copyright 1984-2017 The MathWorks, Inc.
                   R2017b (9.3.0.713579) 64-bit (glnxa64)
                             September 14, 2017

Unrecognized MATLAB option "wait".
Unrecognized MATLAB option "minimize".

                            < M A T L A B (R) >
                  Copyright 1984-2017 The MathWorks, Inc.
                   R2017b (9.3.0.713579) 64-bit (glnxa64)
                             September 14, 2017

Unrecognized MATLAB option "wait".
Unrecognized MATLAB option "minimize".

                            < M A T L A B (R) >
                  Copyright 1984-2017 The MathWorks, Inc.
                   R2017b (9.3.0.713579) 64-bit (glnxa64)
                             September 14, 2017

Unrecognized MATLAB option "wait".
Unrecognized MATLAB option "minimize".

                            < M A T L A B (R) >
                  Copyright 1984-2017 The MathWorks, Inc.
                   R2017b (9.3.0.713579) 64-bit (glnxa64)
                             September 14, 2017

Unrecognized MATLAB option "wait".
Unrecognized MATLAB option "minimize".

                            < M A T L A B (R) >
                  Copyright 1984-2017 The MathWorks, Inc.
                   R2017b (9.3.0.713579) 64-bit (glnxa64)
                             September 14, 2017

Unrecognized MATLAB option "wait".
Unrecognized MATLAB option "minimize".

                            < M A T L A B (R) >
                  Copyright 1984-2017 The MathWorks, Inc.
                   R2017b (9.3.0.713579) 64-bit (glnxa64)
                             September 14, 2017

 
 
 
 
 
 
 
 
 
 
 
 
 
 
 
 
 
 
 
 
 
 
 
For online documentation, see http://www.mathworks.com/support
For online documentation, see http://www.mathworks.com/support
For online documentation, see http://www.mathworks.com/support
For online documentation, see http://www.mathworks.com/support
For online documentation, see http://www.mathworks.com/support
For online documentation, see http://www.mathworks.com/support
For online documentation, see http://www.mathworks.com/support
For online documentation, see http://www.mathworks.com/support
For online documentation, see http://www.mathworks.com/support
For online documentation, see http://www.mathworks.com/support
For online documentation, see http://www.mathworks.com/support
For product information, visit www.mathworks.com.
For online documentation, see http://www.mathworks.com/support
For online documentation, see http://www.mathworks.com/support
For online documentation, see http://www.mathworks.com/support
For online documentation, see http://www.mathworks.com/support
 
For online documentation, see http://www.mathworks.com/support
For product information, visit www.mathworks.com.
For product information, visit www.mathworks.com.
For online documentation, see http://www.mathworks.com/support
For product information, visit www.mathworks.com.
For product information, visit www.mathworks.com.
For product information, visit www.mathworks.com.
 
For product information, visit www.mathworks.com.
 
For online documentation, see http://www.mathworks.com/support
 
 
 
 
For product information, visit www.mathworks.com.
For product information, visit www.mathworks.com.
 
 
For product information, visit www.mathworks.com.
For product information, visit www.mathworks.com.
For online documentation, see http://www.mathworks.com/support
For online documentation, see http://www.mathworks.com/support
 
 
For product information, visit www.mathworks.com.
For product information, visit www.mathworks.com.
For product information, visit www.mathworks.com.
For product information, visit www.mathworks.com.
 
 
For online documentation, see http://www.mathworks.com/support
For online documentation, see http://www.mathworks.com/support
 
For product information, visit www.mathworks.com.
 
For product information, visit www.mathworks.com.
 
 
For product information, visit www.mathworks.com.
 
For product information, visit www.mathworks.com.
For product information, visit www.mathworks.com.
 
 
For product information, visit www.mathworks.com.
For product information, visit www.mathworks.com.
 
 
 
For online documentation, see http://www.mathworks.com/support
For product information, visit www.mathworks.com.
 
For online documentation, see http://www.mathworks.com/support
For product information, visit www.mathworks.com.
 
outfile: ../data/out_0008/.worker_13.txt
outfile: ../data/out_0008/.worker_10.txt
outfile: ../data/out_0008/.worker_17.txt
outfile: ../data/out_0008/.worker_7.txt
outfile: ../data/out_0008/.worker_15.txt
outfile: ../data/out_0008/.worker_20.txt
outfile: ../data/out_0008/.worker_1.txt
outfile: ../data/out_0008/.worker_2.txt
outfile: ../data/out_0008/.worker_16.txt
outfile: ../data/out_0008/.worker_9.txt
outfile: ../data/out_0008/.worker_3.txt
outfile: ../data/out_0008/.worker_5.txt
outfile: ../data/out_0008/.worker_11.txt
outfile: ../data/out_0008/.worker_21.txt
outfile: ../data/out_0008/.worker_4.txt
outfile: ../data/out_0008/.worker_23.txt
outfile: ../data/out_0008/.worker_22.txt
outfile: ../data/out_0008/.worker_0.txt
outfile: ../data/out_0008/.worker_18.txt
outfile: ../data/out_0008/.worker_12.txt
outfile: ../data/out_0008/.worker_19.txt
outfile: ../data/out_0008/.worker_6.txt
outfile: ../data/out_0008/.worker_8.txt
outfile: ../data/out_0008/.worker_14.txt
Computing instanton...
Computing instanton...
Computing instanton...
Computing instanton...
Computing instanton...
Computing instanton...
Computing instanton...
Computing instanton...
10000       13.087182
10000       13.466641
10000       13.583165
10000       13.629472
10000       13.865245
10000       13.916674
10000       14.026514
10000       14.053609
10000       14.126635
10000       14.337168
10000       14.437967
10000       14.538257
10000       14.591706
10000       14.658908
10000       14.865769
10000       15.171435
10000       15.175218
10000       15.466121
10000       15.519162
Computing instanton...
10000       16.634883
10000       16.859897
10000       17.534795
10000       17.567735
10000       18.549704
Computing instanton...
Computing instanton...
Computing instanton...
Computing instanton...
Computing instanton...
Computing instanton...
20000       25.014667
20000       25.099304
20000       25.515093
20000       25.641776
20000       25.659381
20000       25.717538
20000       25.865378
20000       26.094531
20000       26.255649
Computing instanton...
20000       26.559116
20000       26.626478
20000       26.682136
Computing instanton...
20000       27.101131
20000       27.174662
20000       27.481777
20000       27.492206
20000       27.797472
20000       28.979879
20000       29.120903
20000       29.130385
20000       29.748509
20000       30.327861
20000       30.423081
20000       31.187687
Computing instanton...
30000       35.679917
30000       36.283146
30000       36.792823
Computing instanton...
30000       37.324454
Computing instanton...
30000       37.541737
30000       37.766304
30000       37.827487
30000       38.308888
Computing instanton...
30000       38.549663
30000       38.696656
30000       38.789543
30000       38.880653
30000       38.891161
30000       39.203918
30000       39.283326
Computing instanton...
30000       40.018476
30000       40.569248
30000       40.707503
30000       40.869489
30000       41.171432
30000       41.457629
30000       42.190515
Computing instanton...
30000       43.666128
30000        44.18645
Computing instanton...
Computing instanton...
Computing instanton...
Computing instanton...
Computing instanton...
40000        47.16645
Computing instanton...
40000       47.695861
40000       48.220841
40000       48.501585
40000       48.805206
40000       49.569971
40000       49.907922
40000       49.944619
40000          50.095
Computing instanton...
40000       50.328758
40000       50.819397
40000       50.877504
40000       50.933314
Computing instanton...
40000       51.526785
40000       51.635143
40000       51.876779
40000       51.987599
40000       52.552146
40000       52.779569
40000       53.154094
40000       53.683638
40000       54.326919
Computing instanton...
40000       55.144445
Computing instanton...
40000       56.892095
Computing instanton...
50000       61.690233
50000       62.116286
50000       62.340657
50000       62.511237
50000       62.640069
50000       62.888738
50000       62.891357
50000       62.979185
50000        64.34848
50000       64.520601
50000       65.351944
50000       65.421236
50000        65.52832
50000       66.070414
50000       66.302091
Computing instanton...
50000       66.794321
50000       66.823576
50000        66.92071
50000       67.284534
50000       67.450401
50000       67.567581
Computing instanton...
50000       67.839922
Computing instanton...
50000       70.702396
50000       70.863724
60000       72.883061
60000       72.988095
60000       73.083767
60000       73.129011
60000       73.407962
60000       73.569858
Computing instanton...
Computing instanton...
60000       74.757413
60000        74.90935
60000       75.437281
Computing instanton...
60000       76.765282
60000       76.994197
60000       77.513349
60000       77.673443
60000       77.849391
60000       78.048512
60000       78.393362
60000       78.729505
60000       78.987352
60000       79.773955
60000       80.110627
60000        80.39829
60000       81.628061
Computing instanton...
Computing instanton...
60000       82.087284
Computing instanton...
60000       83.427421
Computing instanton...
70000       83.565018
70000       83.743235
70000       83.788517
70000       84.160526
Computing instanton...
70000       84.462849
70000       85.905856
70000       86.362993
70000        86.51382
70000       86.962571
Computing instanton...
Computing instanton...
70000       88.388489
70000       88.448992
Computing instanton...
Computing instanton...
70000       90.691213
Computing instanton...
70000       90.923633
70000       91.180549
70000       91.204657
70000       91.433676
Computing instanton...
70000       91.511112
70000       91.728849
70000       92.154772
Computing instanton...
80000        93.62945
70000       93.763238
80000       93.891185
70000       93.973488
70000       94.005384
70000       94.457963
Computing instanton...
80000       94.687276
80000       95.089398
80000       95.100795
80000       96.090641
70000       96.099069
Computing instanton...
80000       96.251587
80000       96.416889
Computing instanton...
80000       98.626596
80000       98.815668
Computing instanton...
80000      100.030944
Computing instanton...
80000      102.190075
80000      102.546029
80000      103.119937
80000      103.276041
80000      103.347076
80000       103.56957
Computing instanton...
90000      104.245061
80000      104.368947
90000      104.441066
90000       105.10433
90000      105.517527
80000      105.529345
80000      105.670896
Computing instanton...
90000      105.888158
80000       105.93826
80000      106.042893
80000      106.153422
Computing instanton...
90000      106.826592
90000      106.878127
90000      107.029169
80000      107.836673
90000      108.587344
Computing instanton...
90000      111.048268
Computing instanton...
90000      112.540017
100000       113.869918
100000       114.266155
90000      114.322456
90000      114.535244
90000      114.814763
90000      114.882877
90000       115.00982
90000      115.555816
100000       115.952854
100000       116.093584
100000       116.585973
Computing instanton...
Computing instanton...
100000       117.846656
100000       117.974369
100000       118.250613
90000      118.294513
90000      118.333944
90000      118.493418
100000       118.651742
90000      119.060544
90000      119.089973
90000      120.702978
90000      120.997993
100000       122.560129
100000       124.295178
110000        124.63514
110000       124.774102
Computing instanton...
100000       126.133577
100000       126.343562
100000       126.403165
100000       126.884965
110000        127.10454
110000       127.200349
110000       127.577767
100000       127.685463
110000       127.741638
srun: Job step aborted: Waiting up to 32 seconds for job step to finish.
srun: got SIGCONT
slurmstepd: error: *** STEP 187481.0 ON hbcomp-006 CANCELLED AT 2018-02-25T17:11:51 ***
slurmstepd: error: *** JOB 187481 ON hbcomp-006 CANCELLED AT 2018-02-25T17:11:51 ***
srun: forcing job termination
srun: error: hbcomp-006: task 0: Terminated
