24000000 0.0083 0.2 30 0.0 B 3 1 0.004667 0 55.0 -1 4
Unrecognized MATLAB option "wait".
Unrecognized MATLAB option "minimize".

                            < M A T L A B (R) >
                  Copyright 1984-2017 The MathWorks, Inc.
                   R2017b (9.3.0.713579) 64-bit (glnxa64)
                             September 14, 2017

Unrecognized MATLAB option "wait".
Unrecognized MATLAB option "minimize".

                            < M A T L A B (R) >
                  Copyright 1984-2017 The MathWorks, Inc.
                   R2017b (9.3.0.713579) 64-bit (glnxa64)
                             September 14, 2017

Unrecognized MATLAB option "wait".
Unrecognized MATLAB option "minimize".

                            < M A T L A B (R) >
                  Copyright 1984-2017 The MathWorks, Inc.
                   R2017b (9.3.0.713579) 64-bit (glnxa64)
                             September 14, 2017

Unrecognized MATLAB option "wait".
Unrecognized MATLAB option "minimize".

                            < M A T L A B (R) >
                  Copyright 1984-2017 The MathWorks, Inc.
                   R2017b (9.3.0.713579) 64-bit (glnxa64)
                             September 14, 2017

Unrecognized MATLAB option "wait".
Unrecognized MATLAB option "minimize".

                            < M A T L A B (R) >
                  Copyright 1984-2017 The MathWorks, Inc.
                   R2017b (9.3.0.713579) 64-bit (glnxa64)
                             September 14, 2017

Unrecognized MATLAB option "wait".
Unrecognized MATLAB option "minimize".

                            < M A T L A B (R) >
                  Copyright 1984-2017 The MathWorks, Inc.
                   R2017b (9.3.0.713579) 64-bit (glnxa64)
                             September 14, 2017

Unrecognized MATLAB option "wait".
Unrecognized MATLAB option "minimize".

                            < M A T L A B (R) >
                  Copyright 1984-2017 The MathWorks, Inc.
                   R2017b (9.3.0.713579) 64-bit (glnxa64)
                             September 14, 2017

Unrecognized MATLAB option "wait".
Unrecognized MATLAB option "minimize".

                            < M A T L A B (R) >
                  Copyright 1984-2017 The MathWorks, Inc.
                   R2017b (9.3.0.713579) 64-bit (glnxa64)
                             September 14, 2017

Unrecognized MATLAB option "wait".
Unrecognized MATLAB option "minimize".

                            < M A T L A B (R) >
                  Copyright 1984-2017 The MathWorks, Inc.
                   R2017b (9.3.0.713579) 64-bit (glnxa64)
                             September 14, 2017

Unrecognized MATLAB option "wait".
Unrecognized MATLAB option "minimize".

                            < M A T L A B (R) >
                  Copyright 1984-2017 The MathWorks, Inc.
                   R2017b (9.3.0.713579) 64-bit (glnxa64)
                             September 14, 2017

Unrecognized MATLAB option "wait".
Unrecognized MATLAB option "minimize".

                            < M A T L A B (R) >
                  Copyright 1984-2017 The MathWorks, Inc.
                   R2017b (9.3.0.713579) 64-bit (glnxa64)
                             September 14, 2017

Unrecognized MATLAB option "wait".
Unrecognized MATLAB option "minimize".

                            < M A T L A B (R) >
                  Copyright 1984-2017 The MathWorks, Inc.
                   R2017b (9.3.0.713579) 64-bit (glnxa64)
                             September 14, 2017

Unrecognized MATLAB option "wait".
Unrecognized MATLAB option "minimize".

                            < M A T L A B (R) >
                  Copyright 1984-2017 The MathWorks, Inc.
                   R2017b (9.3.0.713579) 64-bit (glnxa64)
                             September 14, 2017

Unrecognized MATLAB option "wait".
Unrecognized MATLAB option "minimize".

                            < M A T L A B (R) >
                  Copyright 1984-2017 The MathWorks, Inc.
                   R2017b (9.3.0.713579) 64-bit (glnxa64)
                             September 14, 2017

Unrecognized MATLAB option "wait".
Unrecognized MATLAB option "minimize".

                            < M A T L A B (R) >
                  Copyright 1984-2017 The MathWorks, Inc.
                   R2017b (9.3.0.713579) 64-bit (glnxa64)
                             September 14, 2017

Unrecognized MATLAB option "wait".
Unrecognized MATLAB option "minimize".

                            < M A T L A B (R) >
                  Copyright 1984-2017 The MathWorks, Inc.
                   R2017b (9.3.0.713579) 64-bit (glnxa64)
                             September 14, 2017

Unrecognized MATLAB option "wait".
Unrecognized MATLAB option "minimize".

                            < M A T L A B (R) >
                  Copyright 1984-2017 The MathWorks, Inc.
                   R2017b (9.3.0.713579) 64-bit (glnxa64)
                             September 14, 2017

Unrecognized MATLAB option "wait".
Unrecognized MATLAB option "minimize".

                            < M A T L A B (R) >
                  Copyright 1984-2017 The MathWorks, Inc.
                   R2017b (9.3.0.713579) 64-bit (glnxa64)
                             September 14, 2017

Unrecognized MATLAB option "wait".
Unrecognized MATLAB option "minimize".

                            < M A T L A B (R) >
                  Copyright 1984-2017 The MathWorks, Inc.
                   R2017b (9.3.0.713579) 64-bit (glnxa64)
                             September 14, 2017

Unrecognized MATLAB option "wait".
Unrecognized MATLAB option "minimize".

                            < M A T L A B (R) >
                  Copyright 1984-2017 The MathWorks, Inc.
                   R2017b (9.3.0.713579) 64-bit (glnxa64)
                             September 14, 2017

Unrecognized MATLAB option "wait".
Unrecognized MATLAB option "minimize".

                            < M A T L A B (R) >
                  Copyright 1984-2017 The MathWorks, Inc.
                   R2017b (9.3.0.713579) 64-bit (glnxa64)
                             September 14, 2017

Unrecognized MATLAB option "wait".
Unrecognized MATLAB option "minimize".

                            < M A T L A B (R) >
                  Copyright 1984-2017 The MathWorks, Inc.
                   R2017b (9.3.0.713579) 64-bit (glnxa64)
                             September 14, 2017

Unrecognized MATLAB option "wait".
Unrecognized MATLAB option "minimize".

                            < M A T L A B (R) >
                  Copyright 1984-2017 The MathWorks, Inc.
                   R2017b (9.3.0.713579) 64-bit (glnxa64)
                             September 14, 2017

Unrecognized MATLAB option "wait".
Unrecognized MATLAB option "minimize".

                            < M A T L A B (R) >
                  Copyright 1984-2017 The MathWorks, Inc.
                   R2017b (9.3.0.713579) 64-bit (glnxa64)
                             September 14, 2017

 
 
For online documentation, see http://www.mathworks.com/support
For product information, visit www.mathworks.com.
 
For online documentation, see http://www.mathworks.com/support
For product information, visit www.mathworks.com.
 
 
For online documentation, see http://www.mathworks.com/support
For product information, visit www.mathworks.com.
 
 
 
For online documentation, see http://www.mathworks.com/support
For product information, visit www.mathworks.com.
 
For online documentation, see http://www.mathworks.com/support
For product information, visit www.mathworks.com.
 
 
 
 
For online documentation, see http://www.mathworks.com/support
For product information, visit www.mathworks.com.
 
For online documentation, see http://www.mathworks.com/support
For product information, visit www.mathworks.com.
 
 
 
For online documentation, see http://www.mathworks.com/support
For product information, visit www.mathworks.com.
 
 
For online documentation, see http://www.mathworks.com/support
For online documentation, see http://www.mathworks.com/support
For product information, visit www.mathworks.com.
 
For product information, visit www.mathworks.com.
 
 
 
For online documentation, see http://www.mathworks.com/support
For product information, visit www.mathworks.com.
 
For online documentation, see http://www.mathworks.com/support
For product information, visit www.mathworks.com.
 
 
For online documentation, see http://www.mathworks.com/support
For product information, visit www.mathworks.com.
 
 
For online documentation, see http://www.mathworks.com/support
 
For product information, visit www.mathworks.com.
 
 
For online documentation, see http://www.mathworks.com/support
For product information, visit www.mathworks.com.
 
For online documentation, see http://www.mathworks.com/support
For product information, visit www.mathworks.com.
 
For online documentation, see http://www.mathworks.com/support
For product information, visit www.mathworks.com.
 
 
For online documentation, see http://www.mathworks.com/support
 
For product information, visit www.mathworks.com.
 
 
For online documentation, see http://www.mathworks.com/support
For product information, visit www.mathworks.com.
 
For online documentation, see http://www.mathworks.com/support
For product information, visit www.mathworks.com.
 
 
For online documentation, see http://www.mathworks.com/support
For product information, visit www.mathworks.com.
 
 
For online documentation, see http://www.mathworks.com/support
For product information, visit www.mathworks.com.
 
 
 
For online documentation, see http://www.mathworks.com/support
For product information, visit www.mathworks.com.
 
For online documentation, see http://www.mathworks.com/support
For product information, visit www.mathworks.com.
 
outfile: ../data/out_0008/.worker_21.txt
outfile: ../data/out_0008/.worker_13.txt
outfile: ../data/out_0008/.worker_14.txt
outfile: ../data/out_0008/.worker_23.txt
outfile: ../data/out_0008/.worker_4.txt
outfile: ../data/out_0008/.worker_19.txt
outfile: ../data/out_0008/.worker_9.txt
outfile: ../data/out_0008/.worker_17.txt
outfile: ../data/out_0008/.worker_18.txt
outfile: ../data/out_0008/.worker_7.txt
outfile: ../data/out_0008/.worker_6.txt
outfile: ../data/out_0008/.worker_15.txt
outfile: ../data/out_0008/.worker_0.txt
outfile: ../data/out_0008/.worker_3.txt
outfile: ../data/out_0008/.worker_10.txt
outfile: ../data/out_0008/.worker_12.txt
outfile: ../data/out_0008/.worker_2.txt
outfile: ../data/out_0008/.worker_5.txt
outfile: ../data/out_0008/.worker_8.txt
outfile: ../data/out_0008/.worker_11.txt
outfile: ../data/out_0008/.worker_16.txt
outfile: ../data/out_0008/.worker_20.txt
outfile: ../data/out_0008/.worker_22.txt
outfile: ../data/out_0008/.worker_1.txt
Computing instanton...
Computing instanton...
Computing instanton...
Computing instanton...
Computing instanton...
Computing instanton...
Computing instanton...
Computing instanton...
10000       12.672106
10000       12.878617
10000       13.285203
10000       13.362372
10000       13.415373
10000       13.734981
10000       13.947829
10000       13.945837
10000       14.073224
10000       14.189448
10000       14.236336
Computing instanton...
10000       14.669834
10000       14.429439
10000       14.521044
10000       14.952698
10000       14.780848
10000       14.972469
10000        14.98176
10000       15.005578
10000       14.974502
10000       15.591261
10000       16.177616
10000       16.610782
10000       17.437002
Computing instanton...
Computing instanton...
20000        23.61197
20000       24.619431
20000       24.521067
20000        24.72764
Computing instanton...
20000       25.080575
Computing instanton...
20000       25.414366
20000       25.554465
20000       26.004341
20000       25.938977
20000       26.096853
20000       26.369746
20000       26.397359
20000        26.61104
20000       26.776498
20000       26.744506
20000       26.830626
20000       27.090073
20000       27.682543
20000       27.957816
Computing instanton...
20000       28.447353
20000       28.549117
20000       28.690923
20000       29.052447
Computing instanton...
Computing instanton...
20000       30.533981
Computing instanton...
Computing instanton...
30000       35.550826
30000       36.633747
30000       36.793033
30000       36.700867
30000       37.542597
30000       37.738487
30000       37.774448
Computing instanton...
30000       38.072985
30000       38.006191
30000       38.229313
30000       38.319991
30000       38.294749
Computing instanton...
Computing instanton...
30000       39.265738
30000       39.106604
30000       39.382886
30000       39.444614
30000       39.505356
30000        39.64511
30000        40.29182
30000       40.812197
30000       41.048458
30000       41.637538
30000       43.321456
30000       43.864296
40000       46.698045
40000       48.148499
40000       48.197814
40000       48.514923
40000       48.588088
Computing instanton...
40000       49.341403
40000       49.219573
40000       49.427983
40000        49.72296
40000       49.763368
40000        49.63474
Computing instanton...
40000       50.314701
40000       50.874171
40000       50.967894
40000       51.016393
40000       51.256249
40000       51.729427
40000       52.687332
40000       52.879084
40000       53.577734
40000       53.961306
40000       54.732405
Computing instanton...
40000       54.974323
Computing instanton...
Computing instanton...
40000        55.62449
Computing instanton...
Computing instanton...
Computing instanton...
50000        61.24093
50000       61.975429
Computing instanton...
50000       62.334376
50000       62.412359
50000       62.717883
50000       62.627652
50000       63.155368
50000       63.270482
50000       63.719043
50000       63.987876
50000       64.039906
50000       64.253938
Computing instanton...
50000       64.751786
50000       64.953835
50000       65.301337
Computing instanton...
50000       65.543239
50000       65.839259
Computing instanton...
50000       66.915159
50000       67.126521
50000       67.324364
50000       68.162244
Computing instanton...
50000       68.966985
50000       69.261372
50000       69.455141
Computing instanton...
60000       72.780071
60000       73.756388
60000       73.734807
60000       73.799211
60000       73.937421
60000       74.057523
60000       74.191067
60000       75.186008
60000       75.327112
60000       75.750723
60000       76.121836
60000       76.139529
60000       76.490708
60000       76.669522
60000       76.864505
60000       77.157041
Computing instanton...
60000       77.834651
60000       79.287287
Computing instanton...
60000       80.487221
Computing instanton...
60000       80.560965
60000       80.737585
60000       81.307504
60000       82.154119
60000       82.531917
70000       83.372781
70000       84.087146
Computing instanton...
Computing instanton...
70000       84.380021
Computing instanton...
70000       84.712251
70000       85.563914
Computing instanton...
70000       86.158584
70000       86.668964
70000       86.531765
70000       86.668122
70000       86.734254
70000       87.569433
70000       87.483545
70000       88.198606
70000        88.18383
70000       88.239759
Computing instanton...
70000       90.086433
70000       90.350432
Computing instanton...
70000       90.740708
Computing instanton...
70000       91.947739
70000       92.262983
70000       92.596653
70000       93.159949
Computing instanton...
80000       93.811234
70000       93.916926
80000       94.172208
70000       95.168733
Computing instanton...
80000       95.380414
80000       95.457182
Computing instanton...
80000       95.837608
80000       96.501947
80000       96.995529
80000       97.154791
80000       97.202022
80000       97.776498
80000       98.949868
80000       99.181912
80000       99.804702
80000      100.250344
80000      100.748472
80000       101.45392
80000      102.201778
80000      102.449363
80000       103.35479
Computing instanton...
Computing instanton...
80000       103.81768
80000      104.092231
80000      104.453246
80000      104.791328
90000      105.466856
90000      105.586219
Computing instanton...
Computing instanton...
90000      105.735463
90000      106.758996
90000      106.862961
80000       107.23569
90000      107.733425
90000       107.69018
Computing instanton...
90000      108.295677
90000      108.638135
Computing instanton...
90000      109.575869
90000      110.130448
Computing instanton...
90000      111.739098
90000      111.668796
90000       111.78054
90000      112.233735
Computing instanton...
90000      112.724018
90000      113.705516
90000      113.808111
90000      114.777466
90000      115.007404
90000      114.959536
90000      115.260068
Computing instanton...
90000      116.011405
100000       116.194893
100000       116.585941
100000       117.600849
100000       118.034536
100000       118.177172
100000       118.071474
100000       118.277856
90000      119.133436
100000       119.013583
100000       119.055279
100000       120.967982
Computing instanton...
100000        122.32842
100000       123.192474
100000       123.425889
100000       123.657377
Computing instanton...
Computing instanton...
100000       125.021072
100000       125.230213
100000        125.50319
100000       125.421317
Computing instanton...
100000       126.363029
Computing instanton...
100000       126.624398
100000       126.608408
Computing instanton...
110000       127.330362
100000        127.46552
Computing instanton...
110000       128.243506
110000       128.320722
110000       128.311303
100000       128.950069
110000       129.263945
110000       129.021011
110000       129.300838
110000       129.304441
Computing instanton...
110000       130.250178
100000       132.003575
110000       132.686351
110000       133.105701
Computing instanton...
110000       135.407052
110000       135.707613
Computing instanton...
110000       136.073282
110000       136.468254
110000       136.688967
120000       137.597669
120000       137.744385
110000       138.052843
110000       138.236384
120000       138.973831
120000       139.209786
110000       139.070528
110000       139.026854
110000       139.624267
120000       139.782004
120000       139.949808
110000       140.170872
120000       140.143457
120000       140.338004
Computing instanton...
110000       140.793702
120000       140.932372
Computing instanton...
120000       143.888804
110000       144.636494
120000        145.05995
120000       147.550305
120000       147.628107
120000       147.737984
Computing instanton...
120000       148.015311
130000       148.417329
130000       148.745269
120000       149.236953
130000       149.301268
120000       149.707713
130000       150.906864
120000        151.13059
130000        151.68977
120000       151.645207
Computing instanton...
120000       151.828269
130000       152.060143
130000       151.930778
120000       152.230736
130000       152.572852
Computing instanton...
130000       152.720937
120000       153.145277
Computing instanton...
Computing instanton...
120000       154.262687
Computing instanton...
130000       154.971726
130000       156.056346
120000        156.67087
130000       158.642463
140000       158.981481
140000       159.845659
130000       159.923298
140000       160.004633
130000       160.117312
130000       160.311852
Computing instanton...
130000       161.457755
140000       161.808494
130000       162.096095
140000       161.998193
Computing instanton...
140000       162.547088
140000       162.581844
130000       162.762631
140000       162.787323
130000       163.031202
140000       163.211836
Computing instanton...
130000       164.283957
130000       164.468041
130000       164.458735
140000       166.695077
130000       169.206449
130000       169.222928
Computing instanton...
140000       169.505756
150000         169.9168
150000       171.370455
150000       171.419182
140000       172.753973
140000       172.730325
Computing instanton...
140000       172.888069
140000       173.059308
150000       173.110224
150000       173.572906
150000       173.665501
150000       173.568509
150000       173.946097
140000       174.266234
140000       174.772609
140000       174.851412
140000       175.157148
150000       175.613555
140000       176.503063
140000       176.759134
Computing instanton...
140000       178.168338
150000       178.887791
150000       179.667392
140000       181.278022
160000       181.701366
160000         182.1628
140000       182.592559
160000       183.259052
Computing instanton...
160000       183.879982
160000       184.298334
Computing instanton...
160000       184.557793
150000       184.710742
160000        184.72702
150000       185.096462
150000       185.235861
150000       185.776074
150000       185.798161
160000       186.002818
160000       186.527775
Computing instanton...
150000       186.867382
150000       186.977219
Computing instanton...
150000       187.720639
150000       187.734988
150000       189.107934
150000        189.40886
160000       190.906967
Computing instanton...
170000       191.637378
160000       191.837201
150000       192.181353
170000       193.145685
170000        193.65577
170000       193.906199
170000       195.340687
170000       195.374951
150000       195.351848
Computing instanton...
170000       195.844293
Computing instanton...
160000       196.631665
160000       196.602815
170000       196.747769
170000       197.089389
160000       197.395323
160000       197.888319
160000       198.077029
Computing instanton...
160000       199.205469
160000       199.323157
160000       199.460582
160000       199.506783
160000       200.221164
160000       201.344622
170000       201.475534
180000       202.298634
170000       202.555902
Computing instanton...
160000        203.84963
Computing instanton...
180000       204.635611
180000       204.994326
180000       205.364949
Computing instanton...
180000       205.932949
180000       205.831034
180000       206.101713
Computing instanton...
Computing instanton...
180000        206.27419
160000       206.940846
170000       207.660538
180000       208.155431
170000       208.360789
170000       209.150271
170000       209.353076
170000       209.516743
170000       209.611424
Computing instanton...
Computing instanton...
170000       210.456592
170000       210.951858
170000       211.163099
170000       211.540751
Computing instanton...
Computing instanton...
180000       213.218309
170000       213.236271
180000       213.781974
Computing instanton...
170000       214.625344
190000       214.819306
Computing instanton...
190000        215.21253
190000       215.756232
190000        216.74902
190000       216.596531
Computing instanton...
190000       217.165322
190000       217.698786
190000       217.867835
190000        218.18236
170000       218.398774
180000       218.708424
Computing instanton...
180000       219.750993
180000       220.316948
180000       221.130872
180000       221.343256
180000       221.994029
180000        222.33516
180000       222.630923
180000        222.78124
180000       223.060182
Computing instanton...
190000       224.474993
180000       225.273698
200000       225.465597
180000       225.774072
200000       225.758623
190000       225.936916
200000       226.050378
Computing instanton...
200000       226.789948
Computing instanton...
200000       227.420134
Computing instanton...
200000       227.846264
200000       228.742946
200000       229.477058
180000       230.240001
200000       230.310712
190000       230.721751
Computing instanton...
Computing instanton...
Computing instanton...
190000       231.989546
190000       232.518038
190000       232.617963
190000       233.133506
190000         233.9839
190000       234.012918
210000       234.094377
Computing instanton...
190000       234.734594
190000       235.284437
200000       235.561929
190000       236.342375
200000       236.491735
210000       236.595956
190000        237.23732
210000       237.360553
210000       238.068265
210000       238.219711
210000       238.258775
190000        238.45211
210000       239.739446
210000       240.132024
210000       241.228965
Computing instanton...
Computing instanton...
190000       243.210505
200000       243.630795
200000       244.270646
220000       244.522747
200000       244.760115
200000       244.820352
Computing instanton...
200000       245.560779
200000       246.158783
200000       246.219386
200000        246.30662
210000       246.304793
200000       246.492101
220000       247.635676
220000       247.414007
220000       247.964986
210000       248.364853
220000       248.377768
220000       249.100379
200000        249.26228
200000       250.010726
220000       249.971081
200000       250.346441
Computing instanton...
Computing instanton...
220000       252.021252
220000       252.108122
230000       255.555086
200000       255.538266
220000        255.80381
210000       256.056438
210000       256.398989
210000       256.461834
210000       257.405849
230000       257.309846
210000       257.759922
210000       257.927364
210000       258.005426
210000       258.245335
230000       258.386097
230000       258.411495
230000       259.111014
210000       259.741315
220000        259.80952
230000       260.138118
230000       260.759261
210000       261.234302
230000       261.498206
210000       262.080123
210000       262.609182
230000       262.748239
Computing instanton...
Computing instanton...
230000       265.637148
Computing instanton...
240000       266.554492
210000       266.742808
220000       267.057927
Computing instanton...
220000       268.169437
220000       268.643766
220000       268.800021
240000       268.956954
Computing instanton...
240000       268.947502
240000        269.34329
Computing instanton...
220000       269.348795
220000       269.300108
240000       269.506943
220000       269.744572
230000       270.132369
220000       270.359943
240000       270.654961
Computing instanton...
Computing instanton...
240000       271.893883
220000       272.098162
220000       272.380502
220000       272.767864
Computing instanton...
Computing instanton...
240000       272.946576
240000       273.889657
220000       274.429206
250000        276.99819
Computing instanton...
240000       277.642752
220000       277.867059
250000       278.643432
250000       278.961121
230000       279.220988
Computing instanton...
250000       279.574379
230000       280.197551
230000       280.229104
230000        280.65347
240000       280.731269
250000       280.862255
230000       281.532769
230000        281.60408
230000       281.567736
230000        281.66509
250000       281.631005
Computing instanton...
250000       282.514784
Computing instanton...
250000       283.069684
230000       283.431423
250000       283.400408
230000       284.259547
230000       284.702375
Computing instanton...
Computing instanton...
230000       287.062642
Computing instanton...
260000       288.372953
250000       288.922236
Computing instanton...
260000       289.476789
Computing instanton...
260000       289.828654
250000       290.885612
240000       291.293504
260000       291.126981
230000       291.373937
Computing instanton...
260000       291.609262
240000       291.752426
Computing instanton...
260000       292.163884
240000       292.426404
240000       292.441759
Computing instanton...
260000        293.03693
Computing instanton...
260000       293.385881
240000       293.443715
240000       293.435297
240000       294.001234
240000       294.091694
260000       294.485679
240000       295.263002
240000       295.909244
240000       296.504534
Computing instanton...
270000       298.847361
260000       299.485871
270000       299.751016
Computing instanton...
270000       299.958022
240000       300.305445
Computing instanton...
260000       301.672961
270000       301.801701
250000       302.056359
270000       302.344653
240000       302.431101
270000       303.112619
250000       303.563183
250000       303.682696
250000       303.741013
250000       303.853719
270000       304.095161
270000       304.067072
270000       304.590875
Computing instanton...
250000       305.590059
250000       305.809921
250000       305.893761
250000       306.877537
250000       307.206314
Computing instanton...
250000       308.335247
280000       308.943696
270000       310.032639
280000        311.03504
280000       310.916812
250000       311.741851
280000       312.335381
260000       312.593879
280000       312.916663
270000       313.700663
280000       313.916647
280000       313.983754
Computing instanton...
250000       314.321537
280000       314.371799
260000       315.239754
260000        315.24474
280000       315.530173
260000       315.957608
260000       316.339174
Computing instanton...
260000        317.35572
260000       318.170564
260000       318.565969
260000       318.666777
Computing instanton...
260000       319.201338
290000       319.264358
260000       319.440885
290000       320.499954
290000       320.738914
280000       321.552795
290000       322.965032
290000       323.278634
290000       323.701758
290000       324.292491
270000       324.700327
260000       324.876148
280000       325.526835
270000       325.741098
290000        325.83153
260000       326.437582
290000       326.606759
270000       327.258044
270000       327.469797
270000       327.811035
270000       328.962224
Computing instanton...
270000       329.096286
270000       329.350052
270000       329.572783
270000       329.590979
300000       330.058168
Computing instanton...
270000       330.842378
300000       330.943557
300000       331.287896
290000        332.35569
300000       333.175488
300000       333.886703
300000       334.191119
300000        334.44602
280000       335.199152
270000       336.503776
Computing instanton...
300000        337.06159
290000       337.272717
300000       337.829642
280000       338.094015
270000        338.45502
280000       339.914249
280000       340.051078
280000       340.273267
310000       340.275351
280000       340.299212
Computing instanton...
310000       341.516544
280000       341.420449
280000       341.891964
280000       341.919924
310000       342.054984
280000       342.313206
280000       342.521183
300000        343.31504
310000       344.673491
310000       344.911708
Computing instanton...
310000       345.393336
290000       346.297026
310000       346.529168
310000       347.214218
Computing instanton...
310000       347.942408
300000       348.269416
Computing instanton...
280000        349.65261
280000       349.971876
320000       350.156258
290000       350.359608
290000       350.715356
320000       351.135129
290000       351.781025
290000       351.866701
320000       352.131168
290000       352.667313
Computing instanton...
310000       353.707423
290000       353.884045
290000       354.270568
290000       354.535014
Computing instanton...
290000       355.104021
320000       355.463214
320000       355.419075
290000       356.000311
320000       356.727999
320000       356.815082
300000       357.042001
320000       357.400806
310000       357.970607
320000       358.463502
290000        360.85658
330000       361.085383
330000       361.603141
300000       361.710784
290000       362.056604
330000       362.454137
300000       363.360751
300000       363.582414
300000       363.871711
320000       363.838799
Computing instanton...
Computing instanton...
300000       364.569549
300000       365.378952
330000       366.085696
330000       366.457612
300000       367.200289
330000       367.130792
300000       367.323751
300000       367.638384
330000       367.843776
300000       368.065656
320000       368.641396
330000       368.509784
Computing instanton...
310000       369.431863
330000       370.710007
Computing instanton...
340000       371.243714
Computing instanton...
Computing instanton...
340000       372.630512
340000       372.506661
300000       373.467596
310000       374.214434
300000       374.498248
310000       374.750392
330000       374.790893
310000       375.168094
310000       375.595697
310000       375.779187
Computing instanton...
340000        375.91175
340000       376.367303
Computing instanton...
310000       376.851931
340000       377.477488
Computing instanton...
340000       378.286461
310000       378.739486
310000        378.94072
310000       378.872621
330000       379.245662
310000       379.774446
340000       379.641173
320000       380.041483
340000       381.292995
Computing instanton...
350000        382.24493
350000       382.414528
Computing instanton...
320000        385.22707
350000       385.311846
310000       385.742093
320000       386.217843
Computing instanton...
350000       386.344456
320000       386.494306
340000       386.450171
350000       386.612638
310000       386.757315
320000       387.377148
320000       387.946956
350000       388.003799
320000       388.076193
340000       389.367395
320000       389.594267
Computing instanton...
330000       390.441173
350000       390.418612
350000       390.531758
320000       390.664107
320000       390.819369
Computing instanton...
320000       391.338159
350000       391.488172
Computing instanton...
Computing instanton...
360000       392.500298
Computing instanton...
360000       393.300488
360000       395.291138
360000       396.186156
330000       396.364086
350000       396.387523
320000       396.556305
Computing instanton...
330000       397.565005
360000       397.703787
360000       398.033419
330000       398.245864
320000       398.253284
330000        398.66397
330000       399.288446
Computing instanton...
Computing instanton...
350000       399.912109
360000       399.888062
330000       400.562373
330000       400.939577
Computing instanton...
360000       401.981393
330000       402.435477
360000        402.19097
370000       402.526661
340000       402.641102
330000       402.856747
330000        403.52984
370000       403.757268
370000       405.599931
Computing instanton...
370000       406.992189
360000       407.101221
340000        407.81375
370000        408.21894
340000       408.461206
370000       408.896261
330000       409.590608
360000       410.203395
340000       410.570989
340000       410.722246
340000       410.881701
370000       411.303474
Computing instanton...
Computing instanton...
340000       411.840975
340000       412.034014
Computing instanton...
370000        412.47654
380000       412.595664
370000       412.508402
330000       413.364567
340000       413.866567
380000       414.001241
340000        414.14257
340000       414.458862
350000       414.979338
380000       416.423744
380000       417.018481
370000       418.053296
380000       418.521163
350000       418.667654
350000       419.787359
Computing instanton...
380000       420.296586
370000       420.629041
Computing instanton...
Computing instanton...
340000       421.229112
350000        421.43622
390000        422.13469
350000       422.404851
380000       423.112178
380000       423.041389
390000       423.718078
380000       423.682563
Computing instanton...
350000       424.189689
350000       424.349655
350000       424.873158
350000        425.32685
350000       425.619128
340000        425.58323
350000       426.147792
360000       426.246206
Computing instanton...
380000       427.979245
390000       428.328885
390000       428.537118
390000       428.608103
360000       429.607932
Computing instanton...
Computing instanton...
390000       431.000103
380000       431.141776
Computing instanton...
360000       431.615792
360000       431.840239
390000       433.029041
400000       433.536285
390000       433.893853
360000       433.972449
400000       434.028116
350000       434.227509
390000       435.281542
360000       435.794867
Computing instanton...
360000       435.960265
360000       436.829236
370000       437.828645
360000       437.823061
Computing instanton...
360000       437.938658
350000        438.00744
360000       438.405621
400000       438.346792
390000       438.738691
400000       438.949417
Computing instanton...
Computing instanton...
Computing instanton...
370000       441.422068
400000       441.520009
390000       441.700189
Computing instanton...
Computing instanton...
400000       442.574734
370000       443.660246
370000        443.68305
400000       443.742597
400000       444.383355
410000        444.48998
360000       444.618894
400000       444.831291
410000        445.15705
Computing instanton...
Computing instanton...
Computing instanton...
370000       446.703304
Computing instanton...
Computing instanton...
370000       447.633579
400000       448.198225
Computing instanton...
370000       448.913631
380000       449.321706
370000       449.316863
370000       449.767441
Computing instanton...
370000       449.981789
370000       450.106967
410000       450.028483
410000       450.062777
Computing instanton...
360000        451.17168
400000       452.416333
410000       452.500237
Computing instanton...
410000       453.168046
380000       453.679842
Computing instanton...
410000       453.745739
410000       454.130497
Computing instanton...
380000       454.412476
420000       454.890417
380000       455.167983
410000       455.222217
Computing instanton...
Computing instanton...
420000        456.40706
370000       456.697256
Computing instanton...
380000       457.518532
380000       457.929289
410000       459.332298
420000       459.644528
380000       460.086132
420000       460.173481
380000       461.011788
380000       461.823687
380000       462.544974
380000       462.679549
410000       462.687674
390000       462.859934
420000       463.133326
420000       463.211841
370000       464.241213
420000       464.359726
Computing instanton...
Computing instanton...
390000       465.549809
420000       465.631591
390000       465.728431
420000       465.948399
430000       466.736808
430000       466.641489
390000       467.487328
380000       467.660437
Computing instanton...
Computing instanton...
390000         469.3647
390000       469.390328
430000       470.102951
430000       470.272551
390000       470.793816
420000       470.771162
Computing instanton...
390000       472.537186
420000       472.592779
390000       473.384079
400000       473.538094
390000       473.820902
390000       474.084749
Computing instanton...
430000       474.193932
430000       474.562873
430000       474.618998
430000       475.994618
380000       475.868361
Computing instanton...
430000       476.723254
440000       477.217359
440000       477.374527
Computing instanton...
400000       478.223797
400000       478.507583
400000       478.583288
Computing instanton...
390000       480.092467
430000        480.66223
400000       480.986968
440000       481.460821
440000       481.590008
400000       481.850989
430000       482.687525
400000       483.621567
400000       483.734422
Computing instanton...
440000       484.430794
410000       484.628635
400000       484.644545
440000       485.013657
400000       485.313004
400000        485.87527
Computing instanton...
440000       486.893309
450000       487.125776
440000       487.312631
450000       487.760157
Computing instanton...
440000       487.811691
390000       488.768632
Computing instanton...
Computing instanton...
410000       489.791099
410000       489.982692
410000        490.25962
450000       491.514683
450000       491.572565
400000       491.444779
440000       491.677287
410000       491.847701
Computing instanton...
440000       492.919757
Computing instanton...
Computing instanton...
Computing instanton...
410000       494.365326
410000       494.744731
450000        494.69553
Computing instanton...
410000       495.263255
Computing instanton...
410000       495.957147
Computing instanton...
450000       496.038803
420000       496.308701
410000       496.574326
460000       497.167003
450000       497.468779
450000        497.74626
410000       498.145717
460000       498.785648
Computing instanton...
450000       500.084034
400000       500.165688
450000        500.56057
420000       500.912788
460000       501.269451
420000       501.372546
Computing instanton...
460000       502.888912
420000       502.979019
Computing instanton...
420000       504.126943
450000       504.395866
410000       504.287907
420000        505.65449
460000       505.763231
420000       506.544202
420000        506.70725
460000       506.471057
420000       507.267211
470000        507.90704
Computing instanton...
420000       508.396041
460000       508.615053
430000       508.889773
470000       509.767021
460000       509.910631
420000       510.105734
Computing instanton...
460000       510.700513
Computing instanton...
460000       511.652413
430000       511.936292
410000       512.111388
430000       512.249586
470000       513.001523
470000       513.687951
430000       514.420203
460000       514.724967
430000       515.230222
470000       515.899832
420000       516.088809
470000       517.050372
430000       517.337486
430000       517.725991
480000       518.965379
430000       519.265343
430000       519.466336
430000       519.603819
480000        519.77216
470000       520.023987
Computing instanton...
440000        520.69193
470000       520.545281
470000       521.660842
Computing instanton...
430000       522.530356
Computing instanton...
470000       523.025078
440000       523.115782
480000       523.190839
420000       523.510576
480000       523.660075
440000       524.807946
440000       525.805155
470000       525.919152
Computing instanton...
440000       526.689952
Computing instanton...
480000       527.164855
480000        528.06307
430000       528.204016
440000       528.687135
440000       528.691328
490000        529.40903
490000       529.946612
480000       530.097505
440000       530.378096
440000       530.737774
Computing instanton...
440000       531.433068
480000       532.057801
Computing instanton...
480000       532.365872
450000       532.660811
490000       533.056164
480000       533.385985
Computing instanton...
440000       533.788899
490000       533.943129
450000       534.390856
480000       535.863007
450000       536.361177
430000       537.135077
450000       537.492602
Computing instanton...
Computing instanton...
450000       538.397254
490000       538.489733
490000       538.923695
490000        539.02499
500000       540.270161
500000       540.344153
440000       540.240085
450000       540.583244
450000       540.933047
450000       541.019394
Computing instanton...
450000       541.433821
450000       542.255637
Computing instanton...
490000       543.296928
500000       543.648448
490000       543.542928
490000       543.863551
500000       544.264776
460000       544.661145
Computing instanton...
450000       545.651936
490000       546.015782
440000       546.718449
460000       547.110152
500000       548.155434
460000       548.353051
500000       548.582764
500000       548.849376
460000       549.106102
460000       549.441987
510000       550.308566
510000       550.432475
460000       551.769273
460000       552.354898
460000       552.891347
Computing instanton...
460000       553.500859
450000       553.540624
510000       553.768463
500000       554.272264
500000       554.975326
460000        555.18249
Computing instanton...
Computing instanton...
500000        555.51853
510000       555.629451
Computing instanton...
500000       556.373807
470000         556.6619
460000       557.318714
Computing instanton...
510000       558.185085
510000        558.56889
470000       559.141039
510000       559.134884
450000        559.19865
470000       560.449036
470000       560.789686
520000       561.060621
520000       561.005362
470000       562.015507
Computing instanton...
470000       563.412758
470000       563.639249
470000       563.743773
520000       563.817563
470000       564.276292
460000       564.147282
510000       565.646262
520000       566.329142
510000       566.471035
510000       566.849837
470000       567.311431
480000       567.503782
510000       567.338857
520000       568.547403
Computing instanton...
520000       569.145069
470000       569.256703
520000       569.453726
530000       570.248264
530000       570.706521
480000        571.30681
460000       571.644735
480000       572.377929
480000         572.4452
480000       573.033807
Computing instanton...
530000       573.729093
480000       574.207602
480000       574.645311
480000       575.012394
480000       575.143011
520000       575.669779
530000        576.17585
520000       576.804678
470000       576.758026
520000       577.107106
Computing instanton...
Computing instanton...
530000       578.247336
520000       578.274179
490000       578.975151
480000       579.494866
530000       580.160627
540000        580.69675
480000       580.750718
530000       580.733544
540000       581.740643
490000       582.911064
470000        583.28997
490000       583.839646
540000       584.187149
490000       584.738609
490000       584.828891
490000       585.132286
490000       585.359678
490000       585.347947
530000       585.383294
Computing instanton...
490000       585.909024
540000       586.870178
Computing instanton...
Computing instanton...
530000       587.904025
480000       588.097547
530000       588.845723
530000       588.703733
540000       588.876606
500000       589.787564
Computing instanton...
Computing instanton...
540000       590.078719
490000       590.590943
540000       591.410701
550000       592.255397
550000       592.728115
490000       593.311488
550000       594.871299
500000        594.86387
Computing instanton...
500000       595.639827
480000       595.571536
500000        595.77471
Computing instanton...
500000       595.972301
500000       596.685839
500000       596.903546
500000       597.297143
Computing instanton...
500000       597.256858
550000       597.463982
540000       597.565742
Computing instanton...
Computing instanton...
540000       598.910323
540000       599.545156
550000       599.621571
Computing instanton...
540000       599.844786
Computing instanton...
550000       601.043398
Computing instanton...
490000       601.681012
560000       601.985122
500000       602.555515
550000       602.590629
510000       602.995056
Computing instanton...
560000       603.748859
Computing instanton...
Computing instanton...
500000       605.773224
510000       607.099816
Computing instanton...
510000       607.475762
510000       607.916768
560000       607.967665
510000       607.981817
490000       607.928508
510000       608.303133
Computing instanton...
550000       608.585481
510000        608.78799
510000       608.757955
510000       608.976126
560000       609.238609
Computing instanton...
550000       610.149659
560000       610.419302
550000       610.958844
550000       610.955371
560000       611.294058
560000       612.093432
570000       612.607764
500000        613.67297
570000       614.211831
510000       615.091448
520000       616.702086
510000       616.964015
Computing instanton...
Computing instanton...
570000       618.427455
500000       618.426419
520000       618.751387
520000       619.440605
520000       619.305697
570000       619.676202
560000        620.12358
520000       620.407157
520000       620.644122
570000       620.552744
520000       620.775451
520000       620.771071
520000       621.000683
Computing instanton...
560000       621.081356
560000       621.265736
Computing instanton...
570000       621.533785
560000       621.735157
570000       623.113521
580000        623.30662
Computing instanton...
580000        624.62796
520000       626.332564
510000       626.513945
580000       628.131009
520000       628.291004
Computing instanton...
510000       629.849335
580000         630.1493
530000       630.697863
Computing instanton...
570000       631.206263
530000       631.435879
530000       631.344668
580000        631.53203
530000       631.840996
530000       631.885125
530000       632.231893
570000       632.217301
570000       632.199132
Computing instanton...
570000       632.473792
590000       632.730057
Computing instanton...
580000       632.861771
530000       633.093083
530000       633.380496
580000       633.980828
530000       634.540573
590000       635.503866
520000       637.386378
530000       638.004894
590000       639.117626
530000       640.035155
590000       640.362161
580000       641.859834
540000       642.166688
590000       642.019535
540000       642.278624
520000       642.228765
Computing instanton...
540000       642.638297
600000       642.845353
580000       642.928361
540000       643.292295
Computing instanton...
580000         643.3998
590000       643.590976
540000       643.817021
590000       643.780079
580000       643.903437
540000       644.065202
540000       644.142625
540000       644.871076
Computing instanton...
600000       645.983198
540000       646.680626
Computing instanton...
530000       648.573971
600000       649.051257
Computing instanton...
Computing instanton...
540000       650.752134
600000       651.029041
590000       651.359071
540000       652.049571
Computing instanton...
600000       652.739901
600000       652.814464
600000       652.834789
Computing instanton...
610000       653.199757
590000        653.23785
550000       653.832899
550000       654.138553
590000       654.005778
550000       654.370893
590000       654.410847
530000       654.330448
550000       655.034215
610000       655.589168
550000       655.549404
Computing instanton...
Computing instanton...
550000       656.374505
550000       656.857907
Computing instanton...
550000        658.22262
Computing instanton...
550000       659.121586
610000       660.291378
540000       661.001282
Computing instanton...
550000       662.004805
600000       662.268904
610000       662.350028
Computing instanton...
610000       662.711397
610000       663.546484
610000       663.961534
550000       664.312013
600000       664.282856
620000        664.38862
Computing instanton...
600000       664.428331
560000       665.324616
600000        665.39455
560000       666.195439
560000       666.302509
560000       666.699603
620000       666.977309
Computing instanton...
560000       667.173044
560000       667.488279
Computing instanton...
Computing instanton...
Computing instanton...
540000        668.68151
560000       669.288419
560000       670.239293
Computing instanton...
560000       670.585046
620000       671.494586
620000       672.461762
620000       673.360194
610000       673.442017
550000       673.704393
620000       673.837068
620000       673.802796
560000       674.175574
610000       674.469758
630000       674.698304
610000       674.557866
Computing instanton...
560000       676.024987
610000       676.277305
570000        676.37887
630000       677.220253
570000       677.919659
570000       678.018278
Computing instanton...
570000       678.192357
570000       678.389427
570000       678.985736
550000       679.442431
Computing instanton...
570000       680.703702
570000       681.165239
630000       681.657546
Computing instanton...
570000       682.165878
Computing instanton...
Computing instanton...
630000       682.715422
630000       682.730108
Computing instanton...
630000       683.317904
630000       683.741283
620000       684.333033
Computing instanton...
620000       684.909435
560000       685.217745
620000        685.87722
640000       686.462841
570000        686.47383
Computing instanton...
620000       686.657854
580000       687.622096
640000       688.019095
570000       688.025694
580000       688.864455
580000       689.281161
Computing instanton...
580000       689.714086
580000       690.244095
560000        690.72973
580000       691.115195
640000       691.248165
580000       692.035896
640000        692.43197
640000        692.87552
580000       693.487508
580000        693.49582
Computing instanton...
640000       693.706133
Computing instanton...
640000       694.551917
630000       696.584921
Computing instanton...
630000        696.92087
630000       697.208696
570000       697.152661
630000       697.478873
580000       698.594512
650000       698.790935
650000       699.054165
Computing instanton...
580000       699.175922
590000       699.777181
590000       699.877652
Computing instanton...
590000        700.47997
Computing instanton...
590000       701.366703
590000       701.543305
650000       701.461025
570000       702.269281
650000       702.608664
590000       703.488493
650000       703.745316
650000       703.668032
650000       704.048398
Computing instanton...
Computing instanton...
590000       705.109052
Computing instanton...
590000       706.054178
640000       706.356136
640000       706.732272
640000       706.811449
660000       708.343395
Computing instanton...
640000       709.545147
660000       709.852517
580000       709.643405
590000       710.802426
590000       710.815014
600000       710.818168
600000       711.163069
580000       711.441583
660000       712.181019
600000       712.268645
Computing instanton...
660000        713.06377
600000       713.337011
600000       713.906515
660000       714.209607
660000        714.35537
660000       714.421317
600000       715.115751
600000       716.456985
650000       716.573934
650000       716.535069
650000       717.117742
600000       717.459877
670000         719.0253
650000       719.576892
670000       720.217201
610000       721.742262
590000       721.780983
600000       722.014665
610000       722.023798
670000       722.068676
600000       722.106891
590000       722.012363
610000       722.414734
670000       722.650725
Computing instanton...
610000       723.540856
670000        723.58229
Computing instanton...
670000       723.901474
670000       724.545445
610000       724.889134
610000       725.025604
Computing instanton...
660000       725.643272
660000       726.497841
660000       726.924292
610000       727.767631
Computing instanton...
610000       728.451016
660000       729.145584
680000       729.472093
Computing instanton...
680000       730.535353
Computing instanton...
Computing instanton...
680000       731.631146
680000       731.880368
Computing instanton...
600000       732.603963
600000       732.645034
620000       732.812621
680000       732.714566
620000       733.004035
610000       733.068997
620000       734.060421
680000       734.111888
610000       734.629177
620000       734.988889
680000       735.018377
Computing instanton...
620000       735.953323
670000       736.431237
670000       736.657414
Computing instanton...
Computing instanton...
620000       737.514208
670000       737.817208
Computing instanton...
670000       738.886368
690000       738.931763
620000       739.525491
620000       740.047218
Computing instanton...
690000       741.414229
690000       741.412292
Computing instanton...
Computing instanton...
690000       742.566335
690000       742.869682
610000       742.994467
Computing instanton...
610000       743.644311
630000       744.534787
690000       744.570735
690000       745.133684
630000       745.147119
620000       745.277639
630000        745.51813
680000       746.518767
620000       746.505665
630000       746.767094
680000       746.589714
630000       747.095005
630000       747.561381
680000       747.993744
Computing instanton...
700000       748.924235
680000       749.446056
srun: Job step aborted: Waiting up to 32 seconds for job step to finish.
slurmstepd: error: *** JOB 187092 ON hbcomp-011 CANCELLED AT 2018-02-15T12:47:30 ***
srun: got SIGCONT
700000       750.826154
slurmstepd: error: *** STEP 187092.0 ON hbcomp-011 CANCELLED AT 2018-02-15T12:47:30 ***
srun: forcing job termination
srun: error: hbcomp-011: task 0: Terminated
