24000000 0.007 20.0 30 0.0 B 3 1 0.003936 0 55.0 -1 4
Unrecognized MATLAB option "wait".
Unrecognized MATLAB option "minimize".

                            < M A T L A B (R) >
                  Copyright 1984-2017 The MathWorks, Inc.
                   R2017b (9.3.0.713579) 64-bit (glnxa64)
                             September 14, 2017

Unrecognized MATLAB option "wait".
Unrecognized MATLAB option "minimize".

                            < M A T L A B (R) >
                  Copyright 1984-2017 The MathWorks, Inc.
                   R2017b (9.3.0.713579) 64-bit (glnxa64)
                             September 14, 2017

Unrecognized MATLAB option "wait".
Unrecognized MATLAB option "minimize".

                            < M A T L A B (R) >
                  Copyright 1984-2017 The MathWorks, Inc.
                   R2017b (9.3.0.713579) 64-bit (glnxa64)
                             September 14, 2017

Unrecognized MATLAB option "wait".
Unrecognized MATLAB option "minimize".

                            < M A T L A B (R) >
                  Copyright 1984-2017 The MathWorks, Inc.
                   R2017b (9.3.0.713579) 64-bit (glnxa64)
                             September 14, 2017

Unrecognized MATLAB option "wait".
Unrecognized MATLAB option "minimize".

                            < M A T L A B (R) >
                  Copyright 1984-2017 The MathWorks, Inc.
                   R2017b (9.3.0.713579) 64-bit (glnxa64)
                             September 14, 2017

Unrecognized MATLAB option "wait".
Unrecognized MATLAB option "minimize".

                            < M A T L A B (R) >
                  Copyright 1984-2017 The MathWorks, Inc.
                   R2017b (9.3.0.713579) 64-bit (glnxa64)
                             September 14, 2017

Unrecognized MATLAB option "wait".
Unrecognized MATLAB option "minimize".

                            < M A T L A B (R) >
                  Copyright 1984-2017 The MathWorks, Inc.
                   R2017b (9.3.0.713579) 64-bit (glnxa64)
                             September 14, 2017

Unrecognized MATLAB option "wait".
Unrecognized MATLAB option "minimize".

                            < M A T L A B (R) >
                  Copyright 1984-2017 The MathWorks, Inc.
                   R2017b (9.3.0.713579) 64-bit (glnxa64)
                             September 14, 2017

Unrecognized MATLAB option "wait".
Unrecognized MATLAB option "minimize".

                            < M A T L A B (R) >
                  Copyright 1984-2017 The MathWorks, Inc.
                   R2017b (9.3.0.713579) 64-bit (glnxa64)
                             September 14, 2017

Unrecognized MATLAB option "wait".
Unrecognized MATLAB option "minimize".

                            < M A T L A B (R) >
                  Copyright 1984-2017 The MathWorks, Inc.
                   R2017b (9.3.0.713579) 64-bit (glnxa64)
                             September 14, 2017

Unrecognized MATLAB option "wait".
Unrecognized MATLAB option "minimize".

                            < M A T L A B (R) >
                  Copyright 1984-2017 The MathWorks, Inc.
                   R2017b (9.3.0.713579) 64-bit (glnxa64)
                             September 14, 2017

Unrecognized MATLAB option "wait".
Unrecognized MATLAB option "minimize".

                            < M A T L A B (R) >
                  Copyright 1984-2017 The MathWorks, Inc.
                   R2017b (9.3.0.713579) 64-bit (glnxa64)
                             September 14, 2017

Unrecognized MATLAB option "wait".
Unrecognized MATLAB option "minimize".

                            < M A T L A B (R) >
                  Copyright 1984-2017 The MathWorks, Inc.
                   R2017b (9.3.0.713579) 64-bit (glnxa64)
                             September 14, 2017

Unrecognized MATLAB option "wait".
Unrecognized MATLAB option "minimize".

                            < M A T L A B (R) >
                  Copyright 1984-2017 The MathWorks, Inc.
                   R2017b (9.3.0.713579) 64-bit (glnxa64)
                             September 14, 2017

Unrecognized MATLAB option "wait".
Unrecognized MATLAB option "minimize".

                            < M A T L A B (R) >
                  Copyright 1984-2017 The MathWorks, Inc.
                   R2017b (9.3.0.713579) 64-bit (glnxa64)
                             September 14, 2017

Unrecognized MATLAB option "wait".
Unrecognized MATLAB option "minimize".

                            < M A T L A B (R) >
                  Copyright 1984-2017 The MathWorks, Inc.
                   R2017b (9.3.0.713579) 64-bit (glnxa64)
                             September 14, 2017

Unrecognized MATLAB option "wait".
Unrecognized MATLAB option "minimize".

                            < M A T L A B (R) >
                  Copyright 1984-2017 The MathWorks, Inc.
                   R2017b (9.3.0.713579) 64-bit (glnxa64)
                             September 14, 2017

Unrecognized MATLAB option "wait".
Unrecognized MATLAB option "minimize".

                            < M A T L A B (R) >
                  Copyright 1984-2017 The MathWorks, Inc.
                   R2017b (9.3.0.713579) 64-bit (glnxa64)
                             September 14, 2017

Unrecognized MATLAB option "wait".
Unrecognized MATLAB option "minimize".

                            < M A T L A B (R) >
                  Copyright 1984-2017 The MathWorks, Inc.
                   R2017b (9.3.0.713579) 64-bit (glnxa64)
                             September 14, 2017

Unrecognized MATLAB option "wait".
Unrecognized MATLAB option "minimize".

                            < M A T L A B (R) >
                  Copyright 1984-2017 The MathWorks, Inc.
                   R2017b (9.3.0.713579) 64-bit (glnxa64)
                             September 14, 2017

Unrecognized MATLAB option "wait".
Unrecognized MATLAB option "minimize".

                            < M A T L A B (R) >
                  Copyright 1984-2017 The MathWorks, Inc.
                   R2017b (9.3.0.713579) 64-bit (glnxa64)
                             September 14, 2017

Unrecognized MATLAB option "wait".
Unrecognized MATLAB option "minimize".

                            < M A T L A B (R) >
                  Copyright 1984-2017 The MathWorks, Inc.
                   R2017b (9.3.0.713579) 64-bit (glnxa64)
                             September 14, 2017

Unrecognized MATLAB option "wait".
Unrecognized MATLAB option "minimize".

                            < M A T L A B (R) >
                  Copyright 1984-2017 The MathWorks, Inc.
                   R2017b (9.3.0.713579) 64-bit (glnxa64)
                             September 14, 2017

Unrecognized MATLAB option "wait".
Unrecognized MATLAB option "minimize".

                            < M A T L A B (R) >
                  Copyright 1984-2017 The MathWorks, Inc.
                   R2017b (9.3.0.713579) 64-bit (glnxa64)
                             September 14, 2017

 
For online documentation, see http://www.mathworks.com/support
For product information, visit www.mathworks.com.
 
 
For online documentation, see http://www.mathworks.com/support
 
For product information, visit www.mathworks.com.
 
For online documentation, see http://www.mathworks.com/support
For product information, visit www.mathworks.com.
 
 
 
 
For online documentation, see http://www.mathworks.com/support
For product information, visit www.mathworks.com.
 
For online documentation, see http://www.mathworks.com/support
For online documentation, see http://www.mathworks.com/support
For product information, visit www.mathworks.com.
 
For product information, visit www.mathworks.com.
 
 
For online documentation, see http://www.mathworks.com/support
For product information, visit www.mathworks.com.
 
 
 
For online documentation, see http://www.mathworks.com/support
For online documentation, see http://www.mathworks.com/support
For product information, visit www.mathworks.com.
 
For product information, visit www.mathworks.com.
 
 
For online documentation, see http://www.mathworks.com/support
For product information, visit www.mathworks.com.
 
 
For online documentation, see http://www.mathworks.com/support
For product information, visit www.mathworks.com.
 
 
 
 
For online documentation, see http://www.mathworks.com/support
For online documentation, see http://www.mathworks.com/support
For online documentation, see http://www.mathworks.com/support
For product information, visit www.mathworks.com.
 
For product information, visit www.mathworks.com.
For product information, visit www.mathworks.com.
 
 
 
 
 
For online documentation, see http://www.mathworks.com/support
For online documentation, see http://www.mathworks.com/support
For product information, visit www.mathworks.com.
 
For product information, visit www.mathworks.com.
 
For online documentation, see http://www.mathworks.com/support
For product information, visit www.mathworks.com.
 
 
 
For online documentation, see http://www.mathworks.com/support
For online documentation, see http://www.mathworks.com/support
For product information, visit www.mathworks.com.
 
For product information, visit www.mathworks.com.
 
 
 
 
For online documentation, see http://www.mathworks.com/support
For product information, visit www.mathworks.com.
 
For online documentation, see http://www.mathworks.com/support
For product information, visit www.mathworks.com.
 
 
For online documentation, see http://www.mathworks.com/support
For product information, visit www.mathworks.com.
 
For online documentation, see http://www.mathworks.com/support
For product information, visit www.mathworks.com.
 
 
For online documentation, see http://www.mathworks.com/support
For product information, visit www.mathworks.com.
 
outfile: ../data/out_0007/.worker_9.txt
outfile: ../data/out_0007/.worker_13.txt
outfile: ../data/out_0007/.worker_1.txt
outfile: ../data/out_0007/.worker_4.txt
outfile: ../data/out_0007/.worker_23.txt
outfile: ../data/out_0007/.worker_16.txt
outfile: ../data/out_0007/.worker_0.txt
outfile: ../data/out_0007/.worker_5.txt
outfile: ../data/out_0007/.worker_8.txt
outfile: ../data/out_0007/.worker_22.txt
outfile: ../data/out_0007/.worker_2.txt
outfile: ../data/out_0007/.worker_19.txt
outfile: ../data/out_0007/.worker_7.txt
outfile: ../data/out_0007/.worker_21.txt
outfile: ../data/out_0007/.worker_18.txt
outfile: ../data/out_0007/.worker_11.txt
outfile: ../data/out_0007/.worker_14.txt
outfile: ../data/out_0007/.worker_10.txt
outfile: ../data/out_0007/.worker_20.txt
outfile: ../data/out_0007/.worker_12.txt
outfile: ../data/out_0007/.worker_3.txt
outfile: ../data/out_0007/.worker_17.txt
outfile: ../data/out_0007/.worker_6.txt
outfile: ../data/out_0007/.worker_15.txt
Computing instanton...
Computing instanton...
Computing instanton...
Computing instanton...
10000       50.833088
10000        51.71538
10000       52.111722
10000       52.046352
10000       52.226035
10000       53.362203
10000       53.573936
10000       54.154928
10000       54.309676
10000        54.82759
10000       54.956152
10000       55.621362
10000        56.30451
Computing instanton...
10000       56.850685
10000       57.130977
10000       57.129577
Computing instanton...
10000        58.08908
10000       58.918496
10000       59.042029
10000       59.371531
10000        60.33841
10000       60.233174
10000       60.998479
Computing instanton...
10000       62.267022
Computing instanton...
Computing instanton...
Computing instanton...
Computing instanton...
20000       99.657456
20000      100.502986
20000      101.057649
20000      102.345522
Computing instanton...
20000      104.549911
20000      104.626213
20000      104.693291
Computing instanton...
20000      106.762605
20000      107.013645
20000      107.736099
20000      107.852689
20000      108.301686
20000      108.720198
20000         108.834
20000      108.914419
20000      110.367061
Computing instanton...
20000      110.565859
20000      112.100893
20000      112.124981
20000      113.082723
20000      113.276184
20000      113.846974
Computing instanton...
20000       116.32725
Computing instanton...
20000      118.690505
Computing instanton...
Computing instanton...
30000      145.836162
30000      148.680638
30000      149.094711
Computing instanton...
30000      151.545891
30000      152.145636
Computing instanton...
30000      153.136331
30000      153.234924
30000      154.320387
30000      156.526689
Computing instanton...
30000      160.944912
30000      161.158477
30000      161.739828
30000      162.338259
30000      162.549076
30000      164.374744
30000      164.790347
30000      164.898703
30000      165.346291
30000      165.490173
30000      166.658021
30000      166.934219
30000      167.745607
30000      168.754973
Computing instanton...
Computing instanton...
30000      172.445418
Computing instanton...
Computing instanton...
Computing instanton...
Computing instanton...
Computing instanton...
Computing instanton...
40000      195.352911
40000      195.466678
40000      197.161633
40000      197.544466
Computing instanton...
40000      199.846727
40000      202.607962
40000      204.095981
40000      207.848352
40000      208.185223
40000      209.794676
40000      210.756461
40000      211.826264
40000      213.046188
40000      213.782182
40000      213.862432
40000      214.209777
Computing instanton...
40000      218.090716
40000      218.614813
40000        219.7232
40000      219.644123
Computing instanton...
40000      220.499015
40000      220.450798
40000      220.843531
Computing instanton...
40000      223.104571
Computing instanton...
Computing instanton...
Computing instanton...
Computing instanton...
Computing instanton...
50000      241.194486
50000      242.968463
50000      243.125888
Computing instanton...
Computing instanton...
50000      248.515914
50000      248.973745
Computing instanton...
50000      252.448196
50000       253.02659
50000      256.271767
Computing instanton...
Computing instanton...
Computing instanton...
Computing instanton...
50000      262.062155
50000       263.94054
50000       265.18372
50000      267.107065
50000      267.733873
50000      268.497471
50000       269.20385
50000      269.571236
50000      270.578728
Computing instanton...
50000      272.562975
50000      273.531806
50000      274.109915
50000      274.005033
50000      275.091463
50000      275.292613
50000      275.347515
Computing instanton...
Computing instanton...
Computing instanton...
60000      290.562582
Computing instanton...
60000      292.399889
60000      293.529717
60000       296.71509
Computing instanton...
60000      299.808315
60000      303.650815
Computing instanton...
Computing instanton...
60000      306.668358
Computing instanton...
Computing instanton...
Computing instanton...
60000      310.260857
Computing instanton...
Computing instanton...
60000      315.186203
Computing instanton...
60000      316.521319
60000      318.751655
60000      319.916632
60000      320.764783
Computing instanton...
60000       321.96432
60000      322.271336
60000      322.753735
60000      323.918009
60000      324.241253
Computing instanton...
60000      326.681608
Computing instanton...
60000      326.785512
60000      327.457454
60000      327.461936
60000      330.251234
60000       330.18601
Computing instanton...
Computing instanton...
70000      337.988287
Computing instanton...
70000      340.725873
70000       341.19735
Computing instanton...
Computing instanton...
Computing instanton...
70000      346.540511
70000      349.183448
Computing instanton...
70000      349.455082
Computing instanton...
70000      354.915314
Computing instanton...
Computing instanton...
Computing instanton...
Computing instanton...
Computing instanton...
70000      361.314567
70000      366.825045
70000      367.770004
70000      367.841589
Computing instanton...
70000      371.053561
70000      374.412304
70000      376.175933
70000      376.882658
70000      377.165017
70000      378.312111
70000      378.506442
70000      378.916605
70000      379.682805
70000      379.980295
70000      380.374535
70000      381.851136
70000      384.473783
Computing instanton...
80000      390.026717
80000      390.328763
80000      391.690675
Computing instanton...
Computing instanton...
80000      396.333067
80000       399.30319
Computing instanton...
80000      402.499002
Computing instanton...
80000       404.19454
Computing instanton...
Computing instanton...
Computing instanton...
80000      417.219894
80000      418.125573
80000      418.668449
80000      421.352112
Computing instanton...
80000      422.614824
80000      425.655497
80000      425.791914
Computing instanton...
80000      427.779145
80000      427.898875
80000      429.480726
80000      432.035151
80000      432.296302
80000      432.583645
Computing instanton...
80000      433.951457
80000      434.165931
80000      438.357608
90000      438.912063
80000      440.729911
90000      444.817425
90000       445.89525
90000      447.221942
90000      450.892148
90000      455.194837
90000      455.382233
Computing instanton...
Computing instanton...
Computing instanton...
Computing instanton...
Computing instanton...
Computing instanton...
90000      468.725441
Computing instanton...
90000      470.234331
90000      473.079039
Computing instanton...
90000      473.551355
90000      475.206173
90000       475.03259
90000      475.422974
90000      476.475877
90000       479.30484
Computing instanton...
Computing instanton...
Computing instanton...
90000      481.944376
90000      485.012556
90000      485.131058
90000      486.736064
90000      486.891061
Computing instanton...
90000      487.581094
Computing instanton...
100000       489.636874
Computing instanton...
90000      492.098629
100000        492.21543
90000      492.442629
Computing instanton...
Computing instanton...
Computing instanton...
Computing instanton...
100000       497.978124
100000       498.432435
100000       502.405214
100000       503.386352
100000       503.582544
Computing instanton...
Computing instanton...
Computing instanton...
100000       518.581296
100000        519.99479
Computing instanton...
100000       522.165047
100000       522.818045
100000       523.697754
100000       525.340355
Computing instanton...
100000       527.891744
Computing instanton...
100000       529.025904
Computing instanton...
100000       532.508068
Computing instanton...
100000       533.162162
100000       533.502508
Computing instanton...
100000       537.023811
110000       537.366478
100000       539.933905
100000       540.109419
110000       540.357063
100000       540.346742
Computing instanton...
Computing instanton...
100000       542.685129
110000       545.954611
Computing instanton...
100000       547.535726
110000       547.736541
Computing instanton...
110000       550.038564
Computing instanton...
110000       552.356884
110000       556.131225
Computing instanton...
Computing instanton...
Computing instanton...
Computing instanton...
Computing instanton...
110000       570.587723
110000        572.01473
110000       572.472948
110000       574.720447
110000       575.191831
110000        575.49805
110000        576.05163
Computing instanton...
Computing instanton...
110000       580.366616
110000       581.861803
Computing instanton...
120000       585.926952
Computing instanton...
110000       586.788793
110000       587.472698
Computing instanton...
110000       588.522322
120000        588.58715
Computing instanton...
Computing instanton...
110000       593.115385
120000       593.402898
110000       593.617631
Computing instanton...
120000       595.190242
110000       596.111951
Computing instanton...
110000       598.038803
110000       598.054946
120000       598.062076
120000       599.587681
Computing instanton...
Computing instanton...
120000       605.072606
Computing instanton...
Computing instanton...
120000        615.01437
Computing instanton...
Computing instanton...
120000       622.282023
120000       622.320031
120000       623.979372
120000        625.76277
120000       627.673366
120000       628.404568
Computing instanton...
120000       629.482294
120000       631.477951
130000       631.869055
Computing instanton...
120000       636.154645
120000       636.413932
130000       638.733018
130000       639.191757
120000       639.665595
120000       640.778836
Computing instanton...
130000       642.905326
Computing instanton...
Computing instanton...
120000       646.859545
120000       646.899455
130000       647.726842
120000       648.019471
120000       648.406847
130000       650.855951
Computing instanton...
Computing instanton...
130000       657.292011
Computing instanton...
Computing instanton...
130000       662.848746
Computing instanton...
130000       671.535854
130000       671.601427
130000       674.992225
130000       675.715847
140000       677.653658
Computing instanton...
Computing instanton...
130000       679.077201
130000       681.224804
130000       682.851641
Computing instanton...
140000       684.245849
Computing instanton...
130000       685.835133
Computing instanton...
140000       687.338008
130000       688.270455
140000       689.367545
130000       691.188951
130000       692.820978
130000       692.803974
Computing instanton...
140000       694.119637
130000       695.472251
130000       698.015139
140000       700.383534
130000         701.8078
130000       702.769637
140000       703.844444
140000       710.128116
140000       720.649371
140000        721.43546
150000       722.286959
Computing instanton...
140000       724.127966
150000       730.714567
Computing instanton...
150000       732.401667
140000       732.520039
140000       733.625951
140000       734.125921
140000       735.008074
Computing instanton...
150000       739.327108
140000       739.903626
140000        741.15487
150000       742.186983
140000       743.986728
140000       744.141809
140000       745.530097
150000       746.328513
150000       748.096784
140000       748.813332
140000       750.097909
Computing instanton...
140000        754.54147
140000       755.743275
Computing instanton...
150000       759.216327
Computing instanton...
150000       767.257039
150000       767.126974
160000       772.331182
150000       772.638139
160000       773.573688
Computing instanton...
160000       778.707524
Computing instanton...
Computing instanton...
150000       785.491658
160000       786.006074
160000       786.198162
150000       787.623998
150000        789.20875
150000       789.296884
Computing instanton...
150000       791.899661
150000       792.003638
150000       793.930867
160000       794.293884
150000       797.254181
160000       797.677641
Computing instanton...
Computing instanton...
150000       801.002729
150000       802.498348
150000       803.841054
150000       804.236222
150000       806.266258
160000       807.904672
Computing instanton...
160000       812.801313
Computing instanton...
Computing instanton...
160000       814.381466
Computing instanton...
Computing instanton...
Computing instanton...
170000       819.533666
170000       823.068879
Computing instanton...
160000       825.280627
Computing instanton...
Computing instanton...
170000       831.907743
Computing instanton...
170000       832.633638
160000       835.748666
Computing instanton...
170000       839.309753
160000       839.446688
160000       841.631362
160000       843.040698
Computing instanton...
170000        843.49244
160000       843.606432
160000       843.940636
Computing instanton...
Computing instanton...
160000       847.766234
170000       848.549969
Computing instanton...
Computing instanton...
Computing instanton...
160000       850.664359
160000       853.525691
170000       858.040507
160000       859.000385
160000       858.871263
160000       859.617363
160000       859.897953
170000       861.703115
170000       864.606923
Computing instanton...
180000       867.251476
180000        870.15348
Computing instanton...
180000       879.244625
Computing instanton...
Computing instanton...
170000       880.918685
180000       881.495915
170000       886.877444
180000       887.608291
Computing instanton...
170000       891.687466
170000       893.908128
170000       894.122415
170000       894.185574
180000        894.68223
Computing instanton...
170000       896.298923
180000       897.353057
Computing instanton...
170000        899.81869
170000       902.793827
180000       904.747431
170000       905.036235
Computing instanton...
Computing instanton...
170000       909.420695
170000       910.324532
170000       910.385412
180000       910.422048
Computing instanton...
170000       911.477602
180000       913.869757
Computing instanton...
190000        914.67101
Computing instanton...
Computing instanton...
190000       920.783279
190000       926.046015
190000       931.484404
Computing instanton...
180000       934.337205
190000       935.189469
180000       938.690399
190000       943.086194
180000       943.080873
Computing instanton...
190000       945.697795
180000       946.217196
180000       946.848656
180000       946.828952
Computing instanton...
Computing instanton...
180000       948.148544
Computing instanton...
Computing instanton...
180000       953.073483
Computing instanton...
Computing instanton...
190000       954.399906
Computing instanton...
180000       957.270802
180000       958.172382
190000       958.860544
200000       960.073093
180000       960.816166
190000       962.603575
180000        963.51075
180000       965.915121
180000       965.989782
Computing instanton...
200000       967.264602
200000       975.972582
200000       977.231206
190000       986.832914
200000       987.528326
Computing instanton...
200000       992.604437
190000       993.023295
190000       993.245702
200000       994.959898
Computing instanton...
190000       998.202227
Computing instanton...
190000       999.879847
Computing instanton...
190000      1001.473645
190000      1001.689531
190000      1003.738583
Computing instanton...
Computing instanton...
190000      1006.255578
200000      1007.414935
210000      1007.456285
190000      1007.745054
200000      1011.258336
190000      1011.651067
200000      1012.365709
190000      1012.667302
190000      1015.392052
190000      1015.704758
210000      1016.046654
Computing instanton...
210000       1023.67155
Computing instanton...
Computing instanton...
Computing instanton...
210000      1029.374384
Computing instanton...
210000      1033.797573
200000      1037.967689
210000       1040.77717
210000      1041.846036
Computing instanton...
200000      1046.285109
200000      1046.380201
Computing instanton...
200000      1049.087805
200000      1049.418741
Computing instanton...
Computing instanton...
200000       1052.95857
210000      1055.281373
Computing instanton...
Computing instanton...
200000      1056.213323
Computing instanton...
200000      1057.467932
210000      1057.763599
Computing instanton...
Computing instanton...
220000      1059.806909
200000      1061.487524
200000      1061.856544
200000      1062.542796
210000      1063.363503
200000      1063.759676
Computing instanton...
Computing instanton...
220000      1067.093853
200000      1069.211964
220000      1069.463623
200000      1070.593765
Computing instanton...
220000      1078.683241
220000      1081.827722
220000      1086.226269
Computing instanton...
220000      1090.157862
210000      1093.486434
Computing instanton...
210000      1094.168658
Computing instanton...
Computing instanton...
210000      1098.384451
Computing instanton...
220000      1099.961273
Computing instanton...
210000      1100.926332
Computing instanton...
220000      1104.654093
Computing instanton...
210000        1108.2562
Computing instanton...
210000      1108.803283
210000      1109.220873
230000      1109.347583
220000      1110.274029
210000      1112.219483
Computing instanton...
210000      1112.979519
230000      1113.089065
210000      1113.124305
230000      1114.203208
210000       1114.58293
Computing instanton...
210000      1119.616183
210000       1122.61326
Computing instanton...
210000      1124.220324
230000      1125.253614
Computing instanton...
230000      1127.887954
Computing instanton...
230000       1132.67631
230000       1136.46438
Computing instanton...
Computing instanton...
220000      1146.567171
220000      1147.004708
Computing instanton...
230000      1150.258499
230000       1150.15052
220000      1150.435072
220000       1155.40145
Computing instanton...
240000      1156.522796
220000      1158.967481
230000      1159.893236
240000      1160.109642
240000      1160.293596
Computing instanton...
220000      1160.764459
Computing instanton...
220000      1161.811208
220000       1162.43014
220000      1164.377661
220000      1165.202766
220000      1165.631825
220000      1168.599855
240000       1170.37931
220000      1170.880544
Computing instanton...
Computing instanton...
240000      1174.289726
240000      1179.264717
220000      1179.685258
Computing instanton...
240000      1184.833017
Computing instanton...
Computing instanton...
Computing instanton...
Computing instanton...
Computing instanton...
Computing instanton...
Computing instanton...
230000      1198.615744
230000       1198.92357
240000      1199.787242
Computing instanton...
Computing instanton...
Computing instanton...
250000      1201.532393
240000      1203.720703
230000       1204.39166
240000      1205.581291
250000      1205.781302
250000       1206.20543
230000       1210.53148
230000       1211.11285
230000      1215.438656
230000      1215.646459
230000      1215.519763
230000      1215.795078
250000      1216.766109
230000      1216.961504
Computing instanton...
Computing instanton...
230000      1218.341241
230000      1221.515029
250000      1221.944503
230000        1222.3334
Computing instanton...
250000      1227.103075
250000      1231.579638
Computing instanton...
230000      1234.282141
Computing instanton...
240000      1248.360961
260000      1248.526325
250000        1250.3204
250000      1250.597866
240000      1251.198615
Computing instanton...
250000      1254.078974
260000      1255.190993
260000      1255.257327
240000      1256.261813
Computing instanton...
Computing instanton...
240000      1260.808438
240000      1261.436227
Computing instanton...
Computing instanton...
260000       1267.13331
Computing instanton...
240000      1268.142092
240000      1268.606228
Computing instanton...
240000       1270.37055
240000      1270.235882
240000       1270.46052
260000      1272.142633
Computing instanton...
240000      1272.738647
260000      1274.137878
240000      1274.983833
240000      1276.106739
260000       1277.30562
Computing instanton...
240000      1287.389143
Computing instanton...
Computing instanton...
260000      1293.925033
270000      1297.846614
250000      1298.939866
Computing instanton...
270000      1299.714705
260000       1299.68168
260000      1301.346162
270000      1305.133901
250000      1306.125786
Computing instanton...
Computing instanton...
250000      1311.962851
Computing instanton...
270000      1314.004117
250000      1315.329674
250000       1315.41159
Computing instanton...
250000      1317.284177
250000      1317.945209
Computing instanton...
250000      1319.030478
250000      1319.689492
Computing instanton...
270000      1320.412089
250000      1321.422493
250000      1321.929089
Computing instanton...
270000      1322.903712
Computing instanton...
Computing instanton...
270000       1324.88221
Computing instanton...
250000      1326.256247
250000      1326.343361
Computing instanton...
Computing instanton...
Computing instanton...
Computing instanton...
250000      1339.213384
Computing instanton...
270000      1342.583159
Computing instanton...
270000      1347.306468
280000      1347.646345
Computing instanton...
270000       1349.61426
280000      1352.515286
260000      1353.003434
280000      1353.261154
Computing instanton...
260000      1357.598072
280000      1361.877729
Computing instanton...
Computing instanton...
Computing instanton...
260000       1364.53975
Computing instanton...
260000      1365.022882
260000      1365.639946
260000      1366.541491
280000      1366.689482
Computing instanton...
Computing instanton...
260000      1369.233865
Computing instanton...
260000      1371.461081
260000      1371.863609
Computing instanton...
280000      1372.505404
280000      1372.508735
Computing instanton...
260000      1373.020383
260000      1373.780364
Computing instanton...
260000       1376.88405
Computing instanton...
Computing instanton...
Computing instanton...
260000      1380.432969
260000      1390.464567
280000      1390.805595
290000      1392.782196
280000      1393.348027
Computing instanton...
290000      1397.800393
280000      1397.893157
Computing instanton...
290000      1400.228098
Computing instanton...
Computing instanton...
Computing instanton...
270000      1404.790072
290000       1408.53242
Computing instanton...
Computing instanton...
290000      1410.536262
Computing instanton...
270000      1412.277227
Computing instanton...
Computing instanton...
270000      1415.173183
Computing instanton...
Computing instanton...
Computing instanton...
270000      1419.093356
270000      1419.866502
270000      1420.161066
270000      1421.469553
Computing instanton...
290000      1421.700022
270000      1422.244088
290000      1422.677096
270000      1423.223189
270000      1425.179024
270000        1426.7722
Computing instanton...
270000      1430.816914
270000      1433.385539
270000      1439.435532
300000      1439.500104
290000      1441.794244
290000      1442.533496
290000      1442.917726
300000      1445.654846
300000      1447.157685
Computing instanton...
Computing instanton...
Computing instanton...
280000      1455.261223
300000      1455.865439
300000      1458.500303
Computing instanton...
Computing instanton...
280000      1462.447549
300000      1464.972788
Computing instanton...
280000       1468.71663
280000      1468.862634
Computing instanton...
280000      1470.490869
280000      1471.204583
280000      1471.444141
Computing instanton...
280000      1474.981355
300000      1476.878612
Computing instanton...
280000        1476.9662
Computing instanton...
280000      1479.303546
280000      1479.953264
Computing instanton...
280000      1482.813402
Computing instanton...
280000      1485.219127
Computing instanton...
300000      1487.782078
310000      1489.708423
300000      1491.782583
310000       1493.02829
Computing instanton...
280000      1494.806526
Computing instanton...
Computing instanton...
300000      1496.564516
Computing instanton...
310000       1500.26038
310000      1503.348497
310000      1508.462358
Computing instanton...
290000      1511.692477
Computing instanton...
Computing instanton...
310000       1513.85203
290000      1515.685188
Computing instanton...
Computing instanton...
310000      1520.619778
Computing instanton...
290000      1521.794433
Computing instanton...
290000      1522.810498
290000      1523.898294
290000      1524.057243
290000      1525.037038
Computing instanton...
290000      1527.485672
Computing instanton...
290000      1529.548887
290000      1531.166784
310000      1532.692846
290000      1533.312518
290000      1533.399164
320000      1534.664117
320000      1537.340043
290000      1538.755029
310000      1539.789006
310000      1543.722597
320000      1545.297998
Computing instanton...
290000      1546.744037
Computing instanton...
320000      1550.066988
Computing instanton...
Computing instanton...
Computing instanton...
320000      1556.908146
Computing instanton...
320000      1557.843311
300000       1562.58133
Computing instanton...
300000      1564.768647
320000      1567.112638
300000      1571.013817
Computing instanton...
Computing instanton...
300000      1572.581645
300000      1573.438757
300000      1573.611601
Computing instanton...
Computing instanton...
300000      1576.029545
Computing instanton...
Computing instanton...
Computing instanton...
Computing instanton...
300000      1581.816771
320000      1583.441969
300000        1583.9462
330000      1583.878426
300000      1584.084206
300000      1584.940049
300000      1585.610792
320000      1585.674307
330000      1586.212157
Computing instanton...
300000      1588.827159
330000      1593.009715
320000      1594.356721
Computing instanton...
300000      1596.851406
Computing instanton...
330000       1600.02742
330000      1602.328388
Computing instanton...
Computing instanton...
330000      1606.482804
Computing instanton...
310000      1612.135516
310000      1613.999956
Computing instanton...
Computing instanton...
330000       1618.40573
Computing instanton...
310000      1620.533233
310000      1621.781155
310000      1625.783068
310000      1626.223603
310000      1628.712404
330000      1630.121536
340000      1630.996357
Computing instanton...
310000      1633.163318
310000      1633.469283
330000      1633.719199
310000      1634.057119
340000      1636.131433
340000      1636.461594
310000      1636.353683
310000      1637.828492
Computing instanton...
330000       1638.89789
Computing instanton...
310000      1640.298959
Computing instanton...
310000      1646.277195
Computing instanton...
340000      1649.849152
340000      1652.233526
340000      1652.952382
Computing instanton...
Computing instanton...
Computing instanton...
Computing instanton...
320000      1661.620049
320000      1663.256144
340000      1664.129346
Computing instanton...
Computing instanton...
Computing instanton...
320000       1672.14965
320000       1674.28296
320000       1676.74836
320000      1677.558462
350000       1677.74166
340000      1677.813924
320000      1678.930753
340000      1680.606909
320000      1681.460512
350000      1682.256373
320000      1682.722439
320000      1682.806059
320000      1684.336377
350000      1687.114771
320000      1690.743881
340000      1692.495261
Computing instanton...
320000      1694.631931
350000      1697.628344
Computing instanton...
Computing instanton...
350000      1699.267464
350000      1699.827117
320000      1700.806267
Computing instanton...
Computing instanton...
Computing instanton...
Computing instanton...
350000      1710.238441
Computing instanton...
330000      1714.166285
Computing instanton...
330000      1717.509399
350000      1725.382917
Computing instanton...
360000      1727.561328
350000      1728.350378
Computing instanton...
360000      1730.066837
330000      1730.271884
330000      1730.615659
330000       1730.62214
330000      1730.874383
330000      1731.315053
330000      1734.580597
360000      1735.151942
330000      1735.529422
330000      1736.084193
330000      1739.200355
350000      1741.484842
330000      1741.940975
Computing instanton...
Computing instanton...
Computing instanton...
360000      1748.800718
360000      1748.876403
360000      1749.591054
Computing instanton...
Computing instanton...
330000      1751.377922
330000       1753.41946
Computing instanton...
360000      1759.804005
Computing instanton...
Computing instanton...
Computing instanton...
340000      1768.425215
340000      1769.134686
Computing instanton...
360000      1774.906886
370000      1776.050406
340000      1776.242022
370000      1776.292486
Computing instanton...
340000      1780.595867
Computing instanton...
360000      1783.008536
340000      1783.332269
340000      1784.125949
340000      1784.672612
340000      1784.741945
340000      1785.624407
370000      1786.721173
340000      1788.337017
340000      1789.625177
Computing instanton...
360000      1792.471322
340000      1793.660734
Computing instanton...
370000      1798.903597
370000      1799.782746
370000      1801.712122
340000      1806.041064
370000      1808.406173
340000       1808.61373
Computing instanton...
350000      1816.726889
350000      1819.959073
Computing instanton...
380000      1822.571308
380000      1826.067424
370000       1827.11387
350000       1829.39506
Computing instanton...
350000      1830.630363
370000      1830.557415
350000      1831.606879
350000      1835.989403
350000      1837.149102
380000      1837.322654
350000      1837.650403
350000      1837.898062
350000      1839.745619
Computing instanton...
350000      1839.766328
370000      1841.335866
Computing instanton...
Computing instanton...
350000      1843.203227
380000      1844.249734
380000      1844.796825
380000      1848.202079
350000      1855.233426
380000      1855.818286
Computing instanton...
Computing instanton...
360000      1863.766465
350000      1864.694201
Computing instanton...
360000      1868.672745
390000      1870.354374
Computing instanton...
380000      1874.992207
390000      1875.969957
360000      1878.590753
380000      1878.674442
360000      1879.655908
360000       1882.47149
390000      1884.200463
Computing instanton...
360000      1886.296167
360000      1888.251658
360000      1888.075581
360000      1888.356772
390000      1888.975938
360000      1890.244467
390000      1892.467709
360000      1895.208762
360000      1895.777848
390000      1896.098831
380000      1896.365106
390000      1904.809499
360000      1905.643876
Computing instanton...
370000      1913.355191
360000      1915.566882
Computing instanton...
400000      1917.444452
370000      1918.447404
Computing instanton...
Computing instanton...
Computing instanton...
390000      1924.827516
Computing instanton...
400000      1926.586414
390000      1929.740956
370000       1930.24971
400000      1930.257515
370000      1933.215742
370000      1933.203664
370000       1935.87055
370000      1936.126681
400000       1937.16834
400000       1937.97247
370000      1938.249946
370000      1941.425459
400000      1942.145357
390000      1943.819668
Computing instanton...
370000      1944.685359
370000       1945.90925
Computing instanton...
370000      1952.604821
Computing instanton...
400000      1953.914016
Computing instanton...
370000      1955.523891
Computing instanton...
Computing instanton...
Computing instanton...
Computing instanton...
Computing instanton...
410000      1964.049216
Computing instanton...
Computing instanton...
380000      1966.682621
Computing instanton...
Computing instanton...
380000      1971.078119
370000      1971.317014
400000      1971.564102
400000      1975.863969
410000      1977.912933
380000      1980.820779
410000       1981.24925
Computing instanton...
380000      1981.939255
410000      1982.110673
Computing instanton...
410000      1984.701336
Computing instanton...
380000      1987.940216
380000       1988.06256
400000      1988.393429
380000      1990.248209
380000      1990.960151
380000      1993.394818
Computing instanton...
410000      1994.995259
Computing instanton...
380000      2000.587767
380000      2000.507306
Computing instanton...
Computing instanton...
380000       2004.63448
380000      2005.089629
410000      2005.631566
Computing instanton...
Computing instanton...
420000      2010.099931
410000      2016.078257
380000      2019.236284
Computing instanton...
390000      2020.040025
390000      2022.079293
420000      2024.505875
410000      2025.543189
Computing instanton...
390000       2029.30955
420000      2030.793511
390000       2032.18364
420000      2032.389387
420000      2034.061622
390000      2036.722545
Computing instanton...
390000      2037.632794
410000      2039.328327
420000       2040.80733
Computing instanton...
Computing instanton...
390000      2043.286889
390000      2043.751979
Computing instanton...
390000      2044.370356
Computing instanton...
Computing instanton...
Computing instanton...
Computing instanton...
390000      2052.872101
390000      2052.755427
390000      2053.006755
Computing instanton...
420000      2053.717682
430000      2055.216976
Computing instanton...
390000      2056.553677
Computing instanton...
Computing instanton...
420000      2063.575086
400000      2067.958621
Computing instanton...
Computing instanton...
390000      2071.688972
430000      2072.459917
Computing instanton...
420000      2074.158072
400000      2075.352891
Computing instanton...
400000      2077.823842
Computing instanton...
430000      2078.811284
430000      2080.216543
400000      2083.726291
430000      2084.012133
400000      2086.477848
400000      2087.793991
Computing instanton...
420000      2090.125273
430000      2090.704898
Computing instanton...
Computing instanton...
Computing instanton...
400000      2096.463239
400000      2096.516359
400000      2096.671585
400000      2100.674479
440000      2102.045089
400000      2102.615718
Computing instanton...
400000      2104.718165
430000      2104.827513
400000       2105.21676
430000      2113.998657
Computing instanton...
400000      2118.268584
Computing instanton...
440000      2120.540045
410000      2121.064227
Computing instanton...
430000      2121.292793
410000      2122.755608
410000      2124.824371
440000      2125.339686
440000      2127.700989
440000      2129.621976
Computing instanton...
430000      2134.577455
Computing instanton...
410000      2136.782146
440000      2138.901344
Computing instanton...
Computing instanton...
410000      2141.119889
410000      2141.510232
410000      2145.384578
Computing instanton...
410000      2146.183621
Computing instanton...
410000      2148.611724
440000      2150.338187
450000      2150.512828
410000      2151.544228
Computing instanton...
410000      2154.051125
410000      2156.613958
410000      2157.455647
440000      2162.556879
Computing instanton...
Computing instanton...
Computing instanton...
Computing instanton...
410000      2167.059969
440000      2167.480712
450000      2169.389441
Computing instanton...
Computing instanton...
Computing instanton...
450000      2172.489572
420000       2175.39797
420000      2175.681839
420000      2175.856439
Computing instanton...
450000      2177.310143
450000      2179.411043
Computing instanton...
440000      2180.768617
Computing instanton...
Computing instanton...
450000      2185.401543
Computing instanton...
Computing instanton...
420000      2190.033258
420000       2190.48425
420000      2190.661225
Computing instanton...
Computing instanton...
420000      2197.526642
460000      2198.096372
420000      2199.561667
450000      2199.935197
420000      2200.719679
Computing instanton...
420000      2203.532954
420000       2205.24502
420000      2207.499997
450000      2208.555166
420000      2211.112242
450000      2214.050545
Computing instanton...
Computing instanton...
Computing instanton...
460000      2217.408982
Computing instanton...
Computing instanton...
420000      2218.213523
460000      2221.992106
460000      2222.086866
430000        2223.3417
430000       2223.94076
Computing instanton...
460000      2225.008339
450000      2226.271324
Computing instanton...
430000      2228.032911
460000      2228.425203
Computing instanton...
Computing instanton...
Computing instanton...
430000      2240.310128
430000      2242.560493
430000      2243.594981
470000      2245.023472
460000      2247.071193
430000      2250.039381
430000      2251.417936
430000      2252.900806
Computing instanton...
430000      2254.981781
430000      2256.899645
460000      2257.487382
430000      2259.725417
430000      2261.816412
460000      2264.803201
430000      2269.850835
440000      2269.994812
470000      2270.603953
470000      2270.945892
470000      2271.302303
440000      2273.998068
470000      2274.762812
Computing instanton...
Computing instanton...
440000      2277.478423
470000      2277.842531
460000      2278.377132
Computing instanton...
440000      2287.581729
Computing instanton...
480000      2289.838817
440000      2290.517391
Computing instanton...
Computing instanton...
470000      2295.253046
Computing instanton...
440000      2297.494747
Computing instanton...
Computing instanton...
440000      2300.876209
440000      2301.267746
440000       2302.11525
440000      2304.945108
440000      2306.497212
470000      2307.942268
Computing instanton...
440000      2310.475191
470000      2310.488159
440000      2313.579797
440000      2316.099811
450000      2318.868921
480000      2318.799352
Computing instanton...
Computing instanton...
Computing instanton...
480000      2320.437222
480000      2320.728251
470000      2323.314001
Computing instanton...
480000      2324.669005
480000      2324.803929
Computing instanton...
450000      2326.108756
Computing instanton...
450000      2331.856445
450000      2339.069151
450000      2341.485697
480000      2342.961549
490000      2343.940927
Computing instanton...
450000      2348.667495
Computing instanton...
450000      2350.129178
450000      2350.591044
450000      2352.176426
Computing instanton...
Computing instanton...
480000      2355.560916
Computing instanton...
450000       2356.43983
Computing instanton...
450000      2357.578749
Computing instanton...
480000      2361.952476
450000      2362.643586
450000      2363.028773
Computing instanton...
Computing instanton...
Computing instanton...
490000      2367.076614
Computing instanton...
490000      2369.927638
460000      2370.089359
490000      2370.503387
480000      2371.456175
490000       2371.97902
450000      2372.220923
Computing instanton...
490000      2373.332382
460000       2376.00177
Computing instanton...
Computing instanton...
Computing instanton...
460000      2382.103669
Computing instanton...
490000      2387.603323
500000      2388.444688
460000      2391.047556
460000      2392.123421
Computing instanton...
460000      2400.911132
Computing instanton...
Computing instanton...
460000      2403.687497
Computing instanton...
Computing instanton...
460000      2404.416677
460000      2405.363163
460000      2408.057397
490000      2408.153829
490000      2408.398184
460000      2409.673483
460000      2409.561921
Computing instanton...
Computing instanton...
460000       2412.65933
500000      2413.204526
Computing instanton...
500000      2415.275682
Computing instanton...
Computing instanton...
500000      2416.866783
Computing instanton...
500000      2418.866789
490000      2419.604091
Computing instanton...
Computing instanton...
460000      2420.612781
500000      2421.864573
470000      2424.988772
470000      2427.946857
470000      2431.898432
510000       2433.35889
Computing instanton...
500000      2435.543615
Computing instanton...
470000       2441.17341
Computing instanton...
470000      2443.729801
Computing instanton...
470000      2450.542567
Computing instanton...
470000      2453.764639
500000      2454.188603
Computing instanton...
470000      2457.734255
470000      2458.083837
Computing instanton...
470000      2458.884822
500000      2458.972924
470000      2460.720722
470000      2462.752509
510000      2462.925927
510000      2464.940824
510000      2466.151561
470000      2466.028775
510000      2466.652318
510000      2466.945522
500000       2468.54051
Computing instanton...
470000       2470.80883
Computing instanton...
480000      2473.490983
Computing instanton...
Computing instanton...
Computing instanton...
520000      2480.356688
480000      2480.734164
510000      2482.339728
Computing instanton...
Computing instanton...
480000      2485.433419
Computing instanton...
Computing instanton...
480000      2491.221006
480000      2491.629369
Computing instanton...
Computing instanton...
Computing instanton...
510000      2503.595412
480000      2504.506898
Computing instanton...
Computing instanton...
Computing instanton...
Computing instanton...
510000      2507.121077
480000      2507.304532
520000      2508.977533
520000       2508.90757
480000      2509.282533
480000      2509.406424
480000      2511.221442
480000      2511.681259
520000      2512.824075
520000       2514.34064
Computing instanton...
520000      2515.467112
510000      2516.162551
480000      2517.654768
480000      2518.633361
490000      2520.582297
Computing instanton...
Computing instanton...
530000      2526.413588
Computing instanton...
490000       2533.88452
520000      2535.438443
490000      2538.816198
490000      2539.551157
490000      2541.504951
Computing instanton...
520000      2544.815544
Computing instanton...
Computing instanton...
Computing instanton...
490000      2553.646154
490000      2554.248642
520000      2554.204894
530000      2555.016049
Computing instanton...
Computing instanton...
490000      2556.707349
490000      2557.072866
530000      2557.837836
Computing instanton...
530000       2559.61741
520000      2560.340461
530000      2560.648159
490000       2560.78284
Computing instanton...
490000      2561.662423
530000      2561.759553
Computing instanton...
490000      2564.605164
500000      2566.259294
Computing instanton...
490000      2568.895363
Computing instanton...
540000      2574.359641
Computing instanton...
Computing instanton...
500000      2583.364929
500000      2584.615162
530000       2585.53986
500000      2588.050132
Computing instanton...
530000      2591.052359
500000       2591.34584
Computing instanton...
540000      2601.366495
540000      2603.074147
Computing instanton...
Computing instanton...
Computing instanton...
540000       2604.16811
500000      2604.619027
530000         2604.768
500000       2604.98868
Computing instanton...
540000      2606.706768
530000      2607.752903
500000      2607.900819
500000      2607.996062
500000      2608.626552
500000      2610.660842
540000      2610.741025
510000      2612.103355
500000      2613.141386
Computing instanton...
500000      2616.547587
Computing instanton...
Computing instanton...
Computing instanton...
550000      2623.418499
Computing instanton...
Computing instanton...
Computing instanton...
Computing instanton...
Computing instanton...
Computing instanton...
540000      2632.991526
Computing instanton...
510000      2633.648377
Computing instanton...
510000      2635.164852
540000      2638.153311
510000      2640.617345
Computing instanton...
510000      2642.742612
Computing instanton...
550000      2646.466361
550000      2648.498339
Computing instanton...
510000      2651.991815
550000      2653.692533
Computing instanton...
540000      2654.397699
540000      2654.485488
550000       2655.27789
Computing instanton...
510000      2656.056037
520000      2658.041436
510000      2658.146205
550000       2658.26589
510000      2658.598431
510000      2660.508386
510000      2661.126264
510000      2661.282507
510000      2665.233529
Computing instanton...
Computing instanton...
Computing instanton...
560000      2670.283348
Computing instanton...
Computing instanton...
Computing instanton...
550000      2678.184034
520000      2679.767047
Computing instanton...
520000      2683.683018
550000      2684.310582
Computing instanton...
520000      2690.125134
slurmstepd: error: Step 187015.0 exceeded memory limit (54608888 > 49152000), being killed
slurmstepd: error: Exceeded job memory limit
srun: Job step aborted: Waiting up to 32 seconds for job step to finish.
520000      2693.686028
slurmstepd: error: *** STEP 187015.0 ON hbcomp-006 CANCELLED AT 2018-02-14T19:31:07 ***
srun: error: hbcomp-006: task 0: Killed
