24000000 0.007 1.0 30 0.0 B 3 1 0.003936 0 55.0 -1 4
Unrecognized MATLAB option "wait".
Unrecognized MATLAB option "minimize".

                            < M A T L A B (R) >
                  Copyright 1984-2017 The MathWorks, Inc.
                   R2017b (9.3.0.713579) 64-bit (glnxa64)
                             September 14, 2017

Unrecognized MATLAB option "wait".
Unrecognized MATLAB option "minimize".

                            < M A T L A B (R) >
                  Copyright 1984-2017 The MathWorks, Inc.
                   R2017b (9.3.0.713579) 64-bit (glnxa64)
                             September 14, 2017

Unrecognized MATLAB option "wait".
Unrecognized MATLAB option "minimize".

                            < M A T L A B (R) >
                  Copyright 1984-2017 The MathWorks, Inc.
                   R2017b (9.3.0.713579) 64-bit (glnxa64)
                             September 14, 2017

Unrecognized MATLAB option "wait".
Unrecognized MATLAB option "minimize".

                            < M A T L A B (R) >
                  Copyright 1984-2017 The MathWorks, Inc.
                   R2017b (9.3.0.713579) 64-bit (glnxa64)
                             September 14, 2017

Unrecognized MATLAB option "wait".
Unrecognized MATLAB option "minimize".

                            < M A T L A B (R) >
                  Copyright 1984-2017 The MathWorks, Inc.
                   R2017b (9.3.0.713579) 64-bit (glnxa64)
                             September 14, 2017

Unrecognized MATLAB option "wait".
Unrecognized MATLAB option "minimize".

                            < M A T L A B (R) >
                  Copyright 1984-2017 The MathWorks, Inc.
                   R2017b (9.3.0.713579) 64-bit (glnxa64)
                             September 14, 2017

Unrecognized MATLAB option "wait".
Unrecognized MATLAB option "minimize".

                            < M A T L A B (R) >
                  Copyright 1984-2017 The MathWorks, Inc.
                   R2017b (9.3.0.713579) 64-bit (glnxa64)
                             September 14, 2017

Unrecognized MATLAB option "wait".
Unrecognized MATLAB option "minimize".

                            < M A T L A B (R) >
                  Copyright 1984-2017 The MathWorks, Inc.
                   R2017b (9.3.0.713579) 64-bit (glnxa64)
                             September 14, 2017

Unrecognized MATLAB option "wait".
Unrecognized MATLAB option "minimize".

                            < M A T L A B (R) >
                  Copyright 1984-2017 The MathWorks, Inc.
                   R2017b (9.3.0.713579) 64-bit (glnxa64)
                             September 14, 2017

Unrecognized MATLAB option "wait".
Unrecognized MATLAB option "minimize".

                            < M A T L A B (R) >
                  Copyright 1984-2017 The MathWorks, Inc.
                   R2017b (9.3.0.713579) 64-bit (glnxa64)
                             September 14, 2017

Unrecognized MATLAB option "wait".
Unrecognized MATLAB option "minimize".

                            < M A T L A B (R) >
                  Copyright 1984-2017 The MathWorks, Inc.
                   R2017b (9.3.0.713579) 64-bit (glnxa64)
                             September 14, 2017

Unrecognized MATLAB option "wait".
Unrecognized MATLAB option "minimize".

                            < M A T L A B (R) >
                  Copyright 1984-2017 The MathWorks, Inc.
                   R2017b (9.3.0.713579) 64-bit (glnxa64)
                             September 14, 2017

Unrecognized MATLAB option "wait".
Unrecognized MATLAB option "minimize".

                            < M A T L A B (R) >
                  Copyright 1984-2017 The MathWorks, Inc.
                   R2017b (9.3.0.713579) 64-bit (glnxa64)
                             September 14, 2017

Unrecognized MATLAB option "wait".
Unrecognized MATLAB option "minimize".

                            < M A T L A B (R) >
                  Copyright 1984-2017 The MathWorks, Inc.
                   R2017b (9.3.0.713579) 64-bit (glnxa64)
                             September 14, 2017

Unrecognized MATLAB option "wait".
Unrecognized MATLAB option "minimize".

                            < M A T L A B (R) >
                  Copyright 1984-2017 The MathWorks, Inc.
                   R2017b (9.3.0.713579) 64-bit (glnxa64)
                             September 14, 2017

Unrecognized MATLAB option "wait".
Unrecognized MATLAB option "minimize".

                            < M A T L A B (R) >
                  Copyright 1984-2017 The MathWorks, Inc.
                   R2017b (9.3.0.713579) 64-bit (glnxa64)
                             September 14, 2017

Unrecognized MATLAB option "wait".
Unrecognized MATLAB option "minimize".

                            < M A T L A B (R) >
                  Copyright 1984-2017 The MathWorks, Inc.
                   R2017b (9.3.0.713579) 64-bit (glnxa64)
                             September 14, 2017

Unrecognized MATLAB option "wait".
Unrecognized MATLAB option "minimize".

                            < M A T L A B (R) >
                  Copyright 1984-2017 The MathWorks, Inc.
                   R2017b (9.3.0.713579) 64-bit (glnxa64)
                             September 14, 2017

Unrecognized MATLAB option "wait".
Unrecognized MATLAB option "minimize".

                            < M A T L A B (R) >
                  Copyright 1984-2017 The MathWorks, Inc.
                   R2017b (9.3.0.713579) 64-bit (glnxa64)
                             September 14, 2017

Unrecognized MATLAB option "wait".
Unrecognized MATLAB option "minimize".

                            < M A T L A B (R) >
                  Copyright 1984-2017 The MathWorks, Inc.
                   R2017b (9.3.0.713579) 64-bit (glnxa64)
                             September 14, 2017

Unrecognized MATLAB option "wait".
Unrecognized MATLAB option "minimize".

                            < M A T L A B (R) >
                  Copyright 1984-2017 The MathWorks, Inc.
                   R2017b (9.3.0.713579) 64-bit (glnxa64)
                             September 14, 2017

Unrecognized MATLAB option "wait".
Unrecognized MATLAB option "minimize".

                            < M A T L A B (R) >
                  Copyright 1984-2017 The MathWorks, Inc.
                   R2017b (9.3.0.713579) 64-bit (glnxa64)
                             September 14, 2017

Unrecognized MATLAB option "wait".
Unrecognized MATLAB option "minimize".

                            < M A T L A B (R) >
                  Copyright 1984-2017 The MathWorks, Inc.
                   R2017b (9.3.0.713579) 64-bit (glnxa64)
                             September 14, 2017

Unrecognized MATLAB option "wait".
Unrecognized MATLAB option "minimize".

                            < M A T L A B (R) >
                  Copyright 1984-2017 The MathWorks, Inc.
                   R2017b (9.3.0.713579) 64-bit (glnxa64)
                             September 14, 2017

 
For online documentation, see http://www.mathworks.com/support
For product information, visit www.mathworks.com.
 
 
For online documentation, see http://www.mathworks.com/support
For product information, visit www.mathworks.com.
 
 
For online documentation, see http://www.mathworks.com/support
For product information, visit www.mathworks.com.
 
 
For online documentation, see http://www.mathworks.com/support
For product information, visit www.mathworks.com.
 
 
For online documentation, see http://www.mathworks.com/support
For product information, visit www.mathworks.com.
 
 
For online documentation, see http://www.mathworks.com/support
For product information, visit www.mathworks.com.
 
 
For online documentation, see http://www.mathworks.com/support
For product information, visit www.mathworks.com.
 
 
For online documentation, see http://www.mathworks.com/support
For product information, visit www.mathworks.com.
 
 
For online documentation, see http://www.mathworks.com/support
For product information, visit www.mathworks.com.
 
 
 
 
For online documentation, see http://www.mathworks.com/support
For product information, visit www.mathworks.com.
 
For online documentation, see http://www.mathworks.com/support
For product information, visit www.mathworks.com.
 
For online documentation, see http://www.mathworks.com/support
For product information, visit www.mathworks.com.
 
 
 
For online documentation, see http://www.mathworks.com/support
For online documentation, see http://www.mathworks.com/support
For product information, visit www.mathworks.com.
 
For product information, visit www.mathworks.com.
 
 
 
For online documentation, see http://www.mathworks.com/support
For product information, visit www.mathworks.com.
 
 
For online documentation, see http://www.mathworks.com/support
For product information, visit www.mathworks.com.
 
For online documentation, see http://www.mathworks.com/support
For product information, visit www.mathworks.com.
 
 
For online documentation, see http://www.mathworks.com/support
For product information, visit www.mathworks.com.
 
 
For online documentation, see http://www.mathworks.com/support
For product information, visit www.mathworks.com.
 
 
 
For online documentation, see http://www.mathworks.com/support
For product information, visit www.mathworks.com.
 
For online documentation, see http://www.mathworks.com/support
For product information, visit www.mathworks.com.
 
 
 
For online documentation, see http://www.mathworks.com/support
For product information, visit www.mathworks.com.
 
For online documentation, see http://www.mathworks.com/support
For product information, visit www.mathworks.com.
 
 
For online documentation, see http://www.mathworks.com/support
For product information, visit www.mathworks.com.
 
outfile: ../data/out_0003/.worker_22.txt
outfile: ../data/out_0003/.worker_1.txt
outfile: ../data/out_0003/.worker_0.txt
outfile: ../data/out_0003/.worker_16.txt
outfile: ../data/out_0003/.worker_17.txt
outfile: ../data/out_0003/.worker_23.txt
outfile: ../data/out_0003/.worker_10.txt
outfile: ../data/out_0003/.worker_15.txt
outfile: ../data/out_0003/.worker_3.txt
outfile: ../data/out_0003/.worker_5.txt
outfile: ../data/out_0003/.worker_12.txt
outfile: ../data/out_0003/.worker_20.txt
outfile: ../data/out_0003/.worker_14.txt
outfile: ../data/out_0003/.worker_6.txt
outfile: ../data/out_0003/.worker_19.txt
outfile: ../data/out_0003/.worker_18.txt
outfile: ../data/out_0003/.worker_13.txt
outfile: ../data/out_0003/.worker_7.txt
outfile: ../data/out_0003/.worker_8.txt
outfile: ../data/out_0003/.worker_21.txt
outfile: ../data/out_0003/.worker_9.txt
outfile: ../data/out_0003/.worker_11.txt
outfile: ../data/out_0003/.worker_4.txt
outfile: ../data/out_0003/.worker_2.txt
Computing instanton...
Computing instanton...
Computing instanton...
Computing instanton...
Computing instanton...
Computing instanton...
Computing instanton...
Computing instanton...
Computing instanton...
10000       70.903802
10000        72.44844
10000        72.32748
10000       72.653635
10000       73.492945
10000       73.683834
10000       74.213945
10000       73.892761
10000        74.19234
10000        74.52114
10000       74.531873
10000       75.719015
10000        75.72441
10000       75.496132
10000       75.821772
10000       75.788811
10000       76.011847
Computing instanton...
10000       77.236852
10000        77.69856
10000       77.421109
10000       77.809544
10000       78.902954
10000       79.164606
Computing instanton...
10000       82.946581
Computing instanton...
Computing instanton...
Computing instanton...
Computing instanton...
Computing instanton...
Computing instanton...
Computing instanton...
Computing instanton...
Computing instanton...
Computing instanton...
Computing instanton...
Computing instanton...
20000      139.790313
20000      140.436732
20000      143.454555
Computing instanton...
20000      146.130723
20000      147.215541
20000      147.212353
20000       148.21476
20000      148.602603
20000      148.786331
20000      149.833554
20000      149.614037
20000      150.119711
20000      150.115597
20000      150.882892
20000      150.750249
20000      151.493067
20000      151.477349
20000      151.487175
20000      151.621566
20000       152.20547
20000      153.382158
20000      153.330648
20000      154.875515
20000      155.193969
Computing instanton...
Computing instanton...
Computing instanton...
Computing instanton...
Computing instanton...
Computing instanton...
Computing instanton...
Computing instanton...
30000      211.430999
30000      215.245918
30000       216.04548
30000      216.470639
30000      216.979203
30000      217.113784
Computing instanton...
30000      218.800268
30000      218.779273
30000      219.441173
30000       219.87062
30000      220.147493
30000      220.873974
30000      221.632671
30000      221.466498
30000      221.798124
30000      225.969362
30000      225.833926
30000      227.163468
30000      228.209491
30000      228.915368
Computing instanton...
30000      230.136771
30000      230.143134
30000      230.195886
30000      231.515028
Computing instanton...
Computing instanton...
Computing instanton...
Computing instanton...
Computing instanton...
Computing instanton...
Computing instanton...
Computing instanton...
Computing instanton...
Computing instanton...
Computing instanton...
40000      283.346788
40000      284.371101
40000      285.340296
40000      286.034556
40000      289.502705
40000      289.243858
40000      289.680676
40000      290.618224
40000      290.630771
Computing instanton...
40000      291.345436
40000      291.362064
40000      291.424032
40000      291.560105
40000      293.037818
40000      294.526431
40000      297.902169
Computing instanton...
40000      298.621743
40000      299.137535
40000      302.825977
40000      303.417847
Computing instanton...
40000      305.376123
40000       305.84349
Computing instanton...
40000      306.295157
Computing instanton...
40000      307.251178
Computing instanton...
Computing instanton...
Computing instanton...
Computing instanton...
Computing instanton...
50000      351.298496
50000      354.988168
50000      355.495202
Computing instanton...
Computing instanton...
50000      356.438004
Computing instanton...
Computing instanton...
Computing instanton...
50000      360.693255
Computing instanton...
Computing instanton...
50000      361.219847
Computing instanton...
50000      362.132505
50000      362.239123
50000      362.672082
50000      363.225466
50000      363.807193
50000       363.58035
50000      364.376788
50000      365.160516
50000      369.342569
Computing instanton...
50000      370.809517
Computing instanton...
50000      371.719085
50000      374.324256
50000      374.633191
50000      374.972547
50000      377.429067
50000      380.284923
50000      380.429304
50000      381.179844
Computing instanton...
Computing instanton...
Computing instanton...
Computing instanton...
Computing instanton...
Computing instanton...
Computing instanton...
Computing instanton...
60000      421.480307
60000      422.932981
Computing instanton...
60000      424.461114
60000      425.938035
60000      427.737448
Computing instanton...
60000      429.461321
60000      429.813866
60000      430.406176
60000      433.898448
60000       434.74461
60000      434.842234
60000      435.956167
60000      437.061452
60000       440.23919
60000      445.111202
60000      446.093654
60000      446.886245
60000      447.374435
60000      447.489591
60000      448.881751
60000      450.960526
Computing instanton...
60000      451.770168
Computing instanton...
60000      453.785914
Computing instanton...
60000      457.791177
Computing instanton...
Computing instanton...
Computing instanton...
Computing instanton...
Computing instanton...
Computing instanton...
70000      491.487855
70000      492.212235
70000      494.420031
Computing instanton...
Computing instanton...
70000      496.618922
70000       498.47491
70000      499.433885
70000       500.05502
70000      501.024066
70000      501.591792
Computing instanton...
70000        502.5415
Computing instanton...
70000        504.6979
70000      507.142664
Computing instanton...
Computing instanton...
70000      514.777868
70000      515.353013
Computing instanton...
70000      518.177892
70000      519.405643
70000      521.101043
70000      521.881273
70000      521.754503
70000      522.841854
70000      523.333897
70000      524.227898
Computing instanton...
70000      527.880326
Computing instanton...
70000      532.921481
Computing instanton...
Computing instanton...
Computing instanton...
Computing instanton...
Computing instanton...
80000      560.055721
Computing instanton...
80000      563.787467
Computing instanton...
80000      565.465382
80000      566.655021
80000       567.34743
80000      568.417873
80000       568.91543
Computing instanton...
Computing instanton...
80000      570.900552
80000      571.275668
80000      572.553421
80000       574.66818
80000      581.520411
Computing instanton...
80000      584.794524
80000      587.208733
80000      591.060805
80000      592.575343
80000      593.061525
80000      595.354785
Computing instanton...
80000      596.062619
80000      596.440604
80000      596.627416
80000      597.620525
Computing instanton...
80000      600.358418
80000       609.46719
Computing instanton...
90000      627.254414
Computing instanton...
90000      631.369475
90000      634.121566
Computing instanton...
90000      635.752359
90000      635.223198
90000      636.722922
90000      636.427034
90000      637.375138
90000      639.637262
90000      639.281773
90000       641.75364
Computing instanton...
90000      652.354328
Computing instanton...
90000      659.304076
90000      659.342072
90000      660.967971
90000      662.227212
Computing instanton...
90000      664.907715
90000      666.580023
90000       666.96565
Computing instanton...
90000      669.293702
90000       670.49178
Computing instanton...
90000      677.209043
90000      678.600174
90000      683.749965
Computing instanton...
Computing instanton...
Computing instanton...
100000       696.745322
100000       700.382116
100000       702.464671
100000       702.996182
100000       703.559049
100000       703.540656
100000       703.893633
Computing instanton...
100000       708.805425
100000       708.808567
100000       710.772251
Computing instanton...
100000       713.083359
Computing instanton...
Computing instanton...
100000       729.811025
100000       730.072963
100000       731.642262
Computing instanton...
100000       734.628896
100000       735.642697
100000       735.811971
100000       737.574066
100000       738.936795
100000       739.741275
100000       743.358404
100000       748.803352
Computing instanton...
100000       755.753097
100000       758.626724
110000       764.938931
Computing instanton...
110000         769.1204
110000       769.091253
110000       769.005349
110000       771.471772
110000       772.413754
Computing instanton...
110000       774.013423
110000       776.884529
110000       777.116622
Computing instanton...
110000       777.252778
Computing instanton...
Computing instanton...
Computing instanton...
Computing instanton...
110000       785.898959
Computing instanton...
Computing instanton...
110000       800.095868
110000       806.412043
110000        806.80647
110000       808.201488
110000       808.487011
110000       810.275559
Computing instanton...
110000       811.091094
Computing instanton...
110000       812.091642
110000       817.519874
110000       818.003935
Computing instanton...
110000       821.117063
110000       828.162204
Computing instanton...
110000       833.357695
120000       833.964838
120000       837.216337
120000       838.428221
120000       838.591789
120000        838.88457
Computing instanton...
120000       843.893859
Computing instanton...
120000       845.202062
Computing instanton...
120000       846.930258
120000         847.5136
Computing instanton...
Computing instanton...
120000       852.312217
120000       856.667071
Computing instanton...
Computing instanton...
Computing instanton...
Computing instanton...
Computing instanton...
120000        876.50341
120000       876.362481
Computing instanton...
120000       878.624903
Computing instanton...
Computing instanton...
120000       880.976347
120000       882.113021
120000       882.217605
Computing instanton...
120000       886.757507
120000       888.763351
120000       888.945221
120000       890.541146
Computing instanton...
Computing instanton...
Computing instanton...
120000       895.191641
Computing instanton...
Computing instanton...
130000       902.333273
130000       904.105751
120000        904.77233
130000       905.427788
120000       906.788408
Computing instanton...
130000       909.788867
130000       910.014175
130000       911.188043
130000       912.120465
130000       912.959687
130000        917.10211
Computing instanton...
130000       920.162715
Computing instanton...
Computing instanton...
130000       930.595977
Computing instanton...
130000       947.047749
130000       947.407705
130000       948.849855
Computing instanton...
130000        955.87033
Computing instanton...
130000       957.363762
130000       957.572061
130000       957.951994
130000       959.892291
Computing instanton...
130000       962.019273
130000        962.92448
130000       968.313157
Computing instanton...
140000        973.38722
140000       973.894828
140000       973.548491
Computing instanton...
140000       973.869144
130000       976.764541
140000       979.024731
140000       979.269031
140000       980.963166
130000       981.054764
140000       982.228864
Computing instanton...
Computing instanton...
140000       985.381055
Computing instanton...
140000       990.765172
140000      1001.473246
Computing instanton...
Computing instanton...
140000      1017.536176
140000       1019.64422
140000      1020.725896
Computing instanton...
140000      1028.906157
140000      1029.825526
140000      1029.967824
Computing instanton...
140000      1034.768108
140000      1035.808611
140000      1036.464991
140000      1037.523496
150000      1038.367784
150000      1038.593098
150000      1040.763596
Computing instanton...
Computing instanton...
140000      1043.325318
150000      1045.522804
Computing instanton...
150000      1047.123422
150000      1046.786866
Computing instanton...
140000      1048.857186
Computing instanton...
150000      1049.856782
Computing instanton...
150000      1053.001731
140000      1053.458642
Computing instanton...
150000      1055.081832
Computing instanton...
Computing instanton...
150000      1062.372276
150000       1072.12886
Computing instanton...
Computing instanton...
150000      1088.160127
Computing instanton...
Computing instanton...
150000      1095.364363
150000      1095.139789
150000       1096.47249
Computing instanton...
150000      1100.240742
150000      1101.147241
160000      1105.136255
Computing instanton...
160000      1108.035149
150000      1109.757402
150000      1109.370878
160000      1109.611428
150000      1110.453137
150000      1114.491653
160000      1117.247089
150000      1116.909302
160000      1117.884305
150000      1119.269926
160000      1121.117854
160000      1123.657591
160000      1124.496043
160000      1124.547021
Computing instanton...
150000      1128.745826
160000      1133.668908
Computing instanton...
Computing instanton...
Computing instanton...
Computing instanton...
160000       1144.64543
Computing instanton...
Computing instanton...
Computing instanton...
Computing instanton...
160000      1156.822536
Computing instanton...
Computing instanton...
160000      1163.808588
Computing instanton...
160000      1168.543685
160000      1171.095908
Computing instanton...
160000       1174.06775
170000       1175.91866
Computing instanton...
Computing instanton...
160000      1179.227809
170000      1180.649619
Computing instanton...
160000      1181.134299
170000      1181.855151
Computing instanton...
160000      1183.674305
160000       1185.86755
160000      1186.286187
170000       1187.96174
170000      1189.355715
160000      1189.675696
170000      1192.715192
170000      1194.440452
160000      1195.551767
Computing instanton...
170000      1196.502328
170000      1198.098383
Computing instanton...
170000      1202.239861
160000      1203.982923
Computing instanton...
Computing instanton...
Computing instanton...
170000      1215.676646
Computing instanton...
Computing instanton...
Computing instanton...
Computing instanton...
170000      1229.449719
Computing instanton...
Computing instanton...
170000      1241.432587
Computing instanton...
180000      1243.923758
170000      1244.545348
170000      1245.212195
Computing instanton...
180000      1250.334144
Computing instanton...
170000      1251.711765
Computing instanton...
180000      1252.208886
Computing instanton...
170000      1253.163977
170000      1253.828253
Computing instanton...
180000      1258.144397
180000      1259.350331
170000      1259.857203
170000      1261.335933
170000      1262.584686
170000      1263.238679
170000      1264.558676
180000      1267.086046
180000      1267.954564
Computing instanton...
180000      1267.722353
Computing instanton...
180000      1271.323421
Computing instanton...
180000      1273.534357
170000      1276.579302
Computing instanton...
Computing instanton...
Computing instanton...
180000      1288.259429
Computing instanton...
180000      1302.112029
Computing instanton...
Computing instanton...
Computing instanton...
190000      1316.810262
Computing instanton...
180000       1318.30015
190000      1318.263486
180000      1318.730481
180000       1319.50351
190000      1320.751558
Computing instanton...
180000      1322.533205
180000      1325.788573
Computing instanton...
190000      1326.203783
180000      1328.000789
190000      1329.198271
190000      1333.982966
180000      1334.142734
180000      1335.640783
180000      1335.713361
190000      1336.268229
190000      1336.099346
Computing instanton...
180000      1339.016782
180000      1339.509292
190000      1340.784258
190000      1342.916245
180000      1351.117899
Computing instanton...
Computing instanton...
190000      1360.308297
Computing instanton...
Computing instanton...
Computing instanton...
Computing instanton...
190000      1374.559486
Computing instanton...
200000      1387.223945
200000      1388.500254
Computing instanton...
190000       1390.59211
200000      1391.755771
190000      1392.945064
190000      1394.229117
Computing instanton...
200000      1396.447909
190000      1397.560283
190000      1398.211905
190000      1398.973556
200000      1400.031148
200000      1403.503397
190000      1404.979177
200000      1406.450903
200000      1406.963451
190000      1407.894206
200000      1408.591479
190000      1409.210424
200000      1409.307769
190000      1411.925323
190000      1414.598681
Computing instanton...
Computing instanton...
Computing instanton...
190000      1430.247116
200000      1430.954349
Computing instanton...
Computing instanton...
Computing instanton...
Computing instanton...
Computing instanton...
Computing instanton...
Computing instanton...
200000      1446.032048
210000       1453.48354
210000      1458.848756
210000      1459.577504
210000      1463.234198
200000      1463.414363
Computing instanton...
Computing instanton...
200000      1465.605692
200000      1466.368877
Computing instanton...
200000       1467.80187
200000      1468.337396
Computing instanton...
210000      1470.031355
200000      1470.168543
Computing instanton...
Computing instanton...
210000      1472.256945
Computing instanton...
210000      1474.726556
200000      1476.248915
210000      1477.509246
210000      1478.295013
200000      1480.903621
210000      1481.352017
200000      1483.905096
200000      1484.939275
Computing instanton...
200000      1490.838038
Computing instanton...
200000      1500.943656
210000      1503.374447
Computing instanton...
Computing instanton...
Computing instanton...
Computing instanton...
Computing instanton...
Computing instanton...
210000       1523.07808
220000      1523.769655
Computing instanton...
220000      1527.388605
220000      1529.643425
210000      1533.064823
220000      1533.133658
220000       1536.25714
Computing instanton...
210000      1536.838747
210000      1539.182787
Computing instanton...
210000      1539.815722
Computing instanton...
220000      1541.206992
220000      1543.914099
210000      1543.614151
210000      1545.297572
220000      1546.794104
210000      1547.534308
220000      1549.228275
220000      1550.879768
Computing instanton...
Computing instanton...
210000      1556.175653
Computing instanton...
210000      1556.982807
210000      1557.171999
210000      1562.195938
Computing instanton...
210000      1570.636333
220000      1575.200825
Computing instanton...
Computing instanton...
Computing instanton...
Computing instanton...
230000      1590.693748
220000      1594.235003
230000      1595.332135
230000      1596.896288
230000      1602.047688
230000      1603.861781
230000      1604.749579
220000      1605.284237
220000      1606.159369
Computing instanton...
Computing instanton...
220000      1609.275602
230000      1610.513399
220000      1613.905468
220000      1615.210488
Computing instanton...
220000      1616.149693
230000      1617.954623
Computing instanton...
230000      1619.501019
220000      1621.570571
230000       1623.00269
Computing instanton...
220000      1626.754715
220000      1629.100708
220000      1629.923409
Computing instanton...
Computing instanton...
220000      1638.610551
Computing instanton...
230000      1642.776105
220000      1644.341526
Computing instanton...
Computing instanton...
240000      1658.373483
Computing instanton...
Computing instanton...
240000      1662.720663
Computing instanton...
230000       1666.57642
240000      1666.988694
Computing instanton...
240000      1671.134943
240000      1674.486363
240000      1675.242863
230000      1676.359705
230000      1676.440607
230000      1678.173947
240000      1678.935065
Computing instanton...
240000      1685.170914
230000      1686.456033
230000      1686.165929
240000      1687.517535
230000      1688.586922
Computing instanton...
240000      1693.527071
230000      1694.099666
Computing instanton...
230000      1700.453878
230000      1700.856375
230000      1701.806966
Computing instanton...
Computing instanton...
240000      1709.796721
Computing instanton...
230000      1713.204022
230000      1720.623477
Computing instanton...
Computing instanton...
250000      1730.473379
250000      1735.345696
250000      1735.945722
Computing instanton...
250000      1736.421689
Computing instanton...
240000      1737.834382
Computing instanton...
250000       1741.39081
250000      1742.109232
Computing instanton...
240000       1747.15851
240000      1747.391528
250000      1749.931175
250000      1752.818603
250000        1754.9917
240000      1756.239209
240000      1757.190511
240000      1758.475338
240000      1760.576632
250000      1762.542294
240000      1763.504178
Computing instanton...
240000      1774.368503
Computing instanton...
240000      1776.759196
250000      1776.875258
Computing instanton...
Computing instanton...
240000      1779.145496
Computing instanton...
Computing instanton...
Computing instanton...
240000      1787.748933
Computing instanton...
240000      1794.133413
260000      1798.028251
Computing instanton...
260000      1803.044878
Computing instanton...
260000      1803.676734
260000      1803.965754
260000       1808.95667
250000      1812.690542
260000      1815.431985
Computing instanton...
250000      1819.067864
260000       1819.80419
250000      1820.692467
260000      1822.945311
Computing instanton...
Computing instanton...
260000      1823.584261
Computing instanton...
260000      1828.112342
250000      1828.574061
250000      1830.436596
250000      1834.900522
250000      1837.285806
Computing instanton...
250000      1839.424608
260000      1842.512397
250000      1846.665983
250000      1847.434421
Computing instanton...
250000      1850.696601
Computing instanton...
Computing instanton...
250000      1860.078569
Computing instanton...
Computing instanton...
Computing instanton...
Computing instanton...
270000      1865.762513
250000      1865.841813
270000       1866.59485
Computing instanton...
270000      1873.092118
260000      1875.982485
270000      1882.750657
Computing instanton...
Computing instanton...
270000      1884.005938
270000      1885.428149
270000      1887.420631
270000      1892.616215
260000      1892.752875
270000      1898.477024
260000      1899.762918
260000      1899.956593
260000      1902.738691
270000      1903.332032
Computing instanton...
260000      1909.029901
Computing instanton...
Computing instanton...
260000      1914.132668
Computing instanton...
260000      1915.238798
260000      1917.105198
Computing instanton...
270000      1919.572489
280000      1920.384605
260000      1926.909876
260000      1927.949565
Computing instanton...
Computing instanton...
260000      1936.670746
280000      1939.579057
Computing instanton...
280000       1941.12746
260000      1944.656602
270000      1949.096497
Computing instanton...
280000      1952.445632
280000      1953.224542
Computing instanton...
280000      1954.311289
280000      1955.892945
280000      1961.783336
280000      1963.699607
270000      1964.069247
Computing instanton...
Computing instanton...
Computing instanton...
270000      1969.978236
270000      1971.021594
Computing instanton...
Computing instanton...
280000      1972.951373
270000      1979.185372
270000      1983.107981
270000      1986.605893
270000      1988.160965
290000      1988.025529
Computing instanton...
Computing instanton...
280000      1991.940319
270000        1993.2706
Computing instanton...
270000      1999.706615
Computing instanton...
270000      2004.007204
Computing instanton...
270000       2007.10047
290000      2007.530458
290000      2009.210783
Computing instanton...
290000      2021.670061
280000      2021.483684
270000       2021.95599
290000      2022.415099
Computing instanton...
290000      2025.472714
290000      2025.921282
Computing instanton...
290000      2029.726617
290000       2034.69281
Computing instanton...
Computing instanton...
280000      2037.823476
Computing instanton...
Computing instanton...
280000      2042.805683
Computing instanton...
280000      2044.398289
290000       2045.28954
Computing instanton...
Computing instanton...
Computing instanton...
280000       2051.07522
300000      2053.227416
Computing instanton...
Computing instanton...
280000      2057.929238
Computing instanton...
280000      2058.691379
290000      2063.458018
280000      2064.983135
280000      2071.508735
300000      2072.682873
280000      2074.569635
300000      2076.177074
280000      2076.521517
280000      2079.743487
Computing instanton...
300000      2087.014126
Computing instanton...
300000      2089.896725
Computing instanton...
280000       2091.45937
300000      2092.445514
300000      2095.320871
290000      2095.514735
300000      2096.939896
Computing instanton...
Computing instanton...
Computing instanton...
300000      2105.593178
290000      2108.009379
300000      2112.474001
310000      2117.060752
290000      2117.960748
Computing instanton...
290000      2119.060777
Computing instanton...
290000      2122.549059
290000       2129.67218
300000      2131.733811
290000      2133.515677
Computing instanton...
290000      2140.154931
310000      2143.793995
Computing instanton...
290000      2144.096937
310000      2148.050821
290000      2149.537728
290000      2150.711881
310000      2153.806046
290000      2154.582854
310000      2157.532965
310000      2159.814937
Computing instanton...
290000      2164.336461
310000      2165.356148
300000      2165.801499
Computing instanton...
310000      2168.002911
Computing instanton...
Computing instanton...
Computing instanton...
Computing instanton...
310000      2176.206941
310000      2178.307016
300000      2178.711706
Computing instanton...
Computing instanton...
320000      2186.623004
Computing instanton...
300000      2189.262498
300000      2193.056058
300000      2194.459044
300000      2198.645819
310000      2198.938702
Computing instanton...
300000      2207.305665
300000      2210.547407
320000      2211.004688
Computing instanton...
320000      2215.766255
320000      2217.057592
300000      2216.704983
Computing instanton...
Computing instanton...
300000      2220.986423
300000      2225.178795
320000      2227.139248
300000      2228.118292
320000      2230.827069
320000      2232.586797
320000      2232.729546
Computing instanton...
300000      2241.094871
310000      2242.324113
320000      2245.656661
320000      2247.152285
Computing instanton...
330000      2254.337351
310000      2256.236869
Computing instanton...
310000      2260.197644
320000       2265.61618
310000      2266.922895
310000      2269.054178
Computing instanton...
310000      2269.707156
Computing instanton...
Computing instanton...
310000      2277.735232
Computing instanton...
330000      2279.686345
310000      2283.115394
330000      2284.146286
330000      2286.312106
Computing instanton...
Computing instanton...
310000      2291.076181
310000      2295.336607
330000      2297.185101
330000      2298.351231
310000      2299.168199
310000       2300.22827
Computing instanton...
330000      2300.873948
330000      2301.026058
310000      2306.895004
Computing instanton...
330000      2314.902506
330000      2315.303923
320000      2315.588084
340000      2317.273684
Computing instanton...
Computing instanton...
320000      2330.756451
Computing instanton...
320000       2333.49709
330000      2333.775768
320000      2336.310128
Computing instanton...
Computing instanton...
320000      2338.975519
Computing instanton...
Computing instanton...
320000      2343.301137
Computing instanton...
340000      2349.111841
320000      2349.246964
340000      2351.172109
340000      2353.654769
320000      2354.779749
Computing instanton...
320000      2360.705996
Computing instanton...
340000      2365.814641
340000      2366.714335
Computing instanton...
340000      2367.622236
320000      2367.564161
320000      2371.021479
340000      2372.178516
320000      2372.072581
340000      2380.514914
320000      2381.161877
Computing instanton...
350000      2386.261714
330000      2386.384986
340000      2387.112779
Computing instanton...
Computing instanton...
Computing instanton...
Computing instanton...
330000      2397.672608
Computing instanton...
330000      2405.205821
340000      2405.131872
330000      2408.075121
330000      2413.750856
330000       2414.17981
Computing instanton...
350000      2416.745147
Computing instanton...
350000      2417.991386
330000      2423.954476
350000      2423.846226
330000      2424.055907
350000      2431.557885
330000      2433.500766
Computing instanton...
Computing instanton...
350000       2436.20749
350000      2437.800647
350000       2438.46373
330000      2441.322071
330000      2443.602507
Computing instanton...
330000      2443.952702
Computing instanton...
350000      2449.803563
330000      2451.166735
Computing instanton...
Computing instanton...
Computing instanton...
350000      2455.076475
360000      2456.852916
Computing instanton...
Computing instanton...
340000      2460.731675
Computing instanton...
Computing instanton...
340000       2468.88853
Computing instanton...
350000      2471.398268
340000      2477.079229
340000      2482.658463
340000      2483.093791
340000      2483.925071
360000      2485.168335
360000      2486.484364
Computing instanton...
360000      2491.028974
340000      2493.028093
340000      2494.337734
360000      2497.032544
360000      2503.435753
340000      2504.125084
Computing instanton...
Computing instanton...
360000      2507.696011
360000      2507.602683
Computing instanton...
Computing instanton...
340000      2515.556648
340000      2516.082442
Computing instanton...
340000      2518.577468
360000      2519.525325
340000      2521.141424
Computing instanton...
360000      2526.246666
370000      2527.794323
Computing instanton...
350000      2532.543738
Computing instanton...
Computing instanton...
Computing instanton...
360000      2539.966428
350000       2542.27051
Computing instanton...
Computing instanton...
350000      2550.345837
Computing instanton...
350000      2551.703007
350000      2552.541412
350000      2554.445439
370000      2555.438985
370000      2558.180745
370000      2560.217388
Computing instanton...
Computing instanton...
370000      2563.085815
350000      2563.143776
Computing instanton...
350000      2564.042679
Computing instanton...
370000      2572.596638
370000      2573.940759
350000      2573.907138
370000       2575.69798
370000      2586.251657
350000      2588.252589
350000      2588.302081
Computing instanton...
350000       2590.04965
380000      2594.578018
Computing instanton...
350000      2595.869914
370000      2595.854979
Computing instanton...
Computing instanton...
360000      2608.830466
370000       2609.89129
360000      2610.822998
Computing instanton...
360000       2620.66625
Computing instanton...
380000      2622.225547
360000      2623.503725
360000      2626.063378
380000      2627.204138
360000      2627.199523
380000      2628.111359
380000      2629.274437
360000      2633.441221
360000      2633.940938
380000      2637.878602
380000      2641.931983
380000      2643.987954
Computing instanton...
360000      2649.377453
380000      2655.530982
360000      2659.577279
360000      2660.605618
390000      2660.406274
380000      2663.090046
360000      2663.861126
360000      2667.531359
Computing instanton...
Computing instanton...
Computing instanton...
380000      2677.880347
Computing instanton...
370000      2683.669689
370000      2684.694889
390000      2688.521869
370000      2691.248364
370000      2694.230943
390000      2695.944558
390000      2696.732658
370000      2698.645747
390000      2699.334421
Computing instanton...
370000      2700.145715
Computing instanton...
Computing instanton...
Computing instanton...
Computing instanton...
370000      2703.053921
370000      2703.509282
Computing instanton...
Computing instanton...
Computing instanton...
390000      2710.665753
390000      2710.794181
390000      2711.612981
Computing instanton...
Computing instanton...
Computing instanton...
370000      2720.989943
390000      2726.186183
400000      2727.828673
390000      2730.940335
370000      2731.797101
Computing instanton...
370000      2735.147737
370000       2736.35676
Computing instanton...
Computing instanton...
390000      2744.056797
370000      2744.441254
380000      2754.389572
400000      2755.557075
380000      2755.852833
Computing instanton...
400000      2760.800234
380000      2762.182129
400000      2767.088807
380000       2768.39326
380000      2769.027533
380000       2769.96619
Computing instanton...
400000      2771.176838
Computing instanton...
Computing instanton...
380000      2778.357045
400000      2780.185791
400000      2781.320736
380000      2782.416628
400000      2782.881119
Computing instanton...
380000      2789.067292
Computing instanton...
400000      2791.032966
Computing instanton...
410000      2796.052332
400000      2802.175459
380000      2802.340174
380000      2805.659917
Computing instanton...
380000      2807.408501
400000      2813.844214
Computing instanton...
Computing instanton...
380000      2819.172626
410000      2822.539968
Computing instanton...
Computing instanton...
390000       2828.40133
410000      2829.317809
390000      2831.937523
390000      2833.601089
410000      2836.328848
410000      2839.318871
Computing instanton...
Computing instanton...
390000      2840.650223
390000      2841.228307
Computing instanton...
390000       2843.54134
410000      2844.937872
410000      2848.421194
390000      2848.232503
410000      2853.568169
Computing instanton...
390000      2855.225842
410000       2857.82001
390000      2862.720407
420000      2866.378309
Computing instanton...
410000      2868.663514
390000      2872.940241
390000      2875.866956
Computing instanton...
390000      2877.316332
410000      2877.864519
Computing instanton...
Computing instanton...
Computing instanton...
390000       2890.24216
420000      2892.298786
Computing instanton...
420000       2895.94552
Computing instanton...
400000      2903.495614
400000      2903.647638
400000      2903.714287
420000      2904.833757
Computing instanton...
420000      2906.206924
420000      2908.954314
400000      2910.842358
400000      2913.901421
420000      2916.026129
Computing instanton...
Computing instanton...
400000      2916.992355
420000      2923.698341
Computing instanton...
420000      2925.580403
400000      2925.995794
400000      2929.533498
400000      2935.610504
420000      2935.459255
Computing instanton...
430000      2942.313986
420000      2943.612942
400000      2944.247416
400000      2948.721184
400000      2950.206508
Computing instanton...
430000      2963.454857
400000      2963.816181
Computing instanton...
430000      2967.495534
410000      2974.403931
430000      2974.693041
410000       2974.47206
430000      2975.112091
Computing instanton...
430000      2977.349406
Computing instanton...
Computing instanton...
410000      2979.608691
410000      2980.669792
Computing instanton...
430000      2986.220019
410000      2986.924177
Computing instanton...
410000       2988.77265
Computing instanton...
430000      2991.556102
Computing instanton...
410000      2995.803094
430000      2999.024148
410000      3000.424933
Computing instanton...
430000      3004.358463
Computing instanton...
410000      3011.307332
440000      3011.275909
430000      3012.943188
Computing instanton...
410000      3013.865319
410000      3016.028281
410000      3018.551629
Computing instanton...
Computing instanton...
Computing instanton...
Computing instanton...
440000      3031.948524
Computing instanton...
410000      3034.585017
440000      3040.871058
440000      3040.827014
Computing instanton...
440000      3042.121134
440000      3043.365497
420000      3043.802713
420000      3047.659487
Computing instanton...
Computing instanton...
420000      3051.602836
420000      3051.891256
420000      3056.960651
Computing instanton...
440000      3058.140468
440000      3060.929946
420000      3063.215681
420000      3063.382077
440000      3068.503531
Computing instanton...
420000      3073.705718
440000       3075.44305
450000      3081.076525
Computing instanton...
Computing instanton...
440000      3082.746574
420000      3084.324908
420000      3084.074646
420000       3085.32092
Computing instanton...
Computing instanton...
420000      3089.189541
Computing instanton...
450000      3097.853865
Computing instanton...
Computing instanton...
450000      3106.447955
450000      3107.890664
420000      3109.565164
450000      3110.829956
450000      3110.645966
Computing instanton...
Computing instanton...
430000      3113.515314
430000      3116.677329
430000      3123.759618
430000      3125.758695
430000      3126.813636
450000      3129.524305
450000      3129.676072
Computing instanton...
Computing instanton...
Computing instanton...
430000      3133.597218
450000      3137.324903
430000      3137.334783
450000      3146.725491
430000      3147.383419
Computing instanton...
460000      3149.317776
450000       3150.60441
430000      3154.511551
430000      3156.186084
430000      3158.760773
430000      3160.675673
Computing instanton...
Computing instanton...
460000      3169.401726
460000      3173.349973
460000      3176.863455
460000      3178.613902
430000      3179.529747
440000      3183.080073
460000      3183.631506
440000      3184.462267
Computing instanton...
Computing instanton...
Computing instanton...
440000      3192.621158
460000      3195.558852
440000      3196.805135
460000      3198.700728
Computing instanton...
440000       3198.77781
440000      3203.480552
440000      3204.232177
460000        3207.1895
Computing instanton...
Computing instanton...
460000      3211.029435
Computing instanton...
Computing instanton...
Computing instanton...
470000       3215.26247
460000      3216.498978
440000      3218.670694
440000      3221.644756
Computing instanton...
Computing instanton...
440000       3229.80937
440000       3232.45884
Computing instanton...
440000      3234.785672
470000      3236.401722
Computing instanton...
470000      3240.621285
470000      3245.737753
470000      3246.164105
440000      3251.010791
Computing instanton...
450000      3255.666934
470000      3256.242441
Computing instanton...
450000       3258.76245
Computing instanton...
Computing instanton...
450000      3265.649952
470000      3267.776442
470000       3267.95254
450000      3268.238512
450000      3270.113053
450000      3270.943494
470000      3272.312657
Computing instanton...
450000      3276.684297
470000      3277.786539
Computing instanton...
470000      3282.865915
Computing instanton...
480000      3285.555862
Computing instanton...
Computing instanton...
Computing instanton...
450000      3293.230155
450000      3293.684311
Computing instanton...
450000      3303.955811
450000      3304.263457
480000       3305.03883
Computing instanton...
480000      3305.884769
450000      3309.482315
480000       3312.35994
480000      3313.683158
Computing instanton...
Computing instanton...
Computing instanton...
Computing instanton...
450000      3321.091341
480000      3321.761875
460000      3325.520598
Computing instanton...
Computing instanton...
460000      3331.744731
Computing instanton...
480000      3333.033305
460000      3335.890663
Computing instanton...
480000      3338.075838
Computing instanton...
480000       3340.35891
Computing instanton...
460000      3341.751868
460000      3342.661892
480000      3344.004717
460000      3344.645066
480000      3347.945035
460000      3349.266221
Computing instanton...
490000      3354.853334
Computing instanton...
460000      3362.789161
460000       3364.11252
Computing instanton...
Computing instanton...
Computing instanton...
490000      3375.181822
460000      3374.989838
490000      3375.668548
460000      3376.108054
Computing instanton...
Computing instanton...
Computing instanton...
490000       3377.80281
490000      3381.502247
460000      3382.070555
Computing instanton...
490000      3390.413248
Computing instanton...
460000      3390.490835
Computing instanton...
Computing instanton...
490000      3398.009003
470000      3397.961078
470000      3404.567541
470000      3405.690157
490000      3406.231407
Computing instanton...
490000      3407.308886
Computing instanton...
470000      3408.541807
490000      3411.268816
490000      3414.213982
Computing instanton...
470000      3414.464631
470000      3416.018225
470000      3418.262254
500000      3424.715813
Computing instanton...
Computing instanton...
Computing instanton...
470000      3435.623524
470000      3437.961822
500000      3444.023728
500000      3446.348946
470000      3446.478625
500000       3447.33325
Computing instanton...
Computing instanton...
470000      3451.108566
470000      3451.898257
500000       3453.02438
500000      3458.934713
470000      3460.289982
Computing instanton...
Computing instanton...
480000      3468.397619
500000       3469.19335
Computing instanton...
Computing instanton...
500000      3470.919279
Computing instanton...
480000      3473.148668
500000      3474.306639
480000      3476.612015
500000      3477.494658
480000      3479.084778
500000      3480.091643
Computing instanton...
Computing instanton...
480000      3487.073522
480000      3489.211753
480000      3490.557824
510000      3492.016328
Computing instanton...
Computing instanton...
Computing instanton...
Computing instanton...
Computing instanton...
480000      3509.333776
510000      3511.432194
Computing instanton...
Computing instanton...
510000      3511.895377
480000      3514.435803
510000       3514.93197
480000       3515.13575
480000      3518.046676
510000      3519.575073
Computing instanton...
480000      3523.270222
510000      3528.749596
Computing instanton...
Computing instanton...
480000      3532.608827
510000      3533.898026
510000      3537.242632
490000      3538.000993
510000      3540.880672
490000       3545.48652
Computing instanton...
510000      3545.746512
490000      3547.057854
Computing instanton...
Computing instanton...
490000      3549.821525
510000      3552.909591
Computing instanton...
520000      3560.075689
Computing instanton...
Computing instanton...
490000      3562.868936
490000      3563.194188
490000       3567.04726
Computing instanton...
Computing instanton...
520000      3577.763271
520000      3578.942822
520000      3581.341669
Computing instanton...
490000      3583.858865
520000      3584.247114
490000      3585.256008
490000      3586.459084
490000      3590.305019
490000      3593.476844
Computing instanton...
Computing instanton...
520000      3596.803868
Computing instanton...
520000      3600.831768
490000      3602.278773
Computing instanton...
520000      3607.833694
520000      3608.838293
500000      3609.586514
520000      3615.671432
500000      3616.467274
500000      3620.455864
Computing instanton...
500000       3622.06106
520000      3625.861231
Computing instanton...
530000      3628.528152
500000      3633.896951
500000       3633.66694
530000      3639.846135
Computing instanton...
500000      3641.422243
530000      3647.377983
530000      3650.363827
530000      3651.410817
Computing instanton...
500000      3653.261239
500000      3656.613361
500000      3660.104265
500000      3660.737306
530000      3663.600598
530000      3665.400038
500000      3667.227293
Computing instanton...
Computing instanton...
Computing instanton...
530000      3673.792864
510000      3676.826991
530000      3677.053652
500000      3679.361704
Computing instanton...
530000      3683.690976
Computing instanton...
510000      3687.778936
Computing instanton...
Computing instanton...
Computing instanton...
Computing instanton...
510000      3694.244324
530000      3695.427076
Computing instanton...
540000      3698.593247
Computing instanton...
510000      3700.431824
Computing instanton...
510000      3704.051894
510000      3703.872593
Computing instanton...
Computing instanton...
540000      3710.243784
Computing instanton...
Computing instanton...
Computing instanton...
540000      3714.248176
510000      3715.171141
540000      3718.800403
540000      3719.848752
510000      3726.520684
Computing instanton...
510000      3727.454007
540000      3729.615134
540000      3734.825469
510000      3736.033241
Computing instanton...
510000      3737.953643
510000      3739.856666
540000      3742.665887
540000      3742.466091
Computing instanton...
Computing instanton...
520000      3749.995627
510000      3751.724515
Computing instanton...
540000      3754.788157
Computing instanton...
540000      3760.199263
Computing instanton...
520000      3762.608549
Computing instanton...
Computing instanton...
520000       3765.63151
550000      3766.625955
520000      3768.640242
520000      3773.818931
550000      3776.477234
520000      3777.819333
Computing instanton...
Computing instanton...
550000      3783.125251
550000       3784.45021
Computing instanton...
550000      3787.060414
Computing instanton...
520000       3788.76078
550000      3794.659541
520000      3797.580792
520000      3798.525521
Computing instanton...
Computing instanton...
550000      3802.229581
Computing instanton...
520000      3810.089316
Computing instanton...
520000      3811.411539
550000      3811.052521
520000      3811.520941
550000      3813.817876
Computing instanton...
520000      3819.999126
530000      3823.302896
550000      3823.691385
550000      3826.408116
560000      3833.829597
Computing instanton...
530000       3834.16222
530000      3835.957715
530000      3839.928856
Computing instanton...
Computing instanton...
560000      3843.994237
530000      3846.312787
Computing instanton...
530000      3851.971986
Computing instanton...
560000      3853.005553
560000      3854.660302
Computing instanton...
560000       3856.29246
560000      3860.221506
530000      3862.111753
560000      3865.796594
Computing instanton...
Computing instanton...
Computing instanton...
530000      3871.657769
530000      3872.621446
Computing instanton...
560000      3878.030727
Computing instanton...
Computing instanton...
530000      3879.826685
560000      3883.085451
530000      3884.917293
530000      3885.052937
560000       3889.50651
560000      3889.616387
530000      3890.818067
Computing instanton...
Computing instanton...
Computing instanton...
540000      3897.977345
Computing instanton...
570000      3900.040281
Computing instanton...
540000      3901.033535
540000      3906.420551
570000      3910.413707
Computing instanton...
540000      3914.240374
540000      3915.897041
570000      3918.643525
540000      3921.970765
570000      3922.198966
570000      3925.192735
570000      3928.935638
570000      3934.069307
540000      3935.030786
Computing instanton...
Computing instanton...
540000      3941.513935
540000      3945.572784
570000      3946.109857
570000      3953.852422
540000      3953.881255
570000      3957.122886
570000       3957.58378
540000      3959.554807
540000      3962.291891
540000      3962.894208
580000      3967.131478
Computing instanton...
550000      3971.839397
550000       3973.07896
Computing instanton...
580000      3974.784408
Computing instanton...
Computing instanton...
Computing instanton...
550000      3982.047422
580000       3986.71954
Computing instanton...
550000      3988.319118
550000      3989.374852
580000      3990.213895
Computing instanton...
Computing instanton...
580000      3994.966305
550000      3995.749386
580000      3996.483498
580000      4001.798543
Computing instanton...
550000      4008.691655
550000      4013.411773
580000      4014.171745
Computing instanton...
Computing instanton...
Computing instanton...
550000      4019.406634
580000       4022.58488
Computing instanton...
580000      4024.249538
Computing instanton...
580000      4026.972309
550000      4030.076115
550000      4030.465691
550000      4031.673748
Computing instanton...
Computing instanton...
Computing instanton...
550000      4035.881784
590000      4036.196394
Computing instanton...
Computing instanton...
590000      4041.566567
560000      4043.759232
560000      4044.748929
Computing instanton...
590000      4054.839067
560000      4054.746069
590000      4057.905596
560000      4058.741151
560000       4062.35858
Computing instanton...
590000      4063.607542
590000      4064.149161
Computing instanton...
560000      4070.913685
Computing instanton...
590000      4074.252374
Computing instanton...
560000      4081.650095
560000      4083.930391
590000      4084.200668
590000      4087.832361
590000      4091.230557
Computing instanton...
560000        4094.1144
Computing instanton...
560000      4098.924303
590000      4099.673221
560000      4102.031312
560000      4103.732268
560000      4104.702177
600000      4106.803495
570000      4109.864567
600000      4110.457536
Computing instanton...
Computing instanton...
570000      4117.174698
600000      4119.802411
Computing instanton...
Computing instanton...
Computing instanton...
600000      4125.670531
570000      4128.350133
600000      4128.931548
Computing instanton...
Computing instanton...
Computing instanton...
Computing instanton...
Computing instanton...
600000      4132.526638
570000      4132.946699
570000      4133.126373
Computing instanton...
Computing instanton...
Computing instanton...
600000      4139.223684
570000      4141.942279
Computing instanton...
Computing instanton...
Computing instanton...
Computing instanton...
600000      4153.582256
570000      4154.981103
600000      4155.258158
570000      4158.148708
600000      4162.752063
570000      4163.396684
600000      4164.745622
570000      4173.023445
570000      4173.225948
570000      4173.328154
570000      4173.962028
610000      4176.999419
610000      4179.630719
580000      4180.479998
Computing instanton...
580000       4186.08012
610000      4188.198653
Computing instanton...
Computing instanton...
610000      4195.076261
610000      4196.080988
Computing instanton...
580000      4200.310849
610000      4201.720235
Computing instanton...
580000      4204.489589
580000       4205.15309
610000      4207.531311
Computing instanton...
Computing instanton...
580000      4217.581281
Computing instanton...
610000       4222.46211
610000      4223.861802
Computing instanton...
Computing instanton...
Computing instanton...
580000      4229.807244
Computing instanton...
Computing instanton...
610000      4231.226825
580000      4232.102071
580000      4234.710397
610000       4236.18324
Computing instanton...
620000      4241.072614
580000      4242.959061
Computing instanton...
580000      4243.438645
580000      4243.604137
Computing instanton...
620000      4246.723086
580000      4249.541424
590000      4253.746166
620000      4255.512658
590000      4258.479211
Computing instanton...
Computing instanton...
Computing instanton...
620000      4264.435152
620000      4266.106276
Computing instanton...
620000      4268.832005
Computing instanton...
590000      4273.524876
Computing instanton...
620000      4276.153728
590000      4275.970423
590000      4276.355812
Computing instanton...
590000      4287.163441
620000      4292.896273
Computing instanton...
620000      4296.081306
Computing instanton...
Computing instanton...
620000      4301.669589
620000      4301.797106
590000      4301.897402
Computing instanton...
590000      4302.388603
Computing instanton...
630000      4307.816635
590000      4308.620328
Computing instanton...
Computing instanton...
590000      4312.350978
630000      4312.669225
590000      4313.811576
590000      4315.880476
Computing instanton...
590000      4320.473829
630000      4321.855201
600000      4322.494892
Computing instanton...
630000       4329.41161
630000      4330.253515
600000      4330.431725
Computing instanton...
630000       4333.79153
Computing instanton...
600000      4346.375896
630000      4346.871765
Computing instanton...
Computing instanton...
600000      4348.293852
600000      4348.749154
Computing instanton...
630000      4361.394481
600000      4365.966096
Computing instanton...
630000      4367.631789
630000      4369.454504
630000      4371.259855
600000      4373.270036
600000      4373.670832
Computing instanton...
640000      4378.733261
600000       4379.22659
Computing instanton...
640000      4381.618967
600000      4385.347911
600000      4387.298233
Computing instanton...
640000      4387.977445
Computing instanton...
600000      4389.287241
Computing instanton...
600000      4392.154706
Computing instanton...
610000      4394.569294
640000      4397.336764
Computing instanton...
640000      4401.865161
640000      4403.810075
Computing instanton...
610000      4407.092991
Computing instanton...
640000      4416.071146
610000      4416.122842
610000      4417.765619
Computing instanton...
Computing instanton...
Computing instanton...
610000      4421.814204
Computing instanton...
Computing instanton...
640000      4431.724281
640000       4434.75545
640000      4436.074202
640000      4438.940578
610000      4440.320397
610000      4444.310287
610000      4446.967192
650000      4447.053253
610000      4449.176905
650000      4450.126401
650000      4453.061672
610000      4454.523294
610000      4455.622813
610000      4457.465028
610000      4460.967832
650000      4461.451876
Computing instanton...
650000      4470.565872
620000       4470.81126
650000      4472.353784
Computing instanton...
620000      4479.628561
650000      4482.993214
Computing instanton...
620000      4486.101633
620000      4494.395437
620000      4495.805646
650000      4499.280571
Computing instanton...
Computing instanton...
Computing instanton...
650000      4504.510193
650000      4505.770433
620000      4509.240172
Computing instanton...
650000      4510.741425
660000      4514.209488
620000      4514.389022
660000      4514.897704
660000      4515.954546
620000      4516.642274
Computing instanton...
Computing instanton...
620000      4521.903416
620000      4523.109099
620000      4526.125695
620000      4526.251597
660000       4527.74786
620000      4531.671315
Computing instanton...
660000       4538.67325
660000       4539.86512
630000      4543.642809
Computing instanton...
Computing instanton...
Computing instanton...
660000      4551.927094
Computing instanton...
630000       4552.42808
630000      4552.834571
Computing instanton...
Computing instanton...
630000      4564.634726
Computing instanton...
660000      4569.359063
630000      4572.835317
660000      4574.538254
660000      4575.134586
660000      4577.325473
670000      4579.096808
630000      4580.688146
630000      4581.205385
670000      4581.676548
Computing instanton...
Computing instanton...
Computing instanton...
670000      4584.977567
Computing instanton...
Computing instanton...
Computing instanton...
Computing instanton...
630000       4589.28413
Computing instanton...
Computing instanton...
670000      4593.033632
630000      4594.072212
630000      4594.826431
630000      4597.350077
Computing instanton...
630000      4600.346174
630000      4605.849159
Computing instanton...
670000      4608.344123
640000      4611.113882
Computing instanton...
670000      4612.264778
Computing instanton...
Computing instanton...
670000      4621.458727
Computing instanton...
640000      4627.025433
640000      4627.256032
Computing instanton...
670000       4636.03075
Computing instanton...
640000      4640.072971
670000      4640.418303
670000      4642.295685
670000      4643.851013
Computing instanton...
680000      4646.788912
640000      4646.858039
640000      4649.707878
680000      4652.643752
640000      4654.572771
680000      4656.533903
680000      4660.792811
Computing instanton...
640000      4662.782031
Computing instanton...
Computing instanton...
640000      4664.083236
640000      4670.847299
640000      4671.721624
640000      4673.227296
Computing instanton...
680000      4675.053587
Computing instanton...
Computing instanton...
680000      4679.908987
640000      4683.122986
650000      4683.191688
680000      4692.179726
Computing instanton...
650000      4697.968565
650000       4699.33724
Computing instanton...
Computing instanton...
680000      4704.586847
Computing instanton...
680000      4709.275797
650000      4709.420999
690000       4710.15411
680000      4713.892588
680000      4714.490168
Computing instanton...
650000      4719.096097
690000      4720.688976
650000      4722.534092
690000       4724.04314
Computing instanton...
650000      4726.040996
690000      4729.016657
650000      4730.137749
Computing instanton...
650000      4736.619376
690000      4743.985289
650000      4743.919405
Computing instanton...
Computing instanton...
690000      4748.137969
650000       4748.72798
650000      4749.018746
Computing instanton...
660000      4753.844375
650000      4755.854588
690000      4758.946957
Computing instanton...
Computing instanton...
Computing instanton...
Computing instanton...
Computing instanton...
Computing instanton...
660000      4770.037917
Computing instanton...
660000      4772.300117
690000      4774.351547
690000      4775.139601
Computing instanton...
690000      4779.502974
700000      4779.585651
Computing instanton...
660000      4780.110408
690000        4784.0967
Computing instanton...
700000      4789.053289
Computing instanton...
700000      4790.900084
660000      4792.987009
660000       4794.40855
Computing instanton...
Computing instanton...
Computing instanton...
660000      4797.263333
700000      4798.662776
660000       4802.96974
Computing instanton...
660000      4807.908112
700000      4809.630012
660000      4812.903527
700000      4815.749786
Computing instanton...
660000      4819.419259
660000      4822.504848
660000      4825.665845
700000      4826.224212
670000      4827.136819
670000      4840.999301
700000      4841.874507
700000      4842.466673
670000      4842.905942
710000      4845.851517
700000      4847.897915
700000      4848.447141
670000       4851.90974
Computing instanton...
Computing instanton...
710000      4855.432762
Computing instanton...
710000      4860.718128
670000      4866.235054
670000      4866.989759
670000      4867.638229
710000      4868.311879
Computing instanton...
Computing instanton...
670000      4875.198964
710000      4877.317649
670000      4877.914253
Computing instanton...
710000      4882.185288
670000      4887.431165
670000      4890.553025
710000      4891.309929
670000      4893.032867
Computing instanton...
680000      4896.570395
Computing instanton...
670000      4900.377592
Computing instanton...
710000      4909.845295
710000      4910.431777
Computing instanton...
Computing instanton...
680000      4913.558914
680000      4915.863121
710000      4916.084159
710000      4917.718573
Computing instanton...
720000      4918.767091
720000      4923.515433
680000      4927.389198
Computing instanton...
Computing instanton...
720000      4932.221114
Computing instanton...
680000      4936.343072
720000      4938.316956
Computing instanton...
680000      4940.032694
680000      4940.064669
680000      4941.960368
720000      4945.031252
Computing instanton...
720000      4950.124785
680000      4950.404606
Computing instanton...
720000      4957.985152
680000      4962.765124
680000      4963.730587
680000      4963.952536
690000      4970.037618
680000      4971.624001
720000      4977.076157
720000      4980.189623
720000      4981.984428
Computing instanton...
690000      4986.842687
730000      4986.882165
690000      4987.030899
720000      4987.482932
730000      4991.486275
690000      4994.253098
730000      4996.671856
Computing instanton...
Computing instanton...
730000      5007.601785
690000      5007.731239
690000      5009.888204
690000      5010.338263
730000      5012.740287
690000      5015.227851
Computing instanton...
730000      5021.707842
690000      5021.588245
Computing instanton...
730000      5026.347194
Computing instanton...
Computing instanton...
Computing instanton...
690000      5035.249384
690000      5035.226985
690000      5036.922492
Computing instanton...
690000      5042.276677
700000       5044.28887
Computing instanton...
730000      5046.940479
730000      5047.770417
730000      5050.844388
740000      5054.523538
700000      5056.495542
740000      5057.601538
730000      5058.122843
740000      5062.322816
700000      5062.621923
700000      5062.889738
Computing instanton...
Computing instanton...
740000      5075.791046
Computing instanton...
740000      5078.882871
700000       5079.76844
Computing instanton...
700000      5080.426958
700000      5081.884765
700000       5088.61046
740000      5091.512132
Computing instanton...
740000      5093.208671
700000      5096.371067
Computing instanton...
Computing instanton...
700000      5106.846598
Computing instanton...
700000      5110.622451
700000      5111.127002
710000      5113.665009
740000      5115.346552
700000      5115.677277
740000      5116.666298
740000      5117.630949
Computing instanton...
750000      5119.487891
Computing instanton...
Computing instanton...
740000      5123.067118
710000      5127.173908
750000      5130.255741
750000      5131.745261
Computing instanton...
710000      5131.722387
710000      5136.937804
Computing instanton...
750000      5144.479245
750000       5145.77266
710000      5146.368204
Computing instanton...
Computing instanton...
710000      5151.851956
Computing instanton...
710000      5155.747372
Computing instanton...
750000      5160.359647
750000       5161.70861
710000      5161.986997
Computing instanton...
710000      5171.007233
710000      5174.894806
Computing instanton...
Computing instanton...
Computing instanton...
Computing instanton...
Computing instanton...
720000      5181.415848
750000      5183.397857
750000      5184.817056
710000      5185.332134
710000      5185.339167
750000      5185.244475
760000      5185.699627
710000      5189.850509
750000      5190.832744
Computing instanton...
720000      5195.424292
760000      5195.970253
760000      5198.220497
Computing instanton...
Computing instanton...
720000      5203.235646
720000       5206.04296
Computing instanton...
Computing instanton...
760000        5214.1633
760000      5214.787839
720000      5217.103481
Computing instanton...
720000      5227.066395
760000      5227.967917
760000      5228.440621
720000      5228.288332
Computing instanton...
Computing instanton...
720000      5237.261921
Computing instanton...
Computing instanton...
Computing instanton...
720000      5244.847488
720000      5247.539723
Computing instanton...
Computing instanton...
730000      5250.534441
760000      5251.427256
770000      5252.049413
Computing instanton...
Computing instanton...
760000      5254.639244
Computing instanton...
720000      5255.424238
760000        5258.4522
760000      5259.848476
Computing instanton...
720000      5261.338649
720000      5262.652534
770000      5263.333839
Computing instanton...
770000       5268.26254
730000      5269.007082
730000      5274.823993
730000      5275.435376
Computing instanton...
Computing instanton...
770000      5281.542717
Computing instanton...
Computing instanton...
Computing instanton...
Computing instanton...
770000      5286.619052
730000      5289.413798
Computing instanton...
770000      5294.257715
730000      5298.175346
770000      5299.688305
730000      5300.663337
Computing instanton...
Computing instanton...
Computing instanton...
Computing instanton...
730000      5311.117234
Computing instanton...
730000      5318.386642
740000      5318.993626
730000       5319.81709
780000       5322.22845
770000      5322.421056
730000       5322.33356
770000      5325.233228
770000       5325.76674
770000      5326.271313
Computing instanton...
780000      5330.284371
730000      5332.850664
730000      5333.652161
Computing instanton...
780000      5334.878323
Computing instanton...
740000       5343.89061
740000      5347.129599
780000       5349.84479
Computing instanton...
740000      5352.902688
780000      5355.603935
740000      5362.382937
780000      5363.291965
780000      5367.352802
740000      5370.915389
740000      5373.432016
Computing instanton...
740000      5378.623915
Computing instanton...
740000      5385.609148
750000      5387.235762
780000       5387.32213
790000      5388.510463
740000      5389.669459
780000      5395.592706
780000      5395.761512
740000      5396.896718
780000      5397.240139
790000      5400.871211
790000      5403.055733
Computing instanton...
Computing instanton...
740000      5408.135269
740000      5409.797976
srun: Job step aborted: Waiting up to 32 seconds for job step to finish.
slurmstepd: error: *** JOB 187003 ON hbcomp-006 CANCELLED AT 2018-02-14T12:35:57 DUE TO TIME LIMIT ***
slurmstepd: error: *** STEP 187003.0 ON hbcomp-006 CANCELLED AT 2018-02-14T12:35:57 DUE TO TIME LIMIT ***
srun: got SIGCONT
srun: forcing job termination
srun: error: hbcomp-006: task 0: Terminated
