24000000 0.007 0.2 30 0.0 B 3 1 0.003936 0 55.0 -1 4
Unrecognized MATLAB option "wait".
Unrecognized MATLAB option "minimize".

                            < M A T L A B (R) >
                  Copyright 1984-2017 The MathWorks, Inc.
                   R2017b (9.3.0.713579) 64-bit (glnxa64)
                             September 14, 2017

Unrecognized MATLAB option "wait".
Unrecognized MATLAB option "minimize".

                            < M A T L A B (R) >
                  Copyright 1984-2017 The MathWorks, Inc.
                   R2017b (9.3.0.713579) 64-bit (glnxa64)
                             September 14, 2017

Unrecognized MATLAB option "wait".
Unrecognized MATLAB option "minimize".

                            < M A T L A B (R) >
                  Copyright 1984-2017 The MathWorks, Inc.
                   R2017b (9.3.0.713579) 64-bit (glnxa64)
                             September 14, 2017

Unrecognized MATLAB option "wait".
Unrecognized MATLAB option "minimize".

                            < M A T L A B (R) >
                  Copyright 1984-2017 The MathWorks, Inc.
                   R2017b (9.3.0.713579) 64-bit (glnxa64)
                             September 14, 2017

Unrecognized MATLAB option "wait".
Unrecognized MATLAB option "minimize".

                            < M A T L A B (R) >
                  Copyright 1984-2017 The MathWorks, Inc.
                   R2017b (9.3.0.713579) 64-bit (glnxa64)
                             September 14, 2017

Unrecognized MATLAB option "wait".
Unrecognized MATLAB option "minimize".

                            < M A T L A B (R) >
                  Copyright 1984-2017 The MathWorks, Inc.
                   R2017b (9.3.0.713579) 64-bit (glnxa64)
                             September 14, 2017

Unrecognized MATLAB option "wait".
Unrecognized MATLAB option "minimize".

                            < M A T L A B (R) >
                  Copyright 1984-2017 The MathWorks, Inc.
                   R2017b (9.3.0.713579) 64-bit (glnxa64)
                             September 14, 2017

Unrecognized MATLAB option "wait".
Unrecognized MATLAB option "minimize".

                            < M A T L A B (R) >
                  Copyright 1984-2017 The MathWorks, Inc.
                   R2017b (9.3.0.713579) 64-bit (glnxa64)
                             September 14, 2017

Unrecognized MATLAB option "wait".
Unrecognized MATLAB option "minimize".

                            < M A T L A B (R) >
                  Copyright 1984-2017 The MathWorks, Inc.
                   R2017b (9.3.0.713579) 64-bit (glnxa64)
                             September 14, 2017

Unrecognized MATLAB option "wait".
Unrecognized MATLAB option "minimize".

                            < M A T L A B (R) >
                  Copyright 1984-2017 The MathWorks, Inc.
                   R2017b (9.3.0.713579) 64-bit (glnxa64)
                             September 14, 2017

Unrecognized MATLAB option "wait".
Unrecognized MATLAB option "minimize".

                            < M A T L A B (R) >
                  Copyright 1984-2017 The MathWorks, Inc.
                   R2017b (9.3.0.713579) 64-bit (glnxa64)
                             September 14, 2017

Unrecognized MATLAB option "wait".
Unrecognized MATLAB option "minimize".

                            < M A T L A B (R) >
                  Copyright 1984-2017 The MathWorks, Inc.
                   R2017b (9.3.0.713579) 64-bit (glnxa64)
                             September 14, 2017

Unrecognized MATLAB option "wait".
Unrecognized MATLAB option "minimize".

                            < M A T L A B (R) >
                  Copyright 1984-2017 The MathWorks, Inc.
                   R2017b (9.3.0.713579) 64-bit (glnxa64)
                             September 14, 2017

Unrecognized MATLAB option "wait".
Unrecognized MATLAB option "minimize".

                            < M A T L A B (R) >
                  Copyright 1984-2017 The MathWorks, Inc.
                   R2017b (9.3.0.713579) 64-bit (glnxa64)
                             September 14, 2017

Unrecognized MATLAB option "wait".
Unrecognized MATLAB option "minimize".

                            < M A T L A B (R) >
                  Copyright 1984-2017 The MathWorks, Inc.
                   R2017b (9.3.0.713579) 64-bit (glnxa64)
                             September 14, 2017

Unrecognized MATLAB option "wait".
Unrecognized MATLAB option "minimize".

                            < M A T L A B (R) >
                  Copyright 1984-2017 The MathWorks, Inc.
                   R2017b (9.3.0.713579) 64-bit (glnxa64)
                             September 14, 2017

Unrecognized MATLAB option "wait".
Unrecognized MATLAB option "minimize".

                            < M A T L A B (R) >
                  Copyright 1984-2017 The MathWorks, Inc.
                   R2017b (9.3.0.713579) 64-bit (glnxa64)
                             September 14, 2017

Unrecognized MATLAB option "wait".
Unrecognized MATLAB option "minimize".

                            < M A T L A B (R) >
                  Copyright 1984-2017 The MathWorks, Inc.
                   R2017b (9.3.0.713579) 64-bit (glnxa64)
                             September 14, 2017

Unrecognized MATLAB option "wait".
Unrecognized MATLAB option "minimize".

                            < M A T L A B (R) >
                  Copyright 1984-2017 The MathWorks, Inc.
                   R2017b (9.3.0.713579) 64-bit (glnxa64)
                             September 14, 2017

Unrecognized MATLAB option "wait".
Unrecognized MATLAB option "minimize".

                            < M A T L A B (R) >
                  Copyright 1984-2017 The MathWorks, Inc.
                   R2017b (9.3.0.713579) 64-bit (glnxa64)
                             September 14, 2017

Unrecognized MATLAB option "wait".
Unrecognized MATLAB option "minimize".

                            < M A T L A B (R) >
                  Copyright 1984-2017 The MathWorks, Inc.
                   R2017b (9.3.0.713579) 64-bit (glnxa64)
                             September 14, 2017

Unrecognized MATLAB option "wait".
Unrecognized MATLAB option "minimize".

                            < M A T L A B (R) >
                  Copyright 1984-2017 The MathWorks, Inc.
                   R2017b (9.3.0.713579) 64-bit (glnxa64)
                             September 14, 2017

Unrecognized MATLAB option "wait".
Unrecognized MATLAB option "minimize".

                            < M A T L A B (R) >
                  Copyright 1984-2017 The MathWorks, Inc.
                   R2017b (9.3.0.713579) 64-bit (glnxa64)
                             September 14, 2017

Unrecognized MATLAB option "wait".
Unrecognized MATLAB option "minimize".

                            < M A T L A B (R) >
                  Copyright 1984-2017 The MathWorks, Inc.
                   R2017b (9.3.0.713579) 64-bit (glnxa64)
                             September 14, 2017

 
For online documentation, see http://www.mathworks.com/support
For product information, visit www.mathworks.com.
 
 
For online documentation, see http://www.mathworks.com/support
For product information, visit www.mathworks.com.
 
 
For online documentation, see http://www.mathworks.com/support
For product information, visit www.mathworks.com.
 
 
For online documentation, see http://www.mathworks.com/support
For product information, visit www.mathworks.com.
 
 
For online documentation, see http://www.mathworks.com/support
For product information, visit www.mathworks.com.
 
 
For online documentation, see http://www.mathworks.com/support
For product information, visit www.mathworks.com.
 
 
 
For online documentation, see http://www.mathworks.com/support
For product information, visit www.mathworks.com.
 
For online documentation, see http://www.mathworks.com/support
For product information, visit www.mathworks.com.
 
 
 
 
For online documentation, see http://www.mathworks.com/support
For product information, visit www.mathworks.com.
 
For online documentation, see http://www.mathworks.com/support
For product information, visit www.mathworks.com.
 
For online documentation, see http://www.mathworks.com/support
For product information, visit www.mathworks.com.
 
 
For online documentation, see http://www.mathworks.com/support
For product information, visit www.mathworks.com.
 
 
 
For online documentation, see http://www.mathworks.com/support
For product information, visit www.mathworks.com.
 
 
For online documentation, see http://www.mathworks.com/support
For product information, visit www.mathworks.com.
 
For online documentation, see http://www.mathworks.com/support
For product information, visit www.mathworks.com.
 
 
 
 
For online documentation, see http://www.mathworks.com/support
For online documentation, see http://www.mathworks.com/support
For product information, visit www.mathworks.com.
 
For product information, visit www.mathworks.com.
 
For online documentation, see http://www.mathworks.com/support
For product information, visit www.mathworks.com.
 
 
 
For online documentation, see http://www.mathworks.com/support
For product information, visit www.mathworks.com.
 
For online documentation, see http://www.mathworks.com/support
For product information, visit www.mathworks.com.
 
 
For online documentation, see http://www.mathworks.com/support
For product information, visit www.mathworks.com.
 
 
For online documentation, see http://www.mathworks.com/support
For product information, visit www.mathworks.com.
 
 
For online documentation, see http://www.mathworks.com/support
For product information, visit www.mathworks.com.
 
 
For online documentation, see http://www.mathworks.com/support
For product information, visit www.mathworks.com.
 
outfile: ../data/out_0001/.worker_6.txt
outfile: ../data/out_0001/.worker_22.txt
outfile: ../data/out_0001/.worker_1.txt
outfile: ../data/out_0001/.worker_2.txt
outfile: ../data/out_0001/.worker_11.txt
outfile: ../data/out_0001/.worker_9.txt
outfile: ../data/out_0001/.worker_21.txt
outfile: ../data/out_0001/.worker_7.txt
outfile: ../data/out_0001/.worker_0.txt
outfile: ../data/out_0001/.worker_10.txt
outfile: ../data/out_0001/.worker_8.txt
outfile: ../data/out_0001/.worker_18.txt
outfile: ../data/out_0001/.worker_14.txt
outfile: ../data/out_0001/.worker_23.txt
outfile: ../data/out_0001/.worker_17.txt
outfile: ../data/out_0001/.worker_13.txt
outfile: ../data/out_0001/.worker_20.txt
outfile: ../data/out_0001/.worker_3.txt
outfile: ../data/out_0001/.worker_12.txt
outfile: ../data/out_0001/.worker_19.txt
outfile: ../data/out_0001/.worker_15.txt
outfile: ../data/out_0001/.worker_16.txt
outfile: ../data/out_0001/.worker_5.txt
outfile: ../data/out_0001/.worker_4.txt
Computing instanton...
over
over
over
over
under
over
over
under
under
over
over
under
under
under
Computing instanton...
Computing instanton...
10000        12.59294
10000       12.546072
10000       12.807783
10000       13.402879
10000       13.591184
10000       13.463622
10000       13.718944
over
over
10000       14.125382
10000       14.152726
over
over
10000       14.093447
10000       14.314267
10000        14.20553
10000       14.104483
10000       14.418651
10000       14.824045
10000       14.808216
10000       15.092548
10000       14.914858
10000       14.896935
10000       15.455667
10000       15.533812
10000       15.568054
10000       16.134202
Computing instanton...
10000       16.219485
Computing instanton...
under
under
under
under
under
under
under
under
under
under
under
under
under
under
Computing instanton...
over
under
under
Computing instanton...
under
under
under
20000       23.800312
Computing instanton...
under
under
20000       24.552807
under
under
under
20000       24.845437
20000       24.911027
20000       25.161476
20000       25.140287
Computing instanton...
20000       26.030544
20000       26.039943
20000       26.113907
Computing instanton...
20000       26.221213
Computing instanton...
20000        26.13115
20000        26.64533
over
over
20000       26.675076
over
over
under
under
20000        26.87034
over
20000       26.914733
under
under
under
under
under
under
under
20000       27.280849
20000       27.387578
under
under
under
under
under
under
20000       27.717387
under
20000       28.160934
20000       27.986138
20000       28.285638
20000       28.468035
20000       29.338716
20000       30.617881
Computing instanton...
under
under
under
under
under
30000       35.738871
30000       36.536093
30000       36.819673
30000       37.093753
30000       37.453219
30000       37.923392
Computing instanton...
30000       38.609185
under
under
over
over
over
30000       39.016624
under
under
under
under
under
30000       39.487956
30000       39.547071
30000       39.737768
30000        39.92935
30000       40.086759
30000       40.094676
30000       39.986143
30000       40.308304
30000       40.399999
30000       40.858659
30000       41.051723
30000       41.160445
30000       41.618992
30000       42.283128
30000       42.364703
30000       42.632459
Computing instanton...
Computing instanton...
over
over
under
under
under
under
under
under
under
under
under
Computing instanton...
Computing instanton...
over
over
under
under
under
under
40000        48.73825
40000       48.743415
40000       49.232217
Computing instanton...
Computing instanton...
under
under
under
under
under
under
under
40000       50.096786
40000       50.370811
40000       50.659311
40000       50.937217
40000       50.993325
Computing instanton...
Computing instanton...
under
over
over
under
over
under
under
over
under
40000       51.682215
Computing instanton...
40000       51.648815
under
40000       51.779093
under
under
under
under
40000       52.116052
40000       52.084929
under
40000       52.122339
40000       52.269909
under
40000       52.393906
under
40000       52.337934
under
under
under
Computing instanton...
under
40000       52.809084
40000       52.887134
40000       53.745773
40000       53.509911
40000       53.994374
40000       54.252599
Computing instanton...
under
under
40000       56.023543
under
under
under
Computing instanton...
under
under
under
under
under
under
under
50000       63.228379
50000       63.179057
50000       63.577117
50000       64.299456
50000       64.442707
50000        64.67676
50000       64.878044
50000       64.860239
50000       65.302316
50000       65.637394
Computing instanton...
50000       65.769922
50000       65.770854
over
under
under
over
over
over
50000       66.343794
over
over
over
over
50000       66.475974
under
under
50000       66.827218
50000        66.80606
50000       66.797522
50000       67.283436
50000       67.593412
50000       67.948421
50000       68.293573
50000       68.339023
50000       69.048384
Computing instanton...
under
over
over
over
under
under
over
under
under
under
under
under
Computing instanton...
50000       70.556715
Computing instanton...
Computing instanton...
under
under
under
under
under
under
under
under
under
under
under
under
under
under
under
under
under
under
Computing instanton...
60000       73.676763
60000       75.522726
60000       75.691757
60000       76.182076
Computing instanton...
under
over
over
under
under
over
60000       76.934012
60000       77.203247
under
60000       77.127678
60000       77.289532
under
under
under
60000       77.644504
60000       77.996593
60000       78.067351
60000       77.926276
60000       78.270021
60000       78.081834
60000        78.34016
60000       78.589365
Computing instanton...
under
over
60000       78.981776
under
over
60000       79.333038
over
under
under
under
under
under
60000       79.563001
60000       79.867357
60000       80.764983
60000       80.766964
60000       81.717429
60000       82.170191
Computing instanton...
70000       84.510976
Computing instanton...
Computing instanton...
70000       87.623912
70000       87.620853
70000       88.224178
70000       88.557447
70000       88.821895
Computing instanton...
70000       88.826081
70000       89.333671
70000       89.794033
70000       89.621356
70000       89.872053
under
under
under
under
under
under
under
under
under
under
70000       90.363804
70000       90.696321
70000       90.525661
70000       90.761665
70000       90.884377
70000       90.848666
70000       91.085298
70000       91.091854
70000       91.502235
70000       91.790203
70000       93.634741
70000       93.492558
70000       93.700356
80000       97.204358
Computing instanton...
Computing instanton...
80000       98.825668
80000      100.133885
80000      100.393206
80000      100.812249
80000      100.889683
80000      100.846643
80000      101.126863
80000      101.357215
80000      101.682844
80000      102.119331
80000       102.10846
80000      102.117147
80000      102.393554
80000      102.257331
80000      102.362655
80000      102.467754
80000      103.136504
80000      103.288219
Computing instanton...
under
under
under
under
under
80000      103.890237
80000      103.918996
under
80000      104.933603
Computing instanton...
80000      105.932941
80000      106.624711
90000      108.196381
90000      109.825428
Computing instanton...
over
over
over
over
over
90000      111.718215
90000      111.954202
90000      112.280371
90000      112.513319
90000      112.980697
Computing instanton...
90000      113.177801
90000      113.081725
90000      113.236207
90000      113.474351
90000      113.397368
90000      113.388174
90000      113.485466
over
over
over
over
90000      113.883056
under
90000      113.726695
over
under
over
under
under
under
under
under
under
90000      114.723886
90000      114.561404
90000      115.022097
90000      116.202878
90000      116.739932
90000      117.413322
90000      117.333303
90000      119.093703
100000       120.269839
Computing instanton...
Computing instanton...
under
under
under
under
Computing instanton...
under
under
under
100000       121.688608
under
Computing instanton...
under
under
under
under
under
under
100000       123.025917
under
under
100000       123.603577
100000       124.034704
100000       124.049133
Computing instanton...
100000       124.490426
100000        124.53491
100000       124.756355
100000       125.152878
100000       125.028745
100000       125.122168
100000       125.400459
100000       125.904821
100000        126.48143
100000       126.515186
100000       126.635354
100000       126.946312
100000       126.776535
100000       127.519702
100000        128.42829
100000       129.320271
100000       129.211648
100000       131.996638
110000       132.604945
Computing instanton...
Computing instanton...
under
under
under
under
under
under
under
110000       133.753922
110000       134.889851
110000       134.792582
110000       135.743518
110000       135.690112
110000       136.005439
110000       135.972598
110000       136.140977
Computing instanton...
under
under
110000       136.710463
110000       137.162547
110000       137.100099
110000        137.36958
110000       137.626112
110000       137.587398
110000       137.679981
110000       137.851008
110000       138.139855
110000       138.805243
110000       139.591222
110000       139.772674
110000       140.326608
110000       141.196462
Computing instanton...
over
over
under
under
under
under
110000       143.065788
under
under
120000       144.973497
120000       145.324215
120000       145.749454
120000       146.171187
120000       147.082998
120000       147.194058
120000       147.178966
120000       147.749563
120000       148.793378
120000       148.570581
120000       149.132279
120000       149.195402
120000       149.222606
120000       149.565138
120000       149.943729
120000       150.440346
120000       150.586149
120000       150.552313
120000       150.868716
120000       151.256425
120000       151.899014
120000       152.263672
120000       154.224153
120000         155.6851
Computing instanton...
Computing instanton...
over
over
under
130000       157.171666
over
130000       157.281143
130000       157.370571
under
under
over
under
over
over
under
under
under
under
under
over
under
130000       157.742197
130000       158.234025
130000       158.279606
130000       158.704643
130000       159.628559
Computing instanton...
under
under
under
under
under
under
under
under
under
under
under
130000       160.565082
130000       160.439205
130000        160.56935
Computing instanton...
over
over
over
over
130000       161.344414
over
over
130000       162.016654
130000       162.436563
130000       162.628635
Computing instanton...
130000        162.87284
130000       162.971855
130000       163.279143
Computing instanton...
130000       163.378266
130000       163.939698
130000       164.013043
130000       164.490927
Computing instanton...
over
under
under
over
over
over
under
under
under
under
Computing instanton...
130000       167.092115
under
under
under
under
under
under
under
Computing instanton...
under
under
under
under
under
under
under
130000       168.520809
140000       169.569809
140000       169.953534
140000       170.031912
140000        170.51127
140000       171.200737
140000       171.153248
140000       171.613542
140000        172.16469
Computing instanton...
140000       172.070475
Computing instanton...
under
under
140000       173.050349
Computing instanton...
140000       173.241279
Computing instanton...
140000       174.430191
140000       174.625583
140000        174.81927
Computing instanton...
Computing instanton...
over
over
over
140000       175.426617
140000       175.464335
140000       176.114984
140000       176.444227
140000       176.479334
140000       177.262789
140000       177.616979
140000       178.347068
Computing instanton...
140000       179.785373
140000       180.417631
150000       182.092623
Computing instanton...
150000       182.500864
150000       182.513476
150000       182.796198
150000       183.680932
150000       184.250896
150000       184.553692
150000       184.427882
150000       185.264771
150000       185.510409
150000       185.353986
150000       186.075945
150000       186.123707
150000       186.372491
Computing instanton...
under
under
under
150000       187.295023
150000       187.133433
150000       187.569669
150000       187.482303
150000       188.555944
150000       189.968418
150000       190.061574
150000       190.935236
Computing instanton...
under
under
under
Computing instanton...
150000       192.107491
150000       192.365195
160000       193.061664
160000       193.547201
160000       193.899008
160000       194.491287
160000       195.244077
160000       195.335505
160000       196.208374
160000       196.662227
Computing instanton...
160000       197.237429
160000       197.285531
160000       197.295067
160000       197.694279
160000       198.436221
160000       198.338861
160000       198.267263
160000       198.742679
160000       199.350986
160000       199.913594
160000       199.993875
160000       201.856523
160000       202.089076
160000       202.399949
Computing instanton...
Computing instanton...
under
under
under
Computing instanton...
160000       203.890318
170000        205.18367
Computing instanton...
160000       205.532788
170000       205.920055
170000       206.120657
170000       206.674148
170000       206.708012
170000       207.194404
170000       207.372578
Computing instanton...
Computing instanton...
170000       208.681496
170000       209.053393
170000       208.926832
170000       209.127606
170000       209.522209
170000       209.369656
170000       209.555722
170000       209.913757
Computing instanton...
over
under
over
under
under
under
under
under
under
under
under
under
170000       210.571108
170000        210.84038
170000       211.538807
Computing instanton...
over
over
under
over
under
under
under
under
170000       212.456578
170000       213.402723
170000       213.506688
170000       213.978787
Computing instanton...
over
under
under
over
under
under
under
over
170000        215.93596
under
under
under
under
under
under
170000       217.221465
180000       217.616168
180000       217.630959
180000       217.984886
180000       217.991213
180000       218.082234
180000       218.025345
180000       218.245465
Computing instanton...
180000       220.149314
180000       220.343308
180000       220.293552
180000       220.401539
180000       220.780134
180000        221.15452
180000       221.208889
180000       221.611728
180000       222.986999
180000       223.128402
180000       223.299644
Computing instanton...
180000       224.445234
180000       224.742958
180000       225.742669
180000       226.410163
180000       227.647451
180000       228.280988
190000       228.945549
190000       229.064663
190000       229.115087
190000       229.646212
Computing instanton...
under
190000       229.934082
190000       230.244111
under
190000       230.308136
190000       230.418081
under
under
under
under
under
under
Computing instanton...
over
over
over
over
over
over
over
190000        231.14377
190000       231.264012
190000        231.42749
190000       232.124454
190000       232.613799
190000       232.777538
190000       233.777869
Computing instanton...
under
under
under
under
190000       234.431277
under
Computing instanton...
under
under
under
190000       234.521276
under
under
under
190000       234.921564
under
under
under
190000       236.316173
Computing instanton...
over
over
over
under
under
under
under
under
under
190000       238.127875
190000       238.135255
190000        238.19683
190000       238.536135
200000       239.850868
190000        240.32654
200000       240.782135
200000       240.762818
200000       240.590875
200000       240.993438
Computing instanton...
200000       242.057207
200000        242.00163
200000       242.233689
200000       242.372871
200000       242.615376
Computing instanton...
200000       243.468365
200000       243.352039
200000        243.50876
over
over
over
over
over
over
200000       244.694179
200000       245.083592
200000       245.175483
200000       245.677859
200000       246.113579
Computing instanton...
200000       249.274821
200000        249.47248
210000       250.177331
200000       250.207155
Computing instanton...
200000       250.940624
200000       250.836149
Computing instanton...
210000       251.738482
210000       252.240661
210000       252.052378
200000        252.37917
210000       253.005947
210000        253.76209
Computing instanton...
210000       254.019858
210000       254.201418
210000       254.315502
210000       255.151147
210000       255.348899
210000       255.837989
210000       255.874293
210000       255.870915
210000       256.718281
Computing instanton...
210000       257.238341
210000       257.449958
210000       257.967963
210000       260.479918
210000       260.603718
210000       260.644576
220000       261.650589
210000       261.775905
210000        262.85095
Computing instanton...
over
over
over
under
under
under
Computing instanton...
under
under
over
over
220000       263.782414
under
over
over
under
over
over
over
under
over
over
220000       263.891375
over
210000       263.944459
220000       264.290011
220000       264.020091
Computing instanton...
under
under
under
under
under
220000       265.298057
220000       265.851261
220000       266.438087
220000       266.485534
Computing instanton...
220000       267.462003
220000        267.70923
220000       267.668724
220000       267.858361
220000       267.887414
Computing instanton...
220000       268.288434
under
under
under
220000       268.462349
under
220000       268.828656
under
under
Computing instanton...
over
over
220000       269.972611
Computing instanton...
220000       271.891759
220000       272.077886
Computing instanton...
220000       272.300292
220000       272.107231
Computing instanton...
under
under
under
under
under
under
under
under
220000       274.829288
230000       274.912287
230000       275.124047
230000       275.538097
230000       275.802632
220000       276.068938
230000       276.496999
230000       276.851506
230000       277.007511
230000       278.080063
230000       278.358098
230000       278.374268
230000       278.579883
230000       279.120112
Computing instanton...
under
under
230000       279.731163
under
under
230000       279.861493
230000       280.258894
230000       280.350875
230000       280.457422
230000        280.92759
Computing instanton...
Computing instanton...
under
under
under
230000       283.179528
230000       283.183885
230000       283.907823
230000       284.274843
Computing instanton...
240000        285.26288
240000       286.068736
240000       286.055037
230000       286.579479
240000       286.711357
240000       287.022089
240000       287.537507
230000       287.807006
240000        288.30528
240000       288.591738
Computing instanton...
240000       290.484523
240000       290.523958
240000       290.982286
Computing instanton...
240000       291.130148
Computing instanton...
under
240000       291.421613
under
under
under
under
under
under
240000       291.438142
under
under
240000        291.90296
240000       291.839629
240000       292.239195
240000       292.429539
Computing instanton...
Computing instanton...
over
under
over
over
over
over
over
under
over
over
under
under
under
under
under
over
Computing instanton...
240000       294.545829
Computing instanton...
240000       295.191743
240000       295.159367
250000       296.387551
240000       296.439185
250000       296.956662
240000       297.636243
250000       298.019279
250000        297.76827
250000       298.685787
250000       298.697522
250000       299.151059
250000       299.552061
Computing instanton...
under
under
under
240000       300.039181
under
under
Computing instanton...
under
under
under
under
under
250000       302.219834
250000       302.338175
250000       302.392791
250000       302.412558
250000       302.383079
Computing instanton...
250000       303.582591
250000       303.619135
250000       303.849004
250000       304.079292
Computing instanton...
over
250000       305.335851
250000       306.271659
250000       307.504308
Computing instanton...
250000       307.831969
260000        307.99343
260000       308.034092
250000       308.411574
250000       308.883492
260000       309.003487
260000       309.634557
260000       309.817464
260000       310.071408
250000       310.573154
Computing instanton...
over
over
260000       311.021654
260000       312.353204
Computing instanton...
under
under
under
under
under
under
under
under
under
260000       313.126387
260000        313.28201
260000       313.577846
260000       314.033929
260000       314.247967
260000       314.314913
260000       314.386925
Computing instanton...
Computing instanton...
over
under
over
under
over
under
under
under
under
over
over
over
under
over
260000        315.13772
under
260000       316.271756
260000       317.776315
260000       317.968713
260000       318.537102
270000       318.728743
260000       319.377098
270000       319.760937
260000       319.904073
270000        320.11131
Computing instanton...
270000       320.574185
260000       321.438612
Computing instanton...
under
under
under
270000       321.714588
under
under
270000       321.868873
270000       321.669625
Computing instanton...
over
over
over
over
over
over
over
over
over
260000       323.165406
Computing instanton...
270000       324.629917
270000        325.09786
270000       325.681821
270000       326.155543
270000       326.191574
270000       326.453217
270000       326.286141
270000       327.269265
270000       327.610745
Computing instanton...
over
over
under
270000       327.939911
under
over
over
under
under
over
under
over
under
under
under
under
under
over
270000        328.46792
270000       328.912581
270000       330.125759
270000       330.406073
280000        330.72389
270000       331.173307
280000        331.13946
280000       331.660382
280000       331.646004
Computing instanton...
280000       333.494606
270000        333.53405
280000       334.084241
280000       334.487534
280000       334.565748
270000       334.651246
Computing instanton...
under
under
under
under
under
under
under
Computing instanton...
over
over
over
over
Computing instanton...
under
280000        337.25194
over
under
under
over
under
280000       337.547698
over
under
Computing instanton...
280000       337.634292
under
under
under
over
under
over
under
Computing instanton...
under
under
under
under
under
under
280000       338.274728
under
under
under
280000       338.573644
under
280000       338.776935
280000       338.669489
280000       339.057111
280000       339.138432
280000       340.208159
Computing instanton...
280000       340.457288
280000       341.171781
280000       341.713434
Computing instanton...
290000       342.203294
280000       342.272393
290000       342.468963
Computing instanton...
290000       342.516982
Computing instanton...
290000       344.269318
Computing instanton...
under
under
under
Computing instanton...
under
under
under
290000       345.650259
under
over
over
280000       346.228878
280000       346.776055
290000       346.819763
290000       346.639591
290000       346.816722
290000       347.867915
290000       348.368233
290000        349.50685
Computing instanton...
290000       349.998872
290000       350.207251
290000       350.288638
290000       350.674793
290000       350.564632
290000       351.176705
290000       352.022673
290000       352.201612
300000       352.796201
300000       353.148134
290000       353.467462
290000       353.582271
Computing instanton...
290000       354.226392
300000       354.490633
300000       355.729851
300000       357.590445
290000       357.464266
300000       357.696315
300000       357.835432
Computing instanton...
290000       358.142058
300000       358.010256
300000       357.966174
Computing instanton...
Computing instanton...
over
over
over
over
300000       359.787409
over
300000       359.896709
over
300000       360.449372
300000       361.446381
Computing instanton...
300000       361.846432
Computing instanton...
under
300000       362.151609
under
300000       362.614144
under
under
300000       362.837728
300000       363.523176
310000        363.78049
310000       364.399183
Computing instanton...
300000       364.984031
under
under
under
under
under
300000        364.90908
under
under
300000       365.378415
300000       365.783552
310000       366.632848
Computing instanton...
under
over
over
under
under
Computing instanton...
under
over
310000       368.158062
over
under
over
under
under
over
under
under
over
under
over
under
under
300000       368.227609
under
under
under
310000       368.621437
Computing instanton...
310000       369.392883
310000        369.93628
Computing instanton...
under
under
under
under
under
under
under
under
under
310000       370.468442
310000       370.354522
300000       370.701283
310000       371.771442
310000       371.848976
Computing instanton...
over
over
under
over
over
over
under
over
over
under
under
310000       372.535517
over
under
under
under
310000       372.791296
310000       373.378849
310000       373.700134
310000       373.962896
310000       374.061291
320000       374.097761
310000       374.373508
310000       375.024261
Computing instanton...
over
under
under
320000       375.413662
under
under
under
310000       376.653539
310000       377.190238
Computing instanton...
310000        377.56511
Computing instanton...
320000       377.786697
310000       379.526127
320000       379.882996
Computing instanton...
under
under
under
under
under
320000       380.530228
320000       380.695312
310000       380.944822
320000       381.498432
320000        381.55565
320000       382.179894
320000       382.731028
320000       383.482369
320000       383.808084
320000       384.174901
320000       384.417814
320000       385.297865
Computing instanton...
320000       385.676651
330000       385.613821
320000       385.687709
Computing instanton...
over
under
over
330000       386.372691
over
under
over
320000       386.588313
over
under
over
under
under
under
under
Computing instanton...
under
under
320000       387.424882
under
320000       387.363745
under
under
under
under
under
320000       387.921598
320000       388.302165
330000       388.635942
320000       391.263154
330000        391.59444
320000       392.332123
330000       392.505597
330000       392.522889
330000       393.621247
330000       394.037896
330000       394.324066
330000       394.341751
330000       395.068575
330000       395.138381
330000       395.826948
330000       396.095923
330000       396.733252
Computing instanton...
under
under
under
under
under
under
under
330000       397.443052
330000       397.608713
340000       397.524505
330000       398.092384
330000       398.196699
340000       398.612114
Computing instanton...
under
under
under
under
under
under
under
under
Computing instanton...
330000       399.865601
330000       400.137147
Computing instanton...
over
under
over
under
over
under
over
under
under
over
under
over
over
under
under
under
Computing instanton...
340000       401.299073
Computing instanton...
over
over
330000       401.742522
330000       403.440797
340000       403.917698
330000       404.038918
340000       404.300198
Computing instanton...
340000       405.027378
over
under
under
under
340000       405.030883
under
under
under
under
under
under
under
under
340000       405.642892
340000       405.558351
Computing instanton...
over
under
under
over
under
under
under
over
under
under
over
over
under
340000       406.834024
340000        406.99298
Computing instanton...
under
under
under
under
under
under
Computing instanton...
340000       408.015305
over
over
under
over
over
over
over
over
under
under
340000        408.12441
under
under
340000       408.270657
340000       408.598943
Computing instanton...
340000        408.84066
340000       409.055455
340000       409.341899
340000       409.654846
350000       409.578144
Computing instanton...
350000       409.940671
340000       410.266689
350000       412.228723
340000        412.94967
340000       412.929923
340000       414.279778
Computing instanton...
under
under
under
under
under
under
350000       415.629732
Computing instanton...
under
under
under
under
under
under
under
under
350000       416.076883
340000       416.139388
350000       416.165009
350000       416.289972
350000       416.640164
350000       417.279217
Computing instanton...
Computing instanton...
over
over
Computing instanton...
under
under
under
under
under
under
under
under
under
350000       419.247769
350000       419.420083
350000       419.883132
350000       420.143652
350000        420.68287
350000       420.470302
350000       420.812039
360000       420.982569
350000       421.455821
350000       421.502237
350000       421.783462
360000       421.627103
350000        422.57536
360000       423.819324
350000       424.089157
Computing instanton...
under
under
under
under
under
under
Computing instanton...
under
under
under
under
under
under
350000       425.713018
under
under
350000       426.035575
360000       426.876224
360000       427.095585
350000        427.15225
Computing instanton...
360000       427.669336
360000       427.952234
Computing instanton...
over
360000       428.065108
Computing instanton...
under
under
under
under
360000       430.485035
360000       430.590948
Computing instanton...
under
under
under
under
360000       431.160206
under
360000       431.305855
370000       431.312017
Computing instanton...
360000       431.648729
under
under
under
under
under
under
360000        432.51461
360000       432.848041
370000       433.059878
360000        433.18402
360000       433.506376
360000       433.778449
360000        434.91508
370000       435.099474
360000       435.771236
360000       435.903433
360000       436.529926
360000       437.763063
360000       437.661491
370000       439.500773
370000       439.649907
370000       440.002653
370000       440.509507
370000       441.119177
Computing instanton...
380000        442.49786
Computing instanton...
370000       442.662131
over
over
over
over
370000       443.026155
over
over
over
over
over
Computing instanton...
370000       443.435951
370000       443.489962
370000       443.600834
370000       444.280187
370000       444.751063
370000       444.924535
370000       445.302716
380000       445.573241
370000       445.971666
370000       446.459948
380000       447.112898
370000       447.245126
370000       447.728048
370000       447.880156
Computing instanton...
370000       448.637098
370000       449.028986
Computing instanton...
380000       450.371075
Computing instanton...
under
under
under
under
380000       452.187695
under
380000       452.329618
under
380000       452.522974
380000       452.483162
Computing instanton...
Computing instanton...
380000       453.734654
Computing instanton...
over
over
over
over
over
390000       453.913335
380000       454.751482
380000       454.803818
380000       455.141573
380000       456.059057
380000       456.261394
380000       456.511049
390000       456.786991
380000       456.900523
Computing instanton...
Computing instanton...
380000       457.279958
380000       457.744327
380000       458.077755
380000       458.551306
390000       458.577651
380000       459.691837
380000       460.117336
380000       460.178084
Computing instanton...
Computing instanton...
under
380000       461.422002
Computing instanton...
under
under
390000        461.63147
under
under
under
under
under
under
390000       463.899725
390000        464.01308
390000       464.479112
390000       464.602475
400000       465.354062
390000       465.553868
Computing instanton...
390000       466.134716
Computing instanton...
under
under
under
under
under
under
390000       466.771047
390000       467.284304
390000       467.354669
400000       467.781621
390000       468.597703
390000       468.775559
390000       468.657524
390000       468.630933
Computing instanton...
390000       468.987114
Computing instanton...
under
under
under
under
390000       469.938422
390000       470.061943
390000       470.090733
400000       471.039889
390000       472.489186
390000       472.455812
400000       473.324356
390000         474.4772
Computing instanton...
over
400000       475.244528
400000       475.933703
400000       476.050422
400000        476.46809
400000       476.939764
410000       477.610005
400000       477.836612
400000       477.985952
Computing instanton...
under
410000       479.234388
over
under
under
400000       479.303066
over
400000       479.285083
over
under
under
under
under
under
400000       480.060922
400000       479.973726
400000       480.253569
Computing instanton...
under
under
400000       480.595288
under
under
under
under
under
under
400000       481.061863
400000        481.57565
410000       481.650274
Computing instanton...
400000       482.267799
Computing instanton...
under
under
under
under
under
under
under
400000       482.796692
Computing instanton...
under
under
under
under
under
under
under
under
Computing instanton...
under
400000       484.305377
400000       485.400403
410000       485.617295
410000       485.986844
400000       486.378727
410000       486.689931
410000       487.169585
410000       488.205438
410000       488.431924
420000       488.213881
410000       488.810139
410000       489.698637
410000       490.459672
410000       490.580413
410000       490.859256
420000       491.187519
410000       491.141908
410000       491.471255
410000       491.875467
Computing instanton...
over
410000       492.782523
410000       492.950729
410000       492.949476
420000       493.838605
Computing instanton...
under
under
under
under
420000       495.864875
410000       496.689272
410000       496.839447
410000       497.849274
410000       497.981575
420000       497.866629
420000       497.870937
420000       498.492313
Computing instanton...
under
under
420000        498.50901
under
under
under
under
under
under
under
under
Computing instanton...
430000       499.510092
420000       500.100165
420000       500.454426
420000       500.968681
430000       501.254879
420000       501.012217
Computing instanton...
Computing instanton...
420000       502.038367
420000       502.863188
Computing instanton...
under
under
under
under
420000       503.170826
under
420000       503.347025
420000       503.267334
420000       503.497981
420000       503.746427
420000       503.833753
430000        504.70205
430000       507.272451
420000       508.321485
Computing instanton...
over
under
over
over
under
under
under
over
under
over
420000       509.217765
over
under
over
under
under
420000       509.236047
Computing instanton...
430000       510.060527
420000       510.192939
430000       510.259652
Computing instanton...
430000       510.411261
Computing instanton...
under
under
under
under
under
under
under
under
under
440000       510.931835
430000       511.100381
430000       511.359226
430000       512.201399
430000       512.280883
440000       512.796965
Computing instanton...
under
under
430000       513.439489
430000       513.258747
under
under
under
430000       514.542378
430000       514.468248
430000       514.815765
430000       514.925832
430000       515.743228
430000       515.663514
Computing instanton...
over
under
over
over
under
under
430000       516.054382
over
440000       516.112055
over
over
under
under
over
over
under
Computing instanton...
over
under
under
under
under
under
440000       519.070889
430000       520.211019
430000       520.074703
440000       520.402315
Computing instanton...
430000        520.55257
440000        521.33012
430000        521.38022
440000       521.919704
450000       522.113203
440000       522.425999
Computing instanton...
440000       522.496355
over
under
over
under
under
under
under
under
450000       523.869809
440000       523.866916
440000       524.433509
440000       524.823709
Computing instanton...
under
under
under
under
under
under
under
under
under
under
440000       525.350942
440000       525.562579
440000       526.193218
440000       526.886087
440000       526.780704
440000       527.351136
Computing instanton...
under
under
under
440000       527.767085
under
440000       527.707106
under
under
under
450000       527.877784
Computing instanton...
Computing instanton...
450000         531.8817
450000       531.982854
440000       532.280505
440000       532.270744
440000        532.49342
450000       533.241955
Computing instanton...
over
under
over
over
440000       533.455675
over
over
over
450000       533.458213
over
under
Computing instanton...
under
under
Computing instanton...
under
over
over
over
450000       533.910057
under
under
under
Computing instanton...
460000       534.287435
450000       534.482236
Computing instanton...
under
under
under
460000       535.056677
under
under
under
450000       535.771182
Computing instanton...
450000       536.110109
450000       536.387813
450000       536.877492
450000       536.700988
450000       537.204645
450000       538.325316
450000       538.469386
Computing instanton...
450000       539.087065
under
over
over
under
450000       539.235421
under
under
450000       539.386564
under
under
460000       540.160977
Computing instanton...
under
under
under
under
under
under
under
460000       543.238811
460000       543.793989
450000       544.420122
Computing instanton...
450000       544.717899
460000       544.553188
under
under
450000       544.789107
450000       544.686427
under
under
Computing instanton...
under
under
under
under
under
470000       544.844535
under
under
460000       545.767108
Computing instanton...
under
460000        546.55875
under
under
under
under
460000       546.749482
460000         547.0178
460000       547.186493
Computing instanton...
460000       547.860521
470000       547.997998
460000       548.038609
Computing instanton...
under
over
under
under
under
460000       548.689242
460000       549.423782
460000       549.602229
Computing instanton...
Computing instanton...
460000       550.866495
under
under
460000       551.166516
under
460000       551.319478
460000       551.816491
470000        552.87788
Computing instanton...
over
470000       554.188162
470000       554.608661
480000       555.325643
460000       555.610717
460000       556.337358
460000       556.407536
460000       556.600715
Computing instanton...
under
under
under
under
under
under
under
470000       557.703167
470000       557.580586
470000       557.956796
470000       558.360675
470000       558.731142
470000       558.998382
480000       559.039592
470000       559.198665
Computing instanton...
470000       560.650874
Computing instanton...
under
under
under
under
470000       560.906873
under
under
under
under
Computing instanton...
under
under
under
under
470000       561.169256
under
under
under
under
470000       561.242394
under
470000       561.761489
470000       562.234756
470000       562.458974
470000       564.309168
480000       564.436782
Computing instanton...
under
Computing instanton...
under
480000       566.415837
480000       567.032954
470000       567.293153
470000       567.555068
470000       567.834877
470000        567.76785
Computing instanton...
490000       568.473754
480000       569.039962
480000       569.568417
Computing instanton...
under
under
under
under
under
under
under
480000       569.748056
480000       570.306538
480000       570.391418
490000       570.908597
480000       570.690681
480000       571.025685
480000       571.719825
480000       571.979409
480000         572.2096
480000       572.167288
480000       572.921539
Computing instanton...
under
under
under
under
480000        573.84976
under
Computing instanton...
under
over
over
over
over
over
under
over
over
under
Computing instanton...
480000       574.641773
Computing instanton...
under
under
480000       576.114349
490000       576.198793
under
490000       576.466432
480000       577.957461
480000       578.333718
490000       578.954106
480000       579.485369
490000       579.975686
500000       579.789036
490000       580.220363
Computing instanton...
over
under
under
490000       580.548023
under
under
under
over
over
480000       580.715742
under
under
over
under
over
under
over
under
under
Computing instanton...
under
under
under
under
under
under
under
490000        582.03697
under
490000       582.305764
500000       583.580329
490000       583.627367
490000       584.011653
490000       584.083512
490000       584.088704
490000       584.527927
490000        584.48251
Computing instanton...
over
over
over
over
490000       585.776259
490000        585.57247
490000       585.966047
Computing instanton...
Computing instanton...
over
over
under
under
under
under
under
under
under
500000       587.397714
490000       588.522605
490000       588.504492
Computing instanton...
490000       589.321232
500000       589.483726
490000       590.882447
500000       591.558764
510000       591.377552
490000       592.097081
500000       592.111411
500000       592.075364
500000       593.040076
500000       592.747187
500000       593.657426
510000       594.759818
500000       595.047924
500000       595.420605
500000       595.362596
500000       595.903141
500000       595.886901
500000       596.500398
500000       596.385249
500000       597.378399
500000        597.43929
510000       598.606258
Computing instanton...
Computing instanton...
under
under
under
500000        600.28118
500000       600.281317
500000       600.422195
Computing instanton...
Computing instanton...
510000       602.575487
500000       602.762423
510000       602.862562
500000       603.048632
510000       603.341227
520000       603.169307
510000       603.418875
510000       603.587614
Computing instanton...
under
under
under
under
under
510000       604.949977
510000        605.55288
520000       605.813228
Computing instanton...
over
Computing instanton...
over
over
over
over
over
over
over
510000       606.616993
510000        607.36827
510000        607.49324
510000       607.352461
Computing instanton...
over
510000       607.858256
510000       607.831037
510000       608.564118
510000       609.093467
510000       610.129257
510000       611.561533
520000       611.733283
510000       612.388621
520000       612.624173
510000       612.968638
Computing instanton...
over
Computing instanton...
530000       614.169892
520000       614.340147
520000       614.441711
510000       614.608598
510000       615.415484
520000       616.396908
520000       616.164351
530000       616.732215
520000       616.522318
520000       616.799837
520000       618.219576
520000       618.303481
520000       618.523466
520000       618.604326
520000        618.50151
520000       619.628225
520000       619.793525
Computing instanton...
over
under
under
under
under
over
under
under
520000        620.34963
under
under
Computing instanton...
520000        621.03605
Computing instanton...
under
under
under
under
under
under
Computing instanton...
over
over
over
over
530000       622.741869
530000       622.817014
520000       623.114629
520000       624.293006
530000       624.625058
Computing instanton...
over
over
under
under
530000       625.290788
under
under
520000       626.365504
530000       627.065023
520000       626.979644
520000       627.046523
Computing instanton...
540000       627.152423
under
under
under
under
under
under
under
under
under
under
540000       628.151492
530000       628.592364
530000       628.567548
530000       628.800942
530000       629.098796
530000       629.991682
530000        630.05957
530000       629.966535
530000       630.042837
530000       630.572833
Computing instanton...
under
under
under
under
under
under
under
530000       630.932657
under
530000       630.866252
540000       633.288938
530000       633.760399
Computing instanton...
over
over
under
under
over
under
under
over
over
over
over
over
under
under
under
540000       634.381728
530000        635.09163
540000       635.534778
530000       635.790753
530000       637.414575
540000       637.346751
540000       637.700134
530000        637.68149
550000       638.302939
550000       638.675667
530000       638.660566
540000       639.834616
540000       640.047666
540000       639.874172
540000       639.946132
540000       640.528532
540000       641.078309
Computing instanton...
over
over
under
over
over
over
under
over
over
under
540000       641.271062
under
under
Computing instanton...
under
540000       641.507956
under
under
under
540000        642.19331
540000       642.655576
Computing instanton...
under
under
under
under
under
540000       643.667613
under
550000       644.020373
550000       645.419459
540000         645.8857
Computing instanton...
under
under
under
under
under
under
under
540000       646.682127
540000       647.498731
550000       647.384542
540000       647.758977
550000       648.044666
Computing instanton...
560000       648.485496
540000       649.188758
560000       649.881434
Computing instanton...
under
under
over
550000       650.617231
550000        650.62257
under
over
under
over
over
over
under
550000       650.668431
540000       651.102662
550000       651.033033
550000        651.64843
Computing instanton...
over
over
over
over
over
over
over
over
over
550000       652.437199
550000       652.766185
550000       652.936042
550000         654.2202
550000        654.52236
550000       654.506482
550000       654.781438
560000       655.817359
550000       657.175634
560000       658.354772
550000       658.523754
550000       658.523691
550000       658.671897
560000       659.224541
560000       659.283943
550000       660.108737
560000       660.744888
570000        660.98028
570000       660.869658
560000        662.06711
560000       662.420585
560000       662.582624
560000       662.404872
550000       663.520803
560000       664.381818
560000       664.818513
560000       665.001459
560000       665.885107
Computing instanton...
over
over
over
560000       665.931019
560000       666.103381
560000       666.010345
Computing instanton...
under
under
under
570000       667.010322
Computing instanton...
Computing instanton...
under
under
under
under
560000       668.047525
under
under
under
under
Computing instanton...
over
over
under
under
under
under
under
under
under
under
Computing instanton...
560000       669.473123
Computing instanton...
570000       669.884525
560000        670.33876
570000       670.354563
570000       670.688387
560000       670.840084
570000       671.892581
560000       671.921533
580000        672.25332
580000       673.196763
570000       673.682864
570000        673.53234
570000       674.651781
560000       674.606564
570000       674.723487
570000       674.863504
570000       675.834314
570000       675.919486
570000       677.539737
Computing instanton...
570000        677.73109
570000       677.885226
570000        678.32043
570000       678.864244
580000       679.361866
570000       681.343464
580000       681.490041
580000       681.463071
570000       681.663978
580000       681.952975
570000       682.654808
570000       682.691731
580000       682.745279
Computing instanton...
over
over
under
under
under
under
under
under
under
under
590000       683.875854
under
under
580000       684.560677
580000       684.398586
590000       684.713252
Computing instanton...
580000       685.236481
580000       685.814312
580000       686.696909
570000       686.829107
580000       686.815715
580000       687.104221
580000       688.608327
580000       688.566521
580000       689.709168
580000       690.196856
580000        691.55043
590000       691.709598
590000       692.886665
580000       692.925523
580000       693.042451
590000        693.70547
590000        693.53368
580000       694.084034
Computing instanton...
under
590000       694.180563
under
under
under
under
under
under
under
Computing instanton...
over
under
under
under
over
over
580000       695.279212
Computing instanton...
under
under
under
under
under
under
under
under
under
590000       695.358572
under
590000       695.640558
600000       695.544078
600000       696.046672
590000       696.300707
590000       698.165749
590000       698.142253
Computing instanton...
580000       698.784032
Computing instanton...
over
over
over
over
590000       699.217206
590000       699.245175
590000       699.646264
590000       700.729242
590000       700.941074
590000       701.553413
590000        703.80775
590000       703.953226
Computing instanton...
under
600000       704.464429
under
under
under
under
590000       704.607452
Computing instanton...
under
under
under
under
under
600000       705.348914
600000       705.250024
600000       705.382673
590000       705.973673
600000       705.674264
Computing instanton...
under
under
under
Computing instanton...
under
under
under
under
Computing instanton...
under
under
610000       706.233092
under
under
under
600000       706.628434
590000       707.736413
600000       707.697688
610000       708.085379
Computing instanton...
over
under
under
under
under
under
under
under
under
under
600000        708.86584
under
under
600000       709.386781
600000       710.406862
590000       710.815607
600000       711.027059
600000       711.550798
Computing instanton...
600000       711.897287
Computing instanton...
under
under
under
under
under
under
600000       712.552404
under
Computing instanton...
over
under
over
under
over
over
600000       713.067465
under
under
under
600000       713.421412
600000       715.175762
600000       715.181613
610000       715.854546
610000       716.051497
610000       716.420335
610000       716.265505
600000       716.673379
600000       716.716728
610000       717.414375
Computing instanton...
under
620000        717.36835
under
under
under
under
600000       718.973812
Computing instanton...
610000       719.074684
Computing instanton...
Computing instanton...
over
under
over
over
under
under
under
under
under
610000       720.227812
under
620000       720.607108
610000       720.641915
Computing instanton...
under
under
under
under
under
under
610000        720.77493
610000       720.879796
under
600000       721.539963
610000       722.189104
610000       722.984348
610000       723.608054
Computing instanton...
Computing instanton...
over
610000       724.544563
610000       724.701003
Computing instanton...
under
over
under
under
under
under
under
under
610000       726.319954
Computing instanton...
under
under
620000         726.4469
under
under
620000       726.769273
under
610000        727.16812
610000       727.492269
620000       727.832553
620000       728.280753
610000       728.329155
610000        728.65341
620000       729.934326
630000       730.048289
620000       731.005449
Computing instanton...
610000       731.099527
under
under
under
under
under
620000       731.751549
620000       732.009739
620000       731.920171
610000       732.218819
630000       732.335372
620000        732.40673
620000       734.029339
Computing instanton...
620000       735.327758
under
under
under
under
under
under
under
620000       736.092579
620000       736.371636
Computing instanton...
over
over
over
620000       738.199917
620000       738.466167
620000       738.576641
620000       738.652957
630000        738.98102
Computing instanton...
630000       739.144726
630000       739.156843
620000       739.798887
Computing instanton...
620000       739.643958
over
over
over
over
630000       740.471339
Computing instanton...
under
under
under
under
under
620000       741.552646
630000       741.586958
Computing instanton...
under
under
under
640000       742.202243
under
under
under
630000       742.683974
Computing instanton...
under
over
over
over
under
over
under
630000       743.580861
over
over
under
630000       743.699422
under
under
over
over
over
630000       743.783631
over
under
under
630000       744.234529
620000       744.484712
640000       745.082791
630000       745.546478
Computing instanton...
under
under
over
under
over
under
under
under
under
under
630000       747.055279
630000       747.568481
630000       747.760132
Computing instanton...
over
over
over
under
under
under
630000       748.770436
Computing instanton...
under
under
under
630000       749.038184
under
under
under
under
630000       749.603885
640000        749.62392
Computing instanton...
under
under
under
under
under
630000       750.725778
630000       750.751884
Computing instanton...
640000       750.786994
630000       751.234506
640000       752.185878
630000        753.29392
640000       753.318028
640000        753.54455
Computing instanton...
under
under
650000       753.743771
under
under
under
under
under
640000       754.521078
640000       754.797762
Computing instanton...
640000       755.129581
640000       755.434165
650000       755.975573
630000       756.433295
640000       756.391017
Computing instanton...
over
under
over
under
over
under
under
over
under
under
under
under
under
640000       757.700654
640000       758.427531
Computing instanton...
640000       759.959686
640000       760.039836
640000       760.173324
640000       760.091108
640000       760.700628
650000       760.884894
Computing instanton...
640000       762.209792
650000       762.493819
640000       762.630853
650000       763.381279
Computing instanton...
650000       763.649026
640000       763.663294
under
under
under
under
under
under
650000       765.211613
660000       765.263012
650000       765.856102
640000       766.072794
650000       766.084323
650000       766.429741
650000       767.410318
Computing instanton...
over
over
640000        767.88173
650000       767.851893
660000       768.190766
Computing instanton...
650000       768.891015
Computing instanton...
under
under
under
under
under
under
650000       769.768204
650000       770.067425
Computing instanton...
over
over
over
Computing instanton...
650000       770.504405
under
under
under
under
under
under
under
under
under
Computing instanton...
under
under
under
under
under
under
under
650000       771.379414
under
under
650000       772.505851
660000       772.447336
Computing instanton...
650000        772.43041
under
under
under
under
under
under
under
under
under
660000       773.674176
650000       774.744732
650000       775.201853
660000       775.220298
Computing instanton...
over
over
over
650000        775.60697
660000        775.88437
660000       776.120212
670000       776.496246
660000       776.963469
650000       776.989774
660000       777.513352
660000       778.408461
660000       778.709859
Computing instanton...
670000       779.867647
660000       780.282807
660000       780.717449
660000       780.854447
650000       780.908546
Computing instanton...
under
under
under
660000        781.37766
under
under
660000       781.343579
660000       782.698076
660000       782.948495
660000       783.700617
670000       783.782231
670000       784.673189
660000       785.371145
660000        786.42544
Computing instanton...
over
under
under
over
under
under
under
670000       787.017169
under
under
680000       786.894374
670000       787.066629
670000       787.316409
660000       787.393874
670000       787.981307
670000        788.33435
670000       788.289559
660000       788.697235
670000       789.169276
680000       790.265655
Computing instanton...
over
over
over
over
Computing instanton...
over
under
over
over
under
under
under
Computing instanton...
under
under
under
under
under
670000       792.487751
670000       792.587677
670000       792.927582
Computing instanton...
over
over
Computing instanton...
under
660000       793.408964
under
670000       793.553292
under
Computing instanton...
670000       794.056079
over
over
over
670000       794.159183
670000       794.505062
680000       794.659558
670000       795.973566
680000       796.150394
670000        796.81049
Computing instanton...
680000       797.364212
over
over
over
670000       798.621494
690000       798.336796
680000       798.775768
680000        798.86836
Computing instanton...
680000       799.047287
670000       799.080515
under
under
under
680000       800.107989
Computing instanton...
under
under
under
under
under
680000       800.646572
under
under
670000       801.323721
680000       801.387667
690000       801.785981
680000       803.643185
680000       804.146267
680000       804.550706
680000       804.606799
670000       804.953901
680000       805.350326
Computing instanton...
under
under
under
under
under
690000       805.869169
680000       805.864665
680000       806.118091
680000       806.716295
690000       808.792835
700000       808.738048
680000       808.934994
690000       809.183528
Computing instanton...
over
over
over
over
over
over
over
680000       809.826035
690000       809.897513
680000       810.362885
690000       810.291104
690000        810.86195
Computing instanton...
690000       812.030374
680000       812.706083
700000       812.970637
690000       813.160802
690000       814.281481
690000       815.326113
690000       815.406328
Computing instanton...
690000       815.594198
680000       815.719839
690000       816.798789
690000       816.906761
Computing instanton...
690000       817.145422
700000       817.287676
690000       817.592371
690000       817.689232
700000       819.506681
700000       820.370173
710000       820.309845
700000       820.368044
Computing instanton...
under
under
under
690000       821.168362
under
700000       821.705319
690000       821.891277
690000       822.376878
700000       822.336779
700000       822.661751
710000       823.309418
690000       823.855962
700000       824.622606
700000       826.901184
700000       827.080385
690000       827.247323
700000        827.23036
700000       828.046166
710000       827.986827
700000       828.192457
700000       828.049358
700000       829.090006
700000       829.450257
700000       830.016545
710000       830.816814
710000       831.167926
700000       831.457442
720000       832.217701
710000       832.708258
700000       833.064876
700000       833.100846
710000       833.475914
Computing instanton...
over
over
over
over
710000       834.250939
700000       834.705799
710000       834.998457
720000         835.2367
710000       836.093572
710000        837.86431
710000       838.312429
Computing instanton...
710000        838.37339
under
under
under
under
710000       838.431698
under
under
700000       838.850666
under
710000       839.203424
Computing instanton...
710000       840.128534
Computing instanton...
over
over
over
720000         840.3729
Computing instanton...
710000       841.694473
Computing instanton...
710000       842.127214
720000       842.524808
Computing instanton...
710000       842.419855
under
under
710000       842.461135
under
under
Computing instanton...
730000       842.783396
Computing instanton...
720000       843.790551
710000       843.989956
720000        844.36546
710000       844.652652
720000       845.350419
730000       846.143187
720000       846.222504
720000       846.398134
710000       846.828739
Computing instanton...
over
over
under
over
under
over
over
under
under
under
under
720000       848.730505
720000       848.898712
Computing instanton...
720000       848.871912
under
under
under
under
under
under
720000       849.397193
720000       850.149631
720000       850.688126
710000       851.466926
Computing instanton...
720000        852.08095
730000       852.326545
720000       852.643037
720000        853.47915
720000       853.704908
740000        854.44897
720000       854.682206
720000       854.932098
730000       855.207021
Computing instanton...
under
under
under
under
under
under
under
730000       856.049395
720000       856.391438
730000       856.554864
730000        857.05814
730000        857.31682
720000       857.728064
730000       857.668602
740000       857.817984
730000       861.016376
730000       861.260879
730000       861.732618
720000       861.767482
730000        861.76864
730000       862.056191
730000       862.233393
740000       863.532401
730000       863.719143
730000       864.012688
730000       864.767255
730000       864.830906
Computing instanton...
under
under
under
under
under
under
under
under
under
under
740000       865.722608
730000        865.84253
730000       866.066078
Computing instanton...
under
under
under
under
under
740000       866.236241
under
750000       866.827051
740000       868.024281
730000       868.459641
740000       869.004333
Computing instanton...
740000       869.249085
730000       869.650666
750000       869.855415
740000       871.284289
740000       872.435995
740000       872.931425
730000       873.507981
740000       873.864641
740000       873.976715
740000       874.289805
740000        874.36093
740000       875.507603
750000       875.546355
750000       875.722933
740000       876.043083
740000       875.828866
740000       875.933565
Computing instanton...
Computing instanton...
740000       878.138826
740000       878.317615
760000       878.281442
750000        878.35228
750000       879.853315
750000       879.984441
750000       880.459555
740000       880.732091
740000        881.09785
Computing instanton...
over
over
over
over
under
under
under
under
over
over
over
Computing instanton...
over
over
over
under
over
over
under
under
750000       882.178463
760000       882.437223
Computing instanton...
750000       883.439168
750000       883.502991
Computing instanton...
740000       884.186082
under
under
under
under
under
750000       884.613124
Computing instanton...
750000       885.435155
750000       885.626968
750000       886.073883
750000       886.231986
750000       886.128394
760000       887.035153
Computing instanton...
760000       887.276776
750000        887.33059
750000       887.654223
Computing instanton...
under
under
under
under
under
under
Computing instanton...
under
750000       889.693099
Computing instanton...
760000       889.798315
Computing instanton...
under
under
under
under
under
760000       890.671071
770000       890.456233
750000       890.852438
760000       891.031972
Computing instanton...
under
under
under
under
under
760000       891.572098
750000       891.952353
750000       892.827664
Computing instanton...
760000       893.576452
Computing instanton...
770000        893.96913
under
Computing instanton...
under
under
under
under
under
under
Computing instanton...
over
760000        894.81201
over
over
over
760000       895.998784
Computing instanton...
under
under
under
under
under
760000       896.497319
750000       896.695262
760000       897.173076
760000       897.438102
760000       897.333524
760000       897.392469
Computing instanton...
over
over
over
760000       897.872598
770000       898.663039
770000       898.779666
760000       899.043268
Computing instanton...
760000        899.32666
770000       900.445136
760000       900.696259
760000       901.386276
770000        902.09613
760000       902.312674
780000       902.338612
770000       903.271904
770000       903.416337
760000       904.049561
Computing instanton...
under
under
under
770000       905.030319
780000       905.237271
Computing instanton...
under
under
under
Computing instanton...
under
770000       905.980955
under
under
770000       907.245547
770000       907.392352
Computing instanton...
under
under
under
under
760000       907.850679
under
770000       908.147236
770000       908.616825
770000       908.452878
780000       909.085301
770000       909.720437
770000       909.760779
780000       909.978413
770000       910.132217
770000       910.646469
770000       911.370071
770000        911.87146
770000       912.112562
780000        912.12119
Computing instanton...
over
over
over
over
over
over
over
790000       913.596295
780000       914.191303
780000       914.272931
780000       914.500661
770000       916.410413
780000       916.970273
790000       917.450933
Computing instanton...
under
under
under
under
under
under
under
under
under
Computing instanton...
780000       918.822925
780000       919.114464
780000       919.449651
770000        919.43856
780000       920.363921
780000       920.636403
780000       920.834556
790000       920.874289
780000       921.530675
780000       921.704998
780000       921.775669
780000       921.829771
790000       922.161457
780000       922.785359
780000       923.210238
780000       923.481792
790000       924.690229
790000       924.996993
Computing instanton...
Computing instanton...
800000       925.193482
under
under
under
under
under
under
under
790000       926.145094
790000       926.751019
780000       927.790837
790000       928.620386
780000       930.139454
790000        930.46856
800000       930.649862
Computing instanton...
over
over
790000       930.955347
800000       931.440105
790000       931.435248
790000       931.478146
790000       932.381907
790000       932.876674
790000        932.63388
790000        932.86584
790000       932.972949
Computing instanton...
800000       933.569812
790000       934.265139
790000         934.3997
790000       934.686853
Computing instanton...
under
under
under
under
under
under
790000       935.265529
800000       935.347035
Computing instanton...
under
under
under
under
under
800000       936.549537
800000       937.575458
Computing instanton...
under
under
under
under
under
under
under
Computing instanton...
over
810000       938.312479
over
over
over
over
over
over
over
over
Computing instanton...
under
under
under
under
under
800000         939.8967
790000       940.159602
800000       940.259658
790000       940.931776
Computing instanton...
Computing instanton...
under
under
under
under
under
under
under
under
under
under
under
under
800000       941.669309
810000       941.872138
810000       942.165866
800000       942.205789
Computing instanton...
over
over
over
over
800000       942.949706
800000       943.373297
800000       943.784995
800000       944.182148
800000       944.563184
800000       945.010226
800000       945.223616
800000       945.329647
800000       945.333292
810000       945.605679
800000       945.893581
810000       946.099556
800000       947.248118
810000       948.296861
810000       948.622418
820000       949.800708
Computing instanton...
under
under
over
Computing instanton...
over
over
over
over
over
over
under
under
under
under
under
810000       950.898119
under
under
under
800000       951.621456
800000       951.854342
820000       952.439343
810000       952.537158
820000       953.168793
810000       953.253108
810000       953.862222
810000       953.956349
Computing instanton...
810000       954.684199
810000       955.561663
810000       955.567478
810000       956.413277
810000        956.92912
810000       956.920056
810000       957.285708
820000       957.160153
810000       957.096482
820000       957.732062
810000       958.061327
820000       958.732852
820000       959.553748
810000       960.425642
Computing instanton...
830000       961.191374
over
under
under
under
under
over
over
under
under
Computing instanton...
under
under
810000       961.896324
under
810000       962.126886
820000       962.548651
Computing instanton...
under
over
over
under
under
under
under
over
under
820000       963.332249
830000       964.304554
820000       964.505709
830000       965.177161
Computing instanton...
under
over
820000       965.534585
820000       965.563518
under
Computing instanton...
under
over
under
under
under
over
under
under
under
under
under
under
under
under
820000       966.319422
820000       966.581036
820000       966.911219
820000       967.203521
820000       967.587516
820000       967.907564
820000       967.947881
820000       968.729228
820000       968.889102
830000       969.475446
830000       969.660026
830000       969.602417
Computing instanton...
over
over
under
over
over
under
over
under
over
under
over
over
830000       971.062746
over
over
under
Computing instanton...
820000       972.615372
820000       973.543835
840000       973.822065
830000       974.591188
820000       974.850995
830000       975.385701
830000       975.389896
840000       976.575338
840000       976.484572
830000       976.667655
Computing instanton...
under
830000       976.847407
under
under
under
under
under
under
under
830000       977.012276
830000       977.156071
830000       977.875955
830000       978.781158
830000       978.930471
830000       979.037735
830000        979.77969
Computing instanton...
under
under
under
under
830000       981.024738
830000       981.054517
840000       980.984312
840000         981.6013
840000       982.286689
840000       982.330421
830000        983.84773
830000       984.093921
840000       985.676925
850000        985.86192
840000       986.188392
840000       986.780662
Computing instanton...
under
850000       987.618586
under
under
under
under
under
under
Computing instanton...
over
under
over
over
over
under
under
over
840000        988.32967
over
over
over
under
over
over
under
840000       988.449123
Computing instanton...
under
840000       988.751218
under
under
840000       988.908571
under
under
under
under
under
830000       989.068755
under
840000       988.941756
850000       989.070531
840000        990.45647
840000       990.696534
840000       991.057682
840000       990.982203
840000       991.766647
850000       991.637247
840000        992.41319
850000       992.839165
850000       992.938773
850000       995.067627
840000        995.33739
840000       996.123428
860000       997.515965
850000       997.835251
860000       998.224694
Computing instanton...
under
under
under
under
850000       999.253497
850000       999.353188
Computing instanton...
850000       999.965523
under
850000       999.992103
under
850000      1000.243327
under
under
850000      1000.206486
Computing instanton...
under
under
Computing instanton...
under
under
850000      1001.368207
850000      1001.408283
850000      1001.366969
850000      1001.286201
840000      1001.922904
860000      1002.023494
860000      1002.141781
850000      1002.976114
Computing instanton...
860000      1003.744978
Computing instanton...
under
under
under
under
under
860000      1004.079846
under
under
under
850000      1004.539607
Computing instanton...
850000      1004.646912
860000      1006.326297
850000      1006.617605
850000      1006.820332
Computing instanton...
over
over
870000      1008.064369
870000      1008.600024
860000      1009.334965
860000      1010.913617
860000      1011.173872
860000      1011.279077
860000      1011.395967
860000       1012.05738
860000      1012.252125
860000      1012.709092
860000       1012.55998
860000      1012.771136
870000      1013.298958
860000      1013.732969
Computing instanton...
850000      1013.711304
870000      1013.811721
over
870000      1013.759089
Computing instanton...
860000      1014.972329
870000      1015.357494
860000      1015.450973
860000      1016.843544
Computing instanton...
870000      1017.006428
860000      1017.977657
Computing instanton...
860000      1018.552906
880000      1019.633492
880000      1019.521575
870000      1019.982572
Computing instanton...
over
over
over
over
870000      1021.911099
870000      1022.148238
870000      1022.464553
870000      1022.973038
870000      1023.000723
870000        1023.3301
870000      1023.398394
870000      1023.678311
Computing instanton...
under
under
under
under
under
under
under
under
under
Computing instanton...
880000      1024.395491
over
over
over
860000      1024.535034
870000      1024.517666
Computing instanton...
870000      1025.016946
Computing instanton...
880000      1025.670259
870000      1026.713571
870000      1026.887461
880000      1027.316355
880000      1027.432056
870000      1028.169605
Computing instanton...
under
over
under
under
under
under
under
under
under
under
under
870000      1029.622756
870000       1029.78099
under
under
880000      1029.945657
890000      1031.143772
880000       1031.88789
890000      1031.995203
Computing instanton...
880000      1033.571557
880000      1033.952709
880000      1034.116499
880000      1034.454927
880000      1034.732857
880000      1035.167321
880000      1035.501751
880000      1035.752439
880000      1036.291755
870000      1036.218495
Computing instanton...
over
880000      1036.171393
over
over
890000      1036.412191
890000      1036.470241
Computing instanton...
Computing instanton...
880000      1037.977455
890000      1038.563208
890000       1039.41832
880000      1040.098967
880000      1040.363019
880000      1040.738626
Computing instanton...
880000      1041.829275
890000      1042.462538
890000      1042.564985
900000      1043.014217
900000      1043.472061
Computing instanton...
890000      1045.364812
890000      1045.407787
890000      1046.091147
Computing instanton...
Computing instanton...
890000      1047.245216
890000       1047.19231
890000      1047.080291
890000      1047.511126
890000      1047.625018
890000      1047.654187
900000      1048.366407
890000      1048.706427
900000      1049.800935
890000      1049.975569
880000      1050.045507
Computing instanton...
Computing instanton...
under
under
under
under
under
under
900000      1051.213728
Computing instanton...
900000       1051.11606
over
over
over
over
Computing instanton...
under
under
under
under
under
under
under
under
890000      1051.960488
890000      1052.179229
Computing instanton...
over
under
over
under
under
under
under
under
under
under
890000      1052.814966
Computing instanton...
under
890000       1053.43337
under
900000      1053.535618
under
900000      1053.582971
under
under
910000      1054.237647
910000      1055.940821
Computing instanton...
under
under
under
under
under
under
under
under
900000      1056.333529
Computing instanton...
Computing instanton...
over
over
over
900000      1058.125789
900000      1057.893336
900000      1058.209759
900000      1058.505199
910000      1059.217209
900000      1059.461193
900000      1059.782038
900000      1060.098782
900000       1060.70102
900000      1060.586056
Computing instanton...
890000      1061.230312
910000      1061.540067
910000      1062.068389
910000      1062.224382
900000      1062.448639
Computing instanton...
900000      1063.975786
900000      1063.841506
over
over
under
under
900000      1064.221575
under
under
under
under
under
under
under
910000      1064.874333
920000      1064.860001
900000      1065.199014
910000      1065.386772
Computing instanton...
over
over
over
Computing instanton...
910000      1067.875384
920000      1068.215123
910000      1069.182714
910000      1069.489943
910000       1069.98382
Computing instanton...
910000      1070.352815
920000      1070.314069
Computing instanton...
under
910000      1071.707639
under
910000      1071.466902
under
under
910000      1071.968019
910000      1072.158455
910000      1072.191595
900000      1072.593265
920000      1073.009209
920000      1073.171185
920000      1073.633339
910000      1073.985641
910000      1074.982569
910000      1075.407803
910000      1075.556899
Computing instanton...
under
under
over
over
under
under
under
under
under
930000      1075.831493
under
920000      1076.240044
910000      1076.979203
920000      1077.098977
920000      1080.360541
920000      1080.727876
930000       1080.85529
920000      1080.672141
920000      1080.811213
Computing instanton...
920000      1082.186153
930000      1081.923215
under
under
under
920000      1082.410003
under
Computing instanton...
under
under
under
920000      1083.346504
920000      1083.337267
Computing instanton...
over
over
920000       1083.95636
930000      1084.022802
920000      1084.175582
930000      1084.228553
930000      1084.600042
910000      1085.359674
920000       1086.05388
920000      1086.145163
920000      1086.270752
920000       1087.09678
940000      1088.076145
920000       1088.53669
930000      1088.482845
Computing instanton...
930000      1089.541745
Computing instanton...
under
930000      1090.843339
under
under
under
under
under
930000      1091.199852
Computing instanton...
over
under
under
under
930000      1092.109245
over
940000      1092.254291
under
under
under
under
under
930000      1092.326463
Computing instanton...
under
940000      1092.413486
under
under
under
under
under
under
under
930000      1093.714897
930000      1094.382714
940000      1094.820132
930000      1094.760011
930000      1095.140191
Computing instanton...
930000       1095.53245
940000      1095.558556
940000      1096.467755
930000      1096.610716
930000      1096.684324
Computing instanton...
over
over
under
under
under
under
under
Computing instanton...
over
under
930000      1097.347128
under
over
under
over
under
over
930000      1097.620092
under
under
920000      1097.662607
under
under
under
930000      1097.904972
940000      1099.772134
950000      1100.093011
930000      1100.422625
940000      1100.999199
Computing instanton...
over
under
under
under
over
over
under
under
under
under
under
940000      1101.620347
940000       1102.43638
950000      1103.059376
940000      1103.565858
940000      1103.460926
940000      1104.625146
940000      1104.936872
950000      1104.795585
Computing instanton...
under
under
under
940000      1106.012452
Computing instanton...
940000      1106.640904
940000      1106.652482
950000       1106.75492
940000      1107.004685
950000      1107.210897
950000       1107.56358
Computing instanton...
940000      1108.345902
940000      1109.061255
Computing instanton...
under
under
under
under
under
under
under
under
940000      1109.540051
930000       1109.99901
960000      1110.497096
940000      1111.225276
940000      1111.306501
Computing instanton...
under
950000      1111.569369
under
under
under
under
Computing instanton...
under
under
under
950000      1111.942182
under
950000      1113.404166
Computing instanton...
960000      1113.582783
950000      1113.580847
Computing instanton...
under
under
Computing instanton...
under
under
under
under
under
under
under
under
under
under
under
under
Computing instanton...
over
over
under
over
over
over
over
over
over
under
under
under
under
under
950000      1115.682281
950000      1115.813774
950000      1116.330808
960000      1116.163124
950000      1116.883162
950000        1117.8269
960000      1117.865275
950000      1118.137442
950000      1118.307162
960000      1118.214932
960000      1118.488699
950000      1118.691558
Computing instanton...
under
under
under
under
under
under
under
950000      1119.161486
under
Computing instanton...
under
under
under
950000      1120.409521
950000      1120.480018
970000      1121.605378
940000       1121.83787
950000      1122.161941
Computing instanton...
under
under
under
under
under
960000      1122.646644
under
under
under
960000      1123.115116
960000      1124.112377
950000      1124.264866
970000      1124.675994
960000      1126.671158
Computing instanton...
under
under
under
under
960000      1127.784086
under
960000      1127.977313
970000      1128.468132
960000      1128.459309
970000      1128.713354
960000      1128.949867
Computing instanton...
960000      1129.823243
960000      1129.878003
970000      1129.823159
Computing instanton...
970000      1130.386634
960000       1130.59322
over
under
over
960000      1130.645812
over
Computing instanton...
960000      1130.750065
under
under
under
under
under
under
under
Computing instanton...
under
under
under
under
under
under
960000      1131.836506
980000      1131.675831
960000      1132.224383
950000      1132.863972
960000      1134.432596
970000      1134.443215
970000      1135.163565
970000        1136.0293
980000      1136.244837
970000      1137.178936
960000      1137.391211
Computing instanton...
over
970000      1139.194859
980000      1139.593503
970000      1139.749817
970000      1140.501771
970000      1140.610906
970000      1141.147314
980000      1140.936647
970000      1141.616941
Computing instanton...
980000      1141.934771
980000      1142.087414
Computing instanton...
under
under
under
970000      1142.817037
under
under
990000      1142.951689
970000      1143.492777
970000      1143.551424
Computing instanton...
970000      1143.701237
970000      1144.490292
980000      1144.544153
960000       1144.90236
Computing instanton...
980000      1146.753937
970000      1146.897105
990000      1147.105244
970000      1147.848004
Computing instanton...
over
under
under
under
under
under
under
over
980000      1148.555298
under
under
under
under
under
Computing instanton...
Computing instanton...
990000      1150.378424
Computing instanton...
under
under
980000       1150.48626
under
980000      1150.608136
under
Computing instanton...
over
over
under
980000      1151.233234
980000      1152.082999
990000      1152.524015
Computing instanton...
over
over
over
over
over
over
990000      1152.738508
980000      1152.754273
1000000       1153.046178
990000      1153.092836
980000      1153.432588
Computing instanton...
under
under
980000      1154.155531
under
under
under
980000      1154.213064
980000      1155.051185
980000      1155.158819
970000      1155.331794
990000      1155.411906
Computing instanton...
under
under
under
Computing instanton...
under
980000      1156.564692
under
under
under
990000       1156.91007
980000      1156.844588
Computing instanton...
over
over
under
under
under
under
under
under
under
under
980000      1158.146557
1000000       1158.144145
Computing instanton...
Computing instanton...
under
under
under
under
under
under
under
under
under
under
under
under
under
under
under
under
980000      1159.385235
990000       1160.41817
Computing instanton...
Computing instanton...
under
under
under
under
under
under
under
under
under
Computing instanton...
under
990000      1161.112662
under
under
under
under
1000000       1161.567022
990000      1161.572814
990000      1161.796878
990000      1162.015252
1000000       1162.961852
Computing instanton...
990000      1163.396122
1000000       1163.275127
1000000       1163.314594
990000      1163.782878
990000      1163.964982
990000      1164.189574
980000      1164.669066
990000       1164.88666
990000      1165.322842
1000000       1165.398582
990000      1165.467771
990000      1166.054563
990000      1166.503425
1000000       1166.720913
Computing instanton...
Computing instanton...
under
1000000       1168.197617
over
under
under
under
under
under
under
under
990000      1168.727643
1000000       1168.785617
1000000       1169.029876
1000000       1169.350458
1000000       1169.209574
1000000       1170.279621
1000000       1170.283469
1000000       1170.226167
1000000       1170.424781
990000      1170.520741
1000000       1170.561582
1000000       1170.571874
1000000       1170.841287
1000000       1171.105933
1000000       1171.129455
Computing instanton...
1000000        1172.63239
1000000       1173.443127
Combining output...
