24000000 0.007 1.0 30 0.0 B 3 1 0.003936 0 55.0 -1 4
Unrecognized MATLAB option "wait".
Unrecognized MATLAB option "minimize".

                            < M A T L A B (R) >
                  Copyright 1984-2017 The MathWorks, Inc.
                   R2017b (9.3.0.713579) 64-bit (glnxa64)
                             September 14, 2017

Unrecognized MATLAB option "wait".
Unrecognized MATLAB option "minimize".

                            < M A T L A B (R) >
                  Copyright 1984-2017 The MathWorks, Inc.
                   R2017b (9.3.0.713579) 64-bit (glnxa64)
                             September 14, 2017

Unrecognized MATLAB option "wait".
Unrecognized MATLAB option "minimize".

                            < M A T L A B (R) >
                  Copyright 1984-2017 The MathWorks, Inc.
                   R2017b (9.3.0.713579) 64-bit (glnxa64)
                             September 14, 2017

Unrecognized MATLAB option "wait".
Unrecognized MATLAB option "minimize".

                            < M A T L A B (R) >
                  Copyright 1984-2017 The MathWorks, Inc.
                   R2017b (9.3.0.713579) 64-bit (glnxa64)
                             September 14, 2017

Unrecognized MATLAB option "wait".
Unrecognized MATLAB option "minimize".

                            < M A T L A B (R) >
                  Copyright 1984-2017 The MathWorks, Inc.
                   R2017b (9.3.0.713579) 64-bit (glnxa64)
                             September 14, 2017

Unrecognized MATLAB option "wait".
Unrecognized MATLAB option "minimize".

                            < M A T L A B (R) >
                  Copyright 1984-2017 The MathWorks, Inc.
                   R2017b (9.3.0.713579) 64-bit (glnxa64)
                             September 14, 2017

Unrecognized MATLAB option "wait".
Unrecognized MATLAB option "minimize".

                            < M A T L A B (R) >
                  Copyright 1984-2017 The MathWorks, Inc.
                   R2017b (9.3.0.713579) 64-bit (glnxa64)
                             September 14, 2017

Unrecognized MATLAB option "wait".
Unrecognized MATLAB option "minimize".

                            < M A T L A B (R) >
                  Copyright 1984-2017 The MathWorks, Inc.
                   R2017b (9.3.0.713579) 64-bit (glnxa64)
                             September 14, 2017

Unrecognized MATLAB option "wait".
Unrecognized MATLAB option "minimize".

                            < M A T L A B (R) >
                  Copyright 1984-2017 The MathWorks, Inc.
                   R2017b (9.3.0.713579) 64-bit (glnxa64)
                             September 14, 2017

Unrecognized MATLAB option "wait".
Unrecognized MATLAB option "minimize".

                            < M A T L A B (R) >
                  Copyright 1984-2017 The MathWorks, Inc.
                   R2017b (9.3.0.713579) 64-bit (glnxa64)
                             September 14, 2017

Unrecognized MATLAB option "wait".
Unrecognized MATLAB option "minimize".

                            < M A T L A B (R) >
                  Copyright 1984-2017 The MathWorks, Inc.
                   R2017b (9.3.0.713579) 64-bit (glnxa64)
                             September 14, 2017

Unrecognized MATLAB option "wait".
Unrecognized MATLAB option "minimize".

                            < M A T L A B (R) >
                  Copyright 1984-2017 The MathWorks, Inc.
                   R2017b (9.3.0.713579) 64-bit (glnxa64)
                             September 14, 2017

Unrecognized MATLAB option "wait".
Unrecognized MATLAB option "minimize".

                            < M A T L A B (R) >
                  Copyright 1984-2017 The MathWorks, Inc.
                   R2017b (9.3.0.713579) 64-bit (glnxa64)
                             September 14, 2017

Unrecognized MATLAB option "wait".
Unrecognized MATLAB option "minimize".

                            < M A T L A B (R) >
                  Copyright 1984-2017 The MathWorks, Inc.
                   R2017b (9.3.0.713579) 64-bit (glnxa64)
                             September 14, 2017

Unrecognized MATLAB option "wait".
Unrecognized MATLAB option "minimize".

                            < M A T L A B (R) >
                  Copyright 1984-2017 The MathWorks, Inc.
                   R2017b (9.3.0.713579) 64-bit (glnxa64)
                             September 14, 2017

Unrecognized MATLAB option "wait".
Unrecognized MATLAB option "minimize".

                            < M A T L A B (R) >
                  Copyright 1984-2017 The MathWorks, Inc.
                   R2017b (9.3.0.713579) 64-bit (glnxa64)
                             September 14, 2017

Unrecognized MATLAB option "wait".
Unrecognized MATLAB option "minimize".

                            < M A T L A B (R) >
                  Copyright 1984-2017 The MathWorks, Inc.
                   R2017b (9.3.0.713579) 64-bit (glnxa64)
                             September 14, 2017

Unrecognized MATLAB option "wait".
Unrecognized MATLAB option "minimize".

                            < M A T L A B (R) >
                  Copyright 1984-2017 The MathWorks, Inc.
                   R2017b (9.3.0.713579) 64-bit (glnxa64)
                             September 14, 2017

Unrecognized MATLAB option "wait".
Unrecognized MATLAB option "minimize".

                            < M A T L A B (R) >
                  Copyright 1984-2017 The MathWorks, Inc.
                   R2017b (9.3.0.713579) 64-bit (glnxa64)
                             September 14, 2017

Unrecognized MATLAB option "wait".
Unrecognized MATLAB option "minimize".

                            < M A T L A B (R) >
                  Copyright 1984-2017 The MathWorks, Inc.
                   R2017b (9.3.0.713579) 64-bit (glnxa64)
                             September 14, 2017

Unrecognized MATLAB option "wait".
Unrecognized MATLAB option "minimize".

                            < M A T L A B (R) >
                  Copyright 1984-2017 The MathWorks, Inc.
                   R2017b (9.3.0.713579) 64-bit (glnxa64)
                             September 14, 2017

Unrecognized MATLAB option "wait".
Unrecognized MATLAB option "minimize".

                            < M A T L A B (R) >
                  Copyright 1984-2017 The MathWorks, Inc.
                   R2017b (9.3.0.713579) 64-bit (glnxa64)
                             September 14, 2017

Unrecognized MATLAB option "wait".
Unrecognized MATLAB option "minimize".

                            < M A T L A B (R) >
                  Copyright 1984-2017 The MathWorks, Inc.
                   R2017b (9.3.0.713579) 64-bit (glnxa64)
                             September 14, 2017

Unrecognized MATLAB option "wait".
Unrecognized MATLAB option "minimize".

                            < M A T L A B (R) >
                  Copyright 1984-2017 The MathWorks, Inc.
                   R2017b (9.3.0.713579) 64-bit (glnxa64)
                             September 14, 2017

 
For online documentation, see http://www.mathworks.com/support
For product information, visit www.mathworks.com.
 
 
 
 
For online documentation, see http://www.mathworks.com/support
For product information, visit www.mathworks.com.
 
 
 
For online documentation, see http://www.mathworks.com/support
For product information, visit www.mathworks.com.
 
For online documentation, see http://www.mathworks.com/support
For product information, visit www.mathworks.com.
 
For online documentation, see http://www.mathworks.com/support
For product information, visit www.mathworks.com.
 
For online documentation, see http://www.mathworks.com/support
For product information, visit www.mathworks.com.
 
 
For online documentation, see http://www.mathworks.com/support
For product information, visit www.mathworks.com.
 
 
 
 
For online documentation, see http://www.mathworks.com/support
For product information, visit www.mathworks.com.
 
 
For online documentation, see http://www.mathworks.com/support
For product information, visit www.mathworks.com.
 
For online documentation, see http://www.mathworks.com/support
For product information, visit www.mathworks.com.
 
For online documentation, see http://www.mathworks.com/support
For product information, visit www.mathworks.com.
 
 
For online documentation, see http://www.mathworks.com/support
For product information, visit www.mathworks.com.
 
 
For online documentation, see http://www.mathworks.com/support
For product information, visit www.mathworks.com.
 
 
For online documentation, see http://www.mathworks.com/support
For product information, visit www.mathworks.com.
 
 
 
For online documentation, see http://www.mathworks.com/support
For product information, visit www.mathworks.com.
 
For online documentation, see http://www.mathworks.com/support
For product information, visit www.mathworks.com.
 
 
 
For online documentation, see http://www.mathworks.com/support
For online documentation, see http://www.mathworks.com/support
For product information, visit www.mathworks.com.
 
For product information, visit www.mathworks.com.
 
 
 
For online documentation, see http://www.mathworks.com/support
For product information, visit www.mathworks.com.
 
For online documentation, see http://www.mathworks.com/support
For product information, visit www.mathworks.com.
 
 
 
For online documentation, see http://www.mathworks.com/support
For product information, visit www.mathworks.com.
 
 
For online documentation, see http://www.mathworks.com/support
For product information, visit www.mathworks.com.
 
For online documentation, see http://www.mathworks.com/support
For product information, visit www.mathworks.com.
 
 
For online documentation, see http://www.mathworks.com/support
For product information, visit www.mathworks.com.
 
outfile: ../data/out_0003/.worker_13.txt
outfile: ../data/out_0003/.worker_15.txt
outfile: ../data/out_0003/.worker_0.txt
outfile: ../data/out_0003/.worker_10.txt
outfile: ../data/out_0003/.worker_17.txt
outfile: ../data/out_0003/.worker_2.txt
outfile: ../data/out_0003/.worker_5.txt
outfile: ../data/out_0003/.worker_7.txt
outfile: ../data/out_0003/.worker_12.txt
outfile: ../data/out_0003/.worker_21.txt
outfile: ../data/out_0003/.worker_4.txt
outfile: ../data/out_0003/.worker_11.txt
outfile: ../data/out_0003/.worker_8.txt
outfile: ../data/out_0003/.worker_1.txt
outfile: ../data/out_0003/.worker_3.txt
outfile: ../data/out_0003/.worker_22.txt
outfile: ../data/out_0003/.worker_6.txt
outfile: ../data/out_0003/.worker_16.txt
outfile: ../data/out_0003/.worker_18.txt
outfile: ../data/out_0003/.worker_19.txt
outfile: ../data/out_0003/.worker_14.txt
outfile: ../data/out_0003/.worker_20.txt
outfile: ../data/out_0003/.worker_9.txt
outfile: ../data/out_0003/.worker_23.txt
Computing instanton...
Computing instanton...
Computing instanton...
Computing instanton...
Computing instanton...
Computing instanton...
Computing instanton...
Computing instanton...
Computing instanton...
Computing instanton...
Computing instanton...
10000       72.245978
10000       72.388263
10000           72.77
10000       73.553344
10000       73.647224
10000       73.889956
10000       74.627962
10000       74.632301
10000       75.011113
10000       75.448372
10000       75.541903
10000       76.170016
10000       76.136018
10000       76.435216
10000       76.494799
10000       77.323951
10000       77.858329
10000       78.150076
10000       78.217676
10000       79.082393
10000       79.941112
10000       80.452158
10000       81.213586
10000       81.483225
Computing instanton...
Computing instanton...
Computing instanton...
Computing instanton...
Computing instanton...
Computing instanton...
Computing instanton...
Computing instanton...
Computing instanton...
Computing instanton...
20000       143.71555
20000      145.106082
20000       146.35718
20000      146.388573
20000      147.063953
20000      147.667474
Computing instanton...
20000      148.552035
20000      148.853267
20000      149.348423
20000      149.285938
20000      149.557496
20000      150.021904
20000      150.549755
20000      150.550942
20000      150.602836
20000      151.241541
20000      151.149525
Computing instanton...
20000      152.497653
20000      153.388392
20000      153.414554
20000      155.391084
Computing instanton...
20000      156.260067
20000       159.01715
20000      159.546967
Computing instanton...
Computing instanton...
Computing instanton...
Computing instanton...
30000      217.883498
30000      218.292745
30000      218.592139
30000      218.610623
30000      219.141889
30000      219.394748
30000      219.608399
30000      219.777347
30000      220.589957
30000      221.920974
30000      222.042038
Computing instanton...
30000      222.967856
30000      223.397661
Computing instanton...
30000      223.930717
30000      224.114705
30000      224.662076
30000      225.023169
30000      225.464429
30000      226.178797
30000      227.249598
30000      228.507637
30000       230.27643
30000      230.492699
30000      232.078898
Computing instanton...
Computing instanton...
Computing instanton...
Computing instanton...
Computing instanton...
Computing instanton...
Computing instanton...
Computing instanton...
Computing instanton...
Computing instanton...
40000      286.686146
Computing instanton...
Computing instanton...
40000       289.47544
40000      290.242188
40000      290.492711
40000      291.826013
40000      292.085425
40000      293.127131
40000      293.329498
40000      293.209505
40000      293.878301
40000      294.500864
40000      295.392148
40000      295.859781
40000      296.356749
40000      296.718782
40000      297.266056
40000       297.58765
40000      298.820207
40000      299.602755
40000      300.348315
40000      303.415122
40000      303.429457
Computing instanton...
40000      310.730797
Computing instanton...
Computing instanton...
Computing instanton...
Computing instanton...
Computing instanton...
Computing instanton...
Computing instanton...
Computing instanton...
slurmstepd: error: Step 187007.0 exceeded memory limit (29653152 > 24576000), being killed
srun: Job step aborted: Waiting up to 32 seconds for job step to finish.
slurmstepd: error: Exceeded job memory limit
slurmstepd: error: *** STEP 187007.0 ON hbcomp-006 CANCELLED AT 2018-02-14T13:00:23 ***
srun: error: hbcomp-006: task 0: Killed
