24000000 0.007 1.0 30 0.0 B 3 1 0.003936 0 55.0 -1 4
License checkout failed.
License Manager Error -87
Checkout exceeds MAX specified in options file. 
Contact your License Administrator to review the Options File.

Troubleshoot this issue by visiting: 
http://www.mathworks.com/support/lme/R2017b/87

Diagnostic Information:
Feature: MATLAB 
License path: /hb/home/rngreenw/.matlab/R2017b_licenses:/hb/software/apps/matlab/licenses/license.dat:/hb/software
/apps/matlab/licenses/network.lic 
Licensing error: -87,147.
License checkout failed.
License Manager Error -87
Checkout exceeds MAX specified in options file. 
Contact your License Administrator to review the Options File.

Troubleshoot this issue by visiting: 
http://www.mathworks.com/support/lme/R2017b/87

Diagnostic Information:
Feature: MATLAB 
License path: /hb/home/rngreenw/.matlab/R2017b_licenses:/hb/software/apps/matlab/licenses/license.dat:/hb/software
/apps/matlab/licenses/network.lic 
Licensing error: -87,147.
License checkout failed.
License Manager Error -87
Checkout exceeds MAX specified in options file. 
Contact your License Administrator to review the Options File.

Troubleshoot this issue by visiting: 
http://www.mathworks.com/support/lme/R2017b/87

Diagnostic Information:
Feature: MATLAB 
License path: /hb/home/rngreenw/.matlab/R2017b_licenses:/hb/software/apps/matlab/licenses/license.dat:/hb/software
/apps/matlab/licenses/network.lic 
Licensing error: -87,147.
License checkout failed.
License Manager Error -87
Checkout exceeds MAX specified in options file. 
Contact your License Administrator to review the Options File.

Troubleshoot this issue by visiting: 
http://www.mathworks.com/support/lme/R2017b/87

Diagnostic Information:
Feature: MATLAB 
License path: /hb/home/rngreenw/.matlab/R2017b_licenses:/hb/software/apps/matlab/licenses/license.dat:/hb/software
/apps/matlab/licenses/network.lic 
Licensing error: -87,147.
License checkout failed.
License Manager Error -87
Checkout exceeds MAX specified in options file. 
Contact your License Administrator to review the Options File.

Troubleshoot this issue by visiting: 
http://www.mathworks.com/support/lme/R2017b/87

Diagnostic Information:
Feature: MATLAB 
License path: /hb/home/rngreenw/.matlab/R2017b_licenses:/hb/software/apps/matlab/licenses/license.dat:/hb/software
/apps/matlab/licenses/network.lic 
Licensing error: -87,147.
License checkout failed.
License Manager Error -87
Checkout exceeds MAX specified in options file. 
Contact your License Administrator to review the Options File.

Troubleshoot this issue by visiting: 
http://www.mathworks.com/support/lme/R2017b/87

Diagnostic Information:
Feature: MATLAB 
License path: /hb/home/rngreenw/.matlab/R2017b_licenses:/hb/software/apps/matlab/licenses/license.dat:/hb/software
/apps/matlab/licenses/network.lic 
Licensing error: -87,147.
License checkout failed.
License Manager Error -87
Checkout exceeds MAX specified in options file. 
Contact your License Administrator to review the Options File.

Troubleshoot this issue by visiting: 
http://www.mathworks.com/support/lme/R2017b/87

Diagnostic Information:
Feature: MATLAB 
License path: /hb/home/rngreenw/.matlab/R2017b_licenses:/hb/software/apps/matlab/licenses/license.dat:/hb/software
/apps/matlab/licenses/network.lic 
Licensing error: -87,147.
License checkout failed.
License Manager Error -87
Checkout exceeds MAX specified in options file. 
Contact your License Administrator to review the Options File.

Troubleshoot this issue by visiting: 
http://www.mathworks.com/support/lme/R2017b/87

Diagnostic Information:
Feature: MATLAB 
License path: /hb/home/rngreenw/.matlab/R2017b_licenses:/hb/software/apps/matlab/licenses/license.dat:/hb/software
/apps/matlab/licenses/network.lic 
Licensing error: -87,147.
License checkout failed.
License Manager Error -87
Checkout exceeds MAX specified in options file. 
Contact your License Administrator to review the Options File.

Troubleshoot this issue by visiting: 
http://www.mathworks.com/support/lme/R2017b/87

Diagnostic Information:
Feature: MATLAB 
License path: /hb/home/rngreenw/.matlab/R2017b_licenses:/hb/software/apps/matlab/licenses/license.dat:/hb/software
/apps/matlab/licenses/network.lic 
Licensing error: -87,147.
License checkout failed.
License Manager Error -87
Checkout exceeds MAX specified in options file. 
Contact your License Administrator to review the Options File.

Troubleshoot this issue by visiting: 
http://www.mathworks.com/support/lme/R2017b/87

Diagnostic Information:
Feature: MATLAB 
License path: /hb/home/rngreenw/.matlab/R2017b_licenses:/hb/software/apps/matlab/licenses/license.dat:/hb/software
/apps/matlab/licenses/network.lic 
Licensing error: -87,147.
License checkout failed.
License Manager Error -87
Checkout exceeds MAX specified in options file. 
Contact your License Administrator to review the Options File.

Troubleshoot this issue by visiting: 
http://www.mathworks.com/support/lme/R2017b/87

Diagnostic Information:
Feature: MATLAB 
License path: /hb/home/rngreenw/.matlab/R2017b_licenses:/hb/software/apps/matlab/licenses/license.dat:/hb/software
/apps/matlab/licenses/network.lic 
Licensing error: -87,147.
License checkout failed.
License Manager Error -87
Checkout exceeds MAX specified in options file. 
Contact your License Administrator to review the Options File.

Troubleshoot this issue by visiting: 
http://www.mathworks.com/support/lme/R2017b/87

Diagnostic Information:
Feature: MATLAB 
License path: /hb/home/rngreenw/.matlab/R2017b_licenses:/hb/software/apps/matlab/licenses/license.dat:/hb/software
/apps/matlab/licenses/network.lic 
Licensing error: -87,147.
License checkout failed.
License Manager Error -87
Checkout exceeds MAX specified in options file. 
Contact your License Administrator to review the Options File.

Troubleshoot this issue by visiting: 
http://www.mathworks.com/support/lme/R2017b/87

Diagnostic Information:
Feature: MATLAB 
License path: /hb/home/rngreenw/.matlab/R2017b_licenses:/hb/software/apps/matlab/licenses/license.dat:/hb/software
/apps/matlab/licenses/network.lic 
Licensing error: -87,147.
License checkout failed.
License Manager Error -87
Checkout exceeds MAX specified in options file. 
Contact your License Administrator to review the Options File.

Troubleshoot this issue by visiting: 
http://www.mathworks.com/support/lme/R2017b/87

Diagnostic Information:
Feature: MATLAB 
License path: /hb/home/rngreenw/.matlab/R2017b_licenses:/hb/software/apps/matlab/licenses/license.dat:/hb/software
/apps/matlab/licenses/network.lic 
Licensing error: -87,147.
License checkout failed.
License Manager Error -87
Checkout exceeds MAX specified in options file. 
Contact your License Administrator to review the Options File.

Troubleshoot this issue by visiting: 
http://www.mathworks.com/support/lme/R2017b/87

Diagnostic Information:
Feature: MATLAB 
License path: /hb/home/rngreenw/.matlab/R2017b_licenses:/hb/software/apps/matlab/licenses/license.dat:/hb/software
/apps/matlab/licenses/network.lic 
Licensing error: -87,147.
License checkout failed.
License Manager Error -87
Checkout exceeds MAX specified in options file. 
Contact your License Administrator to review the Options File.

Troubleshoot this issue by visiting: 
http://www.mathworks.com/support/lme/R2017b/87

Diagnostic Information:
Feature: MATLAB 
License path: /hb/home/rngreenw/.matlab/R2017b_licenses:/hb/software/apps/matlab/licenses/license.dat:/hb/software
/apps/matlab/licenses/network.lic 
Licensing error: -87,147.
License checkout failed.
License Manager Error -87
Checkout exceeds MAX specified in options file. 
Contact your License Administrator to review the Options File.

Troubleshoot this issue by visiting: 
http://www.mathworks.com/support/lme/R2017b/87

Diagnostic Information:
Feature: MATLAB 
License path: /hb/home/rngreenw/.matlab/R2017b_licenses:/hb/software/apps/matlab/licenses/license.dat:/hb/software
/apps/matlab/licenses/network.lic 
Licensing error: -87,147.
License checkout failed.
License Manager Error -87
Checkout exceeds MAX specified in options file. 
Contact your License Administrator to review the Options File.

Troubleshoot this issue by visiting: 
http://www.mathworks.com/support/lme/R2017b/87

Diagnostic Information:
Feature: MATLAB 
License path: /hb/home/rngreenw/.matlab/R2017b_licenses:/hb/software/apps/matlab/licenses/license.dat:/hb/software
/apps/matlab/licenses/network.lic 
Licensing error: -87,147.
License checkout failed.
License Manager Error -87
Checkout exceeds MAX specified in options file. 
Contact your License Administrator to review the Options File.

Troubleshoot this issue by visiting: 
http://www.mathworks.com/support/lme/R2017b/87

Diagnostic Information:
Feature: MATLAB 
License path: /hb/home/rngreenw/.matlab/R2017b_licenses:/hb/software/apps/matlab/licenses/license.dat:/hb/software
/apps/matlab/licenses/network.lic 
Licensing error: -87,147.
License checkout failed.
License Manager Error -87
Checkout exceeds MAX specified in options file. 
Contact your License Administrator to review the Options File.

Troubleshoot this issue by visiting: 
http://www.mathworks.com/support/lme/R2017b/87

Diagnostic Information:
Feature: MATLAB 
License path: /hb/home/rngreenw/.matlab/R2017b_licenses:/hb/software/apps/matlab/licenses/license.dat:/hb/software
/apps/matlab/licenses/network.lic 
Licensing error: -87,147.
License checkout failed.
License Manager Error -87
Checkout exceeds MAX specified in options file. 
Contact your License Administrator to review the Options File.

Troubleshoot this issue by visiting: 
http://www.mathworks.com/support/lme/R2017b/87

Diagnostic Information:
Feature: MATLAB 
License path: /hb/home/rngreenw/.matlab/R2017b_licenses:/hb/software/apps/matlab/licenses/license.dat:/hb/software
/apps/matlab/licenses/network.lic 
Licensing error: -87,147.
License checkout failed.
License Manager Error -87
Checkout exceeds MAX specified in options file. 
Contact your License Administrator to review the Options File.

Troubleshoot this issue by visiting: 
http://www.mathworks.com/support/lme/R2017b/87

Diagnostic Information:
Feature: MATLAB 
License path: /hb/home/rngreenw/.matlab/R2017b_licenses:/hb/software/apps/matlab/licenses/license.dat:/hb/software
/apps/matlab/licenses/network.lic 
Licensing error: -87,147.
License checkout failed.
License Manager Error -87
Checkout exceeds MAX specified in options file. 
Contact your License Administrator to review the Options File.

Troubleshoot this issue by visiting: 
http://www.mathworks.com/support/lme/R2017b/87

Diagnostic Information:
Feature: MATLAB 
License path: /hb/home/rngreenw/.matlab/R2017b_licenses:/hb/software/apps/matlab/licenses/license.dat:/hb/software
/apps/matlab/licenses/network.lic 
Licensing error: -87,147.
License checkout failed.
License Manager Error -87
Checkout exceeds MAX specified in options file. 
Contact your License Administrator to review the Options File.

Troubleshoot this issue by visiting: 
http://www.mathworks.com/support/lme/R2017b/87

Diagnostic Information:
Feature: MATLAB 
License path: /hb/home/rngreenw/.matlab/R2017b_licenses:/hb/software/apps/matlab/licenses/license.dat:/hb/software
/apps/matlab/licenses/network.lic 
Licensing error: -87,147.
Unrecognized MATLAB option "wait".
Unrecognized MATLAB option "minimize".
Unrecognized MATLAB option "wait".
Unrecognized MATLAB option "minimize".
Exception in thread Thread-3:
Traceback (most recent call last):
  File "/usr/lib64/python2.7/threading.py", line 811, in __bootstrap_inner
    self.run()
  File "/usr/lib64/python2.7/threading.py", line 764, in run
    self.__target(*self.__args, **self.__kwargs)
  File "/usr/lib64/python2.7/multiprocessing/pool.py", line 376, in _handle_results
    task = get()
TypeError: ('__init__() takes at least 3 arguments (1 given)', <class 'subprocess.CalledProcessError'>, ())

Unrecognized MATLAB option "wait".
Unrecognized MATLAB option "minimize".
Unrecognized MATLAB option "wait".
Unrecognized MATLAB option "minimize".
Unrecognized MATLAB option "wait".
Unrecognized MATLAB option "minimize".
Unrecognized MATLAB option "wait".
Unrecognized MATLAB option "minimize".
Unrecognized MATLAB option "wait".
Unrecognized MATLAB option "minimize".
Unrecognized MATLAB option "wait".
Unrecognized MATLAB option "minimize".
Unrecognized MATLAB option "wait".
Unrecognized MATLAB option "minimize".
Unrecognized MATLAB option "wait".
Unrecognized MATLAB option "minimize".
Unrecognized MATLAB option "wait".
Unrecognized MATLAB option "minimize".
Unrecognized MATLAB option "wait".
Unrecognized MATLAB option "minimize".
Unrecognized MATLAB option "wait".
Unrecognized MATLAB option "minimize".
Unrecognized MATLAB option "wait".
Unrecognized MATLAB option "minimize".
Unrecognized MATLAB option "wait".
Unrecognized MATLAB option "minimize".
Unrecognized MATLAB option "wait".
Unrecognized MATLAB option "minimize".
Unrecognized MATLAB option "wait".
Unrecognized MATLAB option "minimize".
Unrecognized MATLAB option "wait".
Unrecognized MATLAB option "minimize".
Unrecognized MATLAB option "wait".
Unrecognized MATLAB option "minimize".
Unrecognized MATLAB option "wait".
Unrecognized MATLAB option "minimize".
Unrecognized MATLAB option "wait".
Unrecognized MATLAB option "minimize".
Unrecognized MATLAB option "wait".
Unrecognized MATLAB option "minimize".
Unrecognized MATLAB option "wait".
Unrecognized MATLAB option "minimize".
Unrecognized MATLAB option "wait".
Unrecognized MATLAB option "minimize".
srun: Job step aborted: Waiting up to 32 seconds for job step to finish.
srun: got SIGCONT
slurmstepd: error: *** STEP 187001.0 ON hbcomp-011 CANCELLED AT 2018-02-14T11:01:13 ***
slurmstepd: error: *** JOB 187001 ON hbcomp-011 CANCELLED AT 2018-02-14T11:01:13 ***
srun: forcing job termination
srun: error: hbcomp-011: task 0: Terminated
